#
# A fatal error has been detected by the Java Runtime Environment:
#
#  SIGSEGV (0xb) at pc=0x00007fff6e74de9d, pid=1634, tid=0x0000000000000307
#
# JRE version: Java(TM) SE Runtime Environment (8.0_101-b13) (build 1.8.0_101-b13)
# Java VM: Java HotSpot(TM) 64-Bit Server VM (25.101-b13 mixed mode bsd-amd64 compressed oops)
# Problematic frame:
# C  [libobjc.A.dylib+0x6e9d]  objc_msgSend+0x1d
#
# Failed to write core dump. Core dumps have been disabled. To enable core dumping, try "ulimit -c unlimited" before starting Java again
#
# If you would like to submit a bug report, please visit:
#   http://bugreport.java.com/bugreport/crash.jsp
# The crash happened outside the Java Virtual Machine in native code.
# See problematic frame for where to report the bug.
#

---------------  T H R E A D  ---------------

Current thread (0x00007fe0dc026800):  JavaThread "AWT-AppKit" daemon [_thread_in_native, id=775, stack(0x00007ffee7e22000,0x00007ffee8622000)]

siginfo: si_signo: 11 (SIGSEGV), si_code: 1 (SEGV_MAPERR), si_addr: 0x0000000000000018

Registers:
RAX=0x00007fe0e09a7b70, RBX=0x0000000125336450, RCX=0x0000000000000001, RDX=0x0000000000000000
RSP=0x00007ffee861d328, RBP=0x00007ffee861d3e0, RSI=0x00007fff45cae4e5, RDI=0x00007fe0e09a6aa0
R8 =0x000000000dd9009a, R9 =0x0000000000000001, R10=0x0000000000000000, R11=0x00007fff45cae4e5
R12=0x0000000000000000, R13=0x0000000163894b78, R14=0x0000000125336440, R15=0x00007fe0dc026800
RIP=0x00007fff6e74de9d, EFLAGS=0x0000000000010246, ERR=0x0000000000000004
  TRAPNO=0x000000000000000e

Top of Stack: (sp=0x00007ffee861d328)
0x00007ffee861d328:   0000000125334157 00007ffee861d380
0x00007ffee861d338:   0000000000000003 00007ffee861d360
0x00007ffee861d348:   00000001081f28e6 0000000163894b78
0x00007ffee861d358:   0000000163894b78 00007fe0e09a7b70
0x00007ffee861d368:   00000001253366a0 0000000125336710
0x00007ffee861d378:   00007fffa1c7eb88 00007fffa338bfc8
0x00007ffee861d388:   0000000125336450 0000000125336690
0x00007ffee861d398:   00007fe0e09a7b70 00007fe0e09a6aa0
0x00007ffee861d3a8:   00007fe0db7471c0 00007fe0e09a7b70
0x00007ffee861d3b8:   00007fe0e09a6aa0 00007ffee861d468
0x00007ffee861d3c8:   00007fe0dc0269f8 0000000163894b78
0x00007ffee861d3d8:   00007ffee861d490 00007ffee861d458
0x00007ffee861d3e8:   000000010edd19d4 0000000163894b78
0x00007ffee861d3f8:   00007ffee861d490 00007ffee861d458
0x00007ffee861d408:   000000010edd1767 000000010edd1722
0x00007ffee861d418:   00007ffee861d418 0000000163894b78
0x00007ffee861d428:   00007ffee861d490 00000001638b8028
0x00007ffee861d438:   0000000000000000 0000000163894b78
0x00007ffee861d448:   0000000000000000 00007ffee861d478
0x00007ffee861d458:   00007ffee861d4d8 000000010edc22bd
0x00007ffee861d468:   0000000740224e10 000000010edcb538
0x00007ffee861d478:   00007fe0e09a7b70 00007ffee861d4d8
0x00007ffee861d488:   00007fe0e09a6aa0 000000010edcce02
0x00007ffee861d498:   00007ffee861d498 0000000163894d42
0x00007ffee861d4a8:   00007ffee861d500 00000001638b8028
0x00007ffee861d4b8:   0000000000000000 0000000163894d50
0x00007ffee861d4c8:   00007ffee861d478 00007ffee861d4e8
0x00007ffee861d4d8:   00007ffee861d548 000000010edc22bd
0x00007ffee861d4e8:   00007fe0e09a7b70 00000007401aa6f0
0x00007ffee861d4f8:   00007fe0e09a6aa0 00000007401aa6f0
0x00007ffee861d508:   00007ffee861d508 0000000166837b1e
0x00007ffee861d518:   00007ffee861d558 0000000166837bd8 

Instructions: (pc=0x00007fff6e74de9d)
0x00007fff6e74de7d:   0f 1f 00 48 85 ff 2e 74 62 40 f6 c7 01 2e 75 66
0x00007fff6e74de8d:   49 ba f8 ff ff ff ff 7f 00 00 4c 23 17 49 89 f3
0x00007fff6e74de9d:   45 23 5a 18 49 c1 e3 04 4d 03 5a 10 49 3b 33 75
0x00007fff6e74dead:   04 41 ff 63 08 49 83 3b 01 76 0d 49 83 c3 10 49 

Register to memory mapping:

RAX=0x00007fe0e09a7b70 is an unknown value
RBX=0x0000000125336450: Java_jogamp_nativewindow_macosx_OSXUtil_GetScreenRefreshRate0+0x1cf0 in /private/var/folders/pw/kw08pl9n6yzcxbqgsc_vpf_h0000gn/T/jogamp_0000/file_cache/jln436786371769643436/jln4071801598740189739/libnativewindow_macosx.jnilib at 0x000000012532f000
RCX=0x0000000000000001 is an unknown value
RDX=0x0000000000000000 is an unknown value
RSP=0x00007ffee861d328 is pointing into the stack for thread: 0x00007fe0dc026800
RBP=0x00007ffee861d3e0 is pointing into the stack for thread: 0x00007fe0dc026800
RSI=0x00007fff45cae4e5: .str.41.llvm.371263A9+0x4376f in /System/Library/Frameworks/AppKit.framework/Versions/C/AppKit at 0x00007fff44fd5000
RDI=0x00007fe0e09a6aa0 is an unknown value
R8 =0x000000000dd9009a is an unknown value
R9 =0x0000000000000001 is an unknown value
R10=0x0000000000000000 is an unknown value
R11=0x00007fff45cae4e5: .str.41.llvm.371263A9+0x4376f in /System/Library/Frameworks/AppKit.framework/Versions/C/AppKit at 0x00007fff44fd5000
R12=0x0000000000000000 is an unknown value
R13={method} {0x0000000163894b78} 'UnsetJAWTRootSurfaceLayer0' '(JJ)V' in 'jogamp/nativewindow/jawt/macosx/MacOSXJAWTWindow'
R14=0x0000000125336440: Java_jogamp_nativewindow_macosx_OSXUtil_GetScreenRefreshRate0+0x1ce0 in /private/var/folders/pw/kw08pl9n6yzcxbqgsc_vpf_h0000gn/T/jogamp_0000/file_cache/jln436786371769643436/jln4071801598740189739/libnativewindow_macosx.jnilib at 0x000000012532f000
R15=0x00007fe0dc026800 is a thread


Stack: [0x00007ffee7e22000,0x00007ffee8622000],  sp=0x00007ffee861d328,  free space=8172k
Native frames: (J=compiled Java code, j=interpreted, Vv=VM code, C=native code)
C  [libobjc.A.dylib+0x6e9d]  objc_msgSend+0x1d
j  jogamp.nativewindow.jawt.macosx.MacOSXJAWTWindow.UnsetJAWTRootSurfaceLayer0(JJ)V+0
j  jogamp.nativewindow.jawt.macosx.MacOSXJAWTWindow.access$200(JJ)V+2
j  jogamp.nativewindow.jawt.macosx.MacOSXJAWTWindow$1.run()V+38
j  com.jogamp.common.util.RunnableTask.run()V+24
v  ~StubRoutines::call_stub
V  [libjvm.dylib+0x2ecf06]
V  [libjvm.dylib+0x324111]
V  [libjvm.dylib+0x3168df]
C  [libnativewindow_macosx.jnilib+0x5326]  Java_jogamp_nativewindow_jawt_macosx_MacOSXJAWTWindow_UnsetJAWTRootSurfaceLayer0+0x2b6
C  [Foundation+0x681c5]  __NSThreadPerformPerform+0x14e
C  [CoreFoundation+0xa3721]  __CFRUNLOOP_IS_CALLING_OUT_TO_A_SOURCE0_PERFORM_FUNCTION__+0x11
C  [CoreFoundation+0x15d0ac]  __CFRunLoopDoSource0+0x6c
C  [CoreFoundation+0x862bc]  __CFRunLoopDoSources0+0x12c
C  [CoreFoundation+0x856dd]  __CFRunLoopRun+0x50d
C  [CoreFoundation+0x84f43]  CFRunLoopRunSpecific+0x1e3
C  [HIToolbox+0x2fe26]  RunCurrentEventLoopInMode+0x11e
C  [HIToolbox+0x2fa9f]  ReceiveNextEventCommon+0x16e
C  [HIToolbox+0x2f914]  _BlockUntilNextEventMatchingListInModeWithFilter+0x40
C  [AppKit+0x41f5f]  _DPSNextEvent+0x825
C  [AppKit+0x7d7b4c]  -[NSApplication(NSEvent) _nextEventMatchingEventMask:untilDate:inMode:dequeue:]+0xbe4
C  [libosxapp.dylib+0x23aa]  -[NSApplicationAWT nextEventMatchingMask:untilDate:inMode:dequeue:]+0x7c
C  [AppKit+0x36d6d]  -[NSApplication run]+0x2fc
C  [libosxapp.dylib+0x214d]  +[NSApplicationAWT runAWTLoopWithApp:]+0x9c
C  [libawt_lwawt.dylib+0x444b3]  -[AWTStarter starter:]+0x389
C  [Foundation+0x681c5]  __NSThreadPerformPerform+0x14e
C  [CoreFoundation+0xa3721]  __CFRUNLOOP_IS_CALLING_OUT_TO_A_SOURCE0_PERFORM_FUNCTION__+0x11
C  [CoreFoundation+0x15d0ac]  __CFRunLoopDoSource0+0x6c
C  [CoreFoundation+0x86260]  __CFRunLoopDoSources0+0xd0
C  [CoreFoundation+0x856dd]  __CFRunLoopRun+0x50d
C  [CoreFoundation+0x84f43]  CFRunLoopRunSpecific+0x1e3
C  [java+0x6465]  CreateExecutionEnvironment+0x367
C  [java+0x218c]  JLI_Launch+0x7a0
C  [java+0x84c2]  main+0x65
C  [java+0x19e4]  start+0x34
C  0x0000000000000007

Java frames: (J=compiled Java code, j=interpreted, Vv=VM code)
j  jogamp.nativewindow.jawt.macosx.MacOSXJAWTWindow.UnsetJAWTRootSurfaceLayer0(JJ)V+0
j  jogamp.nativewindow.jawt.macosx.MacOSXJAWTWindow.access$200(JJ)V+2
j  jogamp.nativewindow.jawt.macosx.MacOSXJAWTWindow$1.run()V+38
j  com.jogamp.common.util.RunnableTask.run()V+24
v  ~StubRoutines::call_stub

---------------  P R O C E S S  ---------------

Java Threads: ( => current thread )
  0x00007fe0e1938000 JavaThread "Thread-738" [_thread_blocked, id=28771, stack(0x000070000fa36000,0x000070000fb36000)]
  0x00007fe0dca73800 JavaThread "Animation Thread" [_thread_blocked, id=74259, stack(0x00007000101d4000,0x00007000102d4000)]
  0x00007fe0dca70800 JavaThread "AWT-EventQueue-1" [_thread_in_native, id=74015, stack(0x00007000102d7000,0x00007000103d7000)]
  0x00007fe0dc9d1800 JavaThread "DestroyJavaVM" [_thread_blocked, id=6147, stack(0x000070000ec0c000,0x000070000ed0c000)]
  0x00007fe0dc14e800 JavaThread "AWT-EventQueue-0" [_thread_blocked, id=52739, stack(0x00007000100d1000,0x00007000101d1000)]
  0x00007fe0dc15e000 JavaThread "Java2D Disposer" daemon [_thread_blocked, id=50703, stack(0x000070000fe48000,0x000070000ff48000)]
  0x00007fe0dd1ca800 JavaThread "Java2D Queue Flusher" daemon [_thread_blocked, id=48903, stack(0x000070000fd45000,0x000070000fe45000)]
  0x00007fe0dc0db800 JavaThread "AWT-Shutdown" [_thread_blocked, id=26155, stack(0x000070000fb3c000,0x000070000fc3c000)]
=>0x00007fe0dc026800 JavaThread "AWT-AppKit" daemon [_thread_in_native, id=775, stack(0x00007ffee7e22000,0x00007ffee8622000)]
  0x00007fe0dc850000 JavaThread "Service Thread" daemon [_thread_blocked, id=14595, stack(0x000070000f830000,0x000070000f930000)]
  0x00007fe0dc82d000 JavaThread "C1 CompilerThread2" daemon [_thread_blocked, id=14339, stack(0x000070000f72d000,0x000070000f82d000)]
  0x00007fe0dc01b800 JavaThread "C2 CompilerThread1" daemon [_thread_blocked, id=14083, stack(0x000070000f62a000,0x000070000f72a000)]
  0x00007fe0db825000 JavaThread "C2 CompilerThread0" daemon [_thread_blocked, id=18947, stack(0x000070000f527000,0x000070000f627000)]
  0x00007fe0db823000 JavaThread "Signal Dispatcher" daemon [_thread_blocked, id=19467, stack(0x000070000f424000,0x000070000f524000)]
  0x00007fe0dc008800 JavaThread "Finalizer" daemon [_thread_blocked, id=20995, stack(0x000070000f321000,0x000070000f421000)]
  0x00007fe0dc006000 JavaThread "Reference Handler" daemon [_thread_blocked, id=21251, stack(0x000070000f21e000,0x000070000f31e000)]

Other Threads:
  0x00007fe0db820800 VMThread [stack: 0x000070000f11b000,0x000070000f21b000] [id=21507]
  0x00007fe0dc858800 WatcherThread [stack: 0x000070000f933000,0x000070000fa33000] [id=14851]

VM state:not at safepoint (normal execution)

VM Mutex/Monitor currently owned by a thread: None

Heap:
 PSYoungGen      total 141824K, used 29307K [0x0000000795580000, 0x00000007a3d80000, 0x00000007c0000000)
  eden space 47104K, 25% used [0x0000000795580000,0x0000000796166910,0x0000000798380000)
  from space 94720K, 18% used [0x000000079e100000,0x000000079f1b8420,0x00000007a3d80000)
  to   space 95232K, 0% used [0x0000000798380000,0x0000000798380000,0x000000079e080000)
 ParOldGen       total 235520K, used 186857K [0x0000000740000000, 0x000000074e600000, 0x0000000795580000)
  object space 235520K, 79% used [0x0000000740000000,0x000000074b67a590,0x000000074e600000)
 Metaspace       used 24312K, capacity 24615K, committed 25088K, reserved 1071104K
  class space    used 2343K, capacity 2450K, committed 2560K, reserved 1048576K

Card table byte_map: [0x000000010935d000,0x000000010975e000] byte_map_base: 0x000000010595d000

Marking Bits: (ParMarkBitMap*) 0x00000001088edd20
 Begin Bits: [0x0000000109a09000, 0x000000010ba09000)
 End Bits:   [0x000000010ba09000, 0x000000010da09000)

Polling page: 0x000000010765a000

CodeCache: size=245760Kb used=11803Kb max_used=11888Kb free=233956Kb
 bounds [0x000000010edba000, 0x000000010f97a000, 0x000000011ddba000]
 total_blobs=4215 nmethods=3300 adapters=828
 compilation: enabled

Compilation events (10 events):
Event: 122.073 Thread 0x00007fe0dc82d000 3944       3       sun.java2d.pipe.RenderBuffer::putInt (26 bytes)
Event: 122.073 Thread 0x00007fe0dc82d000 nmethod 3944 0x000000010f157850 code [0x000000010f1579c0, 0x000000010f157b30]
Event: 122.074 Thread 0x00007fe0dc82d000 3945       3       sun.java2d.pipe.RenderBuffer::putFloat (26 bytes)
Event: 122.074 Thread 0x00007fe0dc82d000 nmethod 3945 0x000000010f657550 code [0x000000010f6576c0, 0x000000010f657850]
Event: 122.085 Thread 0x00007fe0dc82d000 3946       3       sun.misc.URLClassPath$JarLoader$2::getInputStream (15 bytes)
Event: 122.085 Thread 0x00007fe0dc82d000 nmethod 3946 0x000000010f186250 code [0x000000010f1863c0, 0x000000010f186608]
Event: 122.086 Thread 0x00007fe0dc82d000 3947       3       sun.misc.URLClassPath$JarLoader$2::getContentLength (9 bytes)
Event: 122.086 Thread 0x00007fe0dc82d000 nmethod 3947 0x000000010f3ebf10 code [0x000000010f3ec080, 0x000000010f3ec2d0]
Event: 122.086 Thread 0x00007fe0dc82d000 3948   !   3       java.util.jar.JarFile$JarFileEntry::getCodeSigners (78 bytes)
Event: 122.086 Thread 0x00007fe0dc82d000 nmethod 3948 0x000000010f94c010 code [0x000000010f94c1e0, 0x000000010f94c7f8]

GC Heap History (10 events):
Event: 102.715 GC heap before
{Heap before GC invocations=41 (full 3):
 PSYoungGen      total 96256K, used 80400K [0x0000000795580000, 0x00000007a4880000, 0x00000007c0000000)
  eden space 50176K, 100% used [0x0000000795580000,0x0000000798680000,0x0000000798680000)
  from space 46080K, 65% used [0x0000000798780000,0x000000079a504208,0x000000079b480000)
  to   space 99328K, 0% used [0x000000079e780000,0x000000079e780000,0x00000007a4880000)
 ParOldGen       total 235520K, used 148819K [0x0000000740000000, 0x000000074e600000, 0x0000000795580000)
  object space 235520K, 63% used [0x0000000740000000,0x0000000749154f58,0x000000074e600000)
 Metaspace       used 24280K, capacity 24551K, committed 24832K, reserved 1071104K
  class space    used 2336K, capacity 2450K, committed 2560K, reserved 1048576K
Event: 102.724 GC heap after
Heap after GC invocations=41 (full 3):
 PSYoungGen      total 145408K, used 34786K [0x0000000795580000, 0x00000007a4580000, 0x00000007c0000000)
  eden space 49152K, 0% used [0x0000000795580000,0x0000000795580000,0x0000000798580000)
  from space 96256K, 36% used [0x000000079e780000,0x00000007a0978870,0x00000007a4580000)
  to   space 98304K, 0% used [0x0000000798580000,0x0000000798580000,0x000000079e580000)
 ParOldGen       total 235520K, used 153196K [0x0000000740000000, 0x000000074e600000, 0x0000000795580000)
  object space 235520K, 65% used [0x0000000740000000,0x000000074959b068,0x000000074e600000)
 Metaspace       used 24280K, capacity 24551K, committed 24832K, reserved 1071104K
  class space    used 2336K, capacity 2450K, committed 2560K, reserved 1048576K
}
Event: 104.848 GC heap before
{Heap before GC invocations=42 (full 3):
 PSYoungGen      total 145408K, used 83938K [0x0000000795580000, 0x00000007a4580000, 0x00000007c0000000)
  eden space 49152K, 100% used [0x0000000795580000,0x0000000798580000,0x0000000798580000)
  from space 96256K, 36% used [0x000000079e780000,0x00000007a0978870,0x00000007a4580000)
  to   space 98304K, 0% used [0x0000000798580000,0x0000000798580000,0x000000079e580000)
 ParOldGen       total 235520K, used 153196K [0x0000000740000000, 0x000000074e600000, 0x0000000795580000)
  object space 235520K, 65% used [0x0000000740000000,0x000000074959b068,0x000000074e600000)
 Metaspace       used 24280K, capacity 24551K, committed 24832K, reserved 1071104K
  class space    used 2336K, capacity 2450K, committed 2560K, reserved 1048576K
Event: 104.857 GC heap after
Heap after GC invocations=42 (full 3):
 PSYoungGen      total 82432K, used 33378K [0x0000000795580000, 0x00000007a4300000, 0x00000007c0000000)
  eden space 48640K, 0% used [0x0000000795580000,0x0000000795580000,0x0000000798500000)
  from space 33792K, 98% used [0x0000000798580000,0x000000079a618830,0x000000079a680000)
  to   space 97280K, 0% used [0x000000079e400000,0x000000079e400000,0x00000007a4300000)
 ParOldGen       total 235520K, used 161164K [0x0000000740000000, 0x000000074e600000, 0x0000000795580000)
  object space 235520K, 68% used [0x0000000740000000,0x0000000749d63258,0x000000074e600000)
 Metaspace       used 24280K, capacity 24551K, committed 24832K, reserved 1071104K
  class space    used 2336K, capacity 2450K, committed 2560K, reserved 1048576K
}
Event: 106.577 GC heap before
{Heap before GC invocations=43 (full 3):
 PSYoungGen      total 82432K, used 82018K [0x0000000795580000, 0x00000007a4300000, 0x00000007c0000000)
  eden space 48640K, 100% used [0x0000000795580000,0x0000000798500000,0x0000000798500000)
  from space 33792K, 98% used [0x0000000798580000,0x000000079a618830,0x000000079a680000)
  to   space 97280K, 0% used [0x000000079e400000,0x000000079e400000,0x00000007a4300000)
 ParOldGen       total 235520K, used 161165K [0x0000000740000000, 0x000000074e600000, 0x0000000795580000)
  object space 235520K, 68% used [0x0000000740000000,0x0000000749d63668,0x000000074e600000)
 Metaspace       used 24280K, capacity 24551K, committed 24832K, reserved 1071104K
  class space    used 2336K, capacity 2450K, committed 2560K, reserved 1048576K
Event: 106.584 GC heap after
Heap after GC invocations=43 (full 3):
 PSYoungGen      total 142848K, used 31041K [0x0000000795580000, 0x00000007a4080000, 0x00000007c0000000)
  eden space 48128K, 0% used [0x0000000795580000,0x0000000795580000,0x0000000798480000)
  from space 94720K, 32% used [0x000000079e400000,0x00000007a02507a0,0x00000007a4080000)
  to   space 96256K, 0% used [0x0000000798480000,0x0000000798480000,0x000000079e280000)
 ParOldGen       total 235520K, used 169902K [0x0000000740000000, 0x000000074e600000, 0x0000000795580000)
  object space 235520K, 72% used [0x0000000740000000,0x000000074a5eb888,0x000000074e600000)
 Metaspace       used 24280K, capacity 24551K, committed 24832K, reserved 1071104K
  class space    used 2336K, capacity 2450K, committed 2560K, reserved 1048576K
}
Event: 111.171 GC heap before
{Heap before GC invocations=44 (full 3):
 PSYoungGen      total 142848K, used 79169K [0x0000000795580000, 0x00000007a4080000, 0x00000007c0000000)
  eden space 48128K, 100% used [0x0000000795580000,0x0000000798480000,0x0000000798480000)
  from space 94720K, 32% used [0x000000079e400000,0x00000007a02507a0,0x00000007a4080000)
  to   space 96256K, 0% used [0x0000000798480000,0x0000000798480000,0x000000079e280000)
 ParOldGen       total 235520K, used 169904K [0x0000000740000000, 0x000000074e600000, 0x0000000795580000)
  object space 235520K, 72% used [0x0000000740000000,0x000000074a5ec170,0x000000074e600000)
 Metaspace       used 24280K, capacity 24551K, committed 24832K, reserved 1071104K
  class space    used 2336K, capacity 2450K, committed 2560K, reserved 1048576K
Event: 111.176 GC heap after
Heap after GC invocations=44 (full 3):
 PSYoungGen      total 77312K, used 29473K [0x0000000795580000, 0x00000007a3e00000, 0x00000007c0000000)
  eden space 47616K, 0% used [0x0000000795580000,0x0000000795580000,0x0000000798400000)
  from space 29696K, 99% used [0x0000000798480000,0x000000079a148740,0x000000079a180000)
  to   space 95232K, 0% used [0x000000079e100000,0x000000079e100000,0x00000007a3e00000)
 ParOldGen       total 235520K, used 174528K [0x0000000740000000, 0x000000074e600000, 0x0000000795580000)
  object space 235520K, 74% used [0x0000000740000000,0x000000074aa70290,0x000000074e600000)
 Metaspace       used 24280K, capacity 24551K, committed 24832K, reserved 1071104K
  class space    used 2336K, capacity 2450K, committed 2560K, reserved 1048576K
}
Event: 120.020 GC heap before
{Heap before GC invocations=45 (full 3):
 PSYoungGen      total 77312K, used 77089K [0x0000000795580000, 0x00000007a3e00000, 0x00000007c0000000)
  eden space 47616K, 100% used [0x0000000795580000,0x0000000798400000,0x0000000798400000)
  from space 29696K, 99% used [0x0000000798480000,0x000000079a148740,0x000000079a180000)
  to   space 95232K, 0% used [0x000000079e100000,0x000000079e100000,0x00000007a3e00000)
 ParOldGen       total 235520K, used 174528K [0x0000000740000000, 0x000000074e600000, 0x0000000795580000)
  object space 235520K, 74% used [0x0000000740000000,0x000000074aa70290,0x000000074e600000)
 Metaspace       used 24280K, capacity 24551K, committed 24832K, reserved 1071104K
  class space    used 2336K, capacity 2450K, committed 2560K, reserved 1048576K
Event: 120.034 GC heap after
Heap after GC invocations=45 (full 3):
 PSYoungGen      total 141824K, used 17121K [0x0000000795580000, 0x00000007a3d80000, 0x00000007c0000000)
  eden space 47104K, 0% used [0x0000000795580000,0x0000000795580000,0x0000000798380000)
  from space 94720K, 18% used [0x000000079e100000,0x000000079f1b8420,0x00000007a3d80000)
  to   space 95232K, 0% used [0x0000000798380000,0x0000000798380000,0x000000079e080000)
 ParOldGen       total 235520K, used 186857K [0x0000000740000000, 0x000000074e600000, 0x0000000795580000)
  object space 235520K, 79% used [0x0000000740000000,0x000000074b67a590,0x000000074e600000)
 Metaspace       used 24280K, capacity 24551K, committed 24832K, reserved 1071104K
  class space    used 2336K, capacity 2450K, committed 2560K, reserved 1048576K
}

Deoptimization events (10 events):
Event: 122.082 Thread 0x00007fe0dc18f800 Uncommon trap: reason=class_check action=maybe_recompile pc=0x000000010f1cd83c method=java.util.HashMap.putVal(ILjava/lang/Object;Ljava/lang/Object;ZZ)Ljava/lang/Object; @ 91
Event: 122.083 Thread 0x00007fe0dc14e800 Uncommon trap: reason=class_check action=maybe_recompile pc=0x000000010f9299b0 method=java.awt.Component.getGraphics()Ljava/awt/Graphics; @ 114
Event: 122.084 Thread 0x00007fe0dca70800 Uncommon trap: reason=class_check action=maybe_recompile pc=0x000000010f59ce68 method=java.awt.event.InvocationEvent.dispatch()V @ 11
Event: 122.085 Thread 0x00007fe0dc026800 Uncommon trap: reason=class_check action=maybe_recompile pc=0x000000010f59b740 method=com.jogamp.common.util.RunnableTask.run()V @ 24
Event: 122.086 Thread 0x00007fe0dc026800 Uncommon trap: reason=unstable_if action=reinterpret pc=0x000000010f49b2fc method=jogamp.nativewindow.macosx.OSXUtil.RunOnMainThread(ZZLjava/lang/Runnable;)V @ 3
Event: 122.092 Thread 0x00007fe0dca70800 Uncommon trap: reason=unstable_if action=reinterpret pc=0x000000010f733f40 method=jogamp.opengl.GLContextImpl.release(Z)V @ 161
Event: 122.094 Thread 0x00007fe0dca70800 Uncommon trap: reason=unstable_if action=reinterpret pc=0x000000010f661338 method=java.security.AccessControlContext.optimize()Ljava/security/AccessControlContext; @ 233
Event: 122.094 Thread 0x00007fe0dc14e800 Uncommon trap: reason=class_check action=maybe_recompile pc=0x000000010f9299b0 method=java.awt.Component.getGraphics()Ljava/awt/Graphics; @ 114
Event: 122.095 Thread 0x00007fe0dca70800 Uncommon trap: reason=class_check action=maybe_recompile pc=0x000000010f59ce68 method=java.awt.event.InvocationEvent.dispatch()V @ 11
Event: 122.131 Thread 0x00007fe0dc026800 Uncommon trap: reason=class_check action=maybe_recompile pc=0x000000010f59b740 method=com.jogamp.common.util.RunnableTask.run()V @ 24

Internal exceptions (10 events):
Event: 0.263 Thread 0x00007fe0dd001800 Exception <a 'java/lang/NoSuchFieldError': method resolution failed> (0x0000000795793b08) thrown at [/HUDSON3/workspace/8-2-build-macosx-x86_64/jdk8u101/7261/hotspot/src/share/vm/prims/methodHandles.cpp, line 1146]
Event: 0.439 Thread 0x00007fe0dd001800 Exception <a 'java/io/FileNotFoundException'> (0x000000079580f280) thrown at [/HUDSON3/workspace/8-2-build-macosx-x86_64/jdk8u101/7261/hotspot/src/share/vm/prims/jni.cpp, line 709]
Event: 0.439 Thread 0x00007fe0dd001800 Exception <a 'java/io/FileNotFoundException'> (0x000000079580fe20) thrown at [/HUDSON3/workspace/8-2-build-macosx-x86_64/jdk8u101/7261/hotspot/src/share/vm/prims/jni.cpp, line 709]
Event: 0.611 Thread 0x00007fe0dd001800 Exception <a 'java/io/FileNotFoundException'> (0x000000079594be08) thrown at [/HUDSON3/workspace/8-2-build-macosx-x86_64/jdk8u101/7261/hotspot/src/share/vm/prims/jni.cpp, line 709]
Event: 2.099 Thread 0x00007fe0dca73800 Exception <a 'java/lang/UnsatisfiedLinkError': com.jogamp.common.util.JarUtil.fixNativeLibAttribs(Ljava/lang/String;)Z> (0x0000000796a982b0) thrown at [/HUDSON3/workspace/8-2-build-macosx-x86_64/jdk8u101/7261/hotspot/src/share/vm/prims/nativeLookup.cpp, l
Event: 2.447 Thread 0x00007fe0dc008800 Exception <a 'java/lang/NullPointerException'> (0x00000007956a9860) thrown at [/HUDSON3/workspace/8-2-build-macosx-x86_64/jdk8u101/7261/hotspot/src/share/vm/interpreter/linkResolver.cpp, line 1178]
Event: 2.972 Thread 0x00007fe0dca70800 Exception <a 'java/io/FileNotFoundException'> (0x0000000795e694b0) thrown at [/HUDSON3/workspace/8-2-build-macosx-x86_64/jdk8u101/7261/hotspot/src/share/vm/prims/jni.cpp, line 709]
Event: 2.972 Thread 0x00007fe0dca70800 Exception <a 'java/io/FileNotFoundException'> (0x0000000795e6f988) thrown at [/HUDSON3/workspace/8-2-build-macosx-x86_64/jdk8u101/7261/hotspot/src/share/vm/prims/jni.cpp, line 709]
Event: 2.972 Thread 0x00007fe0dca70800 Implicit null exception at 0x000000010ef617f5 to 0x000000010ef61b65
Event: 49.033 Thread 0x00007fe0e2d0d800 Exception <a 'java/security/PrivilegedActionException'> (0x000000079570ea08) thrown at [/HUDSON3/workspace/8-2-build-macosx-x86_64/jdk8u101/7261/hotspot/src/share/vm/prims/jvm.cpp, line 1386]

Events (10 events):
Event: 122.094 Thread 0x00007fe0dc14e800 DEOPT PACKING pc=0x000000010f9299b0 sp=0x00007000101ced50
Event: 122.094 loading class java/awt/Window$1DisposeAction
Event: 122.094 Thread 0x00007fe0dc14e800 DEOPT UNPACKING pc=0x000000010edbf229 sp=0x00007000101ced60 mode 2
Event: 122.095 loading class java/awt/Window$1DisposeAction done
Event: 122.095 Thread 0x00007fe0dca70800 Uncommon trap: trap_request=0xffffffde fr.pc=0x000000010f59ce68
Event: 122.095 Thread 0x00007fe0dca70800 DEOPT PACKING pc=0x000000010f59ce68 sp=0x00007000103d4fb0
Event: 122.095 Thread 0x00007fe0dca70800 DEOPT UNPACKING pc=0x000000010edbf229 sp=0x00007000103d4fd0 mode 2
Event: 122.131 Thread 0x00007fe0dc026800 Uncommon trap: trap_request=0xffffffde fr.pc=0x000000010f59b740
Event: 122.131 Thread 0x00007fe0dc026800 DEOPT PACKING pc=0x000000010f59b740 sp=0x00007ffee861d5a0
Event: 122.131 Thread 0x00007fe0dc026800 DEOPT UNPACKING pc=0x000000010edbf229 sp=0x00007ffee861d548 mode 2


Dynamic libraries:
0x0000000020007000 	/System/Library/Frameworks/Cocoa.framework/Versions/A/Cocoa
0x0000000020007000 	/System/Library/Frameworks/Security.framework/Versions/A/Security
0x0000000020007000 	/System/Library/Frameworks/ApplicationServices.framework/Versions/A/ApplicationServices
0x0000000020007000 	/usr/lib/libz.1.dylib
0x0000000020007000 	/usr/lib/libSystem.B.dylib
0x0000000020007000 	/usr/lib/libobjc.A.dylib
0x0000000020007000 	/System/Library/Frameworks/CoreFoundation.framework/Versions/A/CoreFoundation
0x0000000020007000 	/System/Library/Frameworks/Foundation.framework/Versions/C/Foundation
0x0000000020007000 	/System/Library/Frameworks/AppKit.framework/Versions/C/AppKit
0x0000000020007000 	/System/Library/Frameworks/CoreData.framework/Versions/A/CoreData
0x0000000020007000 	/System/Library/PrivateFrameworks/RemoteViewServices.framework/Versions/A/RemoteViewServices
0x0000000020007000 	/System/Library/PrivateFrameworks/UIFoundation.framework/Versions/A/UIFoundation
0x0000000020007000 	/System/Library/PrivateFrameworks/DFRFoundation.framework/Versions/A/DFRFoundation
0x0000000020007000 	/System/Library/Frameworks/Metal.framework/Versions/A/Metal
0x0000000020007000 	/System/Library/PrivateFrameworks/DesktopServicesPriv.framework/Versions/A/DesktopServicesPriv
0x0000000020007000 	/usr/lib/libenergytrace.dylib
0x0000000020007000 	/System/Library/PrivateFrameworks/SkyLight.framework/Versions/A/SkyLight
0x0000000020007000 	/System/Library/Frameworks/CoreGraphics.framework/Versions/A/CoreGraphics
0x0000000020007000 	/usr/lib/libScreenReader.dylib
0x0000000020007000 	/System/Library/Frameworks/Accelerate.framework/Versions/A/Accelerate
0x0000000020007000 	/System/Library/Frameworks/IOSurface.framework/Versions/A/IOSurface
0x0000000020007000 	/System/Library/Frameworks/AudioToolbox.framework/Versions/A/AudioToolbox
0x0000000020007000 	/System/Library/Frameworks/AudioUnit.framework/Versions/A/AudioUnit
0x0000000020007000 	/System/Library/PrivateFrameworks/DataDetectorsCore.framework/Versions/A/DataDetectorsCore
0x0000000020007000 	/System/Library/Frameworks/Carbon.framework/Versions/A/Frameworks/HIToolbox.framework/Versions/A/HIToolbox
0x0000000020007000 	/usr/lib/libicucore.A.dylib
0x0000000020007000 	/System/Library/Frameworks/QuartzCore.framework/Versions/A/QuartzCore
0x0000000020007000 	/System/Library/Frameworks/Carbon.framework/Versions/A/Frameworks/SpeechRecognition.framework/Versions/A/SpeechRecognition
0x0000000020007000 	/usr/lib/libauto.dylib
0x0000000020007000 	/usr/lib/libxml2.2.dylib
0x0000000020007000 	/System/Library/PrivateFrameworks/CoreUI.framework/Versions/A/CoreUI
0x0000000020007000 	/System/Library/Frameworks/CoreAudio.framework/Versions/A/CoreAudio
0x0000000020007000 	/System/Library/Frameworks/DiskArbitration.framework/Versions/A/DiskArbitration
0x0000000020007000 	/usr/lib/liblangid.dylib
0x0000000020007000 	/System/Library/PrivateFrameworks/MultitouchSupport.framework/Versions/A/MultitouchSupport
0x0000000020007000 	/System/Library/Frameworks/IOKit.framework/Versions/A/IOKit
0x0000000020007000 	/usr/lib/libDiagnosticMessagesClient.dylib
0x0000000020007000 	/System/Library/Frameworks/CoreServices.framework/Versions/A/CoreServices
0x0000000020007000 	/System/Library/PrivateFrameworks/PerformanceAnalysis.framework/Versions/A/PerformanceAnalysis
0x0000000020007000 	/System/Library/Frameworks/OpenGL.framework/Versions/A/OpenGL
0x0000000020007000 	/System/Library/Frameworks/ColorSync.framework/Versions/A/ColorSync
0x0000000020007000 	/System/Library/Frameworks/CoreImage.framework/Versions/A/CoreImage
0x0000000020007000 	/System/Library/Frameworks/CoreText.framework/Versions/A/CoreText
0x0000000020007000 	/System/Library/Frameworks/ImageIO.framework/Versions/A/ImageIO
0x0000000020007000 	/System/Library/PrivateFrameworks/Backup.framework/Versions/A/Backup
0x0000000020007000 	/usr/lib/libarchive.2.dylib
0x0000000020007000 	/System/Library/Frameworks/CFNetwork.framework/Versions/A/CFNetwork
0x0000000020007000 	/System/Library/Frameworks/SystemConfiguration.framework/Versions/A/SystemConfiguration
0x0000000020007000 	/usr/lib/libCRFSuite.dylib
0x0000000020007000 	/usr/lib/libc++.1.dylib
0x0000000020007000 	/usr/lib/libc++abi.dylib
0x0000000020007000 	/usr/lib/system/libcache.dylib
0x0000000020007000 	/usr/lib/system/libcommonCrypto.dylib
0x0000000020007000 	/usr/lib/system/libcompiler_rt.dylib
0x0000000020007000 	/usr/lib/system/libcopyfile.dylib
0x0000000020007000 	/usr/lib/system/libcorecrypto.dylib
0x0000000020007000 	/usr/lib/system/libdispatch.dylib
0x0000000020007000 	/usr/lib/system/libdyld.dylib
0x0000000020007000 	/usr/lib/system/libkeymgr.dylib
0x0000000020007000 	/usr/lib/system/liblaunch.dylib
0x0000000020007000 	/usr/lib/system/libmacho.dylib
0x0000000020007000 	/usr/lib/system/libquarantine.dylib
0x0000000020007000 	/usr/lib/system/libremovefile.dylib
0x0000000020007000 	/usr/lib/system/libsystem_asl.dylib
0x0000000020007000 	/usr/lib/system/libsystem_blocks.dylib
0x0000000020007000 	/usr/lib/system/libsystem_c.dylib
0x0000000020007000 	/usr/lib/system/libsystem_configuration.dylib
0x0000000020007000 	/usr/lib/system/libsystem_coreservices.dylib
0x0000000020007000 	/usr/lib/system/libsystem_darwin.dylib
0x0000000020007000 	/usr/lib/system/libsystem_dnssd.dylib
0x0000000020007000 	/usr/lib/system/libsystem_info.dylib
0x0000000020007000 	/usr/lib/system/libsystem_m.dylib
0x0000000020007000 	/usr/lib/system/libsystem_malloc.dylib
0x0000000020007000 	/usr/lib/system/libsystem_network.dylib
0x0000000020007000 	/usr/lib/system/libsystem_networkextension.dylib
0x0000000020007000 	/usr/lib/system/libsystem_notify.dylib
0x0000000020007000 	/usr/lib/system/libsystem_sandbox.dylib
0x0000000020007000 	/usr/lib/system/libsystem_secinit.dylib
0x0000000020007000 	/usr/lib/system/libsystem_kernel.dylib
0x0000000020007000 	/usr/lib/system/libsystem_platform.dylib
0x0000000020007000 	/usr/lib/system/libsystem_pthread.dylib
0x0000000020007000 	/usr/lib/system/libsystem_symptoms.dylib
0x0000000020007000 	/usr/lib/system/libsystem_trace.dylib
0x0000000020007000 	/usr/lib/system/libunwind.dylib
0x0000000020007000 	/usr/lib/system/libxpc.dylib
0x0000000020007000 	/usr/lib/closure/libclosured.dylib
0x0000000020007000 	/usr/lib/libbsm.0.dylib
0x0000000020007000 	/usr/lib/system/libkxld.dylib
0x0000000020007000 	/usr/lib/libOpenScriptingUtil.dylib
0x0000000020007000 	/usr/lib/libcoretls.dylib
0x0000000020007000 	/usr/lib/libcoretls_cfhelpers.dylib
0x0000000020007000 	/usr/lib/libpam.2.dylib
0x0000000020007000 	/usr/lib/libsqlite3.dylib
0x0000000020007000 	/usr/lib/libxar.1.dylib
0x0000000020007000 	/usr/lib/libbz2.1.0.dylib
0x0000000020007000 	/usr/lib/liblzma.5.dylib
0x0000000020007000 	/usr/lib/libnetwork.dylib
0x0000000020007000 	/usr/lib/libapple_nghttp2.dylib
0x0000000020007000 	/usr/lib/libpcap.A.dylib
0x0000000020007000 	/usr/lib/libboringssl.dylib
0x0000000020007000 	/usr/lib/libusrtcp.dylib
0x0000000020007000 	/usr/lib/libapple_crypto.dylib
0x0000000020007000 	/System/Library/Frameworks/CoreServices.framework/Versions/A/Frameworks/FSEvents.framework/Versions/A/FSEvents
0x0000000020007000 	/System/Library/Frameworks/CoreServices.framework/Versions/A/Frameworks/CarbonCore.framework/Versions/A/CarbonCore
0x0000000020007000 	/System/Library/Frameworks/CoreServices.framework/Versions/A/Frameworks/Metadata.framework/Versions/A/Metadata
0x0000000020007000 	/System/Library/Frameworks/CoreServices.framework/Versions/A/Frameworks/OSServices.framework/Versions/A/OSServices
0x0000000020007000 	/System/Library/Frameworks/CoreServices.framework/Versions/A/Frameworks/SearchKit.framework/Versions/A/SearchKit
0x0000000020007000 	/System/Library/Frameworks/CoreServices.framework/Versions/A/Frameworks/AE.framework/Versions/A/AE
0x0000000020007000 	/System/Library/Frameworks/CoreServices.framework/Versions/A/Frameworks/LaunchServices.framework/Versions/A/LaunchServices
0x0000000020007000 	/System/Library/Frameworks/CoreServices.framework/Versions/A/Frameworks/DictionaryServices.framework/Versions/A/DictionaryServices
0x0000000020007000 	/System/Library/Frameworks/CoreServices.framework/Versions/A/Frameworks/SharedFileList.framework/Versions/A/SharedFileList
0x0000000020007000 	/System/Library/Frameworks/NetFS.framework/Versions/A/NetFS
0x0000000020007000 	/System/Library/PrivateFrameworks/NetAuth.framework/Versions/A/NetAuth
0x0000000020007000 	/System/Library/PrivateFrameworks/login.framework/Versions/A/Frameworks/loginsupport.framework/Versions/A/loginsupport
0x0000000020007000 	/System/Library/PrivateFrameworks/TCC.framework/Versions/A/TCC
0x0000000020007000 	/usr/lib/libmecabra.dylib
0x0000000020007000 	/System/Library/Frameworks/ApplicationServices.framework/Versions/A/Frameworks/ATS.framework/Versions/A/ATS
0x0000000020007000 	/System/Library/Frameworks/ApplicationServices.framework/Versions/A/Frameworks/ColorSyncLegacy.framework/Versions/A/ColorSyncLegacy
0x0000000020007000 	/System/Library/Frameworks/ApplicationServices.framework/Versions/A/Frameworks/HIServices.framework/Versions/A/HIServices
0x0000000020007000 	/System/Library/Frameworks/ApplicationServices.framework/Versions/A/Frameworks/LangAnalysis.framework/Versions/A/LangAnalysis
0x0000000020007000 	/System/Library/Frameworks/ApplicationServices.framework/Versions/A/Frameworks/PrintCore.framework/Versions/A/PrintCore
0x0000000020007000 	/System/Library/Frameworks/ApplicationServices.framework/Versions/A/Frameworks/QD.framework/Versions/A/QD
0x0000000020007000 	/System/Library/Frameworks/ApplicationServices.framework/Versions/A/Frameworks/SpeechSynthesis.framework/Versions/A/SpeechSynthesis
0x0000000020007000 	/System/Library/Frameworks/CoreDisplay.framework/Versions/A/CoreDisplay
0x0000000020007000 	/System/Library/Frameworks/Accelerate.framework/Versions/A/Frameworks/vImage.framework/Versions/A/vImage
0x0000000020007000 	/System/Library/Frameworks/Accelerate.framework/Versions/A/Frameworks/vecLib.framework/Versions/A/vecLib
0x0000000020007000 	/System/Library/Frameworks/Accelerate.framework/Versions/A/Frameworks/vecLib.framework/Versions/A/libvDSP.dylib
0x0000000020007000 	/System/Library/Frameworks/Accelerate.framework/Versions/A/Frameworks/vecLib.framework/Versions/A/libBNNS.dylib
0x0000000020007000 	/System/Library/Frameworks/Accelerate.framework/Versions/A/Frameworks/vecLib.framework/Versions/A/libQuadrature.dylib
0x0000000020007000 	/System/Library/Frameworks/Accelerate.framework/Versions/A/Frameworks/vecLib.framework/Versions/A/libvMisc.dylib
0x0000000020007000 	/System/Library/Frameworks/Accelerate.framework/Versions/A/Frameworks/vecLib.framework/Versions/A/libLAPACK.dylib
0x0000000020007000 	/System/Library/Frameworks/Accelerate.framework/Versions/A/Frameworks/vecLib.framework/Versions/A/libBLAS.dylib
0x0000000020007000 	/System/Library/Frameworks/Accelerate.framework/Versions/A/Frameworks/vecLib.framework/Versions/A/libLinearAlgebra.dylib
0x0000000020007000 	/System/Library/Frameworks/Accelerate.framework/Versions/A/Frameworks/vecLib.framework/Versions/A/libSparse.dylib
0x0000000020007000 	/System/Library/Frameworks/Accelerate.framework/Versions/A/Frameworks/vecLib.framework/Versions/A/libSparseBLAS.dylib
0x0000000020007000 	/System/Library/PrivateFrameworks/IOAccelerator.framework/Versions/A/IOAccelerator
0x0000000020007000 	/System/Library/PrivateFrameworks/IOPresentment.framework/Versions/A/IOPresentment
0x0000000020007000 	/System/Library/PrivateFrameworks/DSExternalDisplay.framework/Versions/A/DSExternalDisplay
0x0000000020007000 	/System/Library/Frameworks/OpenGL.framework/Versions/A/Libraries/libCoreFSCache.dylib
0x0000000020007000 	/System/Library/Frameworks/CoreVideo.framework/Versions/A/CoreVideo
0x0000000020007000 	/System/Library/PrivateFrameworks/GraphVisualizer.framework/Versions/A/GraphVisualizer
0x0000000020007000 	/System/Library/Frameworks/MetalPerformanceShaders.framework/Versions/A/MetalPerformanceShaders
0x0000000020007000 	/usr/lib/libFosl_dynamic.dylib
0x0000000020007000 	/System/Library/PrivateFrameworks/FaceCore.framework/Versions/A/FaceCore
0x0000000020007000 	/System/Library/Frameworks/OpenCL.framework/Versions/A/OpenCL
0x0000000020007000 	/usr/lib/libcompression.dylib
0x0000000020007000 	/System/Library/Frameworks/ApplicationServices.framework/Versions/A/Frameworks/ATS.framework/Versions/A/Resources/libFontParser.dylib
0x0000000020007000 	/System/Library/Frameworks/ApplicationServices.framework/Versions/A/Frameworks/ATS.framework/Versions/A/Resources/libFontRegistry.dylib
0x0000000020007000 	/System/Library/Frameworks/ImageIO.framework/Versions/A/Resources/libJPEG.dylib
0x0000000020007000 	/System/Library/Frameworks/ImageIO.framework/Versions/A/Resources/libTIFF.dylib
0x0000000020007000 	/System/Library/Frameworks/ImageIO.framework/Versions/A/Resources/libPng.dylib
0x0000000020007000 	/System/Library/Frameworks/ImageIO.framework/Versions/A/Resources/libGIF.dylib
0x0000000020007000 	/System/Library/Frameworks/ImageIO.framework/Versions/A/Resources/libJP2.dylib
0x0000000020007000 	/System/Library/Frameworks/ImageIO.framework/Versions/A/Resources/libRadiance.dylib
0x0000000020007000 	/System/Library/PrivateFrameworks/AppleJPEG.framework/Versions/A/AppleJPEG
0x0000000020007000 	/System/Library/PrivateFrameworks/MetalTools.framework/Versions/A/MetalTools
0x0000000020007000 	/System/Library/Frameworks/MetalPerformanceShaders.framework/Frameworks/MPSCore.framework/Versions/A/MPSCore
0x0000000020007000 	/System/Library/Frameworks/MetalPerformanceShaders.framework/Frameworks/MPSImage.framework/Versions/A/MPSImage
0x0000000020007000 	/System/Library/Frameworks/MetalPerformanceShaders.framework/Frameworks/MPSMatrix.framework/Versions/A/MPSMatrix
0x0000000020007000 	/System/Library/Frameworks/MetalPerformanceShaders.framework/Frameworks/MPSNeuralNetwork.framework/Versions/A/MPSNeuralNetwork
0x0000000020007000 	/System/Library/Frameworks/OpenGL.framework/Versions/A/Libraries/libGLU.dylib
0x0000000020007000 	/System/Library/Frameworks/OpenGL.framework/Versions/A/Libraries/libGFXShared.dylib
0x0000000020007000 	/System/Library/Frameworks/OpenGL.framework/Versions/A/Libraries/libGL.dylib
0x0000000020007000 	/System/Library/Frameworks/OpenGL.framework/Versions/A/Libraries/libGLImage.dylib
0x0000000020007000 	/System/Library/Frameworks/OpenGL.framework/Versions/A/Libraries/libCVMSPluginSupport.dylib
0x0000000020007000 	/System/Library/Frameworks/OpenGL.framework/Versions/A/Libraries/libCoreVMClient.dylib
0x0000000020007000 	/usr/lib/libcups.2.dylib
0x0000000020007000 	/System/Library/Frameworks/Kerberos.framework/Versions/A/Kerberos
0x0000000020007000 	/System/Library/Frameworks/GSS.framework/Versions/A/GSS
0x0000000020007000 	/usr/lib/libresolv.9.dylib
0x0000000020007000 	/usr/lib/libiconv.2.dylib
0x0000000020007000 	/System/Library/PrivateFrameworks/Heimdal.framework/Versions/A/Heimdal
0x0000000020007000 	/usr/lib/libheimdal-asn1.dylib
0x0000000020007000 	/System/Library/Frameworks/OpenDirectory.framework/Versions/A/OpenDirectory
0x0000000020007000 	/System/Library/PrivateFrameworks/CommonAuth.framework/Versions/A/CommonAuth
0x0000000020007000 	/System/Library/Frameworks/OpenDirectory.framework/Versions/A/Frameworks/CFOpenDirectory.framework/Versions/A/CFOpenDirectory
0x0000000020007000 	/System/Library/Frameworks/SecurityFoundation.framework/Versions/A/SecurityFoundation
0x0000000020007000 	/System/Library/PrivateFrameworks/APFS.framework/Versions/A/APFS
0x0000000020007000 	/usr/lib/libutil.dylib
0x0000000020007000 	/System/Library/PrivateFrameworks/AppleSauce.framework/Versions/A/AppleSauce
0x0000000020007000 	/System/Library/PrivateFrameworks/LinguisticData.framework/Versions/A/LinguisticData
0x0000000020007000 	/usr/lib/libmarisa.dylib
0x0000000020007000 	/System/Library/PrivateFrameworks/Lexicon.framework/Versions/A/Lexicon
0x0000000020007000 	/usr/lib/libChineseTokenizer.dylib
0x0000000020007000 	/usr/lib/libcmph.dylib
0x0000000020007000 	/System/Library/PrivateFrameworks/LanguageModeling.framework/Versions/A/LanguageModeling
0x0000000020007000 	/System/Library/PrivateFrameworks/CoreEmoji.framework/Versions/A/CoreEmoji
0x0000000020007000 	/System/Library/Frameworks/ServiceManagement.framework/Versions/A/ServiceManagement
0x0000000020007000 	/System/Library/PrivateFrameworks/BackgroundTaskManagement.framework/Versions/A/BackgroundTaskManagement
0x0000000020007000 	/usr/lib/libxslt.1.dylib
0x0000000020007000 	/System/Library/Frameworks/Carbon.framework/Versions/A/Frameworks/Ink.framework/Versions/A/Ink
0x0000000020007000 	/System/Library/PrivateFrameworks/TextureIO.framework/Versions/A/TextureIO
0x0000000020007000 	/usr/lib/libate.dylib
0x0000000020007000 	/System/Library/PrivateFrameworks/CrashReporterSupport.framework/Versions/A/CrashReporterSupport
0x0000000020007000 	/System/Library/PrivateFrameworks/Sharing.framework/Versions/A/Sharing
0x0000000020007000 	/System/Library/PrivateFrameworks/IconServices.framework/Versions/A/IconServices
0x0000000020007000 	/System/Library/PrivateFrameworks/ProtocolBuffer.framework/Versions/A/ProtocolBuffer
0x0000000020007000 	/System/Library/PrivateFrameworks/Apple80211.framework/Versions/A/Apple80211
0x0000000020007000 	/System/Library/Frameworks/CoreWLAN.framework/Versions/A/CoreWLAN
0x0000000020007000 	/System/Library/PrivateFrameworks/CoreUtils.framework/Versions/A/CoreUtils
0x0000000020007000 	/System/Library/Frameworks/IOBluetooth.framework/Versions/A/IOBluetooth
0x0000000020007000 	/System/Library/PrivateFrameworks/CoreWiFi.framework/Versions/A/CoreWiFi
0x0000000020007000 	/System/Library/Frameworks/CoreBluetooth.framework/Versions/A/CoreBluetooth
0x0000000020007000 	/System/Library/PrivateFrameworks/SignpostNotification.framework/Versions/A/SignpostNotification
0x0000000020007000 	/System/Library/PrivateFrameworks/DebugSymbols.framework/Versions/A/DebugSymbols
0x0000000020007000 	/System/Library/PrivateFrameworks/CoreSymbolication.framework/Versions/A/CoreSymbolication
0x0000000020007000 	/System/Library/PrivateFrameworks/Symbolication.framework/Versions/A/Symbolication
0x0000000020007000 	/System/Library/PrivateFrameworks/AppleFSCompression.framework/Versions/A/AppleFSCompression
0x0000000020007000 	/System/Library/PrivateFrameworks/SpeechRecognitionCore.framework/Versions/A/SpeechRecognitionCore
0x0000000108000000 	/Library/Java/JavaVirtualMachines/jdk1.8.0_101.jdk/Contents/Home/jre/lib/server/libjvm.dylib
0x0000000020007000 	/usr/lib/libstdc++.6.0.9.dylib
0x0000000107617000 	/Library/Java/JavaVirtualMachines/jdk1.8.0_101.jdk/Contents/Home/jre/lib/libverify.dylib
0x0000000107625000 	/Library/Java/JavaVirtualMachines/jdk1.8.0_101.jdk/Contents/Home/jre/lib/libjava.dylib
0x00000001076a4000 	/Library/Java/JavaVirtualMachines/jdk1.8.0_101.jdk/Contents/Home/jre/lib/libzip.dylib
0x0000000020007000 	/System/Library/Frameworks/JavaVM.framework/Versions/A/Frameworks/JavaRuntimeSupport.framework/Versions/A/JavaRuntimeSupport
0x0000000020007000 	/System/Library/Frameworks/JavaVM.framework/Versions/A/Frameworks/JavaNativeFoundation.framework/Versions/A/JavaNativeFoundation
0x0000000020007000 	/System/Library/Frameworks/JavaVM.framework/Versions/A/JavaVM
0x0000000020007000 	/System/Library/Frameworks/Carbon.framework/Versions/A/Carbon
0x0000000020007000 	/System/Library/PrivateFrameworks/JavaLaunching.framework/Versions/A/JavaLaunching
0x0000000020007000 	/System/Library/Frameworks/Carbon.framework/Versions/A/Frameworks/CommonPanels.framework/Versions/A/CommonPanels
0x0000000020007000 	/System/Library/Frameworks/Carbon.framework/Versions/A/Frameworks/Help.framework/Versions/A/Help
0x0000000020007000 	/System/Library/Frameworks/Carbon.framework/Versions/A/Frameworks/ImageCapture.framework/Versions/A/ImageCapture
0x0000000020007000 	/System/Library/Frameworks/Carbon.framework/Versions/A/Frameworks/OpenScripting.framework/Versions/A/OpenScripting
0x0000000020007000 	/System/Library/Frameworks/Carbon.framework/Versions/A/Frameworks/Print.framework/Versions/A/Print
0x0000000020007000 	/System/Library/Frameworks/Carbon.framework/Versions/A/Frameworks/SecurityHI.framework/Versions/A/SecurityHI
0x0000000120241000 	/Library/Java/JavaVirtualMachines/jdk1.8.0_101.jdk/Contents/Home/jre/lib/libawt.dylib
0x00000001202e9000 	/Library/Java/JavaVirtualMachines/jdk1.8.0_101.jdk/Contents/Home/jre/lib/./libmlib_image.dylib
0x00000001203b5000 	/Library/Java/JavaVirtualMachines/jdk1.8.0_101.jdk/Contents/Home/jre/lib/libawt_lwawt.dylib
0x000000010ecf9000 	/Library/Java/JavaVirtualMachines/jdk1.8.0_101.jdk/Contents/Home/jre/lib/./libosxapp.dylib
0x0000000020007000 	/System/Library/Frameworks/ExceptionHandling.framework/Versions/A/ExceptionHandling
0x0000000020007000 	/System/Library/PrivateFrameworks/CoreServicesInternal.framework/Versions/A/CoreServicesInternal
0x0000000020007000 	/System/Library/CoreServices/RawCamera.bundle/Contents/MacOS/RawCamera
0x0000000020007000 	/System/Library/PrivateFrameworks/MobileAsset.framework/Versions/A/MobileAsset
0x0000000020007000 	/System/Library/PrivateFrameworks/StreamingZip.framework/Versions/A/StreamingZip
0x0000000020007000 	/System/Library/Frameworks/MediaToolbox.framework/Versions/A/MediaToolbox
0x0000000020007000 	/System/Library/PrivateFrameworks/CoreAVCHD.framework/Versions/A/CoreAVCHD
0x0000000020007000 	/System/Library/Frameworks/MediaAccessibility.framework/Versions/A/MediaAccessibility
0x0000000020007000 	/System/Library/PrivateFrameworks/Mangrove.framework/Versions/A/Mangrove
0x0000000020007000 	/System/Library/Frameworks/CoreMedia.framework/Versions/A/CoreMedia
0x0000000020007000 	/System/Library/Frameworks/VideoToolbox.framework/Versions/A/VideoToolbox
0x0000000020007000 	/System/Library/PrivateFrameworks/CoreAUC.framework/Versions/A/CoreAUC
0x0000000020007000 	/usr/lib/libspindump.dylib
0x0000000020007000 	/usr/lib/libdscsym.dylib
0x0000000020007000 	/System/Library/PrivateFrameworks/AppleVA.framework/Versions/A/AppleVA
0x0000000020007000 	/System/Library/Frameworks/Accelerate.framework/Versions/A/Frameworks/vImage.framework/Versions/A/Libraries/libCGInterfaces.dylib
0x0000000020007000 	/System/Library/Frameworks/ApplicationServices.framework/Versions/A/Frameworks/ATS.framework/Versions/A/Resources/libTrueTypeScaler.dylib
0x0000000020007000 	/System/Library/Frameworks/OpenGL.framework/Versions/A/Resources/GLEngine.bundle/GLEngine
0x0000000020007000 	/System/Library/Frameworks/OpenGL.framework/Versions/A/Libraries/libGLProgrammability.dylib
0x00000001225e7000 	/System/Library/Extensions/AppleIntelBDWGraphicsGLDriver.bundle/Contents/MacOS/AppleIntelBDWGraphicsGLDriver
0x0000000020007000 	/System/Library/PrivateFrameworks/GPUSupport.framework/Versions/A/Libraries/libGPUSupportMercury.dylib
0x0000000020007000 	/System/Library/Frameworks/OpenGL.framework/Versions/A/Resources/GLRendererFloat.bundle/GLRendererFloat
0x0000000020007000 	/System/Library/Frameworks/OpenCL.framework/Versions/A/Libraries/libcldcpuengine.dylib
0x0000000020007000 	/usr/lib/libcrypto.35.dylib
0x0000000020007000 	/System/Library/PrivateFrameworks/TrustEvaluationAgent.framework/Versions/A/TrustEvaluationAgent
0x0000000020007000 	/System/Library/Extensions/AppleIntelBDWGraphicsMTLDriver.bundle/Contents/MacOS/AppleIntelBDWGraphicsMTLDriver
0x0000000020007000 	/System/Library/PrivateFrameworks/GPUCompiler.framework/Versions/3802/Libraries/libmetal_timestamp.dylib
0x0000000020007000 	/System/Library/PrivateFrameworks/FamilyControls.framework/Versions/A/FamilyControls
0x0000000020007000 	/System/Library/PrivateFrameworks/CommerceKit.framework/Versions/A/Frameworks/CommerceCore.framework/Versions/A/CommerceCore
0x0000000020007000 	/System/Library/PrivateFrameworks/SystemAdministration.framework/Versions/A/SystemAdministration
0x0000000020007000 	/System/Library/PrivateFrameworks/AppContainer.framework/Versions/A/AppContainer
0x0000000020007000 	/System/Library/PrivateFrameworks/SecCodeWrapper.framework/Versions/A/SecCodeWrapper
0x0000000020007000 	/System/Library/PrivateFrameworks/DiskManagement.framework/Versions/A/DiskManagement
0x0000000020007000 	/System/Library/Frameworks/DirectoryService.framework/Versions/A/DirectoryService
0x0000000020007000 	/System/Library/PrivateFrameworks/DiskImages.framework/Versions/A/DiskImages
0x0000000020007000 	/System/Library/PrivateFrameworks/LoginUIKit.framework/Versions/A/Frameworks/LoginUICore.framework/Versions/A/LoginUICore
0x0000000020007000 	/usr/lib/libCoreStorage.dylib
0x0000000020007000 	/usr/lib/libcsfde.dylib
0x0000000020007000 	/usr/lib/libodfde.dylib
0x0000000020007000 	/System/Library/PrivateFrameworks/MediaKit.framework/Versions/A/MediaKit
0x0000000020007000 	/System/Library/Frameworks/DiscRecording.framework/Versions/A/DiscRecording
0x0000000020007000 	/System/Library/PrivateFrameworks/EFILogin.framework/Versions/A/EFILogin
0x0000000020007000 	/System/Library/PrivateFrameworks/ProtectedCloudStorage.framework/Versions/A/ProtectedCloudStorage
0x0000000020007000 	/usr/lib/libcurl.4.dylib
0x0000000020007000 	/usr/lib/libssl.35.dylib
0x0000000020007000 	/System/Library/Frameworks/LDAP.framework/Versions/A/LDAP
0x0000000020007000 	/usr/lib/libsasl2.2.dylib
0x0000000020007000 	/System/Library/PrivateFrameworks/CoreDaemon.framework/Versions/B/CoreDaemon
0x0000000020007000 	/System/Library/PrivateFrameworks/AppleSRP.framework/Versions/A/AppleSRP
0x0000000123d18000 	/Library/Java/JavaVirtualMachines/jdk1.8.0_101.jdk/Contents/Home/jre/lib/libfontmanager.dylib
0x0000000124ff4000 	/Library/Java/JavaVirtualMachines/jdk1.8.0_101.jdk/Contents/Home/jre/lib/libosxui.dylib
0x0000000020007000 	/System/Library/PrivateFrameworks/ViewBridge.framework/Versions/A/ViewBridge
0x000000012618d000 	/Library/Java/JavaVirtualMachines/jdk1.8.0_101.jdk/Contents/Home/jre/lib/libnet.dylib
0x0000000125fa2000 	/Library/Java/JavaVirtualMachines/jdk1.8.0_101.jdk/Contents/Home/jre/lib/libnio.dylib
0x000000012176f000 	/private/var/folders/pw/kw08pl9n6yzcxbqgsc_vpf_h0000gn/T/jogamp_0000/file_cache/jln436786371769643436/jln4071801598740189739/libgluegen-rt.jnilib
0x0000000121774000 	/private/var/folders/pw/kw08pl9n6yzcxbqgsc_vpf_h0000gn/T/jogamp_0000/file_cache/jln436786371769643436/jln4071801598740189739/libnativewindow_awt.jnilib
0x0000000124ff1000 	/Library/Java/JavaVirtualMachines/jdk1.8.0_101.jdk/Contents/Home/jre/lib/libjawt.dylib
0x000000012532f000 	/private/var/folders/pw/kw08pl9n6yzcxbqgsc_vpf_h0000gn/T/jogamp_0000/file_cache/jln436786371769643436/jln4071801598740189739/libnativewindow_macosx.jnilib
0x000000015d068000 	/private/var/folders/pw/kw08pl9n6yzcxbqgsc_vpf_h0000gn/T/jogamp_0000/file_cache/jln436786371769643436/jln4071801598740189739/libjogl_desktop.jnilib
0x0000000122152000 	/Library/Java/JavaVirtualMachines/jdk1.8.0_101.jdk/Contents/Home/jre/lib/libsunec.dylib
0x00000001221af000 	/Library/Java/JavaVirtualMachines/jdk1.8.0_101.jdk/Contents/Home/jre/lib/libjpeg.dylib

VM Arguments:
jvm_args: -Djava.security.policy=java.policy.applet -Dfile.encoding=UTF-8 
java_command: sun.applet.AppletViewer module3.EarthquakeCityMap1519861296856.html
java_class_path (initial): /Users/kathyshannon/Documents/workspace/UCSDUnfoldingMaps/build:/Users/kathyshannon/Documents/workspace/UCSDUnfoldingMaps/lib/core.jar:/Users/kathyshannon/Documents/workspace/UCSDUnfoldingMaps/lib/gluegen-rt.jar:/Users/kathyshannon/Documents/workspace/UCSDUnfoldingMaps/lib/jogl-all.jar:/Users/kathyshannon/Documents/workspace/UCSDUnfoldingMaps/lib/log4j-1.2.15.jar:/Users/kathyshannon/Documents/workspace/UCSDUnfoldingMaps/lib/sqlite-jdbc-3.7.2.jar:/Users/kathyshannon/Documents/workspace/UCSDUnfoldingMaps/lib/json4processing.jar:/Users/kathyshannon/Documents/workspace/UCSDUnfoldingMaps/lib/libTUIO.jar:/Users/kathyshannon/Documents/workspace/UCSDUnfoldingMaps/lib/unfolding.0.9.7-uscd.jar
Launcher Type: SUN_STANDARD

Environment Variables:
PATH=/usr/bin:/bin:/usr/sbin:/sbin
SHELL=/bin/bash
DISPLAY=/private/tmp/com.apple.launchd.MUWqX9qNov/org.macosforge.xquartz:0

Signal Handlers:
SIGSEGV: [libjvm.dylib+0x5af145], sa_mask[0]=11111111011111110111111111111111, sa_flags=SA_ONSTACK|SA_RESTART|SA_SIGINFO
SIGBUS: [libjvm.dylib+0x5af145], sa_mask[0]=11111111011111110111111111111111, sa_flags=SA_RESTART|SA_SIGINFO
SIGFPE: [libjvm.dylib+0x48694c], sa_mask[0]=11111111011111110111111111111111, sa_flags=SA_RESTART|SA_SIGINFO
SIGPIPE: [libjvm.dylib+0x48694c], sa_mask[0]=11111111011111110111111111111111, sa_flags=SA_RESTART|SA_SIGINFO
SIGXFSZ: [libjvm.dylib+0x48694c], sa_mask[0]=11111111011111110111111111111111, sa_flags=SA_RESTART|SA_SIGINFO
SIGILL: [libjvm.dylib+0x48694c], sa_mask[0]=11111111011111110111111111111111, sa_flags=SA_RESTART|SA_SIGINFO
SIGUSR1: SIG_DFL, sa_mask[0]=00000000000000000000000000000000, sa_flags=none
SIGUSR2: [libjvm.dylib+0x48646a], sa_mask[0]=00100000000000000000000000000000, sa_flags=SA_RESTART|SA_SIGINFO
SIGHUP: [libjvm.dylib+0x484a41], sa_mask[0]=11111111011111110111111111111111, sa_flags=SA_RESTART|SA_SIGINFO
SIGINT: [libjvm.dylib+0x484a41], sa_mask[0]=11111111011111110111111111111111, sa_flags=SA_RESTART|SA_SIGINFO
SIGTERM: [libjvm.dylib+0x484a41], sa_mask[0]=11111111011111110111111111111111, sa_flags=SA_RESTART|SA_SIGINFO
SIGQUIT: [libjvm.dylib+0x484a41], sa_mask[0]=11111111011111110111111111111111, sa_flags=SA_RESTART|SA_SIGINFO


---------------  S Y S T E M  ---------------

OS:Bsduname:Darwin 17.4.0 Darwin Kernel Version 17.4.0: Sun Dec 17 09:19:54 PST 2017; root:xnu-4570.41.2~1/RELEASE_X86_64 x86_64
rlimit: STACK 8192k, CORE 0k, NPROC 709, NOFILE 10240, AS infinity
load average:1.52 1.96 1.99

CPU:total 4 (4 cores per cpu, 1 threads per core) family 6 model 71 stepping 1, cmov, cx8, fxsr, mmx, sse, sse2, sse3, ssse3, sse4.1, sse4.2, popcnt, avx, avx2, aes, clmul, erms, rtm, 3dnowpref, lzcnt, tsc, tscinvbit, bmi1, bmi2, adx

Memory: 4k page, physical 8388608k(329716k free)

/proc/meminfo:


vm_info: Java HotSpot(TM) 64-Bit Server VM (25.101-b13) for bsd-amd64 JRE (1.8.0_101-b13), built on Jun 22 2016 02:42:15 by "java_re" with gcc 4.2.1 (Based on Apple Inc. build 5658) (LLVM build 2336.11.00)

time: Wed Feb 28 15:43:39 2018
elapsed time: 122 seconds (0d 0h 2m 2s)

