#
# A fatal error has been detected by the Java Runtime Environment:
#
#  SIGSEGV (0xb) at pc=0x00007fff6e74f2ce, pid=862, tid=0x0000000000000307
#
# JRE version: Java(TM) SE Runtime Environment (8.0_101-b13) (build 1.8.0_101-b13)
# Java VM: Java HotSpot(TM) 64-Bit Server VM (25.101-b13 mixed mode bsd-amd64 compressed oops)
# Problematic frame:
# C  [libobjc.A.dylib+0x82ce]  _class_initialize+0x25
#
# Failed to write core dump. Core dumps have been disabled. To enable core dumping, try "ulimit -c unlimited" before starting Java again
#
# If you would like to submit a bug report, please visit:
#   http://bugreport.java.com/bugreport/crash.jsp
# The crash happened outside the Java Virtual Machine in native code.
# See problematic frame for where to report the bug.
#

---------------  T H R E A D  ---------------

Current thread (0x00007fc1c1099000):  JavaThread "AWT-AppKit" daemon [_thread_in_native, id=775, stack(0x00007ffee7a6d000,0x00007ffee826d000)]

siginfo: si_signo: 11 (SIGSEGV), si_code: 1 (SEGV_MAPERR), si_addr: 0x00000000000007e8

Registers:
RAX=0x00007fffa1cc2178, RBX=0x00007ffffffffff8, RCX=0x0000000000000000, RDX=0x0000000000e51500
RSP=0x00007ffee82680d0, RBP=0x00007ffee8268100, RSI=0x00e5160100e51683, RDI=0x00007fffa1cc2178
R8 =0x0000000000e51500, R9 =0x00007fffa80dc2f0, R10=0x00e5160100e54600, R11=0x00e5160100000000
R12=0x00007fffa1cc2178, R13=0x00007fffa1cc2178, R14=0x00000000000007c8, R15=0x00007fc1c58e31a0
RIP=0x00007fff6e74f2ce, EFLAGS=0x0000000000010202, ERR=0x0000000000000004
  TRAPNO=0x000000000000000e

Top of Stack: (sp=0x00007ffee82680d0)
0x00007ffee82680d0:   00007fffa1cc2178 00007fffa80dc2d0
0x00007ffee82680e0:   00007fff45cae4e5 00007fffa1cc2178
0x00007ffee82680f0:   00007ffffffffff8 00007fc1c58e31a0
0x00007ffee8268100:   00007ffee8268160 00007fff6e74ee8f
0x00007ffee8268110:   00007ffee82681e0 00007fff6f4f3395
0x00007ffee8268120:   00007ffee8268190 00007fc1c58e31a0
0x00007ffee8268130:   0000000170001000 00000001219b1450
0x00007ffee8268140:   0000000000000000 00000001631eb7b8
0x00007ffee8268150:   00000001219b1440 00007fc1c1099000
0x00007ffee8268160:   00007ffee8268230 00007fff6e74e914
0x00007ffee8268170:   0000000000000000 0000000000000000
0x00007ffee8268180:   0000000000000001 0000000000000000
0x00007ffee8268190:   00007fff45cae4e5 00007fc1c58e31a0
0x00007ffee82681a0:   00007fc1c5a686c0 00000001631eb7b8
0x00007ffee82681b0:   0000000000000000 0000000000000000
0x00007ffee82681c0:   00000000000000ff 0000000000000000
0x00007ffee82681d0:   0000000000000000 0000000000000000
0x00007ffee82681e0:   6f63616d5f747761 534f63614d5f7873
0x00007ffee82681f0:   534f63614d5f7873 6e69575457414a58
0x00007ffee8268200:   80000000c41f8000 0000000000000000
0x00007ffee8268210:   00000000441f8000 0000000000000000
0x00007ffee8268220:   00000000446d8000 0000000000000000
0x00007ffee8268230:   00007ffee82682f0 00000001219af157
0x00007ffee8268240:   00007ffee8268290 0000000000000003
0x00007ffee8268250:   00007ffee8268270 000000010841a8e6
0x00007ffee8268260:   00000001631eb7b8 00000001631eb7b8
0x00007ffee8268270:   00007fc1c5a686c0 00000001219b16a0
0x00007ffee8268280:   00000001219b1710 00007fffa1c7eb88
0x00007ffee8268290:   00007fffa338bfc8 00000001219b1450
0x00007ffee82682a0:   00000001219b1690 00007fc1c5a686c0
0x00007ffee82682b0:   00007fc1c58e31a0 00007fc1c073d920
0x00007ffee82682c0:   00007fc1c5a686c0 00007fc1c58e31a0 

Instructions: (pc=0x00007fff6e74f2ce)
0x00007fff6e74f2ae:   57 41 56 41 55 41 54 53 50 49 89 fc 48 bb f8 ff
0x00007fff6e74f2be:   ff ff ff 7f 00 00 4d 8b 74 24 08 4d 85 f6 74 2e
0x00007fff6e74f2ce:   49 8b 46 20 48 89 c1 48 21 d9 48 8b 49 08 f6 01
0x00007fff6e74f2de:   01 75 0a 49 8b 06 48 21 d8 48 8b 40 20 48 21 d8 

Register to memory mapping:

RAX=0x00007fffa1cc2178: __block_literal_global.67+0x4b20 in /System/Library/Frameworks/CoreFoundation.framework/Versions/A/CoreFoundation at 0x00007fff479af000
RBX=0x00007ffffffffff8 is an unknown value
RCX=0x0000000000000000 is an unknown value
RDX=0x0000000000e51500 is an unknown value
RSP=0x00007ffee82680d0 is pointing into the stack for thread: 0x00007fc1c1099000
RBP=0x00007ffee8268100 is pointing into the stack for thread: 0x00007fc1c1099000
RSI=0x00e5160100e51683 is an unknown value
RDI=0x00007fffa1cc2178: __block_literal_global.67+0x4b20 in /System/Library/Frameworks/CoreFoundation.framework/Versions/A/CoreFoundation at 0x00007fff479af000
R8 =0x0000000000e51500 is an unknown value
R9 =0x00007fffa80dc2f0: runtimeLock+0x20 in /usr/lib/libobjc.A.dylib at 0x00007fff6e747000
R10=0x00e5160100e54600 is an unknown value
R11=0x00e5160100000000 is an unknown value
R12=0x00007fffa1cc2178: __block_literal_global.67+0x4b20 in /System/Library/Frameworks/CoreFoundation.framework/Versions/A/CoreFoundation at 0x00007fff479af000
R13=0x00007fffa1cc2178: __block_literal_global.67+0x4b20 in /System/Library/Frameworks/CoreFoundation.framework/Versions/A/CoreFoundation at 0x00007fff479af000
R14=0x00000000000007c8 is an unknown value
R15=0x00007fc1c58e31a0 is an unknown value


Stack: [0x00007ffee7a6d000,0x00007ffee826d000],  sp=0x00007ffee82680d0,  free space=8172k
Native frames: (J=compiled Java code, j=interpreted, Vv=VM code, C=native code)
C  [libobjc.A.dylib+0x82ce]  _class_initialize+0x25
C  [libobjc.A.dylib+0x7e8f]  lookUpImpOrForward+0xe4
C  [libobjc.A.dylib+0x7914]  _objc_msgSend_uncached+0x44
C  [libnativewindow_macosx.jnilib+0x5157]  Java_jogamp_nativewindow_jawt_macosx_MacOSXJAWTWindow_UnsetJAWTRootSurfaceLayer0+0xe7
j  jogamp.nativewindow.jawt.macosx.MacOSXJAWTWindow.UnsetJAWTRootSurfaceLayer0(JJ)V+0
j  jogamp.nativewindow.jawt.macosx.MacOSXJAWTWindow.access$200(JJ)V+2
j  jogamp.nativewindow.jawt.macosx.MacOSXJAWTWindow$1.run()V+38
J 1819 C1 com.jogamp.common.util.RunnableTask.run()V (345 bytes) @ 0x000000010a06ccd4 [0x000000010a06cb40+0x194]
v  ~StubRoutines::call_stub
V  [libjvm.dylib+0x2ecf06]
V  [libjvm.dylib+0x324111]
V  [libjvm.dylib+0x3168df]
C  [libnativewindow_macosx.jnilib+0x5326]  Java_jogamp_nativewindow_jawt_macosx_MacOSXJAWTWindow_UnsetJAWTRootSurfaceLayer0+0x2b6
C  [Foundation+0x681c5]  __NSThreadPerformPerform+0x14e
C  [CoreFoundation+0xa3721]  __CFRUNLOOP_IS_CALLING_OUT_TO_A_SOURCE0_PERFORM_FUNCTION__+0x11
C  [CoreFoundation+0x15d0ac]  __CFRunLoopDoSource0+0x6c
C  [CoreFoundation+0x86260]  __CFRunLoopDoSources0+0xd0
C  [CoreFoundation+0x856dd]  __CFRunLoopRun+0x50d
C  [CoreFoundation+0x84f43]  CFRunLoopRunSpecific+0x1e3
C  [HIToolbox+0x2fe26]  RunCurrentEventLoopInMode+0x11e
C  [HIToolbox+0x2fa9f]  ReceiveNextEventCommon+0x16e
C  [HIToolbox+0x2f914]  _BlockUntilNextEventMatchingListInModeWithFilter+0x40
C  [AppKit+0x41f5f]  _DPSNextEvent+0x825
C  [AppKit+0x7d7b4c]  -[NSApplication(NSEvent) _nextEventMatchingEventMask:untilDate:inMode:dequeue:]+0xbe4
C  [libosxapp.dylib+0x23aa]  -[NSApplicationAWT nextEventMatchingMask:untilDate:inMode:dequeue:]+0x7c
C  [AppKit+0x36d6d]  -[NSApplication run]+0x2fc
C  [libosxapp.dylib+0x214d]  +[NSApplicationAWT runAWTLoopWithApp:]+0x9c
C  [libawt_lwawt.dylib+0x444b3]  -[AWTStarter starter:]+0x389
C  [Foundation+0x681c5]  __NSThreadPerformPerform+0x14e
C  [CoreFoundation+0xa3721]  __CFRUNLOOP_IS_CALLING_OUT_TO_A_SOURCE0_PERFORM_FUNCTION__+0x11
C  [CoreFoundation+0x15d0ac]  __CFRunLoopDoSource0+0x6c
C  [CoreFoundation+0x86260]  __CFRunLoopDoSources0+0xd0
C  [CoreFoundation+0x856dd]  __CFRunLoopRun+0x50d
C  [CoreFoundation+0x84f43]  CFRunLoopRunSpecific+0x1e3
C  [java+0x6465]  CreateExecutionEnvironment+0x367
C  [java+0x218c]  JLI_Launch+0x7a0
C  [java+0x84c2]  main+0x65
C  [java+0x19e4]  start+0x34
C  0x0000000000000007

Java frames: (J=compiled Java code, j=interpreted, Vv=VM code)
j  jogamp.nativewindow.jawt.macosx.MacOSXJAWTWindow.UnsetJAWTRootSurfaceLayer0(JJ)V+0
j  jogamp.nativewindow.jawt.macosx.MacOSXJAWTWindow.access$200(JJ)V+2
j  jogamp.nativewindow.jawt.macosx.MacOSXJAWTWindow$1.run()V+38
J 1819 C1 com.jogamp.common.util.RunnableTask.run()V (345 bytes) @ 0x000000010a06ccd4 [0x000000010a06cb40+0x194]
v  ~StubRoutines::call_stub

---------------  P R O C E S S  ---------------

Java Threads: ( => current thread )
  0x00007fc1c15a8000 JavaThread "Thread-19" [_thread_blocked, id=72747, stack(0x000070000930d000,0x000070000940d000)]
  0x00007fc1c13ec000 JavaThread "Keep-Alive-Timer" daemon [_thread_blocked, id=58967, stack(0x0000700009719000,0x0000700009819000)]
  0x00007fc1c11a2800 JavaThread "AWT-EventQueue-1" [_thread_in_native, id=56095, stack(0x0000700009187000,0x0000700009287000)]
  0x00007fc1c225a800 JavaThread "DestroyJavaVM" [_thread_blocked, id=3075, stack(0x00007000079b6000,0x0000700007ab6000)]
  0x00007fc1c199d000 JavaThread "AWT-EventQueue-0" [_thread_blocked, id=78595, stack(0x0000700008f81000,0x0000700009081000)]
  0x00007fc1c21d5000 JavaThread "Java2D Disposer" daemon [_thread_blocked, id=49935, stack(0x0000700008cf8000,0x0000700008df8000)]
  0x00007fc1c193d800 JavaThread "Java2D Queue Flusher" daemon [_thread_blocked, id=80907, stack(0x0000700008bf5000,0x0000700008cf5000)]
  0x00007fc1c0928000 JavaThread "AWT-Shutdown" [_thread_blocked, id=38443, stack(0x0000700008969000,0x0000700008a69000)]
=>0x00007fc1c1099000 JavaThread "AWT-AppKit" daemon [_thread_in_native, id=775, stack(0x00007ffee7a6d000,0x00007ffee826d000)]
  0x00007fc1c1858000 JavaThread "Service Thread" daemon [_thread_blocked, id=17155, stack(0x0000700008763000,0x0000700008863000)]
  0x00007fc1c1800800 JavaThread "C1 CompilerThread2" daemon [_thread_blocked, id=17667, stack(0x0000700008660000,0x0000700008760000)]
  0x00007fc1c0854800 JavaThread "C2 CompilerThread1" daemon [_thread_blocked, id=17923, stack(0x000070000855d000,0x000070000865d000)]
  0x00007fc1c2006000 JavaThread "C2 CompilerThread0" daemon [_thread_blocked, id=18435, stack(0x000070000845a000,0x000070000855a000)]
  0x00007fc1c2002000 JavaThread "Signal Dispatcher" daemon [_thread_blocked, id=18699, stack(0x0000700008357000,0x0000700008457000)]
  0x00007fc1c1006000 JavaThread "Finalizer" daemon [_thread_blocked, id=20995, stack(0x00007000081d1000,0x00007000082d1000)]
  0x00007fc1c1003800 JavaThread "Reference Handler" daemon [_thread_blocked, id=11523, stack(0x00007000080ce000,0x00007000081ce000)]

Other Threads:
  0x00007fc1c083d000 VMThread [stack: 0x0000700007fcb000,0x00007000080cb000] [id=21507]
  0x00007fc1c2003000 WatcherThread [stack: 0x0000700008866000,0x0000700008966000] [id=16899]

VM state:not at safepoint (normal execution)

VM Mutex/Monitor currently owned by a thread: None

Heap:
 PSYoungGen      total 38400K, used 30547K [0x0000000795580000, 0x0000000798000000, 0x00000007c0000000)
  eden space 33280K, 76% used [0x0000000795580000,0x0000000796e5cc40,0x0000000797600000)
  from space 5120K, 99% used [0x0000000797b00000,0x0000000797ff8120,0x0000000798000000)
  to   space 5120K, 0% used [0x0000000797600000,0x0000000797600000,0x0000000797b00000)
 ParOldGen       total 87552K, used 9084K [0x0000000740000000, 0x0000000745580000, 0x0000000795580000)
  object space 87552K, 10% used [0x0000000740000000,0x00000007408df3d8,0x0000000745580000)
 Metaspace       used 19148K, capacity 19403K, committed 19712K, reserved 1067008K
  class space    used 1887K, capacity 1982K, committed 2048K, reserved 1048576K

Card table byte_map: [0x0000000118a00000,0x0000000118e01000] byte_map_base: 0x0000000115000000

Marking Bits: (ParMarkBitMap*) 0x0000000108b15d20
 Begin Bits: [0x0000000118e01000, 0x000000011ae01000)
 End Bits:   [0x000000011ae01000, 0x000000011ce01000)

Polling page: 0x0000000107a0f000

CodeCache: size=245760Kb used=7454Kb max_used=7465Kb free=238305Kb
 bounds [0x0000000109a00000, 0x000000010a150000, 0x0000000118a00000]
 total_blobs=2942 nmethods=2066 adapters=789
 compilation: enabled

Compilation events (10 events):
Event: 9.620 Thread 0x00007fc1c1800800 nmethod 2064 0x000000010a14ad50 code [0x000000010a14b040, 0x000000010a14c768]
Event: 9.620 Thread 0x00007fc1c1800800 2062   !   3       sun.lwawt.LWComponentPeer::isShowing (49 bytes)
Event: 9.621 Thread 0x00007fc1c1800800 nmethod 2062 0x000000010a147dd0 code [0x000000010a147f80, 0x000000010a148888]
Event: 9.622 Thread 0x00007fc1c2006000 nmethod 2063 0x000000010a149f50 code [0x000000010a14a0c0, 0x000000010a14a838]
Event: 9.627 Thread 0x00007fc1c1800800 2065       3       java.util.IdentityHashMap::hash (18 bytes)
Event: 9.628 Thread 0x00007fc1c1800800 nmethod 2065 0x000000010a149bd0 code [0x000000010a149d40, 0x000000010a149ec8]
Event: 9.628 Thread 0x00007fc1c1800800 2066       1       sun.java2d.SurfaceData::isValid (5 bytes)
Event: 9.628 Thread 0x00007fc1c1800800 nmethod 2066 0x000000010a0fc810 code [0x000000010a0fc960, 0x000000010a0fca70]
Event: 9.628 Thread 0x00007fc1c1800800 2067       3       sun.java2d.pipe.RenderBuffer::putFloat (26 bytes)
Event: 9.628 Thread 0x00007fc1c1800800 nmethod 2067 0x000000010a149810 code [0x000000010a149980, 0x000000010a149b10]

GC Heap History (4 events):
Event: 2.177 GC heap before
{Heap before GC invocations=1 (full 0):
 PSYoungGen      total 38400K, used 33280K [0x0000000795580000, 0x0000000798000000, 0x00000007c0000000)
  eden space 33280K, 100% used [0x0000000795580000,0x0000000797600000,0x0000000797600000)
  from space 5120K, 0% used [0x0000000797b00000,0x0000000797b00000,0x0000000798000000)
  to   space 5120K, 0% used [0x0000000797600000,0x0000000797600000,0x0000000797b00000)
 ParOldGen       total 87552K, used 0K [0x0000000740000000, 0x0000000745580000, 0x0000000795580000)
  object space 87552K, 0% used [0x0000000740000000,0x0000000740000000,0x0000000745580000)
 Metaspace       used 15923K, capacity 16059K, committed 16256K, reserved 1064960K
  class space    used 1615K, capacity 1660K, committed 1664K, reserved 1048576K
Event: 2.181 GC heap after
Heap after GC invocations=1 (full 0):
 PSYoungGen      total 38400K, used 4990K [0x0000000795580000, 0x0000000798000000, 0x00000007c0000000)
  eden space 33280K, 0% used [0x0000000795580000,0x0000000795580000,0x0000000797600000)
  from space 5120K, 97% used [0x0000000797600000,0x0000000797adf890,0x0000000797b00000)
  to   space 5120K, 0% used [0x0000000797b00000,0x0000000797b00000,0x0000000798000000)
 ParOldGen       total 87552K, used 16K [0x0000000740000000, 0x0000000745580000, 0x0000000795580000)
  object space 87552K, 0% used [0x0000000740000000,0x0000000740004000,0x0000000745580000)
 Metaspace       used 15923K, capacity 16059K, committed 16256K, reserved 1064960K
  class space    used 1615K, capacity 1660K, committed 1664K, reserved 1048576K
}
Event: 3.134 GC heap before
{Heap before GC invocations=2 (full 0):
 PSYoungGen      total 38400K, used 38167K [0x0000000795580000, 0x0000000798000000, 0x00000007c0000000)
  eden space 33280K, 99% used [0x0000000795580000,0x00000007975e6380,0x0000000797600000)
  from space 5120K, 97% used [0x0000000797600000,0x0000000797adf890,0x0000000797b00000)
  to   space 5120K, 0% used [0x0000000797b00000,0x0000000797b00000,0x0000000798000000)
 ParOldGen       total 87552K, used 16K [0x0000000740000000, 0x0000000745580000, 0x0000000795580000)
  object space 87552K, 0% used [0x0000000740000000,0x0000000740004000,0x0000000745580000)
 Metaspace       used 18437K, capacity 18657K, committed 18944K, reserved 1067008K
  class space    used 1875K, capacity 1949K, committed 2048K, reserved 1048576K
Event: 3.144 GC heap after
Heap after GC invocations=2 (full 0):
 PSYoungGen      total 38400K, used 5088K [0x0000000795580000, 0x0000000798000000, 0x00000007c0000000)
  eden space 33280K, 0% used [0x0000000795580000,0x0000000795580000,0x0000000797600000)
  from space 5120K, 99% used [0x0000000797b00000,0x0000000797ff8120,0x0000000798000000)
  to   space 5120K, 0% used [0x0000000797600000,0x0000000797600000,0x0000000797b00000)
 ParOldGen       total 87552K, used 9084K [0x0000000740000000, 0x0000000745580000, 0x0000000795580000)
  object space 87552K, 10% used [0x0000000740000000,0x00000007408df3d8,0x0000000745580000)
 Metaspace       used 18437K, capacity 18657K, committed 18944K, reserved 1067008K
  class space    used 1875K, capacity 1949K, committed 2048K, reserved 1048576K
}

Deoptimization events (9 events):
Event: 1.649 Thread 0x00007fc1c1802000 Uncommon trap: reason=unstable_if action=reinterpret pc=0x0000000109bc3568 method=java.lang.String.toLowerCase(Ljava/util/Locale;)Ljava/lang/String; @ 85
Event: 1.826 Thread 0x00007fc1c2255000 Uncommon trap: reason=unstable_if action=reinterpret pc=0x0000000109c56414 method=java.lang.String.indexOf([CII[CIII)I @ 3
Event: 1.826 Thread 0x00007fc1c2255000 Uncommon trap: reason=unstable_if action=reinterpret pc=0x0000000109c37514 method=java.lang.String.indexOf([CII[CIII)I @ 3
Event: 1.826 Thread 0x00007fc1c2255000 Uncommon trap: reason=unstable_if action=reinterpret pc=0x0000000109bb3d18 method=java.lang.String.indexOf([CII[CIII)I @ 3
Event: 2.707 Thread 0x00007fc1c11a2800 Uncommon trap: reason=unstable_if action=reinterpret pc=0x0000000109b9e6a0 method=java.lang.AbstractStringBuilder.append(Ljava/lang/String;)Ljava/lang/AbstractStringBuilder; @ 1
Event: 2.818 Thread 0x00007fc1c11a2800 Uncommon trap: reason=unstable_if action=reinterpret pc=0x0000000109da883c method=com.jogamp.common.util.IntIntHashMap.get(I)I @ 28
Event: 3.037 Thread 0x00007fc1c13ee800 Uncommon trap: reason=unstable_if action=reinterpret pc=0x0000000109e57b28 method=sun.awt.image.PNGImageDecoder.produceImage()V @ 867
Event: 9.584 Thread 0x00007fc1c11a2800 Uncommon trap: reason=unstable_if action=reinterpret pc=0x0000000109e96c28 method=com.jogamp.common.util.VersionNumber.compareTo(Lcom/jogamp/common/util/VersionNumber;)I @ 21
Event: 9.627 Thread 0x00007fc1c11a2800 Uncommon trap: reason=unstable_if action=reinterpret pc=0x000000010a108394 method=java.security.AccessControlContext.optimize()Ljava/security/AccessControlContext; @ 233

Internal exceptions (10 events):
Event: 0.110 Thread 0x00007fc1c1802000 Exception <a 'java/lang/NoSuchFieldError': method resolution failed> (0x0000000795786338) thrown at [/HUDSON3/workspace/8-2-build-macosx-x86_64/jdk8u101/7261/hotspot/src/share/vm/prims/methodHandles.cpp, line 1146]
Event: 0.111 Thread 0x00007fc1c1802000 Exception <a 'java/lang/NoSuchFieldError': method resolution failed> (0x0000000795793b08) thrown at [/HUDSON3/workspace/8-2-build-macosx-x86_64/jdk8u101/7261/hotspot/src/share/vm/prims/methodHandles.cpp, line 1146]
Event: 0.239 Thread 0x00007fc1c1802000 Exception <a 'java/io/FileNotFoundException'> (0x000000079580f280) thrown at [/HUDSON3/workspace/8-2-build-macosx-x86_64/jdk8u101/7261/hotspot/src/share/vm/prims/jni.cpp, line 709]
Event: 0.239 Thread 0x00007fc1c1802000 Exception <a 'java/io/FileNotFoundException'> (0x000000079580fe20) thrown at [/HUDSON3/workspace/8-2-build-macosx-x86_64/jdk8u101/7261/hotspot/src/share/vm/prims/jni.cpp, line 709]
Event: 0.312 Thread 0x00007fc1c1802000 Exception <a 'java/io/FileNotFoundException'> (0x000000079594bdc0) thrown at [/HUDSON3/workspace/8-2-build-macosx-x86_64/jdk8u101/7261/hotspot/src/share/vm/prims/jni.cpp, line 709]
Event: 1.844 Thread 0x00007fc1c2255000 Exception <a 'java/lang/UnsatisfiedLinkError': com.jogamp.common.util.JarUtil.fixNativeLibAttribs(Ljava/lang/String;)Z> (0x0000000796b2f9c0) thrown at [/HUDSON3/workspace/8-2-build-macosx-x86_64/jdk8u101/7261/hotspot/src/share/vm/prims/nativeLookup.cpp, l
Event: 2.183 Thread 0x00007fc1c1006000 Exception <a 'java/lang/NullPointerException'> (0x00000007956a9450) thrown at [/HUDSON3/workspace/8-2-build-macosx-x86_64/jdk8u101/7261/hotspot/src/share/vm/interpreter/linkResolver.cpp, line 1178]
Event: 2.706 Thread 0x00007fc1c11a2800 Exception <a 'java/io/FileNotFoundException'> (0x0000000795e68ee8) thrown at [/HUDSON3/workspace/8-2-build-macosx-x86_64/jdk8u101/7261/hotspot/src/share/vm/prims/jni.cpp, line 709]
Event: 2.707 Thread 0x00007fc1c11a2800 Exception <a 'java/io/FileNotFoundException'> (0x0000000795e6f3b0) thrown at [/HUDSON3/workspace/8-2-build-macosx-x86_64/jdk8u101/7261/hotspot/src/share/vm/prims/jni.cpp, line 709]
Event: 2.707 Thread 0x00007fc1c11a2800 Implicit null exception at 0x0000000109b9e2f3 to 0x0000000109b9e68d

Events (10 events):
Event: 9.627 Thread 0x00007fc1c11a2800 DEOPT UNPACKING pc=0x0000000109a05229 sp=0x0000700009284880 mode 2
Event: 9.627 loading class java/awt/LightweightDispatcher$2
Event: 9.627 loading class java/awt/LightweightDispatcher$2 done
Event: 9.627 loading class java/awt/event/AWTEventListenerProxy
Event: 9.627 loading class java/awt/event/AWTEventListenerProxy done
Event: 9.627 loading class java/awt/Toolkit$ToolkitEventMulticaster
Event: 9.627 loading class java/awt/Toolkit$ToolkitEventMulticaster done
Event: 9.628 Thread 0x00007fc1c195e000 Thread exited: 0x00007fc1c195e000
Event: 9.628 loading class java/awt/Window$1DisposeAction
Event: 9.628 loading class java/awt/Window$1DisposeAction done


Dynamic libraries:
0x0000000020007000 	/System/Library/Frameworks/Cocoa.framework/Versions/A/Cocoa
0x0000000020007000 	/System/Library/Frameworks/Security.framework/Versions/A/Security
0x0000000020007000 	/System/Library/Frameworks/ApplicationServices.framework/Versions/A/ApplicationServices
0x0000000020007000 	/usr/lib/libz.1.dylib
0x0000000020007000 	/usr/lib/libSystem.B.dylib
0x0000000020007000 	/usr/lib/libobjc.A.dylib
0x0000000020007000 	/System/Library/Frameworks/CoreFoundation.framework/Versions/A/CoreFoundation
0x0000000020007000 	/System/Library/Frameworks/Foundation.framework/Versions/C/Foundation
0x0000000020007000 	/System/Library/Frameworks/AppKit.framework/Versions/C/AppKit
0x0000000020007000 	/System/Library/Frameworks/CoreData.framework/Versions/A/CoreData
0x0000000020007000 	/System/Library/PrivateFrameworks/RemoteViewServices.framework/Versions/A/RemoteViewServices
0x0000000020007000 	/System/Library/PrivateFrameworks/UIFoundation.framework/Versions/A/UIFoundation
0x0000000020007000 	/System/Library/PrivateFrameworks/DFRFoundation.framework/Versions/A/DFRFoundation
0x0000000020007000 	/System/Library/Frameworks/Metal.framework/Versions/A/Metal
0x0000000020007000 	/System/Library/PrivateFrameworks/DesktopServicesPriv.framework/Versions/A/DesktopServicesPriv
0x0000000020007000 	/usr/lib/libenergytrace.dylib
0x0000000020007000 	/System/Library/PrivateFrameworks/SkyLight.framework/Versions/A/SkyLight
0x0000000020007000 	/System/Library/Frameworks/CoreGraphics.framework/Versions/A/CoreGraphics
0x0000000020007000 	/usr/lib/libScreenReader.dylib
0x0000000020007000 	/System/Library/Frameworks/Accelerate.framework/Versions/A/Accelerate
0x0000000020007000 	/System/Library/Frameworks/IOSurface.framework/Versions/A/IOSurface
0x0000000020007000 	/System/Library/Frameworks/AudioToolbox.framework/Versions/A/AudioToolbox
0x0000000020007000 	/System/Library/Frameworks/AudioUnit.framework/Versions/A/AudioUnit
0x0000000020007000 	/System/Library/PrivateFrameworks/DataDetectorsCore.framework/Versions/A/DataDetectorsCore
0x0000000020007000 	/System/Library/Frameworks/Carbon.framework/Versions/A/Frameworks/HIToolbox.framework/Versions/A/HIToolbox
0x0000000020007000 	/usr/lib/libicucore.A.dylib
0x0000000020007000 	/System/Library/Frameworks/QuartzCore.framework/Versions/A/QuartzCore
0x0000000020007000 	/System/Library/Frameworks/Carbon.framework/Versions/A/Frameworks/SpeechRecognition.framework/Versions/A/SpeechRecognition
0x0000000020007000 	/usr/lib/libauto.dylib
0x0000000020007000 	/usr/lib/libxml2.2.dylib
0x0000000020007000 	/System/Library/PrivateFrameworks/CoreUI.framework/Versions/A/CoreUI
0x0000000020007000 	/System/Library/Frameworks/CoreAudio.framework/Versions/A/CoreAudio
0x0000000020007000 	/System/Library/Frameworks/DiskArbitration.framework/Versions/A/DiskArbitration
0x0000000020007000 	/usr/lib/liblangid.dylib
0x0000000020007000 	/System/Library/PrivateFrameworks/MultitouchSupport.framework/Versions/A/MultitouchSupport
0x0000000020007000 	/System/Library/Frameworks/IOKit.framework/Versions/A/IOKit
0x0000000020007000 	/usr/lib/libDiagnosticMessagesClient.dylib
0x0000000020007000 	/System/Library/Frameworks/CoreServices.framework/Versions/A/CoreServices
0x0000000020007000 	/System/Library/PrivateFrameworks/PerformanceAnalysis.framework/Versions/A/PerformanceAnalysis
0x0000000020007000 	/System/Library/Frameworks/OpenGL.framework/Versions/A/OpenGL
0x0000000020007000 	/System/Library/Frameworks/ColorSync.framework/Versions/A/ColorSync
0x0000000020007000 	/System/Library/Frameworks/CoreImage.framework/Versions/A/CoreImage
0x0000000020007000 	/System/Library/Frameworks/CoreText.framework/Versions/A/CoreText
0x0000000020007000 	/System/Library/Frameworks/ImageIO.framework/Versions/A/ImageIO
0x0000000020007000 	/System/Library/PrivateFrameworks/Backup.framework/Versions/A/Backup
0x0000000020007000 	/usr/lib/libarchive.2.dylib
0x0000000020007000 	/System/Library/Frameworks/CFNetwork.framework/Versions/A/CFNetwork
0x0000000020007000 	/System/Library/Frameworks/SystemConfiguration.framework/Versions/A/SystemConfiguration
0x0000000020007000 	/usr/lib/libCRFSuite.dylib
0x0000000020007000 	/usr/lib/libc++.1.dylib
0x0000000020007000 	/usr/lib/libc++abi.dylib
0x0000000020007000 	/usr/lib/system/libcache.dylib
0x0000000020007000 	/usr/lib/system/libcommonCrypto.dylib
0x0000000020007000 	/usr/lib/system/libcompiler_rt.dylib
0x0000000020007000 	/usr/lib/system/libcopyfile.dylib
0x0000000020007000 	/usr/lib/system/libcorecrypto.dylib
0x0000000020007000 	/usr/lib/system/libdispatch.dylib
0x0000000020007000 	/usr/lib/system/libdyld.dylib
0x0000000020007000 	/usr/lib/system/libkeymgr.dylib
0x0000000020007000 	/usr/lib/system/liblaunch.dylib
0x0000000020007000 	/usr/lib/system/libmacho.dylib
0x0000000020007000 	/usr/lib/system/libquarantine.dylib
0x0000000020007000 	/usr/lib/system/libremovefile.dylib
0x0000000020007000 	/usr/lib/system/libsystem_asl.dylib
0x0000000020007000 	/usr/lib/system/libsystem_blocks.dylib
0x0000000020007000 	/usr/lib/system/libsystem_c.dylib
0x0000000020007000 	/usr/lib/system/libsystem_configuration.dylib
0x0000000020007000 	/usr/lib/system/libsystem_coreservices.dylib
0x0000000020007000 	/usr/lib/system/libsystem_darwin.dylib
0x0000000020007000 	/usr/lib/system/libsystem_dnssd.dylib
0x0000000020007000 	/usr/lib/system/libsystem_info.dylib
0x0000000020007000 	/usr/lib/system/libsystem_m.dylib
0x0000000020007000 	/usr/lib/system/libsystem_malloc.dylib
0x0000000020007000 	/usr/lib/system/libsystem_network.dylib
0x0000000020007000 	/usr/lib/system/libsystem_networkextension.dylib
0x0000000020007000 	/usr/lib/system/libsystem_notify.dylib
0x0000000020007000 	/usr/lib/system/libsystem_sandbox.dylib
0x0000000020007000 	/usr/lib/system/libsystem_secinit.dylib
0x0000000020007000 	/usr/lib/system/libsystem_kernel.dylib
0x0000000020007000 	/usr/lib/system/libsystem_platform.dylib
0x0000000020007000 	/usr/lib/system/libsystem_pthread.dylib
0x0000000020007000 	/usr/lib/system/libsystem_symptoms.dylib
0x0000000020007000 	/usr/lib/system/libsystem_trace.dylib
0x0000000020007000 	/usr/lib/system/libunwind.dylib
0x0000000020007000 	/usr/lib/system/libxpc.dylib
0x0000000020007000 	/usr/lib/closure/libclosured.dylib
0x0000000020007000 	/usr/lib/libbsm.0.dylib
0x0000000020007000 	/usr/lib/system/libkxld.dylib
0x0000000020007000 	/usr/lib/libOpenScriptingUtil.dylib
0x0000000020007000 	/usr/lib/libcoretls.dylib
0x0000000020007000 	/usr/lib/libcoretls_cfhelpers.dylib
0x0000000020007000 	/usr/lib/libpam.2.dylib
0x0000000020007000 	/usr/lib/libsqlite3.dylib
0x0000000020007000 	/usr/lib/libxar.1.dylib
0x0000000020007000 	/usr/lib/libbz2.1.0.dylib
0x0000000020007000 	/usr/lib/liblzma.5.dylib
0x0000000020007000 	/usr/lib/libnetwork.dylib
0x0000000020007000 	/usr/lib/libapple_nghttp2.dylib
0x0000000020007000 	/usr/lib/libpcap.A.dylib
0x0000000020007000 	/usr/lib/libboringssl.dylib
0x0000000020007000 	/usr/lib/libusrtcp.dylib
0x0000000020007000 	/usr/lib/libapple_crypto.dylib
0x0000000020007000 	/System/Library/Frameworks/CoreServices.framework/Versions/A/Frameworks/FSEvents.framework/Versions/A/FSEvents
0x0000000020007000 	/System/Library/Frameworks/CoreServices.framework/Versions/A/Frameworks/CarbonCore.framework/Versions/A/CarbonCore
0x0000000020007000 	/System/Library/Frameworks/CoreServices.framework/Versions/A/Frameworks/Metadata.framework/Versions/A/Metadata
0x0000000020007000 	/System/Library/Frameworks/CoreServices.framework/Versions/A/Frameworks/OSServices.framework/Versions/A/OSServices
0x0000000020007000 	/System/Library/Frameworks/CoreServices.framework/Versions/A/Frameworks/SearchKit.framework/Versions/A/SearchKit
0x0000000020007000 	/System/Library/Frameworks/CoreServices.framework/Versions/A/Frameworks/AE.framework/Versions/A/AE
0x0000000020007000 	/System/Library/Frameworks/CoreServices.framework/Versions/A/Frameworks/LaunchServices.framework/Versions/A/LaunchServices
0x0000000020007000 	/System/Library/Frameworks/CoreServices.framework/Versions/A/Frameworks/DictionaryServices.framework/Versions/A/DictionaryServices
0x0000000020007000 	/System/Library/Frameworks/CoreServices.framework/Versions/A/Frameworks/SharedFileList.framework/Versions/A/SharedFileList
0x0000000020007000 	/System/Library/Frameworks/NetFS.framework/Versions/A/NetFS
0x0000000020007000 	/System/Library/PrivateFrameworks/NetAuth.framework/Versions/A/NetAuth
0x0000000020007000 	/System/Library/PrivateFrameworks/login.framework/Versions/A/Frameworks/loginsupport.framework/Versions/A/loginsupport
0x0000000020007000 	/System/Library/PrivateFrameworks/TCC.framework/Versions/A/TCC
0x0000000020007000 	/usr/lib/libmecabra.dylib
0x0000000020007000 	/System/Library/Frameworks/ApplicationServices.framework/Versions/A/Frameworks/ATS.framework/Versions/A/ATS
0x0000000020007000 	/System/Library/Frameworks/ApplicationServices.framework/Versions/A/Frameworks/ColorSyncLegacy.framework/Versions/A/ColorSyncLegacy
0x0000000020007000 	/System/Library/Frameworks/ApplicationServices.framework/Versions/A/Frameworks/HIServices.framework/Versions/A/HIServices
0x0000000020007000 	/System/Library/Frameworks/ApplicationServices.framework/Versions/A/Frameworks/LangAnalysis.framework/Versions/A/LangAnalysis
0x0000000020007000 	/System/Library/Frameworks/ApplicationServices.framework/Versions/A/Frameworks/PrintCore.framework/Versions/A/PrintCore
0x0000000020007000 	/System/Library/Frameworks/ApplicationServices.framework/Versions/A/Frameworks/QD.framework/Versions/A/QD
0x0000000020007000 	/System/Library/Frameworks/ApplicationServices.framework/Versions/A/Frameworks/SpeechSynthesis.framework/Versions/A/SpeechSynthesis
0x0000000020007000 	/System/Library/Frameworks/CoreDisplay.framework/Versions/A/CoreDisplay
0x0000000020007000 	/System/Library/Frameworks/Accelerate.framework/Versions/A/Frameworks/vImage.framework/Versions/A/vImage
0x0000000020007000 	/System/Library/Frameworks/Accelerate.framework/Versions/A/Frameworks/vecLib.framework/Versions/A/vecLib
0x0000000020007000 	/System/Library/Frameworks/Accelerate.framework/Versions/A/Frameworks/vecLib.framework/Versions/A/libvDSP.dylib
0x0000000020007000 	/System/Library/Frameworks/Accelerate.framework/Versions/A/Frameworks/vecLib.framework/Versions/A/libBNNS.dylib
0x0000000020007000 	/System/Library/Frameworks/Accelerate.framework/Versions/A/Frameworks/vecLib.framework/Versions/A/libQuadrature.dylib
0x0000000020007000 	/System/Library/Frameworks/Accelerate.framework/Versions/A/Frameworks/vecLib.framework/Versions/A/libvMisc.dylib
0x0000000020007000 	/System/Library/Frameworks/Accelerate.framework/Versions/A/Frameworks/vecLib.framework/Versions/A/libLAPACK.dylib
0x0000000020007000 	/System/Library/Frameworks/Accelerate.framework/Versions/A/Frameworks/vecLib.framework/Versions/A/libBLAS.dylib
0x0000000020007000 	/System/Library/Frameworks/Accelerate.framework/Versions/A/Frameworks/vecLib.framework/Versions/A/libLinearAlgebra.dylib
0x0000000020007000 	/System/Library/Frameworks/Accelerate.framework/Versions/A/Frameworks/vecLib.framework/Versions/A/libSparse.dylib
0x0000000020007000 	/System/Library/Frameworks/Accelerate.framework/Versions/A/Frameworks/vecLib.framework/Versions/A/libSparseBLAS.dylib
0x0000000020007000 	/System/Library/PrivateFrameworks/IOAccelerator.framework/Versions/A/IOAccelerator
0x0000000020007000 	/System/Library/PrivateFrameworks/IOPresentment.framework/Versions/A/IOPresentment
0x0000000020007000 	/System/Library/PrivateFrameworks/DSExternalDisplay.framework/Versions/A/DSExternalDisplay
0x0000000020007000 	/System/Library/Frameworks/OpenGL.framework/Versions/A/Libraries/libCoreFSCache.dylib
0x0000000020007000 	/System/Library/Frameworks/CoreVideo.framework/Versions/A/CoreVideo
0x0000000020007000 	/System/Library/PrivateFrameworks/GraphVisualizer.framework/Versions/A/GraphVisualizer
0x0000000020007000 	/System/Library/Frameworks/MetalPerformanceShaders.framework/Versions/A/MetalPerformanceShaders
0x0000000020007000 	/usr/lib/libFosl_dynamic.dylib
0x0000000020007000 	/System/Library/PrivateFrameworks/FaceCore.framework/Versions/A/FaceCore
0x0000000020007000 	/System/Library/Frameworks/OpenCL.framework/Versions/A/OpenCL
0x0000000020007000 	/usr/lib/libcompression.dylib
0x0000000020007000 	/System/Library/Frameworks/ApplicationServices.framework/Versions/A/Frameworks/ATS.framework/Versions/A/Resources/libFontParser.dylib
0x0000000020007000 	/System/Library/Frameworks/ApplicationServices.framework/Versions/A/Frameworks/ATS.framework/Versions/A/Resources/libFontRegistry.dylib
0x0000000020007000 	/System/Library/Frameworks/ImageIO.framework/Versions/A/Resources/libJPEG.dylib
0x0000000020007000 	/System/Library/Frameworks/ImageIO.framework/Versions/A/Resources/libTIFF.dylib
0x0000000020007000 	/System/Library/Frameworks/ImageIO.framework/Versions/A/Resources/libPng.dylib
0x0000000020007000 	/System/Library/Frameworks/ImageIO.framework/Versions/A/Resources/libGIF.dylib
0x0000000020007000 	/System/Library/Frameworks/ImageIO.framework/Versions/A/Resources/libJP2.dylib
0x0000000020007000 	/System/Library/Frameworks/ImageIO.framework/Versions/A/Resources/libRadiance.dylib
0x0000000020007000 	/System/Library/PrivateFrameworks/AppleJPEG.framework/Versions/A/AppleJPEG
0x0000000020007000 	/System/Library/PrivateFrameworks/MetalTools.framework/Versions/A/MetalTools
0x0000000020007000 	/System/Library/Frameworks/MetalPerformanceShaders.framework/Frameworks/MPSCore.framework/Versions/A/MPSCore
0x0000000020007000 	/System/Library/Frameworks/MetalPerformanceShaders.framework/Frameworks/MPSImage.framework/Versions/A/MPSImage
0x0000000020007000 	/System/Library/Frameworks/MetalPerformanceShaders.framework/Frameworks/MPSMatrix.framework/Versions/A/MPSMatrix
0x0000000020007000 	/System/Library/Frameworks/MetalPerformanceShaders.framework/Frameworks/MPSNeuralNetwork.framework/Versions/A/MPSNeuralNetwork
0x0000000020007000 	/System/Library/Frameworks/OpenGL.framework/Versions/A/Libraries/libGLU.dylib
0x0000000020007000 	/System/Library/Frameworks/OpenGL.framework/Versions/A/Libraries/libGFXShared.dylib
0x0000000020007000 	/System/Library/Frameworks/OpenGL.framework/Versions/A/Libraries/libGL.dylib
0x0000000020007000 	/System/Library/Frameworks/OpenGL.framework/Versions/A/Libraries/libGLImage.dylib
0x0000000020007000 	/System/Library/Frameworks/OpenGL.framework/Versions/A/Libraries/libCVMSPluginSupport.dylib
0x0000000020007000 	/System/Library/Frameworks/OpenGL.framework/Versions/A/Libraries/libCoreVMClient.dylib
0x0000000020007000 	/usr/lib/libcups.2.dylib
0x0000000020007000 	/System/Library/Frameworks/Kerberos.framework/Versions/A/Kerberos
0x0000000020007000 	/System/Library/Frameworks/GSS.framework/Versions/A/GSS
0x0000000020007000 	/usr/lib/libresolv.9.dylib
0x0000000020007000 	/usr/lib/libiconv.2.dylib
0x0000000020007000 	/System/Library/PrivateFrameworks/Heimdal.framework/Versions/A/Heimdal
0x0000000020007000 	/usr/lib/libheimdal-asn1.dylib
0x0000000020007000 	/System/Library/Frameworks/OpenDirectory.framework/Versions/A/OpenDirectory
0x0000000020007000 	/System/Library/PrivateFrameworks/CommonAuth.framework/Versions/A/CommonAuth
0x0000000020007000 	/System/Library/Frameworks/OpenDirectory.framework/Versions/A/Frameworks/CFOpenDirectory.framework/Versions/A/CFOpenDirectory
0x0000000020007000 	/System/Library/Frameworks/SecurityFoundation.framework/Versions/A/SecurityFoundation
0x0000000020007000 	/System/Library/PrivateFrameworks/APFS.framework/Versions/A/APFS
0x0000000020007000 	/usr/lib/libutil.dylib
0x0000000020007000 	/System/Library/PrivateFrameworks/AppleSauce.framework/Versions/A/AppleSauce
0x0000000020007000 	/System/Library/PrivateFrameworks/LinguisticData.framework/Versions/A/LinguisticData
0x0000000020007000 	/usr/lib/libmarisa.dylib
0x0000000020007000 	/System/Library/PrivateFrameworks/Lexicon.framework/Versions/A/Lexicon
0x0000000020007000 	/usr/lib/libChineseTokenizer.dylib
0x0000000020007000 	/usr/lib/libcmph.dylib
0x0000000020007000 	/System/Library/PrivateFrameworks/LanguageModeling.framework/Versions/A/LanguageModeling
0x0000000020007000 	/System/Library/PrivateFrameworks/CoreEmoji.framework/Versions/A/CoreEmoji
0x0000000020007000 	/System/Library/Frameworks/ServiceManagement.framework/Versions/A/ServiceManagement
0x0000000020007000 	/System/Library/PrivateFrameworks/BackgroundTaskManagement.framework/Versions/A/BackgroundTaskManagement
0x0000000020007000 	/usr/lib/libxslt.1.dylib
0x0000000020007000 	/System/Library/Frameworks/Carbon.framework/Versions/A/Frameworks/Ink.framework/Versions/A/Ink
0x0000000020007000 	/System/Library/PrivateFrameworks/TextureIO.framework/Versions/A/TextureIO
0x0000000020007000 	/usr/lib/libate.dylib
0x0000000020007000 	/System/Library/PrivateFrameworks/CrashReporterSupport.framework/Versions/A/CrashReporterSupport
0x0000000020007000 	/System/Library/PrivateFrameworks/Sharing.framework/Versions/A/Sharing
0x0000000020007000 	/System/Library/PrivateFrameworks/IconServices.framework/Versions/A/IconServices
0x0000000020007000 	/System/Library/PrivateFrameworks/ProtocolBuffer.framework/Versions/A/ProtocolBuffer
0x0000000020007000 	/System/Library/PrivateFrameworks/Apple80211.framework/Versions/A/Apple80211
0x0000000020007000 	/System/Library/Frameworks/CoreWLAN.framework/Versions/A/CoreWLAN
0x0000000020007000 	/System/Library/PrivateFrameworks/CoreUtils.framework/Versions/A/CoreUtils
0x0000000020007000 	/System/Library/Frameworks/IOBluetooth.framework/Versions/A/IOBluetooth
0x0000000020007000 	/System/Library/PrivateFrameworks/CoreWiFi.framework/Versions/A/CoreWiFi
0x0000000020007000 	/System/Library/Frameworks/CoreBluetooth.framework/Versions/A/CoreBluetooth
0x0000000020007000 	/System/Library/PrivateFrameworks/SignpostNotification.framework/Versions/A/SignpostNotification
0x0000000020007000 	/System/Library/PrivateFrameworks/DebugSymbols.framework/Versions/A/DebugSymbols
0x0000000020007000 	/System/Library/PrivateFrameworks/CoreSymbolication.framework/Versions/A/CoreSymbolication
0x0000000020007000 	/System/Library/PrivateFrameworks/Symbolication.framework/Versions/A/Symbolication
0x0000000020007000 	/System/Library/PrivateFrameworks/AppleFSCompression.framework/Versions/A/AppleFSCompression
0x0000000020007000 	/System/Library/PrivateFrameworks/SpeechRecognitionCore.framework/Versions/A/SpeechRecognitionCore
0x0000000108228000 	/Library/Java/JavaVirtualMachines/jdk1.8.0_101.jdk/Contents/Home/jre/lib/server/libjvm.dylib
0x0000000020007000 	/usr/lib/libstdc++.6.0.9.dylib
0x00000001079cc000 	/Library/Java/JavaVirtualMachines/jdk1.8.0_101.jdk/Contents/Home/jre/lib/libverify.dylib
0x00000001079da000 	/Library/Java/JavaVirtualMachines/jdk1.8.0_101.jdk/Contents/Home/jre/lib/libjava.dylib
0x0000000107a59000 	/Library/Java/JavaVirtualMachines/jdk1.8.0_101.jdk/Contents/Home/jre/lib/libzip.dylib
0x0000000020007000 	/System/Library/Frameworks/JavaVM.framework/Versions/A/Frameworks/JavaRuntimeSupport.framework/Versions/A/JavaRuntimeSupport
0x0000000020007000 	/System/Library/Frameworks/JavaVM.framework/Versions/A/Frameworks/JavaNativeFoundation.framework/Versions/A/JavaNativeFoundation
0x0000000020007000 	/System/Library/Frameworks/JavaVM.framework/Versions/A/JavaVM
0x0000000020007000 	/System/Library/Frameworks/Carbon.framework/Versions/A/Carbon
0x0000000020007000 	/System/Library/PrivateFrameworks/JavaLaunching.framework/Versions/A/JavaLaunching
0x0000000020007000 	/System/Library/Frameworks/Carbon.framework/Versions/A/Frameworks/CommonPanels.framework/Versions/A/CommonPanels
0x0000000020007000 	/System/Library/Frameworks/Carbon.framework/Versions/A/Frameworks/Help.framework/Versions/A/Help
0x0000000020007000 	/System/Library/Frameworks/Carbon.framework/Versions/A/Frameworks/ImageCapture.framework/Versions/A/ImageCapture
0x0000000020007000 	/System/Library/Frameworks/Carbon.framework/Versions/A/Frameworks/OpenScripting.framework/Versions/A/OpenScripting
0x0000000020007000 	/System/Library/Frameworks/Carbon.framework/Versions/A/Frameworks/Print.framework/Versions/A/Print
0x0000000020007000 	/System/Library/Frameworks/Carbon.framework/Versions/A/Frameworks/SecurityHI.framework/Versions/A/SecurityHI
0x00000001205ee000 	/Library/Java/JavaVirtualMachines/jdk1.8.0_101.jdk/Contents/Home/jre/lib/libawt.dylib
0x0000000120696000 	/Library/Java/JavaVirtualMachines/jdk1.8.0_101.jdk/Contents/Home/jre/lib/./libmlib_image.dylib
0x0000000120762000 	/Library/Java/JavaVirtualMachines/jdk1.8.0_101.jdk/Contents/Home/jre/lib/libawt_lwawt.dylib
0x0000000120817000 	/Library/Java/JavaVirtualMachines/jdk1.8.0_101.jdk/Contents/Home/jre/lib/./libosxapp.dylib
0x0000000020007000 	/System/Library/Frameworks/ExceptionHandling.framework/Versions/A/ExceptionHandling
0x0000000020007000 	/System/Library/PrivateFrameworks/CoreServicesInternal.framework/Versions/A/CoreServicesInternal
0x0000000020007000 	/System/Library/CoreServices/RawCamera.bundle/Contents/MacOS/RawCamera
0x0000000020007000 	/System/Library/PrivateFrameworks/MobileAsset.framework/Versions/A/MobileAsset
0x0000000020007000 	/System/Library/PrivateFrameworks/StreamingZip.framework/Versions/A/StreamingZip
0x0000000020007000 	/System/Library/Frameworks/MediaToolbox.framework/Versions/A/MediaToolbox
0x0000000020007000 	/System/Library/PrivateFrameworks/CoreAVCHD.framework/Versions/A/CoreAVCHD
0x0000000020007000 	/System/Library/Frameworks/MediaAccessibility.framework/Versions/A/MediaAccessibility
0x0000000020007000 	/System/Library/PrivateFrameworks/Mangrove.framework/Versions/A/Mangrove
0x0000000020007000 	/System/Library/Frameworks/CoreMedia.framework/Versions/A/CoreMedia
0x0000000020007000 	/System/Library/Frameworks/VideoToolbox.framework/Versions/A/VideoToolbox
0x0000000020007000 	/System/Library/PrivateFrameworks/CoreAUC.framework/Versions/A/CoreAUC
0x0000000020007000 	/usr/lib/libspindump.dylib
0x0000000020007000 	/usr/lib/libdscsym.dylib
0x0000000020007000 	/System/Library/PrivateFrameworks/AppleVA.framework/Versions/A/AppleVA
0x0000000020007000 	/System/Library/Frameworks/Accelerate.framework/Versions/A/Frameworks/vImage.framework/Versions/A/Libraries/libCGInterfaces.dylib
0x0000000020007000 	/System/Library/Frameworks/ApplicationServices.framework/Versions/A/Frameworks/ATS.framework/Versions/A/Resources/libTrueTypeScaler.dylib
0x0000000020007000 	/System/Library/Frameworks/OpenGL.framework/Versions/A/Resources/GLEngine.bundle/GLEngine
0x0000000020007000 	/System/Library/Frameworks/OpenGL.framework/Versions/A/Libraries/libGLProgrammability.dylib
0x000000012298d000 	/System/Library/Extensions/AppleIntelBDWGraphicsGLDriver.bundle/Contents/MacOS/AppleIntelBDWGraphicsGLDriver
0x0000000020007000 	/System/Library/PrivateFrameworks/GPUSupport.framework/Versions/A/Libraries/libGPUSupportMercury.dylib
0x0000000020007000 	/System/Library/Frameworks/OpenGL.framework/Versions/A/Resources/GLRendererFloat.bundle/GLRendererFloat
0x0000000020007000 	/System/Library/Frameworks/OpenCL.framework/Versions/A/Libraries/libcldcpuengine.dylib
0x0000000020007000 	/usr/lib/libcrypto.35.dylib
0x0000000020007000 	/System/Library/PrivateFrameworks/TrustEvaluationAgent.framework/Versions/A/TrustEvaluationAgent
0x0000000020007000 	/System/Library/Extensions/AppleIntelBDWGraphicsMTLDriver.bundle/Contents/MacOS/AppleIntelBDWGraphicsMTLDriver
0x0000000020007000 	/System/Library/PrivateFrameworks/GPUCompiler.framework/Versions/3802/Libraries/libmetal_timestamp.dylib
0x0000000020007000 	/System/Library/PrivateFrameworks/FamilyControls.framework/Versions/A/FamilyControls
0x0000000020007000 	/System/Library/PrivateFrameworks/CommerceKit.framework/Versions/A/Frameworks/CommerceCore.framework/Versions/A/CommerceCore
0x0000000020007000 	/System/Library/PrivateFrameworks/SystemAdministration.framework/Versions/A/SystemAdministration
0x0000000020007000 	/System/Library/PrivateFrameworks/AppContainer.framework/Versions/A/AppContainer
0x0000000020007000 	/System/Library/PrivateFrameworks/SecCodeWrapper.framework/Versions/A/SecCodeWrapper
0x0000000020007000 	/System/Library/PrivateFrameworks/DiskManagement.framework/Versions/A/DiskManagement
0x0000000020007000 	/System/Library/Frameworks/DirectoryService.framework/Versions/A/DirectoryService
0x0000000020007000 	/System/Library/PrivateFrameworks/DiskImages.framework/Versions/A/DiskImages
0x0000000020007000 	/System/Library/PrivateFrameworks/LoginUIKit.framework/Versions/A/Frameworks/LoginUICore.framework/Versions/A/LoginUICore
0x0000000020007000 	/usr/lib/libCoreStorage.dylib
0x0000000020007000 	/usr/lib/libcsfde.dylib
0x0000000020007000 	/usr/lib/libodfde.dylib
0x0000000020007000 	/System/Library/PrivateFrameworks/MediaKit.framework/Versions/A/MediaKit
0x0000000020007000 	/System/Library/Frameworks/DiscRecording.framework/Versions/A/DiscRecording
0x0000000020007000 	/System/Library/PrivateFrameworks/EFILogin.framework/Versions/A/EFILogin
0x0000000020007000 	/System/Library/PrivateFrameworks/ProtectedCloudStorage.framework/Versions/A/ProtectedCloudStorage
0x0000000020007000 	/usr/lib/libcurl.4.dylib
0x0000000020007000 	/usr/lib/libssl.35.dylib
0x0000000020007000 	/System/Library/Frameworks/LDAP.framework/Versions/A/LDAP
0x0000000020007000 	/usr/lib/libsasl2.2.dylib
0x0000000020007000 	/System/Library/PrivateFrameworks/CoreDaemon.framework/Versions/B/CoreDaemon
0x0000000020007000 	/System/Library/PrivateFrameworks/AppleSRP.framework/Versions/A/AppleSRP
0x00000001240b8000 	/Library/Java/JavaVirtualMachines/jdk1.8.0_101.jdk/Contents/Home/jre/lib/libfontmanager.dylib
0x00000001253b3000 	/Library/Java/JavaVirtualMachines/jdk1.8.0_101.jdk/Contents/Home/jre/lib/libosxui.dylib
0x0000000020007000 	/System/Library/PrivateFrameworks/ViewBridge.framework/Versions/A/ViewBridge
0x0000000126522000 	/Library/Java/JavaVirtualMachines/jdk1.8.0_101.jdk/Contents/Home/jre/lib/libnet.dylib
0x0000000126581000 	/Library/Java/JavaVirtualMachines/jdk1.8.0_101.jdk/Contents/Home/jre/lib/libnio.dylib
0x000000012199f000 	/private/var/folders/pw/kw08pl9n6yzcxbqgsc_vpf_h0000gn/T/jogamp_0000/file_cache/jln833610934709884656/jln8025585270196968803/libgluegen-rt.jnilib
0x00000001219a4000 	/private/var/folders/pw/kw08pl9n6yzcxbqgsc_vpf_h0000gn/T/jogamp_0000/file_cache/jln833610934709884656/jln8025585270196968803/libnativewindow_awt.jnilib
0x00000001219a7000 	/Library/Java/JavaVirtualMachines/jdk1.8.0_101.jdk/Contents/Home/jre/lib/libjawt.dylib
0x00000001219aa000 	/private/var/folders/pw/kw08pl9n6yzcxbqgsc_vpf_h0000gn/T/jogamp_0000/file_cache/jln833610934709884656/jln8025585270196968803/libnativewindow_macosx.jnilib
0x00000001630ab000 	/private/var/folders/pw/kw08pl9n6yzcxbqgsc_vpf_h0000gn/T/jogamp_0000/file_cache/jln833610934709884656/jln8025585270196968803/libjogl_desktop.jnilib

VM Arguments:
jvm_args: -Djava.security.policy=java.policy.applet -Dfile.encoding=UTF-8 
java_command: sun.applet.AppletViewer demos.EarthquakeCityMap1519834795947.html
java_class_path (initial): /Users/kathyshannon/Documents/workspace/UCSDUnfoldingMaps/build:/Users/kathyshannon/Documents/workspace/UCSDUnfoldingMaps/lib/core.jar:/Users/kathyshannon/Documents/workspace/UCSDUnfoldingMaps/lib/gluegen-rt.jar:/Users/kathyshannon/Documents/workspace/UCSDUnfoldingMaps/lib/jogl-all.jar:/Users/kathyshannon/Documents/workspace/UCSDUnfoldingMaps/lib/log4j-1.2.15.jar:/Users/kathyshannon/Documents/workspace/UCSDUnfoldingMaps/lib/sqlite-jdbc-3.7.2.jar:/Users/kathyshannon/Documents/workspace/UCSDUnfoldingMaps/lib/json4processing.jar:/Users/kathyshannon/Documents/workspace/UCSDUnfoldingMaps/lib/libTUIO.jar:/Users/kathyshannon/Documents/workspace/UCSDUnfoldingMaps/lib/unfolding.0.9.7-uscd.jar
Launcher Type: SUN_STANDARD

Environment Variables:
PATH=/usr/bin:/bin:/usr/sbin:/sbin
SHELL=/bin/bash
DISPLAY=/private/tmp/com.apple.launchd.MUWqX9qNov/org.macosforge.xquartz:0

Signal Handlers:
SIGSEGV: [libjvm.dylib+0x5af145], sa_mask[0]=11111111011111110111111111111111, sa_flags=SA_ONSTACK|SA_RESTART|SA_SIGINFO
SIGBUS: [libjvm.dylib+0x5af145], sa_mask[0]=11111111011111110111111111111111, sa_flags=SA_RESTART|SA_SIGINFO
SIGFPE: [libjvm.dylib+0x48694c], sa_mask[0]=11111111011111110111111111111111, sa_flags=SA_RESTART|SA_SIGINFO
SIGPIPE: [libjvm.dylib+0x48694c], sa_mask[0]=11111111011111110111111111111111, sa_flags=SA_RESTART|SA_SIGINFO
SIGXFSZ: [libjvm.dylib+0x48694c], sa_mask[0]=11111111011111110111111111111111, sa_flags=SA_RESTART|SA_SIGINFO
SIGILL: [libjvm.dylib+0x48694c], sa_mask[0]=11111111011111110111111111111111, sa_flags=SA_RESTART|SA_SIGINFO
SIGUSR1: SIG_DFL, sa_mask[0]=00000000000000000000000000000000, sa_flags=none
SIGUSR2: [libjvm.dylib+0x48646a], sa_mask[0]=00100000000000000000000000000000, sa_flags=SA_RESTART|SA_SIGINFO
SIGHUP: [libjvm.dylib+0x484a41], sa_mask[0]=11111111011111110111111111111111, sa_flags=SA_RESTART|SA_SIGINFO
SIGINT: [libjvm.dylib+0x484a41], sa_mask[0]=11111111011111110111111111111111, sa_flags=SA_RESTART|SA_SIGINFO
SIGTERM: [libjvm.dylib+0x484a41], sa_mask[0]=11111111011111110111111111111111, sa_flags=SA_RESTART|SA_SIGINFO
SIGQUIT: [libjvm.dylib+0x484a41], sa_mask[0]=11111111011111110111111111111111, sa_flags=SA_RESTART|SA_SIGINFO


---------------  S Y S T E M  ---------------

OS:Bsduname:Darwin 17.4.0 Darwin Kernel Version 17.4.0: Sun Dec 17 09:19:54 PST 2017; root:xnu-4570.41.2~1/RELEASE_X86_64 x86_64
rlimit: STACK 8192k, CORE 0k, NPROC 709, NOFILE 10240, AS infinity
load average:1.74 1.76 1.62

CPU:total 4 (4 cores per cpu, 1 threads per core) family 6 model 71 stepping 1, cmov, cx8, fxsr, mmx, sse, sse2, sse3, ssse3, sse4.1, sse4.2, popcnt, avx, avx2, aes, clmul, erms, rtm, 3dnowpref, lzcnt, tsc, tscinvbit, bmi1, bmi2, adx

Memory: 4k page, physical 8388608k(339052k free)

/proc/meminfo:


vm_info: Java HotSpot(TM) 64-Bit Server VM (25.101-b13) for bsd-amd64 JRE (1.8.0_101-b13), built on Jun 22 2016 02:42:15 by "java_re" with gcc 4.2.1 (Based on Apple Inc. build 5658) (LLVM build 2336.11.00)

time: Wed Feb 28 08:20:05 2018
elapsed time: 9 seconds (0d 0h 0m 9s)

