#
# A fatal error has been detected by the Java Runtime Environment:
#
#  SIGSEGV (0xb) at pc=0x00007fff6e750181, pid=913, tid=0x0000000000000307
#
# JRE version: Java(TM) SE Runtime Environment (8.0_101-b13) (build 1.8.0_101-b13)
# Java VM: Java HotSpot(TM) 64-Bit Server VM (25.101-b13 mixed mode bsd-amd64 compressed oops)
# Problematic frame:
# C  [libobjc.A.dylib+0x9181]  objc_release+0x21
#
# Failed to write core dump. Core dumps have been disabled. To enable core dumping, try "ulimit -c unlimited" before starting Java again
#
# If you would like to submit a bug report, please visit:
#   http://bugreport.java.com/bugreport/crash.jsp
# The crash happened outside the Java Virtual Machine in native code.
# See problematic frame for where to report the bug.
#

---------------  T H R E A D  ---------------

Current thread (0x00007ff60603e800):  JavaThread "AWT-AppKit" daemon [_thread_in_native, id=775, stack(0x00007ffee5c92000,0x00007ffee6492000)]

siginfo: si_signo: 11 (SIGSEGV), si_code: 0 (unknown), si_addr: 0x0000000000000000

Registers:
RAX=0x00007ffffffffff8, RBX=0x0000000000000000, RCX=0x0000000000000003, RDX=0x00007ff60a47e8e8
RSP=0x00007ffee648d1f0, RBP=0x00007ffee648d1f0, RSI=0x0000000122595f30, RDI=0xc00007ff60a477c8
R8 =0x9e3779b97f4a7c55, R9 =0x0000000000000001, R10=0x00000001236ef840, R11=0x00007ff606bfc380
R12=0x0000000000000000, R13=0x00000001651d0b50, R14=0x00007ff6055ac010, R15=0x00007ff60603e800
RIP=0x00007fff6e750181, EFLAGS=0x0000000000010246, ERR=0x0000000000000000
  TRAPNO=0x000000000000000d

Top of Stack: (sp=0x00007ffee648d1f0)
0x00007ffee648d1f0:   00007ffee648d220 000000012251f267
0x00007ffee648d200:   00000000441f8000 00000001236ef450
0x00007ffee648d210:   00000001236ef440 00007ff60603e800
0x00007ffee648d220:   00007ffee648d2e0 00000001236ed215
0x00007ffee648d230:   00000001236ef700 00000001236ef6e0
0x00007ffee648d240:   00000001236ef4b0 0000000000000000
0x00007ffee648d250:   00000001651d0b50 00000001651d0b50
0x00007ffee648d260:   00007ff60a47e8e0 00000001236ef6a0
0x00007ffee648d270:   00000001236ef710 00007fffa1c7eb88
0x00007ffee648d280:   00007fffa338bfc8 00000001236ef450
0x00007ffee648d290:   00000001236ef690 00007ff60a47e8e0
0x00007ffee648d2a0:   00007ff6055ac010 00007ff605646ea0
0x00007ffee648d2b0:   00007ff60a47e8e0 00007ff6055ac010
0x00007ffee648d2c0:   00007ffee648d368 00007ff60603e9f8
0x00007ffee648d2d0:   00000001651d0b50 00007ffee648d390
0x00007ffee648d2e0:   00007ffee648d358 000000010febd9d4
0x00007ffee648d2f0:   00000001651d0b50 00007ffee648d390
0x00007ffee648d300:   00007ffee648d358 000000010febd767
0x00007ffee648d310:   000000010febd722 00007ffee648d318
0x00007ffee648d320:   00000001651d0b50 00007ffee648d390
0x00007ffee648d330:   00000001651d3788 0000000000000000
0x00007ffee648d340:   00000001651d0b50 0000000000000000
0x00007ffee648d350:   00007ffee648d378 00007ffee648d3d8
0x00007ffee648d360:   000000010feae2bd 0000000797e19df0
0x00007ffee648d370:   000000010feb7538 00007ff60a47e8e0
0x00007ffee648d380:   00007ffee648d3d8 00007ff6055ac010
0x00007ffee648d390:   000000010feb8e02 00007ffee648d398
0x00007ffee648d3a0:   00000001651d0d1a 00007ffee648d400
0x00007ffee648d3b0:   00000001651d3788 0000000000000000
0x00007ffee648d3c0:   00000001651d0d28 00007ffee648d378
0x00007ffee648d3d0:   00007ffee648d3e8 00007ffee648d448
0x00007ffee648d3e0:   000000010feae2bd 00007ff60a47e8e0 

Instructions: (pc=0x00007fff6e750181)
0x00007fff6e750161:   48 89 e5 48 85 ff 0f 84 9c 00 00 00 40 f6 c7 01
0x00007fff6e750171:   0f 85 92 00 00 00 48 b8 f8 ff ff ff ff 7f 00 00
0x00007fff6e750181:   48 23 07 f6 40 20 02 74 5e 48 b9 00 00 00 00 00
0x00007fff6e750191:   00 00 01 48 ba 00 00 00 00 00 00 40 00 48 8b 07 

Register to memory mapping:

RAX=0x00007ffffffffff8 is an unknown value
RBX=0x0000000000000000 is an unknown value
RCX=0x0000000000000003 is an unknown value
RDX=0x00007ff60a47e8e8 is an unknown value
RSP=0x00007ffee648d1f0 is pointing into the stack for thread: 0x00007ff60603e800
RBP=0x00007ffee648d1f0 is pointing into the stack for thread: 0x00007ff60603e800
RSI=0x0000000122595f30: OBJC_IVAR_$_PrinterView.fCurPeekGraphics+0x1aa8 in /Library/Java/JavaVirtualMachines/jdk1.8.0_101.jdk/Contents/Home/jre/lib/libawt_lwawt.dylib at 0x000000012251b000
RDI=0xc00007ff60a477c8 is an unknown value
R8 =0x9e3779b97f4a7c55 is an unknown value
R9 =0x0000000000000001 is an unknown value
R10=0x00000001236ef840: OBJC_CLASS_$_MyCALayer+0 in /private/var/folders/pw/kw08pl9n6yzcxbqgsc_vpf_h0000gn/T/jogamp_0000/file_cache/jln5180047239231370154/jln5094737984665926341/libnativewindow_macosx.jnilib at 0x00000001236e8000
R11=0x00007ff606bfc380 is an unknown value
R12=0x0000000000000000 is an unknown value
R13={method} {0x00000001651d0b50} 'UnsetJAWTRootSurfaceLayer0' '(JJ)V' in 'jogamp/nativewindow/jawt/macosx/MacOSXJAWTWindow'
R14=0x00007ff6055ac010 is an unknown value
R15=0x00007ff60603e800 is a thread


Stack: [0x00007ffee5c92000,0x00007ffee6492000],  sp=0x00007ffee648d1f0,  free space=8172k
Native frames: (J=compiled Java code, j=interpreted, Vv=VM code, C=native code)
C  [libobjc.A.dylib+0x9181]  objc_release+0x21
C  [libawt_lwawt.dylib+0x4267]  -[AWTSurfaceLayers setLayer:]+0x54
C  [libnativewindow_macosx.jnilib+0x5215]  Java_jogamp_nativewindow_jawt_macosx_MacOSXJAWTWindow_UnsetJAWTRootSurfaceLayer0+0x1a5
j  jogamp.nativewindow.jawt.macosx.MacOSXJAWTWindow.UnsetJAWTRootSurfaceLayer0(JJ)V+0
j  jogamp.nativewindow.jawt.macosx.MacOSXJAWTWindow.access$200(JJ)V+2
j  jogamp.nativewindow.jawt.macosx.MacOSXJAWTWindow$1.run()V+38
J 1775 C1 com.jogamp.common.util.RunnableTask.run()V (345 bytes) @ 0x0000000110506554 [0x00000001105063c0+0x194]
v  ~StubRoutines::call_stub
V  [libjvm.dylib+0x2ecf06]
V  [libjvm.dylib+0x324111]
V  [libjvm.dylib+0x3168df]
C  [libnativewindow_macosx.jnilib+0x5326]  Java_jogamp_nativewindow_jawt_macosx_MacOSXJAWTWindow_UnsetJAWTRootSurfaceLayer0+0x2b6
C  [Foundation+0x681c5]  __NSThreadPerformPerform+0x14e
C  [CoreFoundation+0xa3721]  __CFRUNLOOP_IS_CALLING_OUT_TO_A_SOURCE0_PERFORM_FUNCTION__+0x11
C  [CoreFoundation+0x15d0ac]  __CFRunLoopDoSource0+0x6c
C  [CoreFoundation+0x862bc]  __CFRunLoopDoSources0+0x12c
C  [CoreFoundation+0x856dd]  __CFRunLoopRun+0x50d
C  [CoreFoundation+0x84f43]  CFRunLoopRunSpecific+0x1e3
C  [HIToolbox+0x2fe26]  RunCurrentEventLoopInMode+0x11e
C  [HIToolbox+0x2fa9f]  ReceiveNextEventCommon+0x16e
C  [HIToolbox+0x2f914]  _BlockUntilNextEventMatchingListInModeWithFilter+0x40
C  [AppKit+0x41f5f]  _DPSNextEvent+0x825
C  [AppKit+0x7d7b4c]  -[NSApplication(NSEvent) _nextEventMatchingEventMask:untilDate:inMode:dequeue:]+0xbe4
C  [libosxapp.dylib+0x23aa]  -[NSApplicationAWT nextEventMatchingMask:untilDate:inMode:dequeue:]+0x7c
C  [AppKit+0x36d6d]  -[NSApplication run]+0x2fc
C  [libosxapp.dylib+0x214d]  +[NSApplicationAWT runAWTLoopWithApp:]+0x9c
C  [libawt_lwawt.dylib+0x444b3]  -[AWTStarter starter:]+0x389
C  [Foundation+0x681c5]  __NSThreadPerformPerform+0x14e
C  [CoreFoundation+0xa3721]  __CFRUNLOOP_IS_CALLING_OUT_TO_A_SOURCE0_PERFORM_FUNCTION__+0x11
C  [CoreFoundation+0x15d0ac]  __CFRunLoopDoSource0+0x6c
C  [CoreFoundation+0x86260]  __CFRunLoopDoSources0+0xd0
C  [CoreFoundation+0x856dd]  __CFRunLoopRun+0x50d
C  [CoreFoundation+0x84f43]  CFRunLoopRunSpecific+0x1e3
C  [java+0x6465]  CreateExecutionEnvironment+0x367
C  [java+0x218c]  JLI_Launch+0x7a0
C  [java+0x84c2]  main+0x65
C  [java+0x19e4]  start+0x34
C  0x0000000000000007

Java frames: (J=compiled Java code, j=interpreted, Vv=VM code)
j  jogamp.nativewindow.jawt.macosx.MacOSXJAWTWindow.UnsetJAWTRootSurfaceLayer0(JJ)V+0
j  jogamp.nativewindow.jawt.macosx.MacOSXJAWTWindow.access$200(JJ)V+2
j  jogamp.nativewindow.jawt.macosx.MacOSXJAWTWindow$1.run()V+38
J 1775 C1 com.jogamp.common.util.RunnableTask.run()V (345 bytes) @ 0x0000000110506554 [0x00000001105063c0+0x194]
v  ~StubRoutines::call_stub

---------------  P R O C E S S  ---------------

Java Threads: ( => current thread )
  0x00007ff60670d000 JavaThread "Thread-7" [_thread_blocked, id=57939, stack(0x000070000b85a000,0x000070000b95a000)]
  0x00007ff6072cd000 JavaThread "Keep-Alive-Timer" daemon [_thread_blocked, id=57435, stack(0x000070000bc66000,0x000070000bd66000)]
  0x00007ff6061df800 JavaThread "Animation Thread" [_thread_blocked, id=74519, stack(0x000070000b54e000,0x000070000b64e000)]
  0x00007ff605939000 JavaThread "AWT-EventQueue-1" [_thread_in_native, id=54299, stack(0x000070000b651000,0x000070000b751000)]
  0x00007ff606216000 JavaThread "DestroyJavaVM" [_thread_blocked, id=9987, stack(0x0000700009f86000,0x000070000a086000)]
  0x00007ff60711f800 JavaThread "AWT-EventQueue-0" [_thread_blocked, id=76803, stack(0x000070000b3c8000,0x000070000b4c8000)]
  0x00007ff605950000 JavaThread "Java2D Disposer" daemon [_thread_blocked, id=78863, stack(0x000070000b13f000,0x000070000b23f000)]
  0x00007ff605948800 JavaThread "Java2D Queue Flusher" daemon [_thread_blocked, id=79623, stack(0x000070000b03c000,0x000070000b13c000)]
  0x00007ff60591a800 JavaThread "AWT-Shutdown" [_thread_blocked, id=26667, stack(0x000070000ae33000,0x000070000af33000)]
=>0x00007ff60603e800 JavaThread "AWT-AppKit" daemon [_thread_in_native, id=775, stack(0x00007ffee5c92000,0x00007ffee6492000)]
  0x00007ff607019000 JavaThread "Service Thread" daemon [_thread_blocked, id=17923, stack(0x000070000abaa000,0x000070000acaa000)]
  0x00007ff606023000 JavaThread "C1 CompilerThread2" daemon [_thread_blocked, id=18435, stack(0x000070000aaa7000,0x000070000aba7000)]
  0x00007ff60681e800 JavaThread "C2 CompilerThread1" daemon [_thread_blocked, id=14083, stack(0x000070000a9a4000,0x000070000aaa4000)]
  0x00007ff60681d000 JavaThread "C2 CompilerThread0" daemon [_thread_blocked, id=18691, stack(0x000070000a8a1000,0x000070000a9a1000)]
  0x00007ff606801000 JavaThread "Signal Dispatcher" daemon [_thread_blocked, id=13323, stack(0x000070000a79e000,0x000070000a89e000)]
  0x00007ff60681a800 JavaThread "Finalizer" daemon [_thread_blocked, id=11523, stack(0x000070000a69b000,0x000070000a79b000)]
  0x00007ff606818000 JavaThread "Reference Handler" daemon [_thread_blocked, id=11011, stack(0x000070000a598000,0x000070000a698000)]

Other Threads:
  0x00007ff607006800 VMThread [stack: 0x000070000a495000,0x000070000a595000] [id=20739]
  0x00007ff607043800 WatcherThread [stack: 0x000070000acad000,0x000070000adad000] [id=14851]

VM state:not at safepoint (normal execution)

VM Mutex/Monitor currently owned by a thread: None

Heap:
 PSYoungGen      total 38400K, used 8514K [0x0000000795580000, 0x0000000798000000, 0x00000007c0000000)
  eden space 33280K, 10% used [0x0000000795580000,0x00000007958d7fd0,0x0000000797600000)
  from space 5120K, 99% used [0x0000000797b00000,0x0000000797ff8ac0,0x0000000798000000)
  to   space 5120K, 0% used [0x0000000797600000,0x0000000797600000,0x0000000797b00000)
 ParOldGen       total 87552K, used 6182K [0x0000000740000000, 0x0000000745580000, 0x0000000795580000)
  object space 87552K, 7% used [0x0000000740000000,0x0000000740609bc8,0x0000000745580000)
 Metaspace       used 19140K, capacity 19343K, committed 19712K, reserved 1067008K
  class space    used 1883K, capacity 1982K, committed 2048K, reserved 1048576K

Card table byte_map: [0x000000010b39d000,0x000000010b79e000] byte_map_base: 0x000000010799d000

Marking Bits: (ParMarkBitMap*) 0x000000010a8edd20
 Begin Bits: [0x000000010ba49000, 0x000000010da49000)
 End Bits:   [0x000000010da49000, 0x000000010fa49000)

Polling page: 0x00000001097ea000

CodeCache: size=245760Kb used=7255Kb max_used=7267Kb free=238504Kb
 bounds [0x000000010fea6000, 0x00000001105c6000, 0x000000011eea6000]
 total_blobs=2879 nmethods=2005 adapters=788
 compilation: enabled

Compilation events (10 events):
Event: 11.023 Thread 0x00007ff60681e800 2000   !   4       sun.awt.AppContext::get (123 bytes)
Event: 11.024 Thread 0x00007ff606023000 2001   !   3       sun.lwawt.LWComponentPeer::isShowing (49 bytes)
Event: 11.025 Thread 0x00007ff606023000 nmethod 2001 0x00000001105bc150 code [0x00000001105bc300, 0x00000001105bcc08]
Event: 11.025 Thread 0x00007ff606023000 2002       1       sun.java2d.SurfaceData::isValid (5 bytes)
Event: 11.025 Thread 0x00007ff606023000 nmethod 2002 0x00000001105c0510 code [0x00000001105c0660, 0x00000001105c0770]
Event: 11.025 Thread 0x00007ff606023000 2003       3       sun.java2d.pipe.RenderBuffer::putFloat (26 bytes)
Event: 11.025 Thread 0x00007ff606023000 nmethod 2003 0x00000001105c0150 code [0x00000001105c02c0, 0x00000001105c0450]
Event: 11.030 Thread 0x00007ff60681e800 nmethod 2000 0x00000001105bdb50 code [0x00000001105bdce0, 0x00000001105be618]
Event: 11.050 Thread 0x00007ff606023000 2005       3       java.util.IdentityHashMap::maskNull (12 bytes)
Event: 11.050 Thread 0x00007ff606023000 nmethod 2005 0x00000001105bd7d0 code [0x00000001105bd940, 0x00000001105bdad0]

GC Heap History (4 events):
Event: 3.515 GC heap before
{Heap before GC invocations=1 (full 0):
 PSYoungGen      total 38400K, used 33280K [0x0000000795580000, 0x0000000798000000, 0x00000007c0000000)
  eden space 33280K, 100% used [0x0000000795580000,0x0000000797600000,0x0000000797600000)
  from space 5120K, 0% used [0x0000000797b00000,0x0000000797b00000,0x0000000798000000)
  to   space 5120K, 0% used [0x0000000797600000,0x0000000797600000,0x0000000797b00000)
 ParOldGen       total 87552K, used 0K [0x0000000740000000, 0x0000000745580000, 0x0000000795580000)
  object space 87552K, 0% used [0x0000000740000000,0x0000000740000000,0x0000000745580000)
 Metaspace       used 15994K, capacity 16159K, committed 16384K, reserved 1064960K
  class space    used 1619K, capacity 1692K, committed 1792K, reserved 1048576K
Event: 3.520 GC heap after
Heap after GC invocations=1 (full 0):
 PSYoungGen      total 38400K, used 4970K [0x0000000795580000, 0x0000000798000000, 0x00000007c0000000)
  eden space 33280K, 0% used [0x0000000795580000,0x0000000795580000,0x0000000797600000)
  from space 5120K, 97% used [0x0000000797600000,0x0000000797ada858,0x0000000797b00000)
  to   space 5120K, 0% used [0x0000000797b00000,0x0000000797b00000,0x0000000798000000)
 ParOldGen       total 87552K, used 16K [0x0000000740000000, 0x0000000745580000, 0x0000000795580000)
  object space 87552K, 0% used [0x0000000740000000,0x0000000740004000,0x0000000745580000)
 Metaspace       used 15994K, capacity 16159K, committed 16384K, reserved 1064960K
  class space    used 1619K, capacity 1692K, committed 1792K, reserved 1048576K
}
Event: 10.191 GC heap before
{Heap before GC invocations=2 (full 0):
 PSYoungGen      total 38400K, used 38250K [0x0000000795580000, 0x0000000798000000, 0x00000007c0000000)
  eden space 33280K, 100% used [0x0000000795580000,0x0000000797600000,0x0000000797600000)
  from space 5120K, 97% used [0x0000000797600000,0x0000000797ada858,0x0000000797b00000)
  to   space 5120K, 0% used [0x0000000797b00000,0x0000000797b00000,0x0000000798000000)
 ParOldGen       total 87552K, used 16K [0x0000000740000000, 0x0000000745580000, 0x0000000795580000)
  object space 87552K, 0% used [0x0000000740000000,0x0000000740004000,0x0000000745580000)
 Metaspace       used 19051K, capacity 19247K, committed 19456K, reserved 1067008K
  class space    used 1875K, capacity 1950K, committed 2048K, reserved 1048576K
Event: 10.200 GC heap after
Heap after GC invocations=2 (full 0):
 PSYoungGen      total 38400K, used 5090K [0x0000000795580000, 0x0000000798000000, 0x00000007c0000000)
  eden space 33280K, 0% used [0x0000000795580000,0x0000000795580000,0x0000000797600000)
  from space 5120K, 99% used [0x0000000797b00000,0x0000000797ff8ac0,0x0000000798000000)
  to   space 5120K, 0% used [0x0000000797600000,0x0000000797600000,0x0000000797b00000)
 ParOldGen       total 87552K, used 6182K [0x0000000740000000, 0x0000000745580000, 0x0000000795580000)
  object space 87552K, 7% used [0x0000000740000000,0x0000000740609bc8,0x0000000745580000)
 Metaspace       used 19051K, capacity 19247K, committed 19456K, reserved 1067008K
  class space    used 1875K, capacity 1950K, committed 2048K, reserved 1048576K
}

Deoptimization events (5 events):
Event: 2.949 Thread 0x00007ff605802000 Uncommon trap: reason=unstable_if action=reinterpret pc=0x00000001100699a8 method=java.lang.String.toLowerCase(Ljava/util/Locale;)Ljava/lang/String; @ 85
Event: 3.148 Thread 0x00007ff6061df800 Uncommon trap: reason=unstable_if action=reinterpret pc=0x0000000110059918 method=java.lang.String.indexOf([CII[CIII)I @ 3
Event: 4.057 Thread 0x00007ff605939000 Uncommon trap: reason=unstable_if action=reinterpret pc=0x0000000110044ab8 method=java.lang.AbstractStringBuilder.append(Ljava/lang/String;)Ljava/lang/AbstractStringBuilder; @ 1
Event: 4.166 Thread 0x00007ff605939000 Uncommon trap: reason=unstable_if action=reinterpret pc=0x000000011024b5bc method=com.jogamp.common.util.IntIntHashMap.get(I)I @ 28
Event: 11.050 Thread 0x00007ff60670d000 Uncommon trap: reason=predicate action=maybe_recompile pc=0x00000001105611a4 method=java.util.Vector.indexOf(Ljava/lang/Object;I)I @ 44

Internal exceptions (10 events):
Event: 0.330 Thread 0x00007ff605802000 Exception <a 'java/lang/NoSuchFieldError': method resolution failed> (0x0000000795786338) thrown at [/HUDSON3/workspace/8-2-build-macosx-x86_64/jdk8u101/7261/hotspot/src/share/vm/prims/methodHandles.cpp, line 1146]
Event: 0.331 Thread 0x00007ff605802000 Exception <a 'java/lang/NoSuchFieldError': method resolution failed> (0x0000000795793b08) thrown at [/HUDSON3/workspace/8-2-build-macosx-x86_64/jdk8u101/7261/hotspot/src/share/vm/prims/methodHandles.cpp, line 1146]
Event: 0.553 Thread 0x00007ff605802000 Exception <a 'java/io/FileNotFoundException'> (0x000000079580f280) thrown at [/HUDSON3/workspace/8-2-build-macosx-x86_64/jdk8u101/7261/hotspot/src/share/vm/prims/jni.cpp, line 709]
Event: 0.553 Thread 0x00007ff605802000 Exception <a 'java/io/FileNotFoundException'> (0x000000079580fe20) thrown at [/HUDSON3/workspace/8-2-build-macosx-x86_64/jdk8u101/7261/hotspot/src/share/vm/prims/jni.cpp, line 709]
Event: 0.712 Thread 0x00007ff605802000 Exception <a 'java/io/FileNotFoundException'> (0x000000079594be48) thrown at [/HUDSON3/workspace/8-2-build-macosx-x86_64/jdk8u101/7261/hotspot/src/share/vm/prims/jni.cpp, line 709]
Event: 3.166 Thread 0x00007ff6061df800 Exception <a 'java/lang/UnsatisfiedLinkError': com.jogamp.common.util.JarUtil.fixNativeLibAttribs(Ljava/lang/String;)Z> (0x0000000796b28610) thrown at [/HUDSON3/workspace/8-2-build-macosx-x86_64/jdk8u101/7261/hotspot/src/share/vm/prims/nativeLookup.cpp, l
Event: 3.521 Thread 0x00007ff60681a800 Exception <a 'java/lang/NullPointerException'> (0x00000007956ad198) thrown at [/HUDSON3/workspace/8-2-build-macosx-x86_64/jdk8u101/7261/hotspot/src/share/vm/interpreter/linkResolver.cpp, line 1178]
Event: 4.057 Thread 0x00007ff605939000 Exception <a 'java/io/FileNotFoundException'> (0x0000000795e72308) thrown at [/HUDSON3/workspace/8-2-build-macosx-x86_64/jdk8u101/7261/hotspot/src/share/vm/prims/jni.cpp, line 709]
Event: 4.057 Thread 0x00007ff605939000 Exception <a 'java/io/FileNotFoundException'> (0x0000000795e787e0) thrown at [/HUDSON3/workspace/8-2-build-macosx-x86_64/jdk8u101/7261/hotspot/src/share/vm/prims/jni.cpp, line 709]
Event: 4.057 Thread 0x00007ff605939000 Implicit null exception at 0x0000000110044735 to 0x0000000110044aa5

Events (10 events):
Event: 11.049 loading class java/awt/event/AWTEventListenerProxy
Event: 11.049 loading class java/awt/event/AWTEventListenerProxy done
Event: 11.049 loading class java/awt/Toolkit$ToolkitEventMulticaster
Event: 11.049 loading class java/awt/Toolkit$ToolkitEventMulticaster done
Event: 11.050 Thread 0x00007ff6070fc800 Thread exited: 0x00007ff6070fc800
Event: 11.050 Thread 0x00007ff60670d000 Uncommon trap: trap_request=0xffffff86 fr.pc=0x00000001105611a4
Event: 11.050 Thread 0x00007ff60670d000 DEOPT PACKING pc=0x00000001105611a4 sp=0x000070000b9597f0
Event: 11.050 Thread 0x00007ff60670d000 DEOPT UNPACKING pc=0x000000010feab229 sp=0x000070000b9597a0 mode 2
Event: 11.050 loading class java/awt/Window$1DisposeAction
Event: 11.050 loading class java/awt/Window$1DisposeAction done


Dynamic libraries:
0x0000000020007000 	/System/Library/Frameworks/Cocoa.framework/Versions/A/Cocoa
0x0000000020007000 	/System/Library/Frameworks/Security.framework/Versions/A/Security
0x0000000020007000 	/System/Library/Frameworks/ApplicationServices.framework/Versions/A/ApplicationServices
0x0000000020007000 	/usr/lib/libz.1.dylib
0x0000000020007000 	/usr/lib/libSystem.B.dylib
0x0000000020007000 	/usr/lib/libobjc.A.dylib
0x0000000020007000 	/System/Library/Frameworks/CoreFoundation.framework/Versions/A/CoreFoundation
0x0000000020007000 	/System/Library/Frameworks/Foundation.framework/Versions/C/Foundation
0x0000000020007000 	/System/Library/Frameworks/AppKit.framework/Versions/C/AppKit
0x0000000020007000 	/System/Library/Frameworks/CoreData.framework/Versions/A/CoreData
0x0000000020007000 	/System/Library/PrivateFrameworks/RemoteViewServices.framework/Versions/A/RemoteViewServices
0x0000000020007000 	/System/Library/PrivateFrameworks/UIFoundation.framework/Versions/A/UIFoundation
0x0000000020007000 	/System/Library/PrivateFrameworks/DFRFoundation.framework/Versions/A/DFRFoundation
0x0000000020007000 	/System/Library/Frameworks/Metal.framework/Versions/A/Metal
0x0000000020007000 	/System/Library/PrivateFrameworks/DesktopServicesPriv.framework/Versions/A/DesktopServicesPriv
0x0000000020007000 	/usr/lib/libenergytrace.dylib
0x0000000020007000 	/System/Library/PrivateFrameworks/SkyLight.framework/Versions/A/SkyLight
0x0000000020007000 	/System/Library/Frameworks/CoreGraphics.framework/Versions/A/CoreGraphics
0x0000000020007000 	/usr/lib/libScreenReader.dylib
0x0000000020007000 	/System/Library/Frameworks/Accelerate.framework/Versions/A/Accelerate
0x0000000020007000 	/System/Library/Frameworks/IOSurface.framework/Versions/A/IOSurface
0x0000000020007000 	/System/Library/Frameworks/AudioToolbox.framework/Versions/A/AudioToolbox
0x0000000020007000 	/System/Library/Frameworks/AudioUnit.framework/Versions/A/AudioUnit
0x0000000020007000 	/System/Library/PrivateFrameworks/DataDetectorsCore.framework/Versions/A/DataDetectorsCore
0x0000000020007000 	/System/Library/Frameworks/Carbon.framework/Versions/A/Frameworks/HIToolbox.framework/Versions/A/HIToolbox
0x0000000020007000 	/usr/lib/libicucore.A.dylib
0x0000000020007000 	/System/Library/Frameworks/QuartzCore.framework/Versions/A/QuartzCore
0x0000000020007000 	/System/Library/Frameworks/Carbon.framework/Versions/A/Frameworks/SpeechRecognition.framework/Versions/A/SpeechRecognition
0x0000000020007000 	/usr/lib/libauto.dylib
0x0000000020007000 	/usr/lib/libxml2.2.dylib
0x0000000020007000 	/System/Library/PrivateFrameworks/CoreUI.framework/Versions/A/CoreUI
0x0000000020007000 	/System/Library/Frameworks/CoreAudio.framework/Versions/A/CoreAudio
0x0000000020007000 	/System/Library/Frameworks/DiskArbitration.framework/Versions/A/DiskArbitration
0x0000000020007000 	/usr/lib/liblangid.dylib
0x0000000020007000 	/System/Library/PrivateFrameworks/MultitouchSupport.framework/Versions/A/MultitouchSupport
0x0000000020007000 	/System/Library/Frameworks/IOKit.framework/Versions/A/IOKit
0x0000000020007000 	/usr/lib/libDiagnosticMessagesClient.dylib
0x0000000020007000 	/System/Library/Frameworks/CoreServices.framework/Versions/A/CoreServices
0x0000000020007000 	/System/Library/PrivateFrameworks/PerformanceAnalysis.framework/Versions/A/PerformanceAnalysis
0x0000000020007000 	/System/Library/Frameworks/OpenGL.framework/Versions/A/OpenGL
0x0000000020007000 	/System/Library/Frameworks/ColorSync.framework/Versions/A/ColorSync
0x0000000020007000 	/System/Library/Frameworks/CoreImage.framework/Versions/A/CoreImage
0x0000000020007000 	/System/Library/Frameworks/CoreText.framework/Versions/A/CoreText
0x0000000020007000 	/System/Library/Frameworks/ImageIO.framework/Versions/A/ImageIO
0x0000000020007000 	/System/Library/PrivateFrameworks/Backup.framework/Versions/A/Backup
0x0000000020007000 	/usr/lib/libarchive.2.dylib
0x0000000020007000 	/System/Library/Frameworks/CFNetwork.framework/Versions/A/CFNetwork
0x0000000020007000 	/System/Library/Frameworks/SystemConfiguration.framework/Versions/A/SystemConfiguration
0x0000000020007000 	/usr/lib/libCRFSuite.dylib
0x0000000020007000 	/usr/lib/libc++.1.dylib
0x0000000020007000 	/usr/lib/libc++abi.dylib
0x0000000020007000 	/usr/lib/system/libcache.dylib
0x0000000020007000 	/usr/lib/system/libcommonCrypto.dylib
0x0000000020007000 	/usr/lib/system/libcompiler_rt.dylib
0x0000000020007000 	/usr/lib/system/libcopyfile.dylib
0x0000000020007000 	/usr/lib/system/libcorecrypto.dylib
0x0000000020007000 	/usr/lib/system/libdispatch.dylib
0x0000000020007000 	/usr/lib/system/libdyld.dylib
0x0000000020007000 	/usr/lib/system/libkeymgr.dylib
0x0000000020007000 	/usr/lib/system/liblaunch.dylib
0x0000000020007000 	/usr/lib/system/libmacho.dylib
0x0000000020007000 	/usr/lib/system/libquarantine.dylib
0x0000000020007000 	/usr/lib/system/libremovefile.dylib
0x0000000020007000 	/usr/lib/system/libsystem_asl.dylib
0x0000000020007000 	/usr/lib/system/libsystem_blocks.dylib
0x0000000020007000 	/usr/lib/system/libsystem_c.dylib
0x0000000020007000 	/usr/lib/system/libsystem_configuration.dylib
0x0000000020007000 	/usr/lib/system/libsystem_coreservices.dylib
0x0000000020007000 	/usr/lib/system/libsystem_darwin.dylib
0x0000000020007000 	/usr/lib/system/libsystem_dnssd.dylib
0x0000000020007000 	/usr/lib/system/libsystem_info.dylib
0x0000000020007000 	/usr/lib/system/libsystem_m.dylib
0x0000000020007000 	/usr/lib/system/libsystem_malloc.dylib
0x0000000020007000 	/usr/lib/system/libsystem_network.dylib
0x0000000020007000 	/usr/lib/system/libsystem_networkextension.dylib
0x0000000020007000 	/usr/lib/system/libsystem_notify.dylib
0x0000000020007000 	/usr/lib/system/libsystem_sandbox.dylib
0x0000000020007000 	/usr/lib/system/libsystem_secinit.dylib
0x0000000020007000 	/usr/lib/system/libsystem_kernel.dylib
0x0000000020007000 	/usr/lib/system/libsystem_platform.dylib
0x0000000020007000 	/usr/lib/system/libsystem_pthread.dylib
0x0000000020007000 	/usr/lib/system/libsystem_symptoms.dylib
0x0000000020007000 	/usr/lib/system/libsystem_trace.dylib
0x0000000020007000 	/usr/lib/system/libunwind.dylib
0x0000000020007000 	/usr/lib/system/libxpc.dylib
0x0000000020007000 	/usr/lib/closure/libclosured.dylib
0x0000000020007000 	/usr/lib/libbsm.0.dylib
0x0000000020007000 	/usr/lib/system/libkxld.dylib
0x0000000020007000 	/usr/lib/libOpenScriptingUtil.dylib
0x0000000020007000 	/usr/lib/libcoretls.dylib
0x0000000020007000 	/usr/lib/libcoretls_cfhelpers.dylib
0x0000000020007000 	/usr/lib/libpam.2.dylib
0x0000000020007000 	/usr/lib/libsqlite3.dylib
0x0000000020007000 	/usr/lib/libxar.1.dylib
0x0000000020007000 	/usr/lib/libbz2.1.0.dylib
0x0000000020007000 	/usr/lib/liblzma.5.dylib
0x0000000020007000 	/usr/lib/libnetwork.dylib
0x0000000020007000 	/usr/lib/libapple_nghttp2.dylib
0x0000000020007000 	/usr/lib/libpcap.A.dylib
0x0000000020007000 	/usr/lib/libboringssl.dylib
0x0000000020007000 	/usr/lib/libusrtcp.dylib
0x0000000020007000 	/usr/lib/libapple_crypto.dylib
0x0000000020007000 	/System/Library/Frameworks/CoreServices.framework/Versions/A/Frameworks/FSEvents.framework/Versions/A/FSEvents
0x0000000020007000 	/System/Library/Frameworks/CoreServices.framework/Versions/A/Frameworks/CarbonCore.framework/Versions/A/CarbonCore
0x0000000020007000 	/System/Library/Frameworks/CoreServices.framework/Versions/A/Frameworks/Metadata.framework/Versions/A/Metadata
0x0000000020007000 	/System/Library/Frameworks/CoreServices.framework/Versions/A/Frameworks/OSServices.framework/Versions/A/OSServices
0x0000000020007000 	/System/Library/Frameworks/CoreServices.framework/Versions/A/Frameworks/SearchKit.framework/Versions/A/SearchKit
0x0000000020007000 	/System/Library/Frameworks/CoreServices.framework/Versions/A/Frameworks/AE.framework/Versions/A/AE
0x0000000020007000 	/System/Library/Frameworks/CoreServices.framework/Versions/A/Frameworks/LaunchServices.framework/Versions/A/LaunchServices
0x0000000020007000 	/System/Library/Frameworks/CoreServices.framework/Versions/A/Frameworks/DictionaryServices.framework/Versions/A/DictionaryServices
0x0000000020007000 	/System/Library/Frameworks/CoreServices.framework/Versions/A/Frameworks/SharedFileList.framework/Versions/A/SharedFileList
0x0000000020007000 	/System/Library/Frameworks/NetFS.framework/Versions/A/NetFS
0x0000000020007000 	/System/Library/PrivateFrameworks/NetAuth.framework/Versions/A/NetAuth
0x0000000020007000 	/System/Library/PrivateFrameworks/login.framework/Versions/A/Frameworks/loginsupport.framework/Versions/A/loginsupport
0x0000000020007000 	/System/Library/PrivateFrameworks/TCC.framework/Versions/A/TCC
0x0000000020007000 	/usr/lib/libmecabra.dylib
0x0000000020007000 	/System/Library/Frameworks/ApplicationServices.framework/Versions/A/Frameworks/ATS.framework/Versions/A/ATS
0x0000000020007000 	/System/Library/Frameworks/ApplicationServices.framework/Versions/A/Frameworks/ColorSyncLegacy.framework/Versions/A/ColorSyncLegacy
0x0000000020007000 	/System/Library/Frameworks/ApplicationServices.framework/Versions/A/Frameworks/HIServices.framework/Versions/A/HIServices
0x0000000020007000 	/System/Library/Frameworks/ApplicationServices.framework/Versions/A/Frameworks/LangAnalysis.framework/Versions/A/LangAnalysis
0x0000000020007000 	/System/Library/Frameworks/ApplicationServices.framework/Versions/A/Frameworks/PrintCore.framework/Versions/A/PrintCore
0x0000000020007000 	/System/Library/Frameworks/ApplicationServices.framework/Versions/A/Frameworks/QD.framework/Versions/A/QD
0x0000000020007000 	/System/Library/Frameworks/ApplicationServices.framework/Versions/A/Frameworks/SpeechSynthesis.framework/Versions/A/SpeechSynthesis
0x0000000020007000 	/System/Library/Frameworks/CoreDisplay.framework/Versions/A/CoreDisplay
0x0000000020007000 	/System/Library/Frameworks/Accelerate.framework/Versions/A/Frameworks/vImage.framework/Versions/A/vImage
0x0000000020007000 	/System/Library/Frameworks/Accelerate.framework/Versions/A/Frameworks/vecLib.framework/Versions/A/vecLib
0x0000000020007000 	/System/Library/Frameworks/Accelerate.framework/Versions/A/Frameworks/vecLib.framework/Versions/A/libvDSP.dylib
0x0000000020007000 	/System/Library/Frameworks/Accelerate.framework/Versions/A/Frameworks/vecLib.framework/Versions/A/libBNNS.dylib
0x0000000020007000 	/System/Library/Frameworks/Accelerate.framework/Versions/A/Frameworks/vecLib.framework/Versions/A/libQuadrature.dylib
0x0000000020007000 	/System/Library/Frameworks/Accelerate.framework/Versions/A/Frameworks/vecLib.framework/Versions/A/libvMisc.dylib
0x0000000020007000 	/System/Library/Frameworks/Accelerate.framework/Versions/A/Frameworks/vecLib.framework/Versions/A/libLAPACK.dylib
0x0000000020007000 	/System/Library/Frameworks/Accelerate.framework/Versions/A/Frameworks/vecLib.framework/Versions/A/libBLAS.dylib
0x0000000020007000 	/System/Library/Frameworks/Accelerate.framework/Versions/A/Frameworks/vecLib.framework/Versions/A/libLinearAlgebra.dylib
0x0000000020007000 	/System/Library/Frameworks/Accelerate.framework/Versions/A/Frameworks/vecLib.framework/Versions/A/libSparse.dylib
0x0000000020007000 	/System/Library/Frameworks/Accelerate.framework/Versions/A/Frameworks/vecLib.framework/Versions/A/libSparseBLAS.dylib
0x0000000020007000 	/System/Library/PrivateFrameworks/IOAccelerator.framework/Versions/A/IOAccelerator
0x0000000020007000 	/System/Library/PrivateFrameworks/IOPresentment.framework/Versions/A/IOPresentment
0x0000000020007000 	/System/Library/PrivateFrameworks/DSExternalDisplay.framework/Versions/A/DSExternalDisplay
0x0000000020007000 	/System/Library/Frameworks/OpenGL.framework/Versions/A/Libraries/libCoreFSCache.dylib
0x0000000020007000 	/System/Library/Frameworks/CoreVideo.framework/Versions/A/CoreVideo
0x0000000020007000 	/System/Library/PrivateFrameworks/GraphVisualizer.framework/Versions/A/GraphVisualizer
0x0000000020007000 	/System/Library/Frameworks/MetalPerformanceShaders.framework/Versions/A/MetalPerformanceShaders
0x0000000020007000 	/usr/lib/libFosl_dynamic.dylib
0x0000000020007000 	/System/Library/PrivateFrameworks/FaceCore.framework/Versions/A/FaceCore
0x0000000020007000 	/System/Library/Frameworks/OpenCL.framework/Versions/A/OpenCL
0x0000000020007000 	/usr/lib/libcompression.dylib
0x0000000020007000 	/System/Library/Frameworks/ApplicationServices.framework/Versions/A/Frameworks/ATS.framework/Versions/A/Resources/libFontParser.dylib
0x0000000020007000 	/System/Library/Frameworks/ApplicationServices.framework/Versions/A/Frameworks/ATS.framework/Versions/A/Resources/libFontRegistry.dylib
0x0000000020007000 	/System/Library/Frameworks/ImageIO.framework/Versions/A/Resources/libJPEG.dylib
0x0000000020007000 	/System/Library/Frameworks/ImageIO.framework/Versions/A/Resources/libTIFF.dylib
0x0000000020007000 	/System/Library/Frameworks/ImageIO.framework/Versions/A/Resources/libPng.dylib
0x0000000020007000 	/System/Library/Frameworks/ImageIO.framework/Versions/A/Resources/libGIF.dylib
0x0000000020007000 	/System/Library/Frameworks/ImageIO.framework/Versions/A/Resources/libJP2.dylib
0x0000000020007000 	/System/Library/Frameworks/ImageIO.framework/Versions/A/Resources/libRadiance.dylib
0x0000000020007000 	/System/Library/PrivateFrameworks/AppleJPEG.framework/Versions/A/AppleJPEG
0x0000000020007000 	/System/Library/PrivateFrameworks/MetalTools.framework/Versions/A/MetalTools
0x0000000020007000 	/System/Library/Frameworks/MetalPerformanceShaders.framework/Frameworks/MPSCore.framework/Versions/A/MPSCore
0x0000000020007000 	/System/Library/Frameworks/MetalPerformanceShaders.framework/Frameworks/MPSImage.framework/Versions/A/MPSImage
0x0000000020007000 	/System/Library/Frameworks/MetalPerformanceShaders.framework/Frameworks/MPSMatrix.framework/Versions/A/MPSMatrix
0x0000000020007000 	/System/Library/Frameworks/MetalPerformanceShaders.framework/Frameworks/MPSNeuralNetwork.framework/Versions/A/MPSNeuralNetwork
0x0000000020007000 	/System/Library/Frameworks/OpenGL.framework/Versions/A/Libraries/libGLU.dylib
0x0000000020007000 	/System/Library/Frameworks/OpenGL.framework/Versions/A/Libraries/libGFXShared.dylib
0x0000000020007000 	/System/Library/Frameworks/OpenGL.framework/Versions/A/Libraries/libGL.dylib
0x0000000020007000 	/System/Library/Frameworks/OpenGL.framework/Versions/A/Libraries/libGLImage.dylib
0x0000000020007000 	/System/Library/Frameworks/OpenGL.framework/Versions/A/Libraries/libCVMSPluginSupport.dylib
0x0000000020007000 	/System/Library/Frameworks/OpenGL.framework/Versions/A/Libraries/libCoreVMClient.dylib
0x0000000020007000 	/usr/lib/libcups.2.dylib
0x0000000020007000 	/System/Library/Frameworks/Kerberos.framework/Versions/A/Kerberos
0x0000000020007000 	/System/Library/Frameworks/GSS.framework/Versions/A/GSS
0x0000000020007000 	/usr/lib/libresolv.9.dylib
0x0000000020007000 	/usr/lib/libiconv.2.dylib
0x0000000020007000 	/System/Library/PrivateFrameworks/Heimdal.framework/Versions/A/Heimdal
0x0000000020007000 	/usr/lib/libheimdal-asn1.dylib
0x0000000020007000 	/System/Library/Frameworks/OpenDirectory.framework/Versions/A/OpenDirectory
0x0000000020007000 	/System/Library/PrivateFrameworks/CommonAuth.framework/Versions/A/CommonAuth
0x0000000020007000 	/System/Library/Frameworks/OpenDirectory.framework/Versions/A/Frameworks/CFOpenDirectory.framework/Versions/A/CFOpenDirectory
0x0000000020007000 	/System/Library/Frameworks/SecurityFoundation.framework/Versions/A/SecurityFoundation
0x0000000020007000 	/System/Library/PrivateFrameworks/APFS.framework/Versions/A/APFS
0x0000000020007000 	/usr/lib/libutil.dylib
0x0000000020007000 	/System/Library/PrivateFrameworks/AppleSauce.framework/Versions/A/AppleSauce
0x0000000020007000 	/System/Library/PrivateFrameworks/LinguisticData.framework/Versions/A/LinguisticData
0x0000000020007000 	/usr/lib/libmarisa.dylib
0x0000000020007000 	/System/Library/PrivateFrameworks/Lexicon.framework/Versions/A/Lexicon
0x0000000020007000 	/usr/lib/libChineseTokenizer.dylib
0x0000000020007000 	/usr/lib/libcmph.dylib
0x0000000020007000 	/System/Library/PrivateFrameworks/LanguageModeling.framework/Versions/A/LanguageModeling
0x0000000020007000 	/System/Library/PrivateFrameworks/CoreEmoji.framework/Versions/A/CoreEmoji
0x0000000020007000 	/System/Library/Frameworks/ServiceManagement.framework/Versions/A/ServiceManagement
0x0000000020007000 	/System/Library/PrivateFrameworks/BackgroundTaskManagement.framework/Versions/A/BackgroundTaskManagement
0x0000000020007000 	/usr/lib/libxslt.1.dylib
0x0000000020007000 	/System/Library/Frameworks/Carbon.framework/Versions/A/Frameworks/Ink.framework/Versions/A/Ink
0x0000000020007000 	/System/Library/PrivateFrameworks/TextureIO.framework/Versions/A/TextureIO
0x0000000020007000 	/usr/lib/libate.dylib
0x0000000020007000 	/System/Library/PrivateFrameworks/CrashReporterSupport.framework/Versions/A/CrashReporterSupport
0x0000000020007000 	/System/Library/PrivateFrameworks/Sharing.framework/Versions/A/Sharing
0x0000000020007000 	/System/Library/PrivateFrameworks/IconServices.framework/Versions/A/IconServices
0x0000000020007000 	/System/Library/PrivateFrameworks/ProtocolBuffer.framework/Versions/A/ProtocolBuffer
0x0000000020007000 	/System/Library/PrivateFrameworks/Apple80211.framework/Versions/A/Apple80211
0x0000000020007000 	/System/Library/Frameworks/CoreWLAN.framework/Versions/A/CoreWLAN
0x0000000020007000 	/System/Library/PrivateFrameworks/CoreUtils.framework/Versions/A/CoreUtils
0x0000000020007000 	/System/Library/Frameworks/IOBluetooth.framework/Versions/A/IOBluetooth
0x0000000020007000 	/System/Library/PrivateFrameworks/CoreWiFi.framework/Versions/A/CoreWiFi
0x0000000020007000 	/System/Library/Frameworks/CoreBluetooth.framework/Versions/A/CoreBluetooth
0x0000000020007000 	/System/Library/PrivateFrameworks/SignpostNotification.framework/Versions/A/SignpostNotification
0x0000000020007000 	/System/Library/PrivateFrameworks/DebugSymbols.framework/Versions/A/DebugSymbols
0x0000000020007000 	/System/Library/PrivateFrameworks/CoreSymbolication.framework/Versions/A/CoreSymbolication
0x0000000020007000 	/System/Library/PrivateFrameworks/Symbolication.framework/Versions/A/Symbolication
0x0000000020007000 	/System/Library/PrivateFrameworks/AppleFSCompression.framework/Versions/A/AppleFSCompression
0x0000000020007000 	/System/Library/PrivateFrameworks/SpeechRecognitionCore.framework/Versions/A/SpeechRecognitionCore
0x000000010a000000 	/Library/Java/JavaVirtualMachines/jdk1.8.0_101.jdk/Contents/Home/jre/lib/server/libjvm.dylib
0x0000000020007000 	/usr/lib/libstdc++.6.0.9.dylib
0x00000001097a7000 	/Library/Java/JavaVirtualMachines/jdk1.8.0_101.jdk/Contents/Home/jre/lib/libverify.dylib
0x00000001097b5000 	/Library/Java/JavaVirtualMachines/jdk1.8.0_101.jdk/Contents/Home/jre/lib/libjava.dylib
0x00000001097f4000 	/Library/Java/JavaVirtualMachines/jdk1.8.0_101.jdk/Contents/Home/jre/lib/libzip.dylib
0x0000000020007000 	/System/Library/Frameworks/JavaVM.framework/Versions/A/Frameworks/JavaRuntimeSupport.framework/Versions/A/JavaRuntimeSupport
0x0000000020007000 	/System/Library/Frameworks/JavaVM.framework/Versions/A/Frameworks/JavaNativeFoundation.framework/Versions/A/JavaNativeFoundation
0x0000000020007000 	/System/Library/Frameworks/JavaVM.framework/Versions/A/JavaVM
0x0000000020007000 	/System/Library/Frameworks/Carbon.framework/Versions/A/Carbon
0x0000000020007000 	/System/Library/PrivateFrameworks/JavaLaunching.framework/Versions/A/JavaLaunching
0x0000000020007000 	/System/Library/Frameworks/Carbon.framework/Versions/A/Frameworks/CommonPanels.framework/Versions/A/CommonPanels
0x0000000020007000 	/System/Library/Frameworks/Carbon.framework/Versions/A/Frameworks/Help.framework/Versions/A/Help
0x0000000020007000 	/System/Library/Frameworks/Carbon.framework/Versions/A/Frameworks/ImageCapture.framework/Versions/A/ImageCapture
0x0000000020007000 	/System/Library/Frameworks/Carbon.framework/Versions/A/Frameworks/OpenScripting.framework/Versions/A/OpenScripting
0x0000000020007000 	/System/Library/Frameworks/Carbon.framework/Versions/A/Frameworks/Print.framework/Versions/A/Print
0x0000000020007000 	/System/Library/Frameworks/Carbon.framework/Versions/A/Frameworks/SecurityHI.framework/Versions/A/SecurityHI
0x00000001223a7000 	/Library/Java/JavaVirtualMachines/jdk1.8.0_101.jdk/Contents/Home/jre/lib/libawt.dylib
0x000000012244f000 	/Library/Java/JavaVirtualMachines/jdk1.8.0_101.jdk/Contents/Home/jre/lib/./libmlib_image.dylib
0x000000012251b000 	/Library/Java/JavaVirtualMachines/jdk1.8.0_101.jdk/Contents/Home/jre/lib/libawt_lwawt.dylib
0x00000001225d0000 	/Library/Java/JavaVirtualMachines/jdk1.8.0_101.jdk/Contents/Home/jre/lib/./libosxapp.dylib
0x0000000020007000 	/System/Library/Frameworks/ExceptionHandling.framework/Versions/A/ExceptionHandling
0x0000000020007000 	/System/Library/PrivateFrameworks/CoreServicesInternal.framework/Versions/A/CoreServicesInternal
0x0000000020007000 	/System/Library/CoreServices/RawCamera.bundle/Contents/MacOS/RawCamera
0x0000000020007000 	/System/Library/PrivateFrameworks/MobileAsset.framework/Versions/A/MobileAsset
0x0000000020007000 	/System/Library/PrivateFrameworks/StreamingZip.framework/Versions/A/StreamingZip
0x0000000020007000 	/System/Library/Frameworks/MediaToolbox.framework/Versions/A/MediaToolbox
0x0000000020007000 	/System/Library/PrivateFrameworks/CoreAVCHD.framework/Versions/A/CoreAVCHD
0x0000000020007000 	/System/Library/Frameworks/MediaAccessibility.framework/Versions/A/MediaAccessibility
0x0000000020007000 	/System/Library/PrivateFrameworks/Mangrove.framework/Versions/A/Mangrove
0x0000000020007000 	/System/Library/Frameworks/CoreMedia.framework/Versions/A/CoreMedia
0x0000000020007000 	/System/Library/Frameworks/VideoToolbox.framework/Versions/A/VideoToolbox
0x0000000020007000 	/System/Library/PrivateFrameworks/CoreAUC.framework/Versions/A/CoreAUC
0x0000000020007000 	/usr/lib/libspindump.dylib
0x0000000020007000 	/usr/lib/libdscsym.dylib
0x0000000020007000 	/System/Library/PrivateFrameworks/AppleVA.framework/Versions/A/AppleVA
0x0000000020007000 	/System/Library/Frameworks/Accelerate.framework/Versions/A/Frameworks/vImage.framework/Versions/A/Libraries/libCGInterfaces.dylib
0x0000000020007000 	/System/Library/Frameworks/ApplicationServices.framework/Versions/A/Frameworks/ATS.framework/Versions/A/Resources/libTrueTypeScaler.dylib
0x0000000020007000 	/System/Library/Frameworks/OpenGL.framework/Versions/A/Resources/GLEngine.bundle/GLEngine
0x0000000020007000 	/System/Library/Frameworks/OpenGL.framework/Versions/A/Libraries/libGLProgrammability.dylib
0x0000000124762000 	/System/Library/Extensions/AppleIntelBDWGraphicsGLDriver.bundle/Contents/MacOS/AppleIntelBDWGraphicsGLDriver
0x0000000020007000 	/System/Library/PrivateFrameworks/GPUSupport.framework/Versions/A/Libraries/libGPUSupportMercury.dylib
0x0000000020007000 	/System/Library/Frameworks/OpenGL.framework/Versions/A/Resources/GLRendererFloat.bundle/GLRendererFloat
0x0000000020007000 	/System/Library/Frameworks/OpenCL.framework/Versions/A/Libraries/libcldcpuengine.dylib
0x0000000020007000 	/usr/lib/libcrypto.35.dylib
0x0000000020007000 	/System/Library/PrivateFrameworks/TrustEvaluationAgent.framework/Versions/A/TrustEvaluationAgent
0x0000000020007000 	/System/Library/Extensions/AppleIntelBDWGraphicsMTLDriver.bundle/Contents/MacOS/AppleIntelBDWGraphicsMTLDriver
0x0000000020007000 	/System/Library/PrivateFrameworks/GPUCompiler.framework/Versions/3802/Libraries/libmetal_timestamp.dylib
0x0000000020007000 	/System/Library/PrivateFrameworks/FamilyControls.framework/Versions/A/FamilyControls
0x0000000020007000 	/System/Library/PrivateFrameworks/CommerceKit.framework/Versions/A/Frameworks/CommerceCore.framework/Versions/A/CommerceCore
0x0000000020007000 	/System/Library/PrivateFrameworks/SystemAdministration.framework/Versions/A/SystemAdministration
0x0000000020007000 	/System/Library/PrivateFrameworks/AppContainer.framework/Versions/A/AppContainer
0x0000000020007000 	/System/Library/PrivateFrameworks/SecCodeWrapper.framework/Versions/A/SecCodeWrapper
0x0000000020007000 	/System/Library/PrivateFrameworks/DiskManagement.framework/Versions/A/DiskManagement
0x0000000020007000 	/System/Library/Frameworks/DirectoryService.framework/Versions/A/DirectoryService
0x0000000020007000 	/System/Library/PrivateFrameworks/DiskImages.framework/Versions/A/DiskImages
0x0000000020007000 	/System/Library/PrivateFrameworks/LoginUIKit.framework/Versions/A/Frameworks/LoginUICore.framework/Versions/A/LoginUICore
0x0000000020007000 	/usr/lib/libCoreStorage.dylib
0x0000000020007000 	/usr/lib/libcsfde.dylib
0x0000000020007000 	/usr/lib/libodfde.dylib
0x0000000020007000 	/System/Library/PrivateFrameworks/MediaKit.framework/Versions/A/MediaKit
0x0000000020007000 	/System/Library/Frameworks/DiscRecording.framework/Versions/A/DiscRecording
0x0000000020007000 	/System/Library/PrivateFrameworks/EFILogin.framework/Versions/A/EFILogin
0x0000000020007000 	/System/Library/PrivateFrameworks/ProtectedCloudStorage.framework/Versions/A/ProtectedCloudStorage
0x0000000020007000 	/usr/lib/libcurl.4.dylib
0x0000000020007000 	/usr/lib/libssl.35.dylib
0x0000000020007000 	/System/Library/Frameworks/LDAP.framework/Versions/A/LDAP
0x0000000020007000 	/usr/lib/libsasl2.2.dylib
0x0000000020007000 	/System/Library/PrivateFrameworks/CoreDaemon.framework/Versions/B/CoreDaemon
0x0000000020007000 	/System/Library/PrivateFrameworks/AppleSRP.framework/Versions/A/AppleSRP
0x0000000125e94000 	/Library/Java/JavaVirtualMachines/jdk1.8.0_101.jdk/Contents/Home/jre/lib/libfontmanager.dylib
0x0000000127190000 	/Library/Java/JavaVirtualMachines/jdk1.8.0_101.jdk/Contents/Home/jre/lib/libosxui.dylib
0x0000000020007000 	/System/Library/PrivateFrameworks/ViewBridge.framework/Versions/A/ViewBridge
0x0000000128301000 	/Library/Java/JavaVirtualMachines/jdk1.8.0_101.jdk/Contents/Home/jre/lib/libnet.dylib
0x0000000128360000 	/Library/Java/JavaVirtualMachines/jdk1.8.0_101.jdk/Contents/Home/jre/lib/libnio.dylib
0x00000001236dd000 	/private/var/folders/pw/kw08pl9n6yzcxbqgsc_vpf_h0000gn/T/jogamp_0000/file_cache/jln5180047239231370154/jln5094737984665926341/libgluegen-rt.jnilib
0x00000001236e2000 	/private/var/folders/pw/kw08pl9n6yzcxbqgsc_vpf_h0000gn/T/jogamp_0000/file_cache/jln5180047239231370154/jln5094737984665926341/libnativewindow_awt.jnilib
0x00000001236e5000 	/Library/Java/JavaVirtualMachines/jdk1.8.0_101.jdk/Contents/Home/jre/lib/libjawt.dylib
0x00000001236e8000 	/private/var/folders/pw/kw08pl9n6yzcxbqgsc_vpf_h0000gn/T/jogamp_0000/file_cache/jln5180047239231370154/jln5094737984665926341/libnativewindow_macosx.jnilib
0x000000015f1ab000 	/private/var/folders/pw/kw08pl9n6yzcxbqgsc_vpf_h0000gn/T/jogamp_0000/file_cache/jln5180047239231370154/jln5094737984665926341/libjogl_desktop.jnilib

VM Arguments:
jvm_args: -Djava.security.policy=java.policy.applet -Dfile.encoding=UTF-8 
java_command: sun.applet.AppletViewer demos.EarthquakeCityMapDemo1519836365942.html
java_class_path (initial): /Users/kathyshannon/Documents/workspace/UCSDUnfoldingMaps/build:/Users/kathyshannon/Documents/workspace/UCSDUnfoldingMaps/lib/core.jar:/Users/kathyshannon/Documents/workspace/UCSDUnfoldingMaps/lib/gluegen-rt.jar:/Users/kathyshannon/Documents/workspace/UCSDUnfoldingMaps/lib/jogl-all.jar:/Users/kathyshannon/Documents/workspace/UCSDUnfoldingMaps/lib/log4j-1.2.15.jar:/Users/kathyshannon/Documents/workspace/UCSDUnfoldingMaps/lib/sqlite-jdbc-3.7.2.jar:/Users/kathyshannon/Documents/workspace/UCSDUnfoldingMaps/lib/json4processing.jar:/Users/kathyshannon/Documents/workspace/UCSDUnfoldingMaps/lib/libTUIO.jar:/Users/kathyshannon/Documents/workspace/UCSDUnfoldingMaps/lib/unfolding.0.9.7-uscd.jar
Launcher Type: SUN_STANDARD

Environment Variables:
PATH=/usr/bin:/bin:/usr/sbin:/sbin
SHELL=/bin/bash
DISPLAY=/private/tmp/com.apple.launchd.MUWqX9qNov/org.macosforge.xquartz:0

Signal Handlers:
SIGSEGV: [libjvm.dylib+0x5af145], sa_mask[0]=11111111011111110111111111111111, sa_flags=SA_ONSTACK|SA_RESTART|SA_SIGINFO
SIGBUS: [libjvm.dylib+0x5af145], sa_mask[0]=11111111011111110111111111111111, sa_flags=SA_RESTART|SA_SIGINFO
SIGFPE: [libjvm.dylib+0x48694c], sa_mask[0]=11111111011111110111111111111111, sa_flags=SA_RESTART|SA_SIGINFO
SIGPIPE: [libjvm.dylib+0x48694c], sa_mask[0]=11111111011111110111111111111111, sa_flags=SA_RESTART|SA_SIGINFO
SIGXFSZ: [libjvm.dylib+0x48694c], sa_mask[0]=11111111011111110111111111111111, sa_flags=SA_RESTART|SA_SIGINFO
SIGILL: [libjvm.dylib+0x48694c], sa_mask[0]=11111111011111110111111111111111, sa_flags=SA_RESTART|SA_SIGINFO
SIGUSR1: SIG_DFL, sa_mask[0]=00000000000000000000000000000000, sa_flags=none
SIGUSR2: [libjvm.dylib+0x48646a], sa_mask[0]=00100000000000000000000000000000, sa_flags=SA_RESTART|SA_SIGINFO
SIGHUP: [libjvm.dylib+0x484a41], sa_mask[0]=11111111011111110111111111111111, sa_flags=SA_RESTART|SA_SIGINFO
SIGINT: [libjvm.dylib+0x484a41], sa_mask[0]=11111111011111110111111111111111, sa_flags=SA_RESTART|SA_SIGINFO
SIGTERM: [libjvm.dylib+0x484a41], sa_mask[0]=11111111011111110111111111111111, sa_flags=SA_RESTART|SA_SIGINFO
SIGQUIT: [libjvm.dylib+0x484a41], sa_mask[0]=11111111011111110111111111111111, sa_flags=SA_RESTART|SA_SIGINFO


---------------  S Y S T E M  ---------------

OS:Bsduname:Darwin 17.4.0 Darwin Kernel Version 17.4.0: Sun Dec 17 09:19:54 PST 2017; root:xnu-4570.41.2~1/RELEASE_X86_64 x86_64
rlimit: STACK 8192k, CORE 0k, NPROC 709, NOFILE 10240, AS infinity
load average:1.76 1.75 1.69

CPU:total 4 (4 cores per cpu, 1 threads per core) family 6 model 71 stepping 1, cmov, cx8, fxsr, mmx, sse, sse2, sse3, ssse3, sse4.1, sse4.2, popcnt, avx, avx2, aes, clmul, erms, rtm, 3dnowpref, lzcnt, tsc, tscinvbit, bmi1, bmi2, adx

Memory: 4k page, physical 8388608k(145760k free)

/proc/meminfo:


vm_info: Java HotSpot(TM) 64-Bit Server VM (25.101-b13) for bsd-amd64 JRE (1.8.0_101-b13), built on Jun 22 2016 02:42:15 by "java_re" with gcc 4.2.1 (Based on Apple Inc. build 5658) (LLVM build 2336.11.00)

time: Wed Feb 28 08:46:17 2018
elapsed time: 11 seconds (0d 0h 0m 11s)

