#
# A fatal error has been detected by the Java Runtime Environment:
#
#  SIGSEGV (0xb) at pc=0x00007fff76566181, pid=966, tid=0x0000000000000307
#
# JRE version: Java(TM) SE Runtime Environment (8.0_101-b13) (build 1.8.0_101-b13)
# Java VM: Java HotSpot(TM) 64-Bit Server VM (25.101-b13 mixed mode bsd-amd64 compressed oops)
# Problematic frame:
# C  [libobjc.A.dylib+0x9181]  objc_release+0x21
#
# Failed to write core dump. Core dumps have been disabled. To enable core dumping, try "ulimit -c unlimited" before starting Java again
#
# If you would like to submit a bug report, please visit:
#   http://bugreport.java.com/bugreport/crash.jsp
# The crash happened outside the Java Virtual Machine in native code.
# See problematic frame for where to report the bug.
#

---------------  T H R E A D  ---------------

Current thread (0x00007f9bd782c000):  JavaThread "AWT-AppKit" daemon [_thread_in_native, id=775, stack(0x00007ffeed925000,0x00007ffeee125000)]

siginfo: si_signo: 11 (SIGSEGV), si_code: 0 (unknown), si_addr: 0x0000000000000000

Registers:
RAX=0x00007ffffffffff8, RBX=0x0000000000000000, RCX=0x0000000000000003, RDX=0x00007f9bda3ce588
RSP=0x00007ffeee120200, RBP=0x00007ffeee120200, RSI=0x0000000105ee0f30, RDI=0x500007f9bd5d5aa6
R8 =0x000000000000003f, R9 =0x0000000000000000, R10=0x000000011bac0840, R11=0x00007f9bd634cf80
R12=0x0000000000000000, R13=0x000000015d3a4af0, R14=0x00007f9bd5dcfde0, R15=0x00007f9bd782c000
RIP=0x00007fff76566181, EFLAGS=0x0000000000010246, ERR=0x0000000000000000
  TRAPNO=0x000000000000000d

Top of Stack: (sp=0x00007ffeee120200)
0x00007ffeee120200:   00007ffeee120230 0000000105e6a267
0x00007ffeee120210:   00000000441f8000 000000011bac0450
0x00007ffeee120220:   000000011bac0440 00007f9bd782c000
0x00007ffeee120230:   00007ffeee1202f0 000000011babe215
0x00007ffeee120240:   000000011bac0700 000000011bac06e0
0x00007ffeee120250:   000000011bac04b0 0000000000000000
0x00007ffeee120260:   000000015d3a4af0 000000015d3a4af0
0x00007ffeee120270:   00007f9bda3ce580 000000011bac06a0
0x00007ffeee120280:   000000011bac0710 00007fffa9a94b88
0x00007ffeee120290:   00007fffab1a1fc8 000000011bac0450
0x00007ffeee1202a0:   000000011bac0690 00007f9bda3ce580
0x00007ffeee1202b0:   00007f9bd5dcfde0 00007f9bda2a0590
0x00007ffeee1202c0:   00007f9bda3ce580 00007f9bd5dcfde0
0x00007ffeee1202d0:   00007ffeee120378 00007f9bd782c1f8
0x00007ffeee1202e0:   000000015d3a4af0 00007ffeee1203a0
0x00007ffeee1202f0:   00007ffeee120368 00000001064ef9d4
0x00007ffeee120300:   000000015d3a4af0 00007ffeee1203a0
0x00007ffeee120310:   00007ffeee120368 00000001064ef767
0x00007ffeee120320:   00000001064ef722 00007ffeee120328
0x00007ffeee120330:   000000015d3a4af0 00007ffeee1203a0
0x00007ffeee120340:   000000015d3a7728 0000000000000000
0x00007ffeee120350:   000000015d3a4af0 0000000000000000
0x00007ffeee120360:   00007ffeee120388 00007ffeee1203e8
0x00007ffeee120370:   00000001064e02bd 000000074055eed0
0x00007ffeee120380:   00000001064e9538 00007f9bda3ce580
0x00007ffeee120390:   00007ffeee1203e8 00007f9bd5dcfde0
0x00007ffeee1203a0:   00000001064eae02 00007ffeee1203a8
0x00007ffeee1203b0:   000000015d3a4cba 00007ffeee120410
0x00007ffeee1203c0:   000000015d3a7728 0000000000000000
0x00007ffeee1203d0:   000000015d3a4cc8 00007ffeee120388
0x00007ffeee1203e0:   00007ffeee1203f8 00007ffeee120458
0x00007ffeee1203f0:   00000001064e02bd 00007f9bda3ce580 

Instructions: (pc=0x00007fff76566181)
0x00007fff76566161:   48 89 e5 48 85 ff 0f 84 9c 00 00 00 40 f6 c7 01
0x00007fff76566171:   0f 85 92 00 00 00 48 b8 f8 ff ff ff ff 7f 00 00
0x00007fff76566181:   48 23 07 f6 40 20 02 74 5e 48 b9 00 00 00 00 00
0x00007fff76566191:   00 00 01 48 ba 00 00 00 00 00 00 40 00 48 8b 07 

Register to memory mapping:

RAX=0x00007ffffffffff8 is an unknown value
RBX=0x0000000000000000 is an unknown value
RCX=0x0000000000000003 is an unknown value
RDX=0x00007f9bda3ce588 is an unknown value
RSP=0x00007ffeee120200 is pointing into the stack for thread: 0x00007f9bd782c000
RBP=0x00007ffeee120200 is pointing into the stack for thread: 0x00007f9bd782c000
RSI=0x0000000105ee0f30: OBJC_IVAR_$_PrinterView.fCurPeekGraphics+0x1aa8 in /Library/Java/JavaVirtualMachines/jdk1.8.0_101.jdk/Contents/Home/jre/lib/libawt_lwawt.dylib at 0x0000000105e66000
RDI=0x500007f9bd5d5aa6 is an unknown value
R8 =0x000000000000003f is an unknown value
R9 =0x0000000000000000 is an unknown value
R10=0x000000011bac0840: OBJC_CLASS_$_MyCALayer+0 in /private/var/folders/pw/kw08pl9n6yzcxbqgsc_vpf_h0000gn/T/jogamp_0000/file_cache/jln5058376717114245515/jln5765435518083152306/libnativewindow_macosx.jnilib at 0x000000011bab9000
R11=0x00007f9bd634cf80 is an unknown value
R12=0x0000000000000000 is an unknown value
R13={method} {0x000000015d3a4af0} 'UnsetJAWTRootSurfaceLayer0' '(JJ)V' in 'jogamp/nativewindow/jawt/macosx/MacOSXJAWTWindow'
R14=0x00007f9bd5dcfde0 is an unknown value
R15=0x00007f9bd782c000 is a thread


Stack: [0x00007ffeed925000,0x00007ffeee125000],  sp=0x00007ffeee120200,  free space=8172k
Native frames: (J=compiled Java code, j=interpreted, Vv=VM code, C=native code)
C  [libobjc.A.dylib+0x9181]  objc_release+0x21
C  [libawt_lwawt.dylib+0x4267]  -[AWTSurfaceLayers setLayer:]+0x54
C  [libnativewindow_macosx.jnilib+0x5215]  Java_jogamp_nativewindow_jawt_macosx_MacOSXJAWTWindow_UnsetJAWTRootSurfaceLayer0+0x1a5
j  jogamp.nativewindow.jawt.macosx.MacOSXJAWTWindow.UnsetJAWTRootSurfaceLayer0(JJ)V+0
j  jogamp.nativewindow.jawt.macosx.MacOSXJAWTWindow.access$200(JJ)V+2
j  jogamp.nativewindow.jawt.macosx.MacOSXJAWTWindow$1.run()V+38
J 2799 C1 com.jogamp.common.util.RunnableTask.run()V (345 bytes) @ 0x0000000106e6c9d4 [0x0000000106e6c840+0x194]
v  ~StubRoutines::call_stub
V  [libjvm.dylib+0x2ecf06]  JavaCalls::call_helper(JavaValue*, methodHandle*, JavaCallArguments*, Thread*)+0x6ae
V  [libjvm.dylib+0x324111]  jni_invoke_nonstatic(JNIEnv_*, JavaValue*, _jobject*, JNICallType, _jmethodID*, JNI_ArgumentPusher*, Thread*)+0x2ec
V  [libjvm.dylib+0x3168df]  jni_CallVoidMethod+0x16b
C  [libnativewindow_macosx.jnilib+0x5326]  Java_jogamp_nativewindow_jawt_macosx_MacOSXJAWTWindow_UnsetJAWTRootSurfaceLayer0+0x2b6
C  [Foundation+0x681c5]  __NSThreadPerformPerform+0x14e
C  [CoreFoundation+0xa3721]  __CFRUNLOOP_IS_CALLING_OUT_TO_A_SOURCE0_PERFORM_FUNCTION__+0x11
C  [CoreFoundation+0x15d0ac]  __CFRunLoopDoSource0+0x6c
C  [CoreFoundation+0x862bc]  __CFRunLoopDoSources0+0x12c
C  [CoreFoundation+0x856dd]  __CFRunLoopRun+0x50d
C  [CoreFoundation+0x84f43]  CFRunLoopRunSpecific+0x1e3
C  [HIToolbox+0x2fe26]  RunCurrentEventLoopInMode+0x11e
C  [HIToolbox+0x2fa9f]  ReceiveNextEventCommon+0x16e
C  [HIToolbox+0x2f914]  _BlockUntilNextEventMatchingListInModeWithFilter+0x40
C  [AppKit+0x41f5f]  _DPSNextEvent+0x825
C  [AppKit+0x7d7b4c]  -[NSApplication(NSEvent) _nextEventMatchingEventMask:untilDate:inMode:dequeue:]+0xbe4
C  [libosxapp.dylib+0x23aa]  -[NSApplicationAWT nextEventMatchingMask:untilDate:inMode:dequeue:]+0x7c
C  [AppKit+0x36d6d]  -[NSApplication run]+0x2fc
C  [libosxapp.dylib+0x214d]  +[NSApplicationAWT runAWTLoopWithApp:]+0x9c
C  [libawt_lwawt.dylib+0x444b3]  -[AWTStarter starter:]+0x389
C  [Foundation+0x681c5]  __NSThreadPerformPerform+0x14e
C  [CoreFoundation+0xa3721]  __CFRUNLOOP_IS_CALLING_OUT_TO_A_SOURCE0_PERFORM_FUNCTION__+0x11
C  [CoreFoundation+0x15d0ac]  __CFRunLoopDoSource0+0x6c
C  [CoreFoundation+0x86260]  __CFRunLoopDoSources0+0xd0
C  [CoreFoundation+0x856dd]  __CFRunLoopRun+0x50d
C  [CoreFoundation+0x84f43]  CFRunLoopRunSpecific+0x1e3
C  [java+0x6465]  CreateExecutionEnvironment+0x367
C  [java+0x218c]  JLI_Launch+0x7a0
C  [java+0x84c2]  main+0x65
C  [java+0x19e4]  start+0x34
C  0x0000000000000007

Java frames: (J=compiled Java code, j=interpreted, Vv=VM code)
j  jogamp.nativewindow.jawt.macosx.MacOSXJAWTWindow.UnsetJAWTRootSurfaceLayer0(JJ)V+0
j  jogamp.nativewindow.jawt.macosx.MacOSXJAWTWindow.access$200(JJ)V+2
j  jogamp.nativewindow.jawt.macosx.MacOSXJAWTWindow$1.run()V+38
J 2799 C1 com.jogamp.common.util.RunnableTask.run()V (345 bytes) @ 0x0000000106e6c9d4 [0x0000000106e6c840+0x194]
v  ~StubRoutines::call_stub

---------------  P R O C E S S  ---------------

Java Threads: ( => current thread )
  0x00007f9bd74d9000 JavaThread "Thread-19" [_thread_blocked, id=54307, stack(0x0000700005d92000,0x0000700005e92000)]
  0x00007f9bd696b000 JavaThread "AWT-EventQueue-1" [_thread_in_native, id=53791, stack(0x0000700005b89000,0x0000700005c89000)]
  0x00007f9bd78bb800 JavaThread "DestroyJavaVM" [_thread_blocked, id=6147, stack(0x00007000044be000,0x00007000045be000)]
  0x00007f9bd79c8000 JavaThread "AWT-EventQueue-0" [_thread_blocked, id=48671, stack(0x0000700005900000,0x0000700005a00000)]
  0x00007f9bd798f000 JavaThread "Java2D Disposer" daemon [_thread_blocked, id=47371, stack(0x0000700005677000,0x0000700005777000)]
  0x00007f9bd796d000 JavaThread "Java2D Queue Flusher" daemon [_thread_blocked, id=79623, stack(0x0000700005574000,0x0000700005674000)]
  0x00007f9bd7172800 JavaThread "AWT-Shutdown" [_thread_blocked, id=25643, stack(0x000070000536b000,0x000070000546b000)]
=>0x00007f9bd782c000 JavaThread "AWT-AppKit" daemon [_thread_in_native, id=775, stack(0x00007ffeed925000,0x00007ffeee125000)]
  0x00007f9bd6851000 JavaThread "Service Thread" daemon [_thread_blocked, id=17411, stack(0x00007000050e2000,0x00007000051e2000)]
  0x00007f9bd6836000 JavaThread "C1 CompilerThread2" daemon [_thread_blocked, id=17667, stack(0x0000700004fdf000,0x00007000050df000)]
  0x00007f9bd605e000 JavaThread "C2 CompilerThread1" daemon [_thread_blocked, id=18179, stack(0x0000700004edc000,0x0000700004fdc000)]
  0x00007f9bd7000000 JavaThread "C2 CompilerThread0" daemon [_thread_blocked, id=18435, stack(0x0000700004dd9000,0x0000700004ed9000)]
  0x00007f9bd6044800 JavaThread "Signal Dispatcher" daemon [_thread_blocked, id=13323, stack(0x0000700004cd6000,0x0000700004dd6000)]
  0x00007f9bd7008800 JavaThread "Finalizer" daemon [_thread_blocked, id=20995, stack(0x0000700004bd3000,0x0000700004cd3000)]
  0x00007f9bd7006000 JavaThread "Reference Handler" daemon [_thread_blocked, id=21251, stack(0x0000700004ad0000,0x0000700004bd0000)]

Other Threads:
  0x00007f9bd6042800 VMThread [stack: 0x00007000049cd000,0x0000700004acd000] [id=11523]
  0x00007f9bd700a000 WatcherThread [stack: 0x00007000051e5000,0x00007000052e5000] [id=14339]

VM state:not at safepoint (normal execution)

VM Mutex/Monitor currently owned by a thread: None

Heap:
 PSYoungGen      total 68608K, used 20403K [0x0000000795580000, 0x000000079a600000, 0x00000007c0000000)
  eden space 57856K, 26% used [0x0000000795580000,0x00000007964bcdc8,0x0000000798e00000)
  from space 10752K, 44% used [0x0000000799b80000,0x000000079a0300a0,0x000000079a600000)
  to   space 12288K, 0% used [0x0000000798e00000,0x0000000798e00000,0x0000000799a00000)
 ParOldGen       total 67584K, used 16770K [0x0000000740000000, 0x0000000744200000, 0x0000000795580000)
  object space 67584K, 24% used [0x0000000740000000,0x0000000741060b60,0x0000000744200000)
 Metaspace       used 24070K, capacity 24331K, committed 24832K, reserved 1071104K
  class space    used 2367K, capacity 2482K, committed 2560K, reserved 1048576K

Card table byte_map: [0x00000001037c0000,0x0000000103bc1000] byte_map_base: 0x00000000ffdc0000

Marking Bits: (ParMarkBitMap*) 0x0000000102401d20
 Begin Bits: [0x00000001154d8000, 0x00000001174d8000)
 End Bits:   [0x00000001174d8000, 0x00000001194d8000)

Polling page: 0x0000000102af4000

CodeCache: size=245760Kb used=10452Kb max_used=11648Kb free=235307Kb
 bounds [0x00000001064d8000, 0x0000000107068000, 0x00000001154d8000]
 total_blobs=3925 nmethods=3007 adapters=831
 compilation: enabled

Compilation events (10 events):
Event: 31.528 Thread 0x00007f9bd605e000 3334       4       java.util.HashSet::add (20 bytes)
Event: 31.537 Thread 0x00007f9bd605e000 nmethod 3334 0x0000000107008f10 code [0x0000000107009100, 0x0000000107009a08]
Event: 32.081 Thread 0x00007f9bd7000000 3335       4       jogamp.opengl.glu.tessellator.Mesh::__gl_meshMakeEdge (76 bytes)
Event: 32.091 Thread 0x00007f9bd7000000 nmethod 3335 0x0000000106924a90 code [0x0000000106924c40, 0x0000000106925418]
Event: 32.444 Thread 0x00007f9bd6836000 3336   !   3       sun.lwawt.LWComponentPeer::isShowing (49 bytes)
Event: 32.444 Thread 0x00007f9bd6836000 nmethod 3336 0x000000010680b910 code [0x000000010680bac0, 0x000000010680c3c8]
Event: 32.457 Thread 0x00007f9bd6836000 3337       1       sun.java2d.SurfaceData::isValid (5 bytes)
Event: 32.457 Thread 0x00007f9bd6836000 nmethod 3337 0x0000000106be3a50 code [0x0000000106be3ba0, 0x0000000106be3cb0]
Event: 32.457 Thread 0x00007f9bd6836000 3338       3       sun.java2d.pipe.RenderBuffer::putFloat (26 bytes)
Event: 32.457 Thread 0x00007f9bd6836000 nmethod 3338 0x00000001066068d0 code [0x0000000106606a40, 0x0000000106606bd0]

GC Heap History (10 events):
Event: 5.789 GC heap before
{Heap before GC invocations=5 (full 1):
 PSYoungGen      total 38400K, used 38368K [0x0000000795580000, 0x0000000798e00000, 0x00000007c0000000)
  eden space 33280K, 100% used [0x0000000795580000,0x0000000797600000,0x0000000797600000)
  from space 5120K, 99% used [0x0000000797600000,0x0000000797af80e0,0x0000000797b00000)
  to   space 5120K, 0% used [0x0000000798900000,0x0000000798900000,0x0000000798e00000)
 ParOldGen       total 67584K, used 15058K [0x0000000740000000, 0x0000000744200000, 0x0000000795580000)
  object space 67584K, 22% used [0x0000000740000000,0x0000000740eb4b00,0x0000000744200000)
 Metaspace       used 23689K, capacity 23973K, committed 24320K, reserved 1071104K
  class space    used 2359K, capacity 2449K, committed 2560K, reserved 1048576K
Event: 5.793 GC heap after
Heap after GC invocations=5 (full 1):
 PSYoungGen      total 51200K, used 5088K [0x0000000795580000, 0x0000000798e00000, 0x00000007c0000000)
  eden space 46080K, 0% used [0x0000000795580000,0x0000000795580000,0x0000000798280000)
  from space 5120K, 99% used [0x0000000798900000,0x0000000798df80e0,0x0000000798e00000)
  to   space 5120K, 0% used [0x0000000798400000,0x0000000798400000,0x0000000798900000)
 ParOldGen       total 67584K, used 16730K [0x0000000740000000, 0x0000000744200000, 0x0000000795580000)
  object space 67584K, 24% used [0x0000000740000000,0x0000000741056b60,0x0000000744200000)
 Metaspace       used 23689K, capacity 23973K, committed 24320K, reserved 1071104K
  class space    used 2359K, capacity 2449K, committed 2560K, reserved 1048576K
}
Event: 11.008 GC heap before
{Heap before GC invocations=6 (full 1):
 PSYoungGen      total 51200K, used 51168K [0x0000000795580000, 0x0000000798e00000, 0x00000007c0000000)
  eden space 46080K, 100% used [0x0000000795580000,0x0000000798280000,0x0000000798280000)
  from space 5120K, 99% used [0x0000000798900000,0x0000000798df80e0,0x0000000798e00000)
  to   space 5120K, 0% used [0x0000000798400000,0x0000000798400000,0x0000000798900000)
 ParOldGen       total 67584K, used 16730K [0x0000000740000000, 0x0000000744200000, 0x0000000795580000)
  object space 67584K, 24% used [0x0000000740000000,0x0000000741056b60,0x0000000744200000)
 Metaspace       used 23949K, capacity 24171K, committed 24576K, reserved 1071104K
  class space    used 2360K, capacity 2450K, committed 2560K, reserved 1048576K
Event: 11.011 GC heap after
Heap after GC invocations=6 (full 1):
 PSYoungGen      total 52736K, used 5088K [0x0000000795580000, 0x000000079aa80000, 0x00000007c0000000)
  eden space 47616K, 0% used [0x0000000795580000,0x0000000795580000,0x0000000798400000)
  from space 5120K, 99% used [0x0000000798400000,0x00000007988f80e0,0x0000000798900000)
  to   space 12800K, 0% used [0x0000000799e00000,0x0000000799e00000,0x000000079aa80000)
 ParOldGen       total 67584K, used 16754K [0x0000000740000000, 0x0000000744200000, 0x0000000795580000)
  object space 67584K, 24% used [0x0000000740000000,0x000000074105cb60,0x0000000744200000)
 Metaspace       used 23949K, capacity 24171K, committed 24576K, reserved 1071104K
  class space    used 2360K, capacity 2450K, committed 2560K, reserved 1048576K
}
Event: 16.559 GC heap before
{Heap before GC invocations=7 (full 1):
 PSYoungGen      total 52736K, used 52704K [0x0000000795580000, 0x000000079aa80000, 0x00000007c0000000)
  eden space 47616K, 100% used [0x0000000795580000,0x0000000798400000,0x0000000798400000)
  from space 5120K, 99% used [0x0000000798400000,0x00000007988f80e0,0x0000000798900000)
  to   space 12800K, 0% used [0x0000000799e00000,0x0000000799e00000,0x000000079aa80000)
 ParOldGen       total 67584K, used 16754K [0x0000000740000000, 0x0000000744200000, 0x0000000795580000)
  object space 67584K, 24% used [0x0000000740000000,0x000000074105cb60,0x0000000744200000)
 Metaspace       used 24028K, capacity 24299K, committed 24832K, reserved 1071104K
  class space    used 2360K, capacity 2450K, committed 2560K, reserved 1048576K
Event: 16.562 GC heap after
Heap after GC invocations=7 (full 1):
 PSYoungGen      total 73216K, used 4832K [0x0000000795580000, 0x000000079aa00000, 0x00000007c0000000)
  eden space 60928K, 0% used [0x0000000795580000,0x0000000795580000,0x0000000799100000)
  from space 12288K, 39% used [0x0000000799e00000,0x000000079a2b80a0,0x000000079aa00000)
  to   space 12800K, 0% used [0x0000000799100000,0x0000000799100000,0x0000000799d80000)
 ParOldGen       total 67584K, used 16754K [0x0000000740000000, 0x0000000744200000, 0x0000000795580000)
  object space 67584K, 24% used [0x0000000740000000,0x000000074105cb60,0x0000000744200000)
 Metaspace       used 24028K, capacity 24299K, committed 24832K, reserved 1071104K
  class space    used 2360K, capacity 2450K, committed 2560K, reserved 1048576K
}
Event: 23.792 GC heap before
{Heap before GC invocations=8 (full 1):
 PSYoungGen      total 73216K, used 65760K [0x0000000795580000, 0x000000079aa00000, 0x00000007c0000000)
  eden space 60928K, 100% used [0x0000000795580000,0x0000000799100000,0x0000000799100000)
  from space 12288K, 39% used [0x0000000799e00000,0x000000079a2b80a0,0x000000079aa00000)
  to   space 12800K, 0% used [0x0000000799100000,0x0000000799100000,0x0000000799d80000)
 ParOldGen       total 67584K, used 16754K [0x0000000740000000, 0x0000000744200000, 0x0000000795580000)
  object space 67584K, 24% used [0x0000000740000000,0x000000074105cb60,0x0000000744200000)
 Metaspace       used 24029K, capacity 24299K, committed 24832K, reserved 1071104K
  class space    used 2360K, capacity 2450K, committed 2560K, reserved 1048576K
Event: 23.795 GC heap after
Heap after GC invocations=8 (full 1):
 PSYoungGen      total 64512K, used 4832K [0x0000000795580000, 0x000000079a780000, 0x00000007c0000000)
  eden space 59392K, 0% used [0x0000000795580000,0x0000000795580000,0x0000000798f80000)
  from space 5120K, 94% used [0x0000000799100000,0x00000007995b80a0,0x0000000799600000)
  to   space 12288K, 0% used [0x0000000799b80000,0x0000000799b80000,0x000000079a780000)
 ParOldGen       total 67584K, used 16762K [0x0000000740000000, 0x0000000744200000, 0x0000000795580000)
  object space 67584K, 24% used [0x0000000740000000,0x000000074105eb60,0x0000000744200000)
 Metaspace       used 24029K, capacity 24299K, committed 24832K, reserved 1071104K
  class space    used 2360K, capacity 2450K, committed 2560K, reserved 1048576K
}
Event: 30.828 GC heap before
{Heap before GC invocations=9 (full 1):
 PSYoungGen      total 64512K, used 64224K [0x0000000795580000, 0x000000079a780000, 0x00000007c0000000)
  eden space 59392K, 100% used [0x0000000795580000,0x0000000798f80000,0x0000000798f80000)
  from space 5120K, 94% used [0x0000000799100000,0x00000007995b80a0,0x0000000799600000)
  to   space 12288K, 0% used [0x0000000799b80000,0x0000000799b80000,0x000000079a780000)
 ParOldGen       total 67584K, used 16762K [0x0000000740000000, 0x0000000744200000, 0x0000000795580000)
  object space 67584K, 24% used [0x0000000740000000,0x000000074105eb60,0x0000000744200000)
 Metaspace       used 24040K, capacity 24299K, committed 24832K, reserved 1071104K
  class space    used 2360K, capacity 2450K, committed 2560K, reserved 1048576K
Event: 30.830 GC heap after
Heap after GC invocations=9 (full 1):
 PSYoungGen      total 68608K, used 4800K [0x0000000795580000, 0x000000079a600000, 0x00000007c0000000)
  eden space 57856K, 0% used [0x0000000795580000,0x0000000795580000,0x0000000798e00000)
  from space 10752K, 44% used [0x0000000799b80000,0x000000079a0300a0,0x000000079a600000)
  to   space 12288K, 0% used [0x0000000798e00000,0x0000000798e00000,0x0000000799a00000)
 ParOldGen       total 67584K, used 16770K [0x0000000740000000, 0x0000000744200000, 0x0000000795580000)
  object space 67584K, 24% used [0x0000000740000000,0x0000000741060b60,0x0000000744200000)
 Metaspace       used 24040K, capacity 24299K, committed 24832K, reserved 1071104K
  class space    used 2360K, capacity 2450K, committed 2560K, reserved 1048576K
}

Deoptimization events (10 events):
Event: 3.376 Thread 0x00007f9bd696b000 Uncommon trap: reason=unstable_if action=reinterpret pc=0x0000000106af3e7c method=com.jogamp.common.util.IntIntHashMap.get(I)I @ 28
Event: 3.432 Thread 0x00007f9bd696b000 Uncommon trap: reason=unstable_if action=reinterpret pc=0x0000000106b45ee8 method=processing.opengl.PGraphicsOpenGL$InGeometry.addVertex(FFFIFFFFFIFIIIFIZ)I @ 218
Event: 32.427 Thread 0x00007f9bd696b000 Uncommon trap: reason=unstable_if action=reinterpret pc=0x0000000106cd00a8 method=com.jogamp.common.util.VersionNumber.compareTo(Lcom/jogamp/common/util/VersionNumber;)I @ 21
Event: 32.427 Thread 0x00007f9bd79c8000 Uncommon trap: reason=unstable_if action=reinterpret pc=0x0000000107050af8 method=java.awt.EventQueue.getPriority(Ljava/awt/AWTEvent;)I @ 71
Event: 32.428 Thread 0x00007f9bd79c8000 Uncommon trap: reason=unstable_if action=reinterpret pc=0x0000000106daa17c method=java.awt.font.FontRenderContext.equals(Ljava/awt/font/FontRenderContext;)Z @ 2
Event: 32.443 Thread 0x00007f9bd60f7800 Uncommon trap: reason=class_check action=maybe_recompile pc=0x0000000106923cac method=java.util.HashMap.putVal(ILjava/lang/Object;Ljava/lang/Object;ZZ)Ljava/lang/Object; @ 91
Event: 32.443 Thread 0x00007f9bd60f7800 Uncommon trap: reason=class_check action=maybe_recompile pc=0x0000000106923cac method=java.util.HashMap.putVal(ILjava/lang/Object;Ljava/lang/Object;ZZ)Ljava/lang/Object; @ 91
Event: 32.443 Thread 0x00007f9bd60f7800 Uncommon trap: reason=class_check action=maybe_recompile pc=0x0000000106923cac method=java.util.HashMap.putVal(ILjava/lang/Object;Ljava/lang/Object;ZZ)Ljava/lang/Object; @ 91
Event: 32.443 Thread 0x00007f9bd60f7800 Uncommon trap: reason=class_check action=maybe_recompile pc=0x0000000106923cac method=java.util.HashMap.putVal(ILjava/lang/Object;Ljava/lang/Object;ZZ)Ljava/lang/Object; @ 91
Event: 32.443 Thread 0x00007f9bd60f7800 Uncommon trap: reason=class_check action=maybe_recompile pc=0x00000001068f287c method=java.util.HashMap.putVal(ILjava/lang/Object;Ljava/lang/Object;ZZ)Ljava/lang/Object; @ 91

Internal exceptions (10 events):
Event: 0.131 Thread 0x00007f9bd600c800 Exception <a 'java/lang/NoSuchFieldError': method resolution failed> (0x0000000795786338) thrown at [/HUDSON3/workspace/8-2-build-macosx-x86_64/jdk8u101/7261/hotspot/src/share/vm/prims/methodHandles.cpp, line 1146]
Event: 0.134 Thread 0x00007f9bd600c800 Exception <a 'java/lang/NoSuchFieldError': method resolution failed> (0x0000000795793b08) thrown at [/HUDSON3/workspace/8-2-build-macosx-x86_64/jdk8u101/7261/hotspot/src/share/vm/prims/methodHandles.cpp, line 1146]
Event: 0.272 Thread 0x00007f9bd600c800 Exception <a 'java/io/FileNotFoundException'> (0x000000079580f280) thrown at [/HUDSON3/workspace/8-2-build-macosx-x86_64/jdk8u101/7261/hotspot/src/share/vm/prims/jni.cpp, line 709]
Event: 0.272 Thread 0x00007f9bd600c800 Exception <a 'java/io/FileNotFoundException'> (0x000000079580fe20) thrown at [/HUDSON3/workspace/8-2-build-macosx-x86_64/jdk8u101/7261/hotspot/src/share/vm/prims/jni.cpp, line 709]
Event: 0.348 Thread 0x00007f9bd600c800 Exception <a 'java/io/FileNotFoundException'> (0x000000079594be08) thrown at [/HUDSON3/workspace/8-2-build-macosx-x86_64/jdk8u101/7261/hotspot/src/share/vm/prims/jni.cpp, line 709]
Event: 1.630 Thread 0x00007f9bd600c800 Exception <a 'java/lang/UnsatisfiedLinkError': com.jogamp.common.util.JarUtil.fixNativeLibAttribs(Ljava/lang/String;)Z> (0x0000000796b1b050) thrown at [/HUDSON3/workspace/8-2-build-macosx-x86_64/jdk8u101/7261/hotspot/src/share/vm/prims/nativeLookup.cpp, l
Event: 1.977 Thread 0x00007f9bd7008800 Exception <a 'java/lang/NullPointerException'> (0x00000007956a9b50) thrown at [/HUDSON3/workspace/8-2-build-macosx-x86_64/jdk8u101/7261/hotspot/src/share/vm/interpreter/linkResolver.cpp, line 1178]
Event: 2.512 Thread 0x00007f9bd696b000 Exception <a 'java/io/FileNotFoundException'> (0x0000000795e61e90) thrown at [/HUDSON3/workspace/8-2-build-macosx-x86_64/jdk8u101/7261/hotspot/src/share/vm/prims/jni.cpp, line 709]
Event: 2.512 Thread 0x00007f9bd696b000 Exception <a 'java/io/FileNotFoundException'> (0x0000000795e68368) thrown at [/HUDSON3/workspace/8-2-build-macosx-x86_64/jdk8u101/7261/hotspot/src/share/vm/prims/jni.cpp, line 709]
Event: 2.512 Thread 0x00007f9bd696b000 Implicit null exception at 0x0000000106688733 to 0x0000000106688b01

Events (10 events):
Event: 32.456 loading class java/awt/LightweightDispatcher$2
Event: 32.456 loading class java/awt/LightweightDispatcher$2 done
Event: 32.456 loading class java/awt/event/AWTEventListenerProxy
Event: 32.456 loading class java/awt/event/AWTEventListenerProxy done
Event: 32.456 loading class java/awt/Toolkit$ToolkitEventMulticaster
Event: 32.456 loading class java/awt/Toolkit$ToolkitEventMulticaster done
Event: 32.456 Thread 0x00007f9bd60f7800 Thread exited: 0x00007f9bd60f7800
Event: 32.457 loading class java/awt/Window$1DisposeAction
Event: 32.457 loading class java/awt/Window$1DisposeAction done
Event: 32.457 Thread 0x00007f9bd6836000 flushing nmethod 0x0000000106ca9890


Dynamic libraries:
0x0000000027e1d000 	/System/Library/Frameworks/Cocoa.framework/Versions/A/Cocoa
0x0000000027e1d000 	/System/Library/Frameworks/Security.framework/Versions/A/Security
0x0000000027e1d000 	/System/Library/Frameworks/ApplicationServices.framework/Versions/A/ApplicationServices
0x0000000027e1d000 	/usr/lib/libz.1.dylib
0x0000000027e1d000 	/usr/lib/libSystem.B.dylib
0x0000000027e1d000 	/usr/lib/libobjc.A.dylib
0x0000000027e1d000 	/System/Library/Frameworks/CoreFoundation.framework/Versions/A/CoreFoundation
0x0000000027e1d000 	/System/Library/Frameworks/Foundation.framework/Versions/C/Foundation
0x0000000027e1d000 	/System/Library/Frameworks/AppKit.framework/Versions/C/AppKit
0x0000000027e1d000 	/System/Library/Frameworks/CoreData.framework/Versions/A/CoreData
0x0000000027e1d000 	/System/Library/PrivateFrameworks/RemoteViewServices.framework/Versions/A/RemoteViewServices
0x0000000027e1d000 	/System/Library/PrivateFrameworks/UIFoundation.framework/Versions/A/UIFoundation
0x0000000027e1d000 	/System/Library/PrivateFrameworks/DFRFoundation.framework/Versions/A/DFRFoundation
0x0000000027e1d000 	/System/Library/Frameworks/Metal.framework/Versions/A/Metal
0x0000000027e1d000 	/System/Library/PrivateFrameworks/DesktopServicesPriv.framework/Versions/A/DesktopServicesPriv
0x0000000027e1d000 	/usr/lib/libenergytrace.dylib
0x0000000027e1d000 	/System/Library/PrivateFrameworks/SkyLight.framework/Versions/A/SkyLight
0x0000000027e1d000 	/System/Library/Frameworks/CoreGraphics.framework/Versions/A/CoreGraphics
0x0000000027e1d000 	/usr/lib/libScreenReader.dylib
0x0000000027e1d000 	/System/Library/Frameworks/Accelerate.framework/Versions/A/Accelerate
0x0000000027e1d000 	/System/Library/Frameworks/IOSurface.framework/Versions/A/IOSurface
0x0000000027e1d000 	/System/Library/Frameworks/AudioToolbox.framework/Versions/A/AudioToolbox
0x0000000027e1d000 	/System/Library/Frameworks/AudioUnit.framework/Versions/A/AudioUnit
0x0000000027e1d000 	/System/Library/PrivateFrameworks/DataDetectorsCore.framework/Versions/A/DataDetectorsCore
0x0000000027e1d000 	/System/Library/Frameworks/Carbon.framework/Versions/A/Frameworks/HIToolbox.framework/Versions/A/HIToolbox
0x0000000027e1d000 	/usr/lib/libicucore.A.dylib
0x0000000027e1d000 	/System/Library/Frameworks/QuartzCore.framework/Versions/A/QuartzCore
0x0000000027e1d000 	/System/Library/Frameworks/Carbon.framework/Versions/A/Frameworks/SpeechRecognition.framework/Versions/A/SpeechRecognition
0x0000000027e1d000 	/usr/lib/libauto.dylib
0x0000000027e1d000 	/usr/lib/libxml2.2.dylib
0x0000000027e1d000 	/System/Library/PrivateFrameworks/CoreUI.framework/Versions/A/CoreUI
0x0000000027e1d000 	/System/Library/Frameworks/CoreAudio.framework/Versions/A/CoreAudio
0x0000000027e1d000 	/System/Library/Frameworks/DiskArbitration.framework/Versions/A/DiskArbitration
0x0000000027e1d000 	/usr/lib/liblangid.dylib
0x0000000027e1d000 	/System/Library/PrivateFrameworks/MultitouchSupport.framework/Versions/A/MultitouchSupport
0x0000000027e1d000 	/System/Library/Frameworks/IOKit.framework/Versions/A/IOKit
0x0000000027e1d000 	/usr/lib/libDiagnosticMessagesClient.dylib
0x0000000027e1d000 	/System/Library/Frameworks/CoreServices.framework/Versions/A/CoreServices
0x0000000027e1d000 	/System/Library/PrivateFrameworks/PerformanceAnalysis.framework/Versions/A/PerformanceAnalysis
0x0000000027e1d000 	/System/Library/Frameworks/OpenGL.framework/Versions/A/OpenGL
0x0000000027e1d000 	/System/Library/Frameworks/ColorSync.framework/Versions/A/ColorSync
0x0000000027e1d000 	/System/Library/Frameworks/CoreImage.framework/Versions/A/CoreImage
0x0000000027e1d000 	/System/Library/Frameworks/CoreText.framework/Versions/A/CoreText
0x0000000027e1d000 	/System/Library/Frameworks/ImageIO.framework/Versions/A/ImageIO
0x0000000027e1d000 	/System/Library/PrivateFrameworks/Backup.framework/Versions/A/Backup
0x0000000027e1d000 	/usr/lib/libarchive.2.dylib
0x0000000027e1d000 	/System/Library/Frameworks/CFNetwork.framework/Versions/A/CFNetwork
0x0000000027e1d000 	/System/Library/Frameworks/SystemConfiguration.framework/Versions/A/SystemConfiguration
0x0000000027e1d000 	/usr/lib/libCRFSuite.dylib
0x0000000027e1d000 	/usr/lib/libc++.1.dylib
0x0000000027e1d000 	/usr/lib/libc++abi.dylib
0x0000000027e1d000 	/usr/lib/system/libcache.dylib
0x0000000027e1d000 	/usr/lib/system/libcommonCrypto.dylib
0x0000000027e1d000 	/usr/lib/system/libcompiler_rt.dylib
0x0000000027e1d000 	/usr/lib/system/libcopyfile.dylib
0x0000000027e1d000 	/usr/lib/system/libcorecrypto.dylib
0x0000000027e1d000 	/usr/lib/system/libdispatch.dylib
0x0000000027e1d000 	/usr/lib/system/libdyld.dylib
0x0000000027e1d000 	/usr/lib/system/libkeymgr.dylib
0x0000000027e1d000 	/usr/lib/system/liblaunch.dylib
0x0000000027e1d000 	/usr/lib/system/libmacho.dylib
0x0000000027e1d000 	/usr/lib/system/libquarantine.dylib
0x0000000027e1d000 	/usr/lib/system/libremovefile.dylib
0x0000000027e1d000 	/usr/lib/system/libsystem_asl.dylib
0x0000000027e1d000 	/usr/lib/system/libsystem_blocks.dylib
0x0000000027e1d000 	/usr/lib/system/libsystem_c.dylib
0x0000000027e1d000 	/usr/lib/system/libsystem_configuration.dylib
0x0000000027e1d000 	/usr/lib/system/libsystem_coreservices.dylib
0x0000000027e1d000 	/usr/lib/system/libsystem_darwin.dylib
0x0000000027e1d000 	/usr/lib/system/libsystem_dnssd.dylib
0x0000000027e1d000 	/usr/lib/system/libsystem_info.dylib
0x0000000027e1d000 	/usr/lib/system/libsystem_m.dylib
0x0000000027e1d000 	/usr/lib/system/libsystem_malloc.dylib
0x0000000027e1d000 	/usr/lib/system/libsystem_network.dylib
0x0000000027e1d000 	/usr/lib/system/libsystem_networkextension.dylib
0x0000000027e1d000 	/usr/lib/system/libsystem_notify.dylib
0x0000000027e1d000 	/usr/lib/system/libsystem_sandbox.dylib
0x0000000027e1d000 	/usr/lib/system/libsystem_secinit.dylib
0x0000000027e1d000 	/usr/lib/system/libsystem_kernel.dylib
0x0000000027e1d000 	/usr/lib/system/libsystem_platform.dylib
0x0000000027e1d000 	/usr/lib/system/libsystem_pthread.dylib
0x0000000027e1d000 	/usr/lib/system/libsystem_symptoms.dylib
0x0000000027e1d000 	/usr/lib/system/libsystem_trace.dylib
0x0000000027e1d000 	/usr/lib/system/libunwind.dylib
0x0000000027e1d000 	/usr/lib/system/libxpc.dylib
0x0000000027e1d000 	/usr/lib/closure/libclosured.dylib
0x0000000027e1d000 	/usr/lib/libbsm.0.dylib
0x0000000027e1d000 	/usr/lib/system/libkxld.dylib
0x0000000027e1d000 	/usr/lib/libOpenScriptingUtil.dylib
0x0000000027e1d000 	/usr/lib/libcoretls.dylib
0x0000000027e1d000 	/usr/lib/libcoretls_cfhelpers.dylib
0x0000000027e1d000 	/usr/lib/libpam.2.dylib
0x0000000027e1d000 	/usr/lib/libsqlite3.dylib
0x0000000027e1d000 	/usr/lib/libxar.1.dylib
0x0000000027e1d000 	/usr/lib/libbz2.1.0.dylib
0x0000000027e1d000 	/usr/lib/liblzma.5.dylib
0x0000000027e1d000 	/usr/lib/libnetwork.dylib
0x0000000027e1d000 	/usr/lib/libapple_nghttp2.dylib
0x0000000027e1d000 	/usr/lib/libpcap.A.dylib
0x0000000027e1d000 	/usr/lib/libboringssl.dylib
0x0000000027e1d000 	/usr/lib/libusrtcp.dylib
0x0000000027e1d000 	/usr/lib/libapple_crypto.dylib
0x0000000027e1d000 	/System/Library/Frameworks/CoreServices.framework/Versions/A/Frameworks/FSEvents.framework/Versions/A/FSEvents
0x0000000027e1d000 	/System/Library/Frameworks/CoreServices.framework/Versions/A/Frameworks/CarbonCore.framework/Versions/A/CarbonCore
0x0000000027e1d000 	/System/Library/Frameworks/CoreServices.framework/Versions/A/Frameworks/Metadata.framework/Versions/A/Metadata
0x0000000027e1d000 	/System/Library/Frameworks/CoreServices.framework/Versions/A/Frameworks/OSServices.framework/Versions/A/OSServices
0x0000000027e1d000 	/System/Library/Frameworks/CoreServices.framework/Versions/A/Frameworks/SearchKit.framework/Versions/A/SearchKit
0x0000000027e1d000 	/System/Library/Frameworks/CoreServices.framework/Versions/A/Frameworks/AE.framework/Versions/A/AE
0x0000000027e1d000 	/System/Library/Frameworks/CoreServices.framework/Versions/A/Frameworks/LaunchServices.framework/Versions/A/LaunchServices
0x0000000027e1d000 	/System/Library/Frameworks/CoreServices.framework/Versions/A/Frameworks/DictionaryServices.framework/Versions/A/DictionaryServices
0x0000000027e1d000 	/System/Library/Frameworks/CoreServices.framework/Versions/A/Frameworks/SharedFileList.framework/Versions/A/SharedFileList
0x0000000027e1d000 	/System/Library/Frameworks/NetFS.framework/Versions/A/NetFS
0x0000000027e1d000 	/System/Library/PrivateFrameworks/NetAuth.framework/Versions/A/NetAuth
0x0000000027e1d000 	/System/Library/PrivateFrameworks/login.framework/Versions/A/Frameworks/loginsupport.framework/Versions/A/loginsupport
0x0000000027e1d000 	/System/Library/PrivateFrameworks/TCC.framework/Versions/A/TCC
0x0000000027e1d000 	/usr/lib/libmecabra.dylib
0x0000000027e1d000 	/System/Library/Frameworks/ApplicationServices.framework/Versions/A/Frameworks/ATS.framework/Versions/A/ATS
0x0000000027e1d000 	/System/Library/Frameworks/ApplicationServices.framework/Versions/A/Frameworks/ColorSyncLegacy.framework/Versions/A/ColorSyncLegacy
0x0000000027e1d000 	/System/Library/Frameworks/ApplicationServices.framework/Versions/A/Frameworks/HIServices.framework/Versions/A/HIServices
0x0000000027e1d000 	/System/Library/Frameworks/ApplicationServices.framework/Versions/A/Frameworks/LangAnalysis.framework/Versions/A/LangAnalysis
0x0000000027e1d000 	/System/Library/Frameworks/ApplicationServices.framework/Versions/A/Frameworks/PrintCore.framework/Versions/A/PrintCore
0x0000000027e1d000 	/System/Library/Frameworks/ApplicationServices.framework/Versions/A/Frameworks/QD.framework/Versions/A/QD
0x0000000027e1d000 	/System/Library/Frameworks/ApplicationServices.framework/Versions/A/Frameworks/SpeechSynthesis.framework/Versions/A/SpeechSynthesis
0x0000000027e1d000 	/System/Library/Frameworks/CoreDisplay.framework/Versions/A/CoreDisplay
0x0000000027e1d000 	/System/Library/Frameworks/Accelerate.framework/Versions/A/Frameworks/vImage.framework/Versions/A/vImage
0x0000000027e1d000 	/System/Library/Frameworks/Accelerate.framework/Versions/A/Frameworks/vecLib.framework/Versions/A/vecLib
0x0000000027e1d000 	/System/Library/Frameworks/Accelerate.framework/Versions/A/Frameworks/vecLib.framework/Versions/A/libvDSP.dylib
0x0000000027e1d000 	/System/Library/Frameworks/Accelerate.framework/Versions/A/Frameworks/vecLib.framework/Versions/A/libBNNS.dylib
0x0000000027e1d000 	/System/Library/Frameworks/Accelerate.framework/Versions/A/Frameworks/vecLib.framework/Versions/A/libQuadrature.dylib
0x0000000027e1d000 	/System/Library/Frameworks/Accelerate.framework/Versions/A/Frameworks/vecLib.framework/Versions/A/libvMisc.dylib
0x0000000027e1d000 	/System/Library/Frameworks/Accelerate.framework/Versions/A/Frameworks/vecLib.framework/Versions/A/libLAPACK.dylib
0x0000000027e1d000 	/System/Library/Frameworks/Accelerate.framework/Versions/A/Frameworks/vecLib.framework/Versions/A/libBLAS.dylib
0x0000000027e1d000 	/System/Library/Frameworks/Accelerate.framework/Versions/A/Frameworks/vecLib.framework/Versions/A/libLinearAlgebra.dylib
0x0000000027e1d000 	/System/Library/Frameworks/Accelerate.framework/Versions/A/Frameworks/vecLib.framework/Versions/A/libSparse.dylib
0x0000000027e1d000 	/System/Library/Frameworks/Accelerate.framework/Versions/A/Frameworks/vecLib.framework/Versions/A/libSparseBLAS.dylib
0x0000000027e1d000 	/System/Library/PrivateFrameworks/IOAccelerator.framework/Versions/A/IOAccelerator
0x0000000027e1d000 	/System/Library/PrivateFrameworks/IOPresentment.framework/Versions/A/IOPresentment
0x0000000027e1d000 	/System/Library/PrivateFrameworks/DSExternalDisplay.framework/Versions/A/DSExternalDisplay
0x0000000027e1d000 	/System/Library/Frameworks/OpenGL.framework/Versions/A/Libraries/libCoreFSCache.dylib
0x0000000027e1d000 	/System/Library/Frameworks/CoreVideo.framework/Versions/A/CoreVideo
0x0000000027e1d000 	/System/Library/PrivateFrameworks/GraphVisualizer.framework/Versions/A/GraphVisualizer
0x0000000027e1d000 	/System/Library/Frameworks/MetalPerformanceShaders.framework/Versions/A/MetalPerformanceShaders
0x0000000027e1d000 	/usr/lib/libFosl_dynamic.dylib
0x0000000027e1d000 	/System/Library/PrivateFrameworks/FaceCore.framework/Versions/A/FaceCore
0x0000000027e1d000 	/System/Library/Frameworks/OpenCL.framework/Versions/A/OpenCL
0x0000000027e1d000 	/usr/lib/libcompression.dylib
0x0000000027e1d000 	/System/Library/Frameworks/ApplicationServices.framework/Versions/A/Frameworks/ATS.framework/Versions/A/Resources/libFontParser.dylib
0x0000000027e1d000 	/System/Library/Frameworks/ApplicationServices.framework/Versions/A/Frameworks/ATS.framework/Versions/A/Resources/libFontRegistry.dylib
0x0000000027e1d000 	/System/Library/Frameworks/ImageIO.framework/Versions/A/Resources/libJPEG.dylib
0x0000000027e1d000 	/System/Library/Frameworks/ImageIO.framework/Versions/A/Resources/libTIFF.dylib
0x0000000027e1d000 	/System/Library/Frameworks/ImageIO.framework/Versions/A/Resources/libPng.dylib
0x0000000027e1d000 	/System/Library/Frameworks/ImageIO.framework/Versions/A/Resources/libGIF.dylib
0x0000000027e1d000 	/System/Library/Frameworks/ImageIO.framework/Versions/A/Resources/libJP2.dylib
0x0000000027e1d000 	/System/Library/Frameworks/ImageIO.framework/Versions/A/Resources/libRadiance.dylib
0x0000000027e1d000 	/System/Library/PrivateFrameworks/AppleJPEG.framework/Versions/A/AppleJPEG
0x0000000027e1d000 	/System/Library/PrivateFrameworks/MetalTools.framework/Versions/A/MetalTools
0x0000000027e1d000 	/System/Library/Frameworks/MetalPerformanceShaders.framework/Frameworks/MPSCore.framework/Versions/A/MPSCore
0x0000000027e1d000 	/System/Library/Frameworks/MetalPerformanceShaders.framework/Frameworks/MPSImage.framework/Versions/A/MPSImage
0x0000000027e1d000 	/System/Library/Frameworks/MetalPerformanceShaders.framework/Frameworks/MPSMatrix.framework/Versions/A/MPSMatrix
0x0000000027e1d000 	/System/Library/Frameworks/MetalPerformanceShaders.framework/Frameworks/MPSNeuralNetwork.framework/Versions/A/MPSNeuralNetwork
0x0000000027e1d000 	/System/Library/Frameworks/OpenGL.framework/Versions/A/Libraries/libGLU.dylib
0x0000000027e1d000 	/System/Library/Frameworks/OpenGL.framework/Versions/A/Libraries/libGFXShared.dylib
0x0000000027e1d000 	/System/Library/Frameworks/OpenGL.framework/Versions/A/Libraries/libGL.dylib
0x0000000027e1d000 	/System/Library/Frameworks/OpenGL.framework/Versions/A/Libraries/libGLImage.dylib
0x0000000027e1d000 	/System/Library/Frameworks/OpenGL.framework/Versions/A/Libraries/libCVMSPluginSupport.dylib
0x0000000027e1d000 	/System/Library/Frameworks/OpenGL.framework/Versions/A/Libraries/libCoreVMClient.dylib
0x0000000027e1d000 	/usr/lib/libcups.2.dylib
0x0000000027e1d000 	/System/Library/Frameworks/Kerberos.framework/Versions/A/Kerberos
0x0000000027e1d000 	/System/Library/Frameworks/GSS.framework/Versions/A/GSS
0x0000000027e1d000 	/usr/lib/libresolv.9.dylib
0x0000000027e1d000 	/usr/lib/libiconv.2.dylib
0x0000000027e1d000 	/System/Library/PrivateFrameworks/Heimdal.framework/Versions/A/Heimdal
0x0000000027e1d000 	/usr/lib/libheimdal-asn1.dylib
0x0000000027e1d000 	/System/Library/Frameworks/OpenDirectory.framework/Versions/A/OpenDirectory
0x0000000027e1d000 	/System/Library/PrivateFrameworks/CommonAuth.framework/Versions/A/CommonAuth
0x0000000027e1d000 	/System/Library/Frameworks/OpenDirectory.framework/Versions/A/Frameworks/CFOpenDirectory.framework/Versions/A/CFOpenDirectory
0x0000000027e1d000 	/System/Library/Frameworks/SecurityFoundation.framework/Versions/A/SecurityFoundation
0x0000000027e1d000 	/System/Library/PrivateFrameworks/APFS.framework/Versions/A/APFS
0x0000000027e1d000 	/usr/lib/libutil.dylib
0x0000000027e1d000 	/System/Library/PrivateFrameworks/AppleSauce.framework/Versions/A/AppleSauce
0x0000000027e1d000 	/System/Library/PrivateFrameworks/LinguisticData.framework/Versions/A/LinguisticData
0x0000000027e1d000 	/usr/lib/libmarisa.dylib
0x0000000027e1d000 	/System/Library/PrivateFrameworks/Lexicon.framework/Versions/A/Lexicon
0x0000000027e1d000 	/usr/lib/libChineseTokenizer.dylib
0x0000000027e1d000 	/usr/lib/libcmph.dylib
0x0000000027e1d000 	/System/Library/PrivateFrameworks/LanguageModeling.framework/Versions/A/LanguageModeling
0x0000000027e1d000 	/System/Library/PrivateFrameworks/CoreEmoji.framework/Versions/A/CoreEmoji
0x0000000027e1d000 	/System/Library/Frameworks/ServiceManagement.framework/Versions/A/ServiceManagement
0x0000000027e1d000 	/System/Library/PrivateFrameworks/BackgroundTaskManagement.framework/Versions/A/BackgroundTaskManagement
0x0000000027e1d000 	/usr/lib/libxslt.1.dylib
0x0000000027e1d000 	/System/Library/Frameworks/Carbon.framework/Versions/A/Frameworks/Ink.framework/Versions/A/Ink
0x0000000027e1d000 	/System/Library/PrivateFrameworks/TextureIO.framework/Versions/A/TextureIO
0x0000000027e1d000 	/usr/lib/libate.dylib
0x0000000027e1d000 	/System/Library/PrivateFrameworks/CrashReporterSupport.framework/Versions/A/CrashReporterSupport
0x0000000027e1d000 	/System/Library/PrivateFrameworks/Sharing.framework/Versions/A/Sharing
0x0000000027e1d000 	/System/Library/PrivateFrameworks/IconServices.framework/Versions/A/IconServices
0x0000000027e1d000 	/System/Library/PrivateFrameworks/ProtocolBuffer.framework/Versions/A/ProtocolBuffer
0x0000000027e1d000 	/System/Library/PrivateFrameworks/Apple80211.framework/Versions/A/Apple80211
0x0000000027e1d000 	/System/Library/Frameworks/CoreWLAN.framework/Versions/A/CoreWLAN
0x0000000027e1d000 	/System/Library/PrivateFrameworks/CoreUtils.framework/Versions/A/CoreUtils
0x0000000027e1d000 	/System/Library/Frameworks/IOBluetooth.framework/Versions/A/IOBluetooth
0x0000000027e1d000 	/System/Library/PrivateFrameworks/CoreWiFi.framework/Versions/A/CoreWiFi
0x0000000027e1d000 	/System/Library/Frameworks/CoreBluetooth.framework/Versions/A/CoreBluetooth
0x0000000027e1d000 	/System/Library/PrivateFrameworks/SignpostNotification.framework/Versions/A/SignpostNotification
0x0000000027e1d000 	/System/Library/PrivateFrameworks/DebugSymbols.framework/Versions/A/DebugSymbols
0x0000000027e1d000 	/System/Library/PrivateFrameworks/CoreSymbolication.framework/Versions/A/CoreSymbolication
0x0000000027e1d000 	/System/Library/PrivateFrameworks/Symbolication.framework/Versions/A/Symbolication
0x0000000027e1d000 	/System/Library/PrivateFrameworks/AppleFSCompression.framework/Versions/A/AppleFSCompression
0x0000000027e1d000 	/System/Library/PrivateFrameworks/SpeechRecognitionCore.framework/Versions/A/SpeechRecognitionCore
0x0000000101b14000 	/Library/Java/JavaVirtualMachines/jdk1.8.0_101.jdk/Contents/Home/jre/lib/server/libjvm.dylib
0x0000000027e1d000 	/usr/lib/libstdc++.6.0.9.dylib
0x0000000102ab1000 	/Library/Java/JavaVirtualMachines/jdk1.8.0_101.jdk/Contents/Home/jre/lib/libverify.dylib
0x0000000102abf000 	/Library/Java/JavaVirtualMachines/jdk1.8.0_101.jdk/Contents/Home/jre/lib/libjava.dylib
0x0000000102b3e000 	/Library/Java/JavaVirtualMachines/jdk1.8.0_101.jdk/Contents/Home/jre/lib/libzip.dylib
0x0000000027e1d000 	/System/Library/Frameworks/JavaVM.framework/Versions/A/Frameworks/JavaRuntimeSupport.framework/Versions/A/JavaRuntimeSupport
0x0000000027e1d000 	/System/Library/Frameworks/JavaVM.framework/Versions/A/Frameworks/JavaNativeFoundation.framework/Versions/A/JavaNativeFoundation
0x0000000027e1d000 	/System/Library/Frameworks/JavaVM.framework/Versions/A/JavaVM
0x0000000027e1d000 	/System/Library/Frameworks/Carbon.framework/Versions/A/Carbon
0x0000000027e1d000 	/System/Library/PrivateFrameworks/JavaLaunching.framework/Versions/A/JavaLaunching
0x0000000027e1d000 	/System/Library/Frameworks/Carbon.framework/Versions/A/Frameworks/CommonPanels.framework/Versions/A/CommonPanels
0x0000000027e1d000 	/System/Library/Frameworks/Carbon.framework/Versions/A/Frameworks/Help.framework/Versions/A/Help
0x0000000027e1d000 	/System/Library/Frameworks/Carbon.framework/Versions/A/Frameworks/ImageCapture.framework/Versions/A/ImageCapture
0x0000000027e1d000 	/System/Library/Frameworks/Carbon.framework/Versions/A/Frameworks/OpenScripting.framework/Versions/A/OpenScripting
0x0000000027e1d000 	/System/Library/Frameworks/Carbon.framework/Versions/A/Frameworks/Print.framework/Versions/A/Print
0x0000000027e1d000 	/System/Library/Frameworks/Carbon.framework/Versions/A/Frameworks/SecurityHI.framework/Versions/A/SecurityHI
0x0000000105cf2000 	/Library/Java/JavaVirtualMachines/jdk1.8.0_101.jdk/Contents/Home/jre/lib/libawt.dylib
0x0000000105d9a000 	/Library/Java/JavaVirtualMachines/jdk1.8.0_101.jdk/Contents/Home/jre/lib/./libmlib_image.dylib
0x0000000105e66000 	/Library/Java/JavaVirtualMachines/jdk1.8.0_101.jdk/Contents/Home/jre/lib/libawt_lwawt.dylib
0x0000000105f1b000 	/Library/Java/JavaVirtualMachines/jdk1.8.0_101.jdk/Contents/Home/jre/lib/./libosxapp.dylib
0x0000000027e1d000 	/System/Library/Frameworks/ExceptionHandling.framework/Versions/A/ExceptionHandling
0x0000000027e1d000 	/System/Library/PrivateFrameworks/CoreServicesInternal.framework/Versions/A/CoreServicesInternal
0x0000000027e1d000 	/System/Library/CoreServices/RawCamera.bundle/Contents/MacOS/RawCamera
0x0000000027e1d000 	/System/Library/PrivateFrameworks/MobileAsset.framework/Versions/A/MobileAsset
0x0000000027e1d000 	/System/Library/PrivateFrameworks/StreamingZip.framework/Versions/A/StreamingZip
0x0000000027e1d000 	/System/Library/Frameworks/MediaToolbox.framework/Versions/A/MediaToolbox
0x0000000027e1d000 	/System/Library/PrivateFrameworks/CoreAVCHD.framework/Versions/A/CoreAVCHD
0x0000000027e1d000 	/System/Library/Frameworks/MediaAccessibility.framework/Versions/A/MediaAccessibility
0x0000000027e1d000 	/System/Library/PrivateFrameworks/Mangrove.framework/Versions/A/Mangrove
0x0000000027e1d000 	/System/Library/Frameworks/CoreMedia.framework/Versions/A/CoreMedia
0x0000000027e1d000 	/System/Library/Frameworks/VideoToolbox.framework/Versions/A/VideoToolbox
0x0000000027e1d000 	/System/Library/PrivateFrameworks/CoreAUC.framework/Versions/A/CoreAUC
0x0000000027e1d000 	/usr/lib/libspindump.dylib
0x0000000027e1d000 	/usr/lib/libdscsym.dylib
0x0000000027e1d000 	/System/Library/PrivateFrameworks/AppleVA.framework/Versions/A/AppleVA
0x0000000027e1d000 	/System/Library/Frameworks/Accelerate.framework/Versions/A/Frameworks/vImage.framework/Versions/A/Libraries/libCGInterfaces.dylib
0x0000000027e1d000 	/System/Library/Frameworks/ApplicationServices.framework/Versions/A/Frameworks/ATS.framework/Versions/A/Resources/libTrueTypeScaler.dylib
0x0000000027e1d000 	/System/Library/Frameworks/OpenGL.framework/Versions/A/Resources/GLEngine.bundle/GLEngine
0x0000000027e1d000 	/System/Library/Frameworks/OpenGL.framework/Versions/A/Libraries/libGLProgrammability.dylib
0x000000011caff000 	/System/Library/Extensions/AppleIntelBDWGraphicsGLDriver.bundle/Contents/MacOS/AppleIntelBDWGraphicsGLDriver
0x0000000027e1d000 	/System/Library/PrivateFrameworks/GPUSupport.framework/Versions/A/Libraries/libGPUSupportMercury.dylib
0x0000000027e1d000 	/System/Library/Frameworks/OpenGL.framework/Versions/A/Resources/GLRendererFloat.bundle/GLRendererFloat
0x0000000027e1d000 	/System/Library/Frameworks/OpenCL.framework/Versions/A/Libraries/libcldcpuengine.dylib
0x0000000027e1d000 	/usr/lib/libcrypto.35.dylib
0x0000000027e1d000 	/System/Library/PrivateFrameworks/TrustEvaluationAgent.framework/Versions/A/TrustEvaluationAgent
0x0000000027e1d000 	/System/Library/Extensions/AppleIntelBDWGraphicsMTLDriver.bundle/Contents/MacOS/AppleIntelBDWGraphicsMTLDriver
0x0000000027e1d000 	/System/Library/PrivateFrameworks/GPUCompiler.framework/Versions/3802/Libraries/libmetal_timestamp.dylib
0x0000000027e1d000 	/System/Library/PrivateFrameworks/FamilyControls.framework/Versions/A/FamilyControls
0x0000000027e1d000 	/System/Library/PrivateFrameworks/CommerceKit.framework/Versions/A/Frameworks/CommerceCore.framework/Versions/A/CommerceCore
0x0000000027e1d000 	/System/Library/PrivateFrameworks/SystemAdministration.framework/Versions/A/SystemAdministration
0x0000000027e1d000 	/System/Library/PrivateFrameworks/AppContainer.framework/Versions/A/AppContainer
0x0000000027e1d000 	/System/Library/PrivateFrameworks/SecCodeWrapper.framework/Versions/A/SecCodeWrapper
0x0000000027e1d000 	/System/Library/PrivateFrameworks/DiskManagement.framework/Versions/A/DiskManagement
0x0000000027e1d000 	/System/Library/Frameworks/DirectoryService.framework/Versions/A/DirectoryService
0x0000000027e1d000 	/System/Library/PrivateFrameworks/DiskImages.framework/Versions/A/DiskImages
0x0000000027e1d000 	/System/Library/PrivateFrameworks/LoginUIKit.framework/Versions/A/Frameworks/LoginUICore.framework/Versions/A/LoginUICore
0x0000000027e1d000 	/usr/lib/libCoreStorage.dylib
0x0000000027e1d000 	/usr/lib/libcsfde.dylib
0x0000000027e1d000 	/usr/lib/libodfde.dylib
0x0000000027e1d000 	/System/Library/PrivateFrameworks/MediaKit.framework/Versions/A/MediaKit
0x0000000027e1d000 	/System/Library/Frameworks/DiscRecording.framework/Versions/A/DiscRecording
0x0000000027e1d000 	/System/Library/PrivateFrameworks/EFILogin.framework/Versions/A/EFILogin
0x0000000027e1d000 	/System/Library/PrivateFrameworks/ProtectedCloudStorage.framework/Versions/A/ProtectedCloudStorage
0x0000000027e1d000 	/usr/lib/libcurl.4.dylib
0x0000000027e1d000 	/usr/lib/libssl.35.dylib
0x0000000027e1d000 	/System/Library/Frameworks/LDAP.framework/Versions/A/LDAP
0x0000000027e1d000 	/usr/lib/libsasl2.2.dylib
0x0000000027e1d000 	/System/Library/PrivateFrameworks/CoreDaemon.framework/Versions/B/CoreDaemon
0x0000000027e1d000 	/System/Library/PrivateFrameworks/AppleSRP.framework/Versions/A/AppleSRP
0x000000011e223000 	/Library/Java/JavaVirtualMachines/jdk1.8.0_101.jdk/Contents/Home/jre/lib/libfontmanager.dylib
0x000000011f4ff000 	/Library/Java/JavaVirtualMachines/jdk1.8.0_101.jdk/Contents/Home/jre/lib/libosxui.dylib
0x0000000027e1d000 	/System/Library/PrivateFrameworks/ViewBridge.framework/Versions/A/ViewBridge
0x0000000120690000 	/Library/Java/JavaVirtualMachines/jdk1.8.0_101.jdk/Contents/Home/jre/lib/libnet.dylib
0x00000001206ef000 	/Library/Java/JavaVirtualMachines/jdk1.8.0_101.jdk/Contents/Home/jre/lib/libnio.dylib
0x00000001063bc000 	/private/var/folders/pw/kw08pl9n6yzcxbqgsc_vpf_h0000gn/T/jogamp_0000/file_cache/jln5058376717114245515/jln5765435518083152306/libgluegen-rt.jnilib
0x00000001063c1000 	/private/var/folders/pw/kw08pl9n6yzcxbqgsc_vpf_h0000gn/T/jogamp_0000/file_cache/jln5058376717114245515/jln5765435518083152306/libnativewindow_awt.jnilib
0x00000001063c4000 	/Library/Java/JavaVirtualMachines/jdk1.8.0_101.jdk/Contents/Home/jre/lib/libjawt.dylib
0x000000011bab9000 	/private/var/folders/pw/kw08pl9n6yzcxbqgsc_vpf_h0000gn/T/jogamp_0000/file_cache/jln5058376717114245515/jln5765435518083152306/libnativewindow_macosx.jnilib
0x0000000157c08000 	/private/var/folders/pw/kw08pl9n6yzcxbqgsc_vpf_h0000gn/T/jogamp_0000/file_cache/jln5058376717114245515/jln5765435518083152306/libjogl_desktop.jnilib
0x000000011ca64000 	/Library/Java/JavaVirtualMachines/jdk1.8.0_101.jdk/Contents/Home/jre/lib/libsunec.dylib
0x0000000160f54000 	/Library/Java/JavaVirtualMachines/jdk1.8.0_101.jdk/Contents/Home/jre/lib/libt2k.dylib
0x0000000161dac000 	/Library/Java/JavaVirtualMachines/jdk1.8.0_101.jdk/Contents/Home/jre/lib/libjpeg.dylib

VM Arguments:
jvm_args: -Djava.security.policy=java.policy.applet -Dfile.encoding=UTF-8 
java_command: sun.applet.AppletViewer module3.EarthquakeCityMap1519927360660.html
java_class_path (initial): /Users/kathyshannon/Documents/workspace/UCSDUnfoldingMaps/build:/Users/kathyshannon/Documents/workspace/UCSDUnfoldingMaps/lib/core.jar:/Users/kathyshannon/Documents/workspace/UCSDUnfoldingMaps/lib/gluegen-rt.jar:/Users/kathyshannon/Documents/workspace/UCSDUnfoldingMaps/lib/jogl-all.jar:/Users/kathyshannon/Documents/workspace/UCSDUnfoldingMaps/lib/log4j-1.2.15.jar:/Users/kathyshannon/Documents/workspace/UCSDUnfoldingMaps/lib/sqlite-jdbc-3.7.2.jar:/Users/kathyshannon/Documents/workspace/UCSDUnfoldingMaps/lib/json4processing.jar:/Users/kathyshannon/Documents/workspace/UCSDUnfoldingMaps/lib/libTUIO.jar:/Users/kathyshannon/Documents/workspace/UCSDUnfoldingMaps/lib/unfolding.0.9.7-uscd.jar
Launcher Type: SUN_STANDARD

Environment Variables:
PATH=/usr/bin:/bin:/usr/sbin:/sbin
SHELL=/bin/bash
DISPLAY=/private/tmp/com.apple.launchd.T8pKsXjNcK/org.macosforge.xquartz:0

Signal Handlers:
SIGSEGV: [libjvm.dylib+0x5af145], sa_mask[0]=11111111011111110111111111111111, sa_flags=SA_ONSTACK|SA_RESTART|SA_SIGINFO
SIGBUS: [libjvm.dylib+0x5af145], sa_mask[0]=11111111011111110111111111111111, sa_flags=SA_RESTART|SA_SIGINFO
SIGFPE: [libjvm.dylib+0x48694c], sa_mask[0]=11111111011111110111111111111111, sa_flags=SA_RESTART|SA_SIGINFO
SIGPIPE: [libjvm.dylib+0x48694c], sa_mask[0]=11111111011111110111111111111111, sa_flags=SA_RESTART|SA_SIGINFO
SIGXFSZ: [libjvm.dylib+0x48694c], sa_mask[0]=11111111011111110111111111111111, sa_flags=SA_RESTART|SA_SIGINFO
SIGILL: [libjvm.dylib+0x48694c], sa_mask[0]=11111111011111110111111111111111, sa_flags=SA_RESTART|SA_SIGINFO
SIGUSR1: SIG_DFL, sa_mask[0]=00000000000000000000000000000000, sa_flags=none
SIGUSR2: [libjvm.dylib+0x48646a], sa_mask[0]=00100000000000000000000000000000, sa_flags=SA_RESTART|SA_SIGINFO
SIGHUP: [libjvm.dylib+0x484a41], sa_mask[0]=11111111011111110111111111111111, sa_flags=SA_RESTART|SA_SIGINFO
SIGINT: [libjvm.dylib+0x484a41], sa_mask[0]=11111111011111110111111111111111, sa_flags=SA_RESTART|SA_SIGINFO
SIGTERM: [libjvm.dylib+0x484a41], sa_mask[0]=11111111011111110111111111111111, sa_flags=SA_RESTART|SA_SIGINFO
SIGQUIT: [libjvm.dylib+0x484a41], sa_mask[0]=11111111011111110111111111111111, sa_flags=SA_RESTART|SA_SIGINFO


---------------  S Y S T E M  ---------------

OS:Bsduname:Darwin 17.4.0 Darwin Kernel Version 17.4.0: Sun Dec 17 09:19:54 PST 2017; root:xnu-4570.41.2~1/RELEASE_X86_64 x86_64
rlimit: STACK 8192k, CORE 0k, NPROC 709, NOFILE 10240, AS infinity
load average:2.54 1.97 1.81

CPU:total 4 (4 cores per cpu, 1 threads per core) family 6 model 71 stepping 1, cmov, cx8, fxsr, mmx, sse, sse2, sse3, ssse3, sse4.1, sse4.2, popcnt, avx, avx2, aes, clmul, erms, rtm, 3dnowpref, lzcnt, tsc, tscinvbit, bmi1, bmi2, adx

Memory: 4k page, physical 8388608k(921472k free)

/proc/meminfo:


vm_info: Java HotSpot(TM) 64-Bit Server VM (25.101-b13) for bsd-amd64 JRE (1.8.0_101-b13), built on Jun 22 2016 02:42:15 by "java_re" with gcc 4.2.1 (Based on Apple Inc. build 5658) (LLVM build 2336.11.00)

time: Thu Mar  1 10:03:13 2018
elapsed time: 32 seconds (0d 0h 0m 32s)

