#
# A fatal error has been detected by the Java Runtime Environment:
#
#  SIGSEGV (0xb) at pc=0x00007fff7b3cbe9d, pid=3816, tid=0x0000000000000307
#
# JRE version: Java(TM) SE Runtime Environment (8.0_101-b13) (build 1.8.0_101-b13)
# Java VM: Java HotSpot(TM) 64-Bit Server VM (25.101-b13 mixed mode bsd-amd64 compressed oops)
# Problematic frame:
# C  [libobjc.A.dylib+0x6e9d]  objc_msgSend+0x1d
#
# Failed to write core dump. Core dumps have been disabled. To enable core dumping, try "ulimit -c unlimited" before starting Java again
#
# If you would like to submit a bug report, please visit:
#   http://bugreport.java.com/bugreport/crash.jsp
# The crash happened outside the Java Virtual Machine in native code.
# See problematic frame for where to report the bug.
#

---------------  T H R E A D  ---------------

Current thread (0x00007fefdb112000):  JavaThread "AWT-AppKit" daemon [_thread_in_native, id=775, stack(0x00007ffeeee81000,0x00007ffeef681000)]

siginfo: si_signo: 11 (SIGSEGV), si_code: 1 (SEGV_MAPERR), si_addr: 0x0000000000000018

Registers:
RAX=0x00007fefdf494ce0, RBX=0x000000011a4ec450, RCX=0x0000000000000001, RDX=0x0000000000000000
RSP=0x00007ffeef67c338, RBP=0x00007ffeef67c3f0, RSI=0x00007fff5292c4e5, RDI=0x00007fefdf1c4830
R8 =0x0000000000000000, R9 =0x0000000000000000, R10=0x0000000000000000, R11=0x00007fff5292c4e5
R12=0x0000000000000000, R13=0x000000015bdd2010, R14=0x000000011a4ec440, R15=0x00007fefdb112000
RIP=0x00007fff7b3cbe9d, EFLAGS=0x0000000000010246, ERR=0x0000000000000004
  TRAPNO=0x000000000000000e

Top of Stack: (sp=0x00007ffeef67c338)
0x00007ffeef67c338:   000000011a4ea157 00007ffeef67c390
0x00007ffeef67c348:   0000000000000003 00007ffeef67c370
0x00007ffeef67c358:   0000000100ff28e6 000000015bdd2010
0x00007ffeef67c368:   000000015bdd2010 00007fefdf494ce0
0x00007ffeef67c378:   000000011a4ec6a0 000000011a4ec710
0x00007ffeef67c388:   00007fffae8fcb88 00007fffb0009fc8
0x00007ffeef67c398:   000000011a4ec450 000000011a4ec690
0x00007ffeef67c3a8:   00007fefdf494ce0 00007fefdf1c4830
0x00007ffeef67c3b8:   00007fefd9c3e2f0 00007fefdf494ce0
0x00007ffeef67c3c8:   00007fefdf1c4830 00007ffeef67c470
0x00007ffeef67c3d8:   00007fefdb1121f8 000000015bdd2010
0x00007ffeef67c3e8:   00007ffeef67c498 00007ffeef67c460
0x00007ffeef67c3f8:   00000001078b99d4 00007ffeef67c460
0x00007ffeef67c408:   00000001078b9759 00000001078c5983
0x00007ffeef67c418:   00000001078b9722 00007ffeef67c420
0x00007ffeef67c428:   000000015bdd2010 00007ffeef67c498
0x00007ffeef67c438:   000000015bdd4c48 0000000000000000
0x00007ffeef67c448:   000000015bdd2010 0000000000000000
0x00007ffeef67c458:   00007ffeef67c480 00007ffeef67c4e0
0x00007ffeef67c468:   00000001078aa2bd 0000000740224610
0x00007ffeef67c478:   00000001078b3538 00007fefdf494ce0
0x00007ffeef67c488:   00000001078b4e39 00007fefdf1c4830
0x00007ffeef67c498:   00000001078b4e02 00007ffeef67c4a0
0x00007ffeef67c4a8:   000000015bdd21da 00007ffeef67c508
0x00007ffeef67c4b8:   000000015bdd4c48 0000000000000000
0x00007ffeef67c4c8:   000000015bdd21e8 00007ffeef67c480
0x00007ffeef67c4d8:   00007ffeef67c4f0 00007ffeef67c550
0x00007ffeef67c4e8:   00000001078aa2bd 00007fefdf494ce0
0x00007ffeef67c4f8:   0000000797fd28c8 00007fefdf1c4830
0x00007ffeef67c508:   0000000797fd28c8 00007ffeef67c510
0x00007ffeef67c518:   000000015eea69fe 00007ffeef67c560
0x00007ffeef67c528:   000000015eea6ab8 0000000000000000 

Instructions: (pc=0x00007fff7b3cbe9d)
0x00007fff7b3cbe7d:   0f 1f 00 48 85 ff 2e 74 62 40 f6 c7 01 2e 75 66
0x00007fff7b3cbe8d:   49 ba f8 ff ff ff ff 7f 00 00 4c 23 17 49 89 f3
0x00007fff7b3cbe9d:   45 23 5a 18 49 c1 e3 04 4d 03 5a 10 49 3b 33 75
0x00007fff7b3cbead:   04 41 ff 63 08 49 83 3b 01 76 0d 49 83 c3 10 49 

Register to memory mapping:

RAX=0x00007fefdf494ce0 is an unknown value
RBX=0x000000011a4ec450: Java_jogamp_nativewindow_macosx_OSXUtil_GetScreenRefreshRate0+0x1cf0 in /private/var/folders/pw/kw08pl9n6yzcxbqgsc_vpf_h0000gn/T/jogamp_0000/file_cache/jln6669377632050824653/jln4134188340278394132/libnativewindow_macosx.jnilib at 0x000000011a4e5000
RCX=0x0000000000000001 is an unknown value
RDX=0x0000000000000000 is an unknown value
RSP=0x00007ffeef67c338 is pointing into the stack for thread: 0x00007fefdb112000
RBP=0x00007ffeef67c3f0 is pointing into the stack for thread: 0x00007fefdb112000
RSI=0x00007fff5292c4e5: .str.41.llvm.371263A9+0x4376f in /System/Library/Frameworks/AppKit.framework/Versions/C/AppKit at 0x00007fff51c53000
RDI=0x00007fefdf1c4830 is an unknown value
R8 =0x0000000000000000 is an unknown value
R9 =0x0000000000000000 is an unknown value
R10=0x0000000000000000 is an unknown value
R11=0x00007fff5292c4e5: .str.41.llvm.371263A9+0x4376f in /System/Library/Frameworks/AppKit.framework/Versions/C/AppKit at 0x00007fff51c53000
R12=0x0000000000000000 is an unknown value
R13={method} {0x000000015bdd2010} 'UnsetJAWTRootSurfaceLayer0' '(JJ)V' in 'jogamp/nativewindow/jawt/macosx/MacOSXJAWTWindow'
R14=0x000000011a4ec440: Java_jogamp_nativewindow_macosx_OSXUtil_GetScreenRefreshRate0+0x1ce0 in /private/var/folders/pw/kw08pl9n6yzcxbqgsc_vpf_h0000gn/T/jogamp_0000/file_cache/jln6669377632050824653/jln4134188340278394132/libnativewindow_macosx.jnilib at 0x000000011a4e5000
R15=0x00007fefdb112000 is a thread


Stack: [0x00007ffeeee81000,0x00007ffeef681000],  sp=0x00007ffeef67c338,  free space=8172k
Native frames: (J=compiled Java code, j=interpreted, Vv=VM code, C=native code)
C  [libobjc.A.dylib+0x6e9d]  objc_msgSend+0x1d
j  jogamp.nativewindow.jawt.macosx.MacOSXJAWTWindow.UnsetJAWTRootSurfaceLayer0(JJ)V+0
j  jogamp.nativewindow.jawt.macosx.MacOSXJAWTWindow.access$200(JJ)V+2
j  jogamp.nativewindow.jawt.macosx.MacOSXJAWTWindow$1.run()V+38
j  com.jogamp.common.util.RunnableTask.run()V+24
v  ~StubRoutines::call_stub
V  [libjvm.dylib+0x2ecf06]  JavaCalls::call_helper(JavaValue*, methodHandle*, JavaCallArguments*, Thread*)+0x6ae
V  [libjvm.dylib+0x324111]  jni_invoke_nonstatic(JNIEnv_*, JavaValue*, _jobject*, JNICallType, _jmethodID*, JNI_ArgumentPusher*, Thread*)+0x2ec
V  [libjvm.dylib+0x3168df]  jni_CallVoidMethod+0x16b
C  [libnativewindow_macosx.jnilib+0x5326]  Java_jogamp_nativewindow_jawt_macosx_MacOSXJAWTWindow_UnsetJAWTRootSurfaceLayer0+0x2b6
C  [Foundation+0x681c5]  __NSThreadPerformPerform+0x14e
C  [CoreFoundation+0xa3721]  __CFRUNLOOP_IS_CALLING_OUT_TO_A_SOURCE0_PERFORM_FUNCTION__+0x11
C  [CoreFoundation+0x15d0ac]  __CFRunLoopDoSource0+0x6c
C  [CoreFoundation+0x86260]  __CFRunLoopDoSources0+0xd0
C  [CoreFoundation+0x856dd]  __CFRunLoopRun+0x50d
C  [CoreFoundation+0x84f43]  CFRunLoopRunSpecific+0x1e3
C  [HIToolbox+0x2fe26]  RunCurrentEventLoopInMode+0x11e
C  [HIToolbox+0x2fa9f]  ReceiveNextEventCommon+0x16e
C  [HIToolbox+0x2f914]  _BlockUntilNextEventMatchingListInModeWithFilter+0x40
C  [AppKit+0x41f5f]  _DPSNextEvent+0x825
C  [AppKit+0x7d7b4c]  -[NSApplication(NSEvent) _nextEventMatchingEventMask:untilDate:inMode:dequeue:]+0xbe4
C  [libosxapp.dylib+0x23aa]  -[NSApplicationAWT nextEventMatchingMask:untilDate:inMode:dequeue:]+0x7c
C  [AppKit+0x36d6d]  -[NSApplication run]+0x2fc
C  [libosxapp.dylib+0x214d]  +[NSApplicationAWT runAWTLoopWithApp:]+0x9c
C  [libawt_lwawt.dylib+0x444b3]  -[AWTStarter starter:]+0x389
C  [Foundation+0x681c5]  __NSThreadPerformPerform+0x14e
C  [CoreFoundation+0xa3721]  __CFRUNLOOP_IS_CALLING_OUT_TO_A_SOURCE0_PERFORM_FUNCTION__+0x11
C  [CoreFoundation+0x15d0ac]  __CFRunLoopDoSource0+0x6c
C  [CoreFoundation+0x86260]  __CFRunLoopDoSources0+0xd0
C  [CoreFoundation+0x856dd]  __CFRunLoopRun+0x50d
C  [CoreFoundation+0x84f43]  CFRunLoopRunSpecific+0x1e3
C  [java+0x6465]  CreateExecutionEnvironment+0x367
C  [java+0x218c]  JLI_Launch+0x7a0
C  [java+0x84c2]  main+0x65
C  [java+0x19e4]  start+0x34
C  0x0000000000000007

Java frames: (J=compiled Java code, j=interpreted, Vv=VM code)
j  jogamp.nativewindow.jawt.macosx.MacOSXJAWTWindow.UnsetJAWTRootSurfaceLayer0(JJ)V+0
j  jogamp.nativewindow.jawt.macosx.MacOSXJAWTWindow.access$200(JJ)V+2
j  jogamp.nativewindow.jawt.macosx.MacOSXJAWTWindow$1.run()V+38
j  com.jogamp.common.util.RunnableTask.run()V+24
v  ~StubRoutines::call_stub

---------------  P R O C E S S  ---------------

Java Threads: ( => current thread )
  0x00007fefdbc8b000 JavaThread "Thread-19" [_thread_blocked, id=71475, stack(0x0000700004b85000,0x0000700004c85000)]
  0x00007fefdbb4d800 JavaThread "Image Fetcher 2" daemon [_thread_blocked, id=58631, stack(0x0000700004d8b000,0x0000700004e8b000)]
  0x00007fefda4f8800 JavaThread "Image Fetcher 1" daemon [_thread_blocked, id=58119, stack(0x0000700004c88000,0x0000700004d88000)]
  0x00007fefdb59e800 JavaThread "Image Fetcher 0" daemon [_thread_blocked, id=71939, stack(0x0000700005094000,0x0000700005194000)]
  0x00007fefdbada800 JavaThread "Keep-Alive-Timer" daemon [_thread_blocked, id=72487, stack(0x0000700004f91000,0x0000700005091000)]
  0x00007fefda288000 JavaThread "Animation Thread" [_thread_blocked, id=75539, stack(0x00007000048fc000,0x00007000049fc000)]
  0x00007fefdaa20000 JavaThread "AWT-EventQueue-1" [_thread_in_native, id=75035, stack(0x00007000049ff000,0x0000700004aff000)]
  0x00007fefdb236000 JavaThread "DestroyJavaVM" [_thread_blocked, id=6403, stack(0x0000700003334000,0x0000700003434000)]
  0x00007fefda97e000 JavaThread "AWT-EventQueue-0" [_thread_blocked, id=54019, stack(0x00007000047f9000,0x00007000048f9000)]
  0x00007fefda99e000 JavaThread "Java2D Disposer" daemon [_thread_blocked, id=51983, stack(0x0000700004570000,0x0000700004670000)]
  0x00007fefda1ac000 JavaThread "Java2D Queue Flusher" daemon [_thread_blocked, id=82695, stack(0x000070000446d000,0x000070000456d000)]
  0x00007fefda935800 JavaThread "AWT-Shutdown" [_thread_blocked, id=27439, stack(0x000070000415e000,0x000070000425e000)]
=>0x00007fefdb112000 JavaThread "AWT-AppKit" daemon [_thread_in_native, id=775, stack(0x00007ffeeee81000,0x00007ffeef681000)]
  0x00007fefdb064800 JavaThread "Service Thread" daemon [_thread_blocked, id=17923, stack(0x0000700003f58000,0x0000700004058000)]
  0x00007fefdb03b800 JavaThread "C1 CompilerThread2" daemon [_thread_blocked, id=18179, stack(0x0000700003e55000,0x0000700003f55000)]
  0x00007fefdb017800 JavaThread "C2 CompilerThread1" daemon [_thread_blocked, id=14595, stack(0x0000700003d52000,0x0000700003e52000)]
  0x00007fefda84b000 JavaThread "C2 CompilerThread0" daemon [_thread_blocked, id=14339, stack(0x0000700003c4f000,0x0000700003d4f000)]
  0x00007fefda849000 JavaThread "Signal Dispatcher" daemon [_thread_blocked, id=13827, stack(0x0000700003b4c000,0x0000700003c4c000)]
  0x00007fefda843000 JavaThread "Finalizer" daemon [_thread_blocked, id=20483, stack(0x0000700003a49000,0x0000700003b49000)]
  0x00007fefda009800 JavaThread "Reference Handler" daemon [_thread_blocked, id=20995, stack(0x0000700003946000,0x0000700003a46000)]

Other Threads:
  0x00007fefda840800 VMThread [stack: 0x0000700003843000,0x0000700003943000] [id=11523]
  0x00007fefdb075000 WatcherThread [stack: 0x000070000405b000,0x000070000415b000] [id=15363]

VM state:not at safepoint (normal execution)

VM Mutex/Monitor currently owned by a thread: None

Heap:
 PSYoungGen      total 38400K, used 17515K [0x0000000795580000, 0x0000000798000000, 0x00000007c0000000)
  eden space 33280K, 37% used [0x0000000795580000,0x000000079619e420,0x0000000797600000)
  from space 5120K, 99% used [0x0000000797b00000,0x0000000797ffcaf0,0x0000000798000000)
  to   space 5120K, 0% used [0x0000000797600000,0x0000000797600000,0x0000000797b00000)
 ParOldGen       total 87552K, used 8811K [0x0000000740000000, 0x0000000745580000, 0x0000000795580000)
  object space 87552K, 10% used [0x0000000740000000,0x000000074089aff8,0x0000000745580000)
 Metaspace       used 18867K, capacity 19083K, committed 19200K, reserved 1067008K
  class space    used 1887K, capacity 1982K, committed 2048K, reserved 1048576K

Card table byte_map: [0x00000001021ae000,0x00000001025af000] byte_map_base: 0x00000000fe7ae000

Marking Bits: (ParMarkBitMap*) 0x00000001016edd20
 Begin Bits: [0x000000010285a000, 0x000000010485a000)
 End Bits:   [0x000000010485a000, 0x000000010685a000)

Polling page: 0x00000001005fb000

CodeCache: size=245760Kb used=6282Kb max_used=6291Kb free=239477Kb
 bounds [0x00000001078a2000, 0x0000000107ed2000, 0x00000001168a2000]
 total_blobs=2545 nmethods=1671 adapters=788
 compilation: enabled

Compilation events (10 events):
Event: 6.026 Thread 0x00007fefdb03b800 nmethod 1666 0x0000000107ec50d0 code [0x0000000107ec5240, 0x0000000107ec53d0]
Event: 6.026 Thread 0x00007fefdb03b800 1665       1       sun.java2d.SurfaceData::isValid (5 bytes)
Event: 6.026 Thread 0x00007fefdb03b800 nmethod 1665 0x0000000107ec5490 code [0x0000000107ec55e0, 0x0000000107ec56f0]
Event: 6.027 Thread 0x00007fefda84b000 1667  s    4       sun.misc.URLClassPath::getNextLoader (88 bytes)
Event: 6.028 Thread 0x00007fefdb017800 1668  s!   4       sun.misc.URLClassPath::getLoader (197 bytes)
Event: 6.032 Thread 0x00007fefda84b000 nmethod 1667 0x0000000107ec8ad0 code [0x0000000107ec8c40, 0x0000000107ec93b8]
Event: 6.033 Thread 0x00007fefdb017800 nmethod 1668 0x0000000107ec68d0 code [0x0000000107ec6a40, 0x0000000107ec7218]
Event: 6.038 Thread 0x00007fefdb03b800 1669       3       java.util.IdentityHashMap::hash (18 bytes)
Event: 6.038 Thread 0x00007fefdb03b800 nmethod 1669 0x0000000107ec6550 code [0x0000000107ec66c0, 0x0000000107ec6848]
Event: 6.039 Thread 0x00007fefdb03b800 1671       3       java.lang.Math::round (70 bytes)

GC Heap History (4 events):
Event: 3.065 GC heap before
{Heap before GC invocations=1 (full 0):
 PSYoungGen      total 38400K, used 33280K [0x0000000795580000, 0x0000000798000000, 0x00000007c0000000)
  eden space 33280K, 100% used [0x0000000795580000,0x0000000797600000,0x0000000797600000)
  from space 5120K, 0% used [0x0000000797b00000,0x0000000797b00000,0x0000000798000000)
  to   space 5120K, 0% used [0x0000000797600000,0x0000000797600000,0x0000000797b00000)
 ParOldGen       total 87552K, used 0K [0x0000000740000000, 0x0000000745580000, 0x0000000795580000)
  object space 87552K, 0% used [0x0000000740000000,0x0000000740000000,0x0000000745580000)
 Metaspace       used 15955K, capacity 16155K, committed 16384K, reserved 1064960K
  class space    used 1619K, capacity 1692K, committed 1792K, reserved 1048576K
Event: 3.071 GC heap after
Heap after GC invocations=1 (full 0):
 PSYoungGen      total 38400K, used 5026K [0x0000000795580000, 0x0000000798000000, 0x00000007c0000000)
  eden space 33280K, 0% used [0x0000000795580000,0x0000000795580000,0x0000000797600000)
  from space 5120K, 98% used [0x0000000797600000,0x0000000797ae8af8,0x0000000797b00000)
  to   space 5120K, 0% used [0x0000000797b00000,0x0000000797b00000,0x0000000798000000)
 ParOldGen       total 87552K, used 16K [0x0000000740000000, 0x0000000745580000, 0x0000000795580000)
  object space 87552K, 0% used [0x0000000740000000,0x0000000740004000,0x0000000745580000)
 Metaspace       used 15955K, capacity 16155K, committed 16384K, reserved 1064960K
  class space    used 1619K, capacity 1692K, committed 1792K, reserved 1048576K
}
Event: 4.225 GC heap before
{Heap before GC invocations=2 (full 0):
 PSYoungGen      total 38400K, used 38306K [0x0000000795580000, 0x0000000798000000, 0x00000007c0000000)
  eden space 33280K, 100% used [0x0000000795580000,0x0000000797600000,0x0000000797600000)
  from space 5120K, 98% used [0x0000000797600000,0x0000000797ae8af8,0x0000000797b00000)
  to   space 5120K, 0% used [0x0000000797b00000,0x0000000797b00000,0x0000000798000000)
 ParOldGen       total 87552K, used 16K [0x0000000740000000, 0x0000000745580000, 0x0000000795580000)
  object space 87552K, 0% used [0x0000000740000000,0x0000000740004000,0x0000000745580000)
 Metaspace       used 18441K, capacity 18657K, committed 18944K, reserved 1067008K
  class space    used 1875K, capacity 1949K, committed 2048K, reserved 1048576K
Event: 4.241 GC heap after
Heap after GC invocations=2 (full 0):
 PSYoungGen      total 38400K, used 5106K [0x0000000795580000, 0x0000000798000000, 0x00000007c0000000)
  eden space 33280K, 0% used [0x0000000795580000,0x0000000795580000,0x0000000797600000)
  from space 5120K, 99% used [0x0000000797b00000,0x0000000797ffcaf0,0x0000000798000000)
  to   space 5120K, 0% used [0x0000000797600000,0x0000000797600000,0x0000000797b00000)
 ParOldGen       total 87552K, used 8811K [0x0000000740000000, 0x0000000745580000, 0x0000000795580000)
  object space 87552K, 10% used [0x0000000740000000,0x000000074089aff8,0x0000000745580000)
 Metaspace       used 18441K, capacity 18657K, committed 18944K, reserved 1067008K
  class space    used 1875K, capacity 1949K, committed 2048K, reserved 1048576K
}

Deoptimization events (7 events):
Event: 2.393 Thread 0x00007fefdaa14800 Uncommon trap: reason=unstable_if action=reinterpret pc=0x0000000107a6a228 method=java.lang.String.toLowerCase(Ljava/util/Locale;)Ljava/lang/String; @ 85
Event: 2.665 Thread 0x00007fefda288000 Uncommon trap: reason=unstable_if action=reinterpret pc=0x0000000107af7594 method=java.lang.String.indexOf([CII[CIII)I @ 3
Event: 2.665 Thread 0x00007fefda288000 Uncommon trap: reason=unstable_if action=reinterpret pc=0x0000000107ad3b54 method=java.lang.String.indexOf([CII[CIII)I @ 3
Event: 2.665 Thread 0x00007fefda288000 Uncommon trap: reason=unstable_if action=reinterpret pc=0x0000000107a5a9d8 method=java.lang.String.indexOf([CII[CIII)I @ 3
Event: 3.659 Thread 0x00007fefdaa20000 Uncommon trap: reason=unstable_if action=reinterpret pc=0x0000000107a45e78 method=java.lang.AbstractStringBuilder.append(Ljava/lang/String;)Ljava/lang/AbstractStringBuilder; @ 1
Event: 3.802 Thread 0x00007fefdaa20000 Uncommon trap: reason=unstable_if action=reinterpret pc=0x0000000107c4353c method=com.jogamp.common.util.IntIntHashMap.get(I)I @ 28
Event: 6.010 Thread 0x00007fefdaa20000 Uncommon trap: reason=unstable_if action=reinterpret pc=0x0000000107d6dfa8 method=com.jogamp.common.util.VersionNumber.compareTo(Lcom/jogamp/common/util/VersionNumber;)I @ 21

Internal exceptions (10 events):
Event: 0.420 Thread 0x00007fefdb802000 Exception <a 'java/lang/NoSuchFieldError': method resolution failed> (0x0000000795786338) thrown at [/HUDSON3/workspace/8-2-build-macosx-x86_64/jdk8u101/7261/hotspot/src/share/vm/prims/methodHandles.cpp, line 1146]
Event: 0.422 Thread 0x00007fefdb802000 Exception <a 'java/lang/NoSuchFieldError': method resolution failed> (0x0000000795793b08) thrown at [/HUDSON3/workspace/8-2-build-macosx-x86_64/jdk8u101/7261/hotspot/src/share/vm/prims/methodHandles.cpp, line 1146]
Event: 0.720 Thread 0x00007fefdb802000 Exception <a 'java/io/FileNotFoundException'> (0x000000079580f280) thrown at [/HUDSON3/workspace/8-2-build-macosx-x86_64/jdk8u101/7261/hotspot/src/share/vm/prims/jni.cpp, line 709]
Event: 0.720 Thread 0x00007fefdb802000 Exception <a 'java/io/FileNotFoundException'> (0x000000079580fe20) thrown at [/HUDSON3/workspace/8-2-build-macosx-x86_64/jdk8u101/7261/hotspot/src/share/vm/prims/jni.cpp, line 709]
Event: 0.899 Thread 0x00007fefdb802000 Exception <a 'java/io/FileNotFoundException'> (0x000000079594bdc0) thrown at [/HUDSON3/workspace/8-2-build-macosx-x86_64/jdk8u101/7261/hotspot/src/share/vm/prims/jni.cpp, line 709]
Event: 2.685 Thread 0x00007fefda288000 Exception <a 'java/lang/UnsatisfiedLinkError': com.jogamp.common.util.JarUtil.fixNativeLibAttribs(Ljava/lang/String;)Z> (0x0000000796b2fcb0) thrown at [/HUDSON3/workspace/8-2-build-macosx-x86_64/jdk8u101/7261/hotspot/src/share/vm/prims/nativeLookup.cpp, l
Event: 3.072 Thread 0x00007fefda843000 Exception <a 'java/lang/NullPointerException'> (0x000000079562a288) thrown at [/HUDSON3/workspace/8-2-build-macosx-x86_64/jdk8u101/7261/hotspot/src/share/vm/interpreter/linkResolver.cpp, line 1178]
Event: 3.659 Thread 0x00007fefdaa20000 Exception <a 'java/io/FileNotFoundException'> (0x0000000795e6f030) thrown at [/HUDSON3/workspace/8-2-build-macosx-x86_64/jdk8u101/7261/hotspot/src/share/vm/prims/jni.cpp, line 709]
Event: 3.659 Thread 0x00007fefdaa20000 Exception <a 'java/io/FileNotFoundException'> (0x0000000795e75508) thrown at [/HUDSON3/workspace/8-2-build-macosx-x86_64/jdk8u101/7261/hotspot/src/share/vm/prims/jni.cpp, line 709]
Event: 3.659 Thread 0x00007fefdaa20000 Implicit null exception at 0x0000000107a45af5 to 0x0000000107a45e65

Events (10 events):
Event: 6.037 loading class jogamp/nativewindow/jawt/macosx/MacOSXJAWTWindow$1 done
Event: 6.038 loading class java/awt/LightweightDispatcher$2
Event: 6.038 loading class java/awt/LightweightDispatcher$2 done
Event: 6.038 loading class java/awt/event/AWTEventListenerProxy
Event: 6.038 loading class java/awt/event/AWTEventListenerProxy done
Event: 6.038 loading class java/awt/Toolkit$ToolkitEventMulticaster
Event: 6.038 loading class java/awt/Toolkit$ToolkitEventMulticaster done
Event: 6.038 Thread 0x00007fefdb1c1000 Thread exited: 0x00007fefdb1c1000
Event: 6.038 loading class java/awt/Window$1DisposeAction
Event: 6.039 loading class java/awt/Window$1DisposeAction done


Dynamic libraries:
0x000000002cc85000 	/System/Library/Frameworks/Cocoa.framework/Versions/A/Cocoa
0x000000002cc85000 	/System/Library/Frameworks/Security.framework/Versions/A/Security
0x000000002cc85000 	/System/Library/Frameworks/ApplicationServices.framework/Versions/A/ApplicationServices
0x000000002cc85000 	/usr/lib/libz.1.dylib
0x000000002cc85000 	/usr/lib/libSystem.B.dylib
0x000000002cc85000 	/usr/lib/libobjc.A.dylib
0x000000002cc85000 	/System/Library/Frameworks/CoreFoundation.framework/Versions/A/CoreFoundation
0x000000002cc85000 	/System/Library/Frameworks/Foundation.framework/Versions/C/Foundation
0x000000002cc85000 	/System/Library/Frameworks/AppKit.framework/Versions/C/AppKit
0x000000002cc85000 	/System/Library/Frameworks/CoreData.framework/Versions/A/CoreData
0x000000002cc85000 	/System/Library/PrivateFrameworks/RemoteViewServices.framework/Versions/A/RemoteViewServices
0x000000002cc85000 	/System/Library/PrivateFrameworks/UIFoundation.framework/Versions/A/UIFoundation
0x000000002cc85000 	/System/Library/PrivateFrameworks/DFRFoundation.framework/Versions/A/DFRFoundation
0x000000002cc85000 	/System/Library/Frameworks/Metal.framework/Versions/A/Metal
0x000000002cc85000 	/System/Library/PrivateFrameworks/DesktopServicesPriv.framework/Versions/A/DesktopServicesPriv
0x000000002cc85000 	/usr/lib/libenergytrace.dylib
0x000000002cc85000 	/System/Library/PrivateFrameworks/SkyLight.framework/Versions/A/SkyLight
0x000000002cc85000 	/System/Library/Frameworks/CoreGraphics.framework/Versions/A/CoreGraphics
0x000000002cc85000 	/usr/lib/libScreenReader.dylib
0x000000002cc85000 	/System/Library/Frameworks/Accelerate.framework/Versions/A/Accelerate
0x000000002cc85000 	/System/Library/Frameworks/IOSurface.framework/Versions/A/IOSurface
0x000000002cc85000 	/System/Library/Frameworks/AudioToolbox.framework/Versions/A/AudioToolbox
0x000000002cc85000 	/System/Library/Frameworks/AudioUnit.framework/Versions/A/AudioUnit
0x000000002cc85000 	/System/Library/PrivateFrameworks/DataDetectorsCore.framework/Versions/A/DataDetectorsCore
0x000000002cc85000 	/System/Library/Frameworks/Carbon.framework/Versions/A/Frameworks/HIToolbox.framework/Versions/A/HIToolbox
0x000000002cc85000 	/usr/lib/libicucore.A.dylib
0x000000002cc85000 	/System/Library/Frameworks/QuartzCore.framework/Versions/A/QuartzCore
0x000000002cc85000 	/System/Library/Frameworks/Carbon.framework/Versions/A/Frameworks/SpeechRecognition.framework/Versions/A/SpeechRecognition
0x000000002cc85000 	/usr/lib/libauto.dylib
0x000000002cc85000 	/usr/lib/libxml2.2.dylib
0x000000002cc85000 	/System/Library/PrivateFrameworks/CoreUI.framework/Versions/A/CoreUI
0x000000002cc85000 	/System/Library/Frameworks/CoreAudio.framework/Versions/A/CoreAudio
0x000000002cc85000 	/System/Library/Frameworks/DiskArbitration.framework/Versions/A/DiskArbitration
0x000000002cc85000 	/usr/lib/liblangid.dylib
0x000000002cc85000 	/System/Library/PrivateFrameworks/MultitouchSupport.framework/Versions/A/MultitouchSupport
0x000000002cc85000 	/System/Library/Frameworks/IOKit.framework/Versions/A/IOKit
0x000000002cc85000 	/usr/lib/libDiagnosticMessagesClient.dylib
0x000000002cc85000 	/System/Library/Frameworks/CoreServices.framework/Versions/A/CoreServices
0x000000002cc85000 	/System/Library/PrivateFrameworks/PerformanceAnalysis.framework/Versions/A/PerformanceAnalysis
0x000000002cc85000 	/System/Library/Frameworks/OpenGL.framework/Versions/A/OpenGL
0x000000002cc85000 	/System/Library/Frameworks/ColorSync.framework/Versions/A/ColorSync
0x000000002cc85000 	/System/Library/Frameworks/CoreImage.framework/Versions/A/CoreImage
0x000000002cc85000 	/System/Library/Frameworks/CoreText.framework/Versions/A/CoreText
0x000000002cc85000 	/System/Library/Frameworks/ImageIO.framework/Versions/A/ImageIO
0x000000002cc85000 	/System/Library/PrivateFrameworks/Backup.framework/Versions/A/Backup
0x000000002cc85000 	/usr/lib/libarchive.2.dylib
0x000000002cc85000 	/System/Library/Frameworks/CFNetwork.framework/Versions/A/CFNetwork
0x000000002cc85000 	/System/Library/Frameworks/SystemConfiguration.framework/Versions/A/SystemConfiguration
0x000000002cc85000 	/usr/lib/libCRFSuite.dylib
0x000000002cc85000 	/usr/lib/libc++.1.dylib
0x000000002cc85000 	/usr/lib/libc++abi.dylib
0x000000002cc85000 	/usr/lib/system/libcache.dylib
0x000000002cc85000 	/usr/lib/system/libcommonCrypto.dylib
0x000000002cc85000 	/usr/lib/system/libcompiler_rt.dylib
0x000000002cc85000 	/usr/lib/system/libcopyfile.dylib
0x000000002cc85000 	/usr/lib/system/libcorecrypto.dylib
0x000000002cc85000 	/usr/lib/system/libdispatch.dylib
0x000000002cc85000 	/usr/lib/system/libdyld.dylib
0x000000002cc85000 	/usr/lib/system/libkeymgr.dylib
0x000000002cc85000 	/usr/lib/system/liblaunch.dylib
0x000000002cc85000 	/usr/lib/system/libmacho.dylib
0x000000002cc85000 	/usr/lib/system/libquarantine.dylib
0x000000002cc85000 	/usr/lib/system/libremovefile.dylib
0x000000002cc85000 	/usr/lib/system/libsystem_asl.dylib
0x000000002cc85000 	/usr/lib/system/libsystem_blocks.dylib
0x000000002cc85000 	/usr/lib/system/libsystem_c.dylib
0x000000002cc85000 	/usr/lib/system/libsystem_configuration.dylib
0x000000002cc85000 	/usr/lib/system/libsystem_coreservices.dylib
0x000000002cc85000 	/usr/lib/system/libsystem_darwin.dylib
0x000000002cc85000 	/usr/lib/system/libsystem_dnssd.dylib
0x000000002cc85000 	/usr/lib/system/libsystem_info.dylib
0x000000002cc85000 	/usr/lib/system/libsystem_m.dylib
0x000000002cc85000 	/usr/lib/system/libsystem_malloc.dylib
0x000000002cc85000 	/usr/lib/system/libsystem_network.dylib
0x000000002cc85000 	/usr/lib/system/libsystem_networkextension.dylib
0x000000002cc85000 	/usr/lib/system/libsystem_notify.dylib
0x000000002cc85000 	/usr/lib/system/libsystem_sandbox.dylib
0x000000002cc85000 	/usr/lib/system/libsystem_secinit.dylib
0x000000002cc85000 	/usr/lib/system/libsystem_kernel.dylib
0x000000002cc85000 	/usr/lib/system/libsystem_platform.dylib
0x000000002cc85000 	/usr/lib/system/libsystem_pthread.dylib
0x000000002cc85000 	/usr/lib/system/libsystem_symptoms.dylib
0x000000002cc85000 	/usr/lib/system/libsystem_trace.dylib
0x000000002cc85000 	/usr/lib/system/libunwind.dylib
0x000000002cc85000 	/usr/lib/system/libxpc.dylib
0x000000002cc85000 	/usr/lib/closure/libclosured.dylib
0x000000002cc85000 	/usr/lib/libbsm.0.dylib
0x000000002cc85000 	/usr/lib/system/libkxld.dylib
0x000000002cc85000 	/usr/lib/libOpenScriptingUtil.dylib
0x000000002cc85000 	/usr/lib/libcoretls.dylib
0x000000002cc85000 	/usr/lib/libcoretls_cfhelpers.dylib
0x000000002cc85000 	/usr/lib/libpam.2.dylib
0x000000002cc85000 	/usr/lib/libsqlite3.dylib
0x000000002cc85000 	/usr/lib/libxar.1.dylib
0x000000002cc85000 	/usr/lib/libbz2.1.0.dylib
0x000000002cc85000 	/usr/lib/liblzma.5.dylib
0x000000002cc85000 	/usr/lib/libnetwork.dylib
0x000000002cc85000 	/usr/lib/libapple_nghttp2.dylib
0x000000002cc85000 	/usr/lib/libpcap.A.dylib
0x000000002cc85000 	/usr/lib/libboringssl.dylib
0x000000002cc85000 	/usr/lib/libusrtcp.dylib
0x000000002cc85000 	/usr/lib/libapple_crypto.dylib
0x000000002cc85000 	/System/Library/Frameworks/CoreServices.framework/Versions/A/Frameworks/FSEvents.framework/Versions/A/FSEvents
0x000000002cc85000 	/System/Library/Frameworks/CoreServices.framework/Versions/A/Frameworks/CarbonCore.framework/Versions/A/CarbonCore
0x000000002cc85000 	/System/Library/Frameworks/CoreServices.framework/Versions/A/Frameworks/Metadata.framework/Versions/A/Metadata
0x000000002cc85000 	/System/Library/Frameworks/CoreServices.framework/Versions/A/Frameworks/OSServices.framework/Versions/A/OSServices
0x000000002cc85000 	/System/Library/Frameworks/CoreServices.framework/Versions/A/Frameworks/SearchKit.framework/Versions/A/SearchKit
0x000000002cc85000 	/System/Library/Frameworks/CoreServices.framework/Versions/A/Frameworks/AE.framework/Versions/A/AE
0x000000002cc85000 	/System/Library/Frameworks/CoreServices.framework/Versions/A/Frameworks/LaunchServices.framework/Versions/A/LaunchServices
0x000000002cc85000 	/System/Library/Frameworks/CoreServices.framework/Versions/A/Frameworks/DictionaryServices.framework/Versions/A/DictionaryServices
0x000000002cc85000 	/System/Library/Frameworks/CoreServices.framework/Versions/A/Frameworks/SharedFileList.framework/Versions/A/SharedFileList
0x000000002cc85000 	/System/Library/Frameworks/NetFS.framework/Versions/A/NetFS
0x000000002cc85000 	/System/Library/PrivateFrameworks/NetAuth.framework/Versions/A/NetAuth
0x000000002cc85000 	/System/Library/PrivateFrameworks/login.framework/Versions/A/Frameworks/loginsupport.framework/Versions/A/loginsupport
0x000000002cc85000 	/System/Library/PrivateFrameworks/TCC.framework/Versions/A/TCC
0x000000002cc85000 	/usr/lib/libmecabra.dylib
0x000000002cc85000 	/System/Library/Frameworks/ApplicationServices.framework/Versions/A/Frameworks/ATS.framework/Versions/A/ATS
0x000000002cc85000 	/System/Library/Frameworks/ApplicationServices.framework/Versions/A/Frameworks/ColorSyncLegacy.framework/Versions/A/ColorSyncLegacy
0x000000002cc85000 	/System/Library/Frameworks/ApplicationServices.framework/Versions/A/Frameworks/HIServices.framework/Versions/A/HIServices
0x000000002cc85000 	/System/Library/Frameworks/ApplicationServices.framework/Versions/A/Frameworks/LangAnalysis.framework/Versions/A/LangAnalysis
0x000000002cc85000 	/System/Library/Frameworks/ApplicationServices.framework/Versions/A/Frameworks/PrintCore.framework/Versions/A/PrintCore
0x000000002cc85000 	/System/Library/Frameworks/ApplicationServices.framework/Versions/A/Frameworks/QD.framework/Versions/A/QD
0x000000002cc85000 	/System/Library/Frameworks/ApplicationServices.framework/Versions/A/Frameworks/SpeechSynthesis.framework/Versions/A/SpeechSynthesis
0x000000002cc85000 	/System/Library/Frameworks/CoreDisplay.framework/Versions/A/CoreDisplay
0x000000002cc85000 	/System/Library/Frameworks/Accelerate.framework/Versions/A/Frameworks/vImage.framework/Versions/A/vImage
0x000000002cc85000 	/System/Library/Frameworks/Accelerate.framework/Versions/A/Frameworks/vecLib.framework/Versions/A/vecLib
0x000000002cc85000 	/System/Library/Frameworks/Accelerate.framework/Versions/A/Frameworks/vecLib.framework/Versions/A/libvDSP.dylib
0x000000002cc85000 	/System/Library/Frameworks/Accelerate.framework/Versions/A/Frameworks/vecLib.framework/Versions/A/libBNNS.dylib
0x000000002cc85000 	/System/Library/Frameworks/Accelerate.framework/Versions/A/Frameworks/vecLib.framework/Versions/A/libQuadrature.dylib
0x000000002cc85000 	/System/Library/Frameworks/Accelerate.framework/Versions/A/Frameworks/vecLib.framework/Versions/A/libvMisc.dylib
0x000000002cc85000 	/System/Library/Frameworks/Accelerate.framework/Versions/A/Frameworks/vecLib.framework/Versions/A/libLAPACK.dylib
0x000000002cc85000 	/System/Library/Frameworks/Accelerate.framework/Versions/A/Frameworks/vecLib.framework/Versions/A/libBLAS.dylib
0x000000002cc85000 	/System/Library/Frameworks/Accelerate.framework/Versions/A/Frameworks/vecLib.framework/Versions/A/libLinearAlgebra.dylib
0x000000002cc85000 	/System/Library/Frameworks/Accelerate.framework/Versions/A/Frameworks/vecLib.framework/Versions/A/libSparse.dylib
0x000000002cc85000 	/System/Library/Frameworks/Accelerate.framework/Versions/A/Frameworks/vecLib.framework/Versions/A/libSparseBLAS.dylib
0x000000002cc85000 	/System/Library/PrivateFrameworks/IOAccelerator.framework/Versions/A/IOAccelerator
0x000000002cc85000 	/System/Library/PrivateFrameworks/IOPresentment.framework/Versions/A/IOPresentment
0x000000002cc85000 	/System/Library/PrivateFrameworks/DSExternalDisplay.framework/Versions/A/DSExternalDisplay
0x000000002cc85000 	/System/Library/Frameworks/OpenGL.framework/Versions/A/Libraries/libCoreFSCache.dylib
0x000000002cc85000 	/System/Library/Frameworks/CoreVideo.framework/Versions/A/CoreVideo
0x000000002cc85000 	/System/Library/PrivateFrameworks/GraphVisualizer.framework/Versions/A/GraphVisualizer
0x000000002cc85000 	/System/Library/Frameworks/MetalPerformanceShaders.framework/Versions/A/MetalPerformanceShaders
0x000000002cc85000 	/usr/lib/libFosl_dynamic.dylib
0x000000002cc85000 	/System/Library/PrivateFrameworks/FaceCore.framework/Versions/A/FaceCore
0x000000002cc85000 	/System/Library/Frameworks/OpenCL.framework/Versions/A/OpenCL
0x000000002cc85000 	/usr/lib/libcompression.dylib
0x000000002cc85000 	/System/Library/Frameworks/ApplicationServices.framework/Versions/A/Frameworks/ATS.framework/Versions/A/Resources/libFontParser.dylib
0x000000002cc85000 	/System/Library/Frameworks/ApplicationServices.framework/Versions/A/Frameworks/ATS.framework/Versions/A/Resources/libFontRegistry.dylib
0x000000002cc85000 	/System/Library/Frameworks/ImageIO.framework/Versions/A/Resources/libJPEG.dylib
0x000000002cc85000 	/System/Library/Frameworks/ImageIO.framework/Versions/A/Resources/libTIFF.dylib
0x000000002cc85000 	/System/Library/Frameworks/ImageIO.framework/Versions/A/Resources/libPng.dylib
0x000000002cc85000 	/System/Library/Frameworks/ImageIO.framework/Versions/A/Resources/libGIF.dylib
0x000000002cc85000 	/System/Library/Frameworks/ImageIO.framework/Versions/A/Resources/libJP2.dylib
0x000000002cc85000 	/System/Library/Frameworks/ImageIO.framework/Versions/A/Resources/libRadiance.dylib
0x000000002cc85000 	/System/Library/PrivateFrameworks/AppleJPEG.framework/Versions/A/AppleJPEG
0x000000002cc85000 	/System/Library/PrivateFrameworks/MetalTools.framework/Versions/A/MetalTools
0x000000002cc85000 	/System/Library/Frameworks/MetalPerformanceShaders.framework/Frameworks/MPSCore.framework/Versions/A/MPSCore
0x000000002cc85000 	/System/Library/Frameworks/MetalPerformanceShaders.framework/Frameworks/MPSImage.framework/Versions/A/MPSImage
0x000000002cc85000 	/System/Library/Frameworks/MetalPerformanceShaders.framework/Frameworks/MPSMatrix.framework/Versions/A/MPSMatrix
0x000000002cc85000 	/System/Library/Frameworks/MetalPerformanceShaders.framework/Frameworks/MPSNeuralNetwork.framework/Versions/A/MPSNeuralNetwork
0x000000002cc85000 	/System/Library/Frameworks/OpenGL.framework/Versions/A/Libraries/libGLU.dylib
0x000000002cc85000 	/System/Library/Frameworks/OpenGL.framework/Versions/A/Libraries/libGFXShared.dylib
0x000000002cc85000 	/System/Library/Frameworks/OpenGL.framework/Versions/A/Libraries/libGL.dylib
0x000000002cc85000 	/System/Library/Frameworks/OpenGL.framework/Versions/A/Libraries/libGLImage.dylib
0x000000002cc85000 	/System/Library/Frameworks/OpenGL.framework/Versions/A/Libraries/libCVMSPluginSupport.dylib
0x000000002cc85000 	/System/Library/Frameworks/OpenGL.framework/Versions/A/Libraries/libCoreVMClient.dylib
0x000000002cc85000 	/usr/lib/libcups.2.dylib
0x000000002cc85000 	/System/Library/Frameworks/Kerberos.framework/Versions/A/Kerberos
0x000000002cc85000 	/System/Library/Frameworks/GSS.framework/Versions/A/GSS
0x000000002cc85000 	/usr/lib/libresolv.9.dylib
0x000000002cc85000 	/usr/lib/libiconv.2.dylib
0x000000002cc85000 	/System/Library/PrivateFrameworks/Heimdal.framework/Versions/A/Heimdal
0x000000002cc85000 	/usr/lib/libheimdal-asn1.dylib
0x000000002cc85000 	/System/Library/Frameworks/OpenDirectory.framework/Versions/A/OpenDirectory
0x000000002cc85000 	/System/Library/PrivateFrameworks/CommonAuth.framework/Versions/A/CommonAuth
0x000000002cc85000 	/System/Library/Frameworks/OpenDirectory.framework/Versions/A/Frameworks/CFOpenDirectory.framework/Versions/A/CFOpenDirectory
0x000000002cc85000 	/System/Library/Frameworks/SecurityFoundation.framework/Versions/A/SecurityFoundation
0x000000002cc85000 	/System/Library/PrivateFrameworks/APFS.framework/Versions/A/APFS
0x000000002cc85000 	/usr/lib/libutil.dylib
0x000000002cc85000 	/System/Library/PrivateFrameworks/AppleSauce.framework/Versions/A/AppleSauce
0x000000002cc85000 	/System/Library/PrivateFrameworks/LinguisticData.framework/Versions/A/LinguisticData
0x000000002cc85000 	/usr/lib/libmarisa.dylib
0x000000002cc85000 	/System/Library/PrivateFrameworks/Lexicon.framework/Versions/A/Lexicon
0x000000002cc85000 	/usr/lib/libChineseTokenizer.dylib
0x000000002cc85000 	/usr/lib/libcmph.dylib
0x000000002cc85000 	/System/Library/PrivateFrameworks/LanguageModeling.framework/Versions/A/LanguageModeling
0x000000002cc85000 	/System/Library/PrivateFrameworks/CoreEmoji.framework/Versions/A/CoreEmoji
0x000000002cc85000 	/System/Library/Frameworks/ServiceManagement.framework/Versions/A/ServiceManagement
0x000000002cc85000 	/System/Library/PrivateFrameworks/BackgroundTaskManagement.framework/Versions/A/BackgroundTaskManagement
0x000000002cc85000 	/usr/lib/libxslt.1.dylib
0x000000002cc85000 	/System/Library/Frameworks/Carbon.framework/Versions/A/Frameworks/Ink.framework/Versions/A/Ink
0x000000002cc85000 	/System/Library/PrivateFrameworks/TextureIO.framework/Versions/A/TextureIO
0x000000002cc85000 	/usr/lib/libate.dylib
0x000000002cc85000 	/System/Library/PrivateFrameworks/CrashReporterSupport.framework/Versions/A/CrashReporterSupport
0x000000002cc85000 	/System/Library/PrivateFrameworks/Sharing.framework/Versions/A/Sharing
0x000000002cc85000 	/System/Library/PrivateFrameworks/IconServices.framework/Versions/A/IconServices
0x000000002cc85000 	/System/Library/PrivateFrameworks/ProtocolBuffer.framework/Versions/A/ProtocolBuffer
0x000000002cc85000 	/System/Library/PrivateFrameworks/Apple80211.framework/Versions/A/Apple80211
0x000000002cc85000 	/System/Library/Frameworks/CoreWLAN.framework/Versions/A/CoreWLAN
0x000000002cc85000 	/System/Library/PrivateFrameworks/CoreUtils.framework/Versions/A/CoreUtils
0x000000002cc85000 	/System/Library/Frameworks/IOBluetooth.framework/Versions/A/IOBluetooth
0x000000002cc85000 	/System/Library/PrivateFrameworks/CoreWiFi.framework/Versions/A/CoreWiFi
0x000000002cc85000 	/System/Library/Frameworks/CoreBluetooth.framework/Versions/A/CoreBluetooth
0x000000002cc85000 	/System/Library/PrivateFrameworks/SignpostNotification.framework/Versions/A/SignpostNotification
0x000000002cc85000 	/System/Library/PrivateFrameworks/DebugSymbols.framework/Versions/A/DebugSymbols
0x000000002cc85000 	/System/Library/PrivateFrameworks/CoreSymbolication.framework/Versions/A/CoreSymbolication
0x000000002cc85000 	/System/Library/PrivateFrameworks/Symbolication.framework/Versions/A/Symbolication
0x000000002cc85000 	/System/Library/PrivateFrameworks/AppleFSCompression.framework/Versions/A/AppleFSCompression
0x000000002cc85000 	/System/Library/PrivateFrameworks/SpeechRecognitionCore.framework/Versions/A/SpeechRecognitionCore
0x0000000100e00000 	/Library/Java/JavaVirtualMachines/jdk1.8.0_101.jdk/Contents/Home/jre/lib/server/libjvm.dylib
0x000000002cc85000 	/usr/lib/libstdc++.6.0.9.dylib
0x00000001005b8000 	/Library/Java/JavaVirtualMachines/jdk1.8.0_101.jdk/Contents/Home/jre/lib/libverify.dylib
0x00000001005c6000 	/Library/Java/JavaVirtualMachines/jdk1.8.0_101.jdk/Contents/Home/jre/lib/libjava.dylib
0x0000000101de5000 	/Library/Java/JavaVirtualMachines/jdk1.8.0_101.jdk/Contents/Home/jre/lib/libzip.dylib
0x000000002cc85000 	/System/Library/Frameworks/JavaVM.framework/Versions/A/Frameworks/JavaRuntimeSupport.framework/Versions/A/JavaRuntimeSupport
0x000000002cc85000 	/System/Library/Frameworks/JavaVM.framework/Versions/A/Frameworks/JavaNativeFoundation.framework/Versions/A/JavaNativeFoundation
0x000000002cc85000 	/System/Library/Frameworks/JavaVM.framework/Versions/A/JavaVM
0x000000002cc85000 	/System/Library/Frameworks/Carbon.framework/Versions/A/Carbon
0x000000002cc85000 	/System/Library/PrivateFrameworks/JavaLaunching.framework/Versions/A/JavaLaunching
0x000000002cc85000 	/System/Library/Frameworks/Carbon.framework/Versions/A/Frameworks/CommonPanels.framework/Versions/A/CommonPanels
0x000000002cc85000 	/System/Library/Frameworks/Carbon.framework/Versions/A/Frameworks/Help.framework/Versions/A/Help
0x000000002cc85000 	/System/Library/Frameworks/Carbon.framework/Versions/A/Frameworks/ImageCapture.framework/Versions/A/ImageCapture
0x000000002cc85000 	/System/Library/Frameworks/Carbon.framework/Versions/A/Frameworks/OpenScripting.framework/Versions/A/OpenScripting
0x000000002cc85000 	/System/Library/Frameworks/Carbon.framework/Versions/A/Frameworks/Print.framework/Versions/A/Print
0x000000002cc85000 	/System/Library/Frameworks/Carbon.framework/Versions/A/Frameworks/SecurityHI.framework/Versions/A/SecurityHI
0x00000001191c3000 	/Library/Java/JavaVirtualMachines/jdk1.8.0_101.jdk/Contents/Home/jre/lib/libawt.dylib
0x000000011926b000 	/Library/Java/JavaVirtualMachines/jdk1.8.0_101.jdk/Contents/Home/jre/lib/./libmlib_image.dylib
0x0000000119337000 	/Library/Java/JavaVirtualMachines/jdk1.8.0_101.jdk/Contents/Home/jre/lib/libawt_lwawt.dylib
0x00000001193ec000 	/Library/Java/JavaVirtualMachines/jdk1.8.0_101.jdk/Contents/Home/jre/lib/./libosxapp.dylib
0x000000002cc85000 	/System/Library/Frameworks/ExceptionHandling.framework/Versions/A/ExceptionHandling
0x000000002cc85000 	/System/Library/PrivateFrameworks/CoreServicesInternal.framework/Versions/A/CoreServicesInternal
0x000000002cc85000 	/System/Library/CoreServices/RawCamera.bundle/Contents/MacOS/RawCamera
0x000000002cc85000 	/System/Library/PrivateFrameworks/MobileAsset.framework/Versions/A/MobileAsset
0x000000002cc85000 	/System/Library/PrivateFrameworks/StreamingZip.framework/Versions/A/StreamingZip
0x000000002cc85000 	/System/Library/Frameworks/MediaToolbox.framework/Versions/A/MediaToolbox
0x000000002cc85000 	/System/Library/PrivateFrameworks/CoreAVCHD.framework/Versions/A/CoreAVCHD
0x000000002cc85000 	/System/Library/Frameworks/MediaAccessibility.framework/Versions/A/MediaAccessibility
0x000000002cc85000 	/System/Library/PrivateFrameworks/Mangrove.framework/Versions/A/Mangrove
0x000000002cc85000 	/System/Library/Frameworks/CoreMedia.framework/Versions/A/CoreMedia
0x000000002cc85000 	/System/Library/Frameworks/VideoToolbox.framework/Versions/A/VideoToolbox
0x000000002cc85000 	/System/Library/PrivateFrameworks/CoreAUC.framework/Versions/A/CoreAUC
0x000000002cc85000 	/usr/lib/libspindump.dylib
0x000000002cc85000 	/usr/lib/libdscsym.dylib
0x000000002cc85000 	/System/Library/PrivateFrameworks/AppleVA.framework/Versions/A/AppleVA
0x000000002cc85000 	/System/Library/Frameworks/Accelerate.framework/Versions/A/Frameworks/vImage.framework/Versions/A/Libraries/libCGInterfaces.dylib
0x000000002cc85000 	/System/Library/Frameworks/ApplicationServices.framework/Versions/A/Frameworks/ATS.framework/Versions/A/Resources/libTrueTypeScaler.dylib
0x000000002cc85000 	/System/Library/Frameworks/OpenGL.framework/Versions/A/Resources/GLEngine.bundle/GLEngine
0x000000002cc85000 	/System/Library/Frameworks/OpenGL.framework/Versions/A/Libraries/libGLProgrammability.dylib
0x000000011b575000 	/System/Library/Extensions/AppleIntelBDWGraphicsGLDriver.bundle/Contents/MacOS/AppleIntelBDWGraphicsGLDriver
0x000000002cc85000 	/System/Library/PrivateFrameworks/GPUSupport.framework/Versions/A/Libraries/libGPUSupportMercury.dylib
0x000000002cc85000 	/System/Library/Frameworks/OpenGL.framework/Versions/A/Resources/GLRendererFloat.bundle/GLRendererFloat
0x000000002cc85000 	/System/Library/Frameworks/OpenCL.framework/Versions/A/Libraries/libcldcpuengine.dylib
0x000000002cc85000 	/usr/lib/libcrypto.35.dylib
0x000000002cc85000 	/System/Library/PrivateFrameworks/TrustEvaluationAgent.framework/Versions/A/TrustEvaluationAgent
0x000000002cc85000 	/System/Library/Extensions/AppleIntelBDWGraphicsMTLDriver.bundle/Contents/MacOS/AppleIntelBDWGraphicsMTLDriver
0x000000002cc85000 	/System/Library/PrivateFrameworks/GPUCompiler.framework/Versions/3802/Libraries/libmetal_timestamp.dylib
0x000000002cc85000 	/System/Library/PrivateFrameworks/FamilyControls.framework/Versions/A/FamilyControls
0x000000002cc85000 	/System/Library/PrivateFrameworks/CommerceKit.framework/Versions/A/Frameworks/CommerceCore.framework/Versions/A/CommerceCore
0x000000002cc85000 	/System/Library/PrivateFrameworks/SystemAdministration.framework/Versions/A/SystemAdministration
0x000000002cc85000 	/System/Library/PrivateFrameworks/AppContainer.framework/Versions/A/AppContainer
0x000000002cc85000 	/System/Library/PrivateFrameworks/SecCodeWrapper.framework/Versions/A/SecCodeWrapper
0x000000002cc85000 	/System/Library/PrivateFrameworks/DiskManagement.framework/Versions/A/DiskManagement
0x000000002cc85000 	/System/Library/Frameworks/DirectoryService.framework/Versions/A/DirectoryService
0x000000002cc85000 	/System/Library/PrivateFrameworks/DiskImages.framework/Versions/A/DiskImages
0x000000002cc85000 	/System/Library/PrivateFrameworks/LoginUIKit.framework/Versions/A/Frameworks/LoginUICore.framework/Versions/A/LoginUICore
0x000000002cc85000 	/usr/lib/libCoreStorage.dylib
0x000000002cc85000 	/usr/lib/libcsfde.dylib
0x000000002cc85000 	/usr/lib/libodfde.dylib
0x000000002cc85000 	/System/Library/PrivateFrameworks/MediaKit.framework/Versions/A/MediaKit
0x000000002cc85000 	/System/Library/Frameworks/DiscRecording.framework/Versions/A/DiscRecording
0x000000002cc85000 	/System/Library/PrivateFrameworks/EFILogin.framework/Versions/A/EFILogin
0x000000002cc85000 	/System/Library/PrivateFrameworks/ProtectedCloudStorage.framework/Versions/A/ProtectedCloudStorage
0x000000002cc85000 	/usr/lib/libcurl.4.dylib
0x000000002cc85000 	/usr/lib/libssl.35.dylib
0x000000002cc85000 	/System/Library/Frameworks/LDAP.framework/Versions/A/LDAP
0x000000002cc85000 	/usr/lib/libsasl2.2.dylib
0x000000002cc85000 	/System/Library/PrivateFrameworks/CoreDaemon.framework/Versions/B/CoreDaemon
0x000000002cc85000 	/System/Library/PrivateFrameworks/AppleSRP.framework/Versions/A/AppleSRP
0x000000011cc97000 	/Library/Java/JavaVirtualMachines/jdk1.8.0_101.jdk/Contents/Home/jre/lib/libfontmanager.dylib
0x000000011df9e000 	/Library/Java/JavaVirtualMachines/jdk1.8.0_101.jdk/Contents/Home/jre/lib/libosxui.dylib
0x000000002cc85000 	/System/Library/PrivateFrameworks/ViewBridge.framework/Versions/A/ViewBridge
0x000000011f117000 	/Library/Java/JavaVirtualMachines/jdk1.8.0_101.jdk/Contents/Home/jre/lib/libnet.dylib
0x000000011ef2c000 	/Library/Java/JavaVirtualMachines/jdk1.8.0_101.jdk/Contents/Home/jre/lib/libnio.dylib
0x000000011a4da000 	/private/var/folders/pw/kw08pl9n6yzcxbqgsc_vpf_h0000gn/T/jogamp_0000/file_cache/jln6669377632050824653/jln4134188340278394132/libgluegen-rt.jnilib
0x000000011a4df000 	/private/var/folders/pw/kw08pl9n6yzcxbqgsc_vpf_h0000gn/T/jogamp_0000/file_cache/jln6669377632050824653/jln4134188340278394132/libnativewindow_awt.jnilib
0x000000011a4e2000 	/Library/Java/JavaVirtualMachines/jdk1.8.0_101.jdk/Contents/Home/jre/lib/libjawt.dylib
0x000000011a4e5000 	/private/var/folders/pw/kw08pl9n6yzcxbqgsc_vpf_h0000gn/T/jogamp_0000/file_cache/jln6669377632050824653/jln4134188340278394132/libnativewindow_macosx.jnilib
0x000000015658b000 	/private/var/folders/pw/kw08pl9n6yzcxbqgsc_vpf_h0000gn/T/jogamp_0000/file_cache/jln6669377632050824653/jln4134188340278394132/libjogl_desktop.jnilib

VM Arguments:
jvm_args: -Djava.security.policy=java.policy.applet -Dfile.encoding=UTF-8 
java_command: sun.applet.AppletViewer demos.EarthquakeCityMap1519792572286.html
java_class_path (initial): /Users/kathyshannon/Documents/workspace/UCSDUnfoldingMaps/build:/Users/kathyshannon/Documents/workspace/UCSDUnfoldingMaps/lib/core.jar:/Users/kathyshannon/Documents/workspace/UCSDUnfoldingMaps/lib/gluegen-rt.jar:/Users/kathyshannon/Documents/workspace/UCSDUnfoldingMaps/lib/jogl-all.jar:/Users/kathyshannon/Documents/workspace/UCSDUnfoldingMaps/lib/log4j-1.2.15.jar:/Users/kathyshannon/Documents/workspace/UCSDUnfoldingMaps/lib/sqlite-jdbc-3.7.2.jar:/Users/kathyshannon/Documents/workspace/UCSDUnfoldingMaps/lib/json4processing.jar:/Users/kathyshannon/Documents/workspace/UCSDUnfoldingMaps/lib/libTUIO.jar:/Users/kathyshannon/Documents/workspace/UCSDUnfoldingMaps/lib/unfolding.0.9.7-uscd.jar
Launcher Type: SUN_STANDARD

Environment Variables:
PATH=/usr/bin:/bin:/usr/sbin:/sbin
SHELL=/bin/bash
DISPLAY=/private/tmp/com.apple.launchd.z7xSLfuU8n/org.macosforge.xquartz:0

Signal Handlers:
SIGSEGV: [libjvm.dylib+0x5af145], sa_mask[0]=11111111011111110111111111111111, sa_flags=SA_ONSTACK|SA_RESTART|SA_SIGINFO
SIGBUS: [libjvm.dylib+0x5af145], sa_mask[0]=11111111011111110111111111111111, sa_flags=SA_RESTART|SA_SIGINFO
SIGFPE: [libjvm.dylib+0x48694c], sa_mask[0]=11111111011111110111111111111111, sa_flags=SA_RESTART|SA_SIGINFO
SIGPIPE: [libjvm.dylib+0x48694c], sa_mask[0]=11111111011111110111111111111111, sa_flags=SA_RESTART|SA_SIGINFO
SIGXFSZ: [libjvm.dylib+0x48694c], sa_mask[0]=11111111011111110111111111111111, sa_flags=SA_RESTART|SA_SIGINFO
SIGILL: [libjvm.dylib+0x48694c], sa_mask[0]=11111111011111110111111111111111, sa_flags=SA_RESTART|SA_SIGINFO
SIGUSR1: SIG_DFL, sa_mask[0]=00000000000000000000000000000000, sa_flags=none
SIGUSR2: [libjvm.dylib+0x48646a], sa_mask[0]=00100000000000000000000000000000, sa_flags=SA_RESTART|SA_SIGINFO
SIGHUP: [libjvm.dylib+0x484a41], sa_mask[0]=11111111011111110111111111111111, sa_flags=SA_RESTART|SA_SIGINFO
SIGINT: [libjvm.dylib+0x484a41], sa_mask[0]=11111111011111110111111111111111, sa_flags=SA_RESTART|SA_SIGINFO
SIGTERM: [libjvm.dylib+0x484a41], sa_mask[0]=11111111011111110111111111111111, sa_flags=SA_RESTART|SA_SIGINFO
SIGQUIT: [libjvm.dylib+0x484a41], sa_mask[0]=11111111011111110111111111111111, sa_flags=SA_RESTART|SA_SIGINFO


---------------  S Y S T E M  ---------------

OS:Bsduname:Darwin 17.4.0 Darwin Kernel Version 17.4.0: Sun Dec 17 09:19:54 PST 2017; root:xnu-4570.41.2~1/RELEASE_X86_64 x86_64
rlimit: STACK 8192k, CORE 0k, NPROC 709, NOFILE 10240, AS infinity
load average:1.97 1.77 1.67

CPU:total 4 (4 cores per cpu, 1 threads per core) family 6 model 71 stepping 1, cmov, cx8, fxsr, mmx, sse, sse2, sse3, ssse3, sse4.1, sse4.2, popcnt, avx, avx2, aes, clmul, erms, rtm, 3dnowpref, lzcnt, tsc, tscinvbit, bmi1, bmi2, adx

Memory: 4k page, physical 8388608k(60920k free)

/proc/meminfo:


vm_info: Java HotSpot(TM) 64-Bit Server VM (25.101-b13) for bsd-amd64 JRE (1.8.0_101-b13), built on Jun 22 2016 02:42:15 by "java_re" with gcc 4.2.1 (Based on Apple Inc. build 5658) (LLVM build 2336.11.00)

time: Tue Feb 27 20:36:18 2018
elapsed time: 6 seconds (0d 0h 0m 6s)

