#
# A fatal error has been detected by the Java Runtime Environment:
#
#  SIGSEGV (0xb) at pc=0x00007fff76563e9d, pid=1009, tid=0x0000000000000307
#
# JRE version: Java(TM) SE Runtime Environment (8.0_101-b13) (build 1.8.0_101-b13)
# Java VM: Java HotSpot(TM) 64-Bit Server VM (25.101-b13 mixed mode bsd-amd64 compressed oops)
# Problematic frame:
# C  [libobjc.A.dylib+0x6e9d]  objc_msgSend+0x1d
#
# Failed to write core dump. Core dumps have been disabled. To enable core dumping, try "ulimit -c unlimited" before starting Java again
#
# If you would like to submit a bug report, please visit:
#   http://bugreport.java.com/bugreport/crash.jsp
# The crash happened outside the Java Virtual Machine in native code.
# See problematic frame for where to report the bug.
#

---------------  T H R E A D  ---------------

Current thread (0x00007fd4f493a000):  JavaThread "AWT-AppKit" daemon [_thread_in_native, id=775, stack(0x00007ffeecd6b000,0x00007ffeed56b000)]

siginfo: si_signo: 11 (SIGSEGV), si_code: 1 (SEGV_MAPERR), si_addr: 0x0000000000000018

Registers:
RAX=0x00007fd4f9bbb650, RBX=0x00000001201a6450, RCX=0x0000000000000001, RDX=0x0000000000000000
RSP=0x00007ffeed566238, RBP=0x00007ffeed5662f0, RSI=0x00007fff4dac44e5, RDI=0x00007fd4f99b6b20
R8 =0x000000004f690097, R9 =0x0000000000000001, R10=0x0000000000000000, R11=0x00007fff4dac44e5
R12=0x0000000000000000, R13=0x000000015defe108, R14=0x00000001201a6440, R15=0x00007fd4f493a000
RIP=0x00007fff76563e9d, EFLAGS=0x0000000000010246, ERR=0x0000000000000004
  TRAPNO=0x000000000000000e

Top of Stack: (sp=0x00007ffeed566238)
0x00007ffeed566238:   00000001201a4157 00007ffeed566290
0x00007ffeed566248:   0000000000000003 00007ffeed566270
0x00007ffeed566258:   00000001031f28e6 000000015defe108
0x00007ffeed566268:   000000015defe108 00007fd4f9bbb650
0x00007ffeed566278:   00000001201a66a0 00000001201a6710
0x00007ffeed566288:   00007fffa9a94b88 00007fffab1a1fc8
0x00007ffeed566298:   00000001201a6450 00000001201a6690
0x00007ffeed5662a8:   00007fd4f9bbb650 00007fd4f99b6b20
0x00007ffeed5662b8:   00007fd4f46414e0 00007fd4f9bbb650
0x00007ffeed5662c8:   00007fd4f99b6b20 00007ffeed566378
0x00007ffeed5662d8:   00007fd4f493a1f8 000000015defe108
0x00007ffeed5662e8:   00007ffeed5663a0 00007ffeed566368
0x00007ffeed5662f8:   000000010aeef9d4 000000015defe108
0x00007ffeed566308:   00007ffeed5663a0 00007ffeed566368
0x00007ffeed566318:   000000010aeef767 000000010aeef722
0x00007ffeed566328:   00007ffeed566328 000000015defe108
0x00007ffeed566338:   00007ffeed5663a0 000000015df00d40
0x00007ffeed566348:   0000000000000000 000000015defe108
0x00007ffeed566358:   0000000000000000 00007ffeed566388
0x00007ffeed566368:   00007ffeed5663e8 000000010aee02bd
0x00007ffeed566378:   000000074052f498 000000010aee9538
0x00007ffeed566388:   00007fd4f9bbb650 00007ffeed5663e8
0x00007ffeed566398:   00007fd4f99b6b20 000000010aeeae02
0x00007ffeed5663a8:   00007ffeed5663a8 000000015defe2d2
0x00007ffeed5663b8:   00007ffeed566410 000000015df00d40
0x00007ffeed5663c8:   0000000000000000 000000015defe2e0
0x00007ffeed5663d8:   00007ffeed566388 00007ffeed5663f8
0x00007ffeed5663e8:   00007ffeed566458 000000010aee02bd
0x00007ffeed5663f8:   00007fd4f9bbb650 0000000740376618
0x00007ffeed566408:   00007fd4f99b6b20 0000000740376618
0x00007ffeed566418:   00007ffeed566418 00000001610f4dee
0x00007ffeed566428:   00007ffeed566468 00000001610f4ea8 

Instructions: (pc=0x00007fff76563e9d)
0x00007fff76563e7d:   0f 1f 00 48 85 ff 2e 74 62 40 f6 c7 01 2e 75 66
0x00007fff76563e8d:   49 ba f8 ff ff ff ff 7f 00 00 4c 23 17 49 89 f3
0x00007fff76563e9d:   45 23 5a 18 49 c1 e3 04 4d 03 5a 10 49 3b 33 75
0x00007fff76563ead:   04 41 ff 63 08 49 83 3b 01 76 0d 49 83 c3 10 49 

Register to memory mapping:

RAX=0x00007fd4f9bbb650 is an unknown value
RBX=0x00000001201a6450: Java_jogamp_nativewindow_macosx_OSXUtil_GetScreenRefreshRate0+0x1cf0 in /private/var/folders/pw/kw08pl9n6yzcxbqgsc_vpf_h0000gn/T/jogamp_0000/file_cache/jln5098986665585251417/jln1386744864312472324/libnativewindow_macosx.jnilib at 0x000000012019f000
RCX=0x0000000000000001 is an unknown value
RDX=0x0000000000000000 is an unknown value
RSP=0x00007ffeed566238 is pointing into the stack for thread: 0x00007fd4f493a000
RBP=0x00007ffeed5662f0 is pointing into the stack for thread: 0x00007fd4f493a000
RSI=0x00007fff4dac44e5: .str.41.llvm.371263A9+0x4376f in /System/Library/Frameworks/AppKit.framework/Versions/C/AppKit at 0x00007fff4cdeb000
RDI=0x00007fd4f99b6b20 is an unknown value
R8 =0x000000004f690097 is an unknown value
R9 =0x0000000000000001 is an unknown value
R10=0x0000000000000000 is an unknown value
R11=0x00007fff4dac44e5: .str.41.llvm.371263A9+0x4376f in /System/Library/Frameworks/AppKit.framework/Versions/C/AppKit at 0x00007fff4cdeb000
R12=0x0000000000000000 is an unknown value
R13={method} {0x000000015defe108} 'UnsetJAWTRootSurfaceLayer0' '(JJ)V' in 'jogamp/nativewindow/jawt/macosx/MacOSXJAWTWindow'
R14=0x00000001201a6440: Java_jogamp_nativewindow_macosx_OSXUtil_GetScreenRefreshRate0+0x1ce0 in /private/var/folders/pw/kw08pl9n6yzcxbqgsc_vpf_h0000gn/T/jogamp_0000/file_cache/jln5098986665585251417/jln1386744864312472324/libnativewindow_macosx.jnilib at 0x000000012019f000
R15=0x00007fd4f493a000 is a thread


Stack: [0x00007ffeecd6b000,0x00007ffeed56b000],  sp=0x00007ffeed566238,  free space=8172k
Native frames: (J=compiled Java code, j=interpreted, Vv=VM code, C=native code)
C  [libobjc.A.dylib+0x6e9d]  objc_msgSend+0x1d
j  jogamp.nativewindow.jawt.macosx.MacOSXJAWTWindow.UnsetJAWTRootSurfaceLayer0(JJ)V+0
j  jogamp.nativewindow.jawt.macosx.MacOSXJAWTWindow.access$200(JJ)V+2
j  jogamp.nativewindow.jawt.macosx.MacOSXJAWTWindow$1.run()V+38
J 2947 C1 com.jogamp.common.util.RunnableTask.run()V (345 bytes) @ 0x000000010b81bb54 [0x000000010b81b9c0+0x194]
v  ~StubRoutines::call_stub
V  [libjvm.dylib+0x2ecf06]  JavaCalls::call_helper(JavaValue*, methodHandle*, JavaCallArguments*, Thread*)+0x6ae
V  [libjvm.dylib+0x324111]  jni_invoke_nonstatic(JNIEnv_*, JavaValue*, _jobject*, JNICallType, _jmethodID*, JNI_ArgumentPusher*, Thread*)+0x2ec
V  [libjvm.dylib+0x3168df]  jni_CallVoidMethod+0x16b
C  [libnativewindow_macosx.jnilib+0x5326]  Java_jogamp_nativewindow_jawt_macosx_MacOSXJAWTWindow_UnsetJAWTRootSurfaceLayer0+0x2b6
C  [Foundation+0x681c5]  __NSThreadPerformPerform+0x14e
C  [CoreFoundation+0xa3721]  __CFRUNLOOP_IS_CALLING_OUT_TO_A_SOURCE0_PERFORM_FUNCTION__+0x11
C  [CoreFoundation+0x15d0ac]  __CFRunLoopDoSource0+0x6c
C  [CoreFoundation+0x86260]  __CFRunLoopDoSources0+0xd0
C  [CoreFoundation+0x856dd]  __CFRunLoopRun+0x50d
C  [CoreFoundation+0x84f43]  CFRunLoopRunSpecific+0x1e3
C  [HIToolbox+0x2fe26]  RunCurrentEventLoopInMode+0x11e
C  [HIToolbox+0x2fa9f]  ReceiveNextEventCommon+0x16e
C  [HIToolbox+0x2f914]  _BlockUntilNextEventMatchingListInModeWithFilter+0x40
C  [AppKit+0x41f5f]  _DPSNextEvent+0x825
C  [AppKit+0x7d7b4c]  -[NSApplication(NSEvent) _nextEventMatchingEventMask:untilDate:inMode:dequeue:]+0xbe4
C  [libosxapp.dylib+0x23aa]  -[NSApplicationAWT nextEventMatchingMask:untilDate:inMode:dequeue:]+0x7c
C  [AppKit+0x36d6d]  -[NSApplication run]+0x2fc
C  [libosxapp.dylib+0x214d]  +[NSApplicationAWT runAWTLoopWithApp:]+0x9c
C  [libawt_lwawt.dylib+0x444b3]  -[AWTStarter starter:]+0x389
C  [Foundation+0x681c5]  __NSThreadPerformPerform+0x14e
C  [CoreFoundation+0xa3721]  __CFRUNLOOP_IS_CALLING_OUT_TO_A_SOURCE0_PERFORM_FUNCTION__+0x11
C  [CoreFoundation+0x15d0ac]  __CFRunLoopDoSource0+0x6c
C  [CoreFoundation+0x86260]  __CFRunLoopDoSources0+0xd0
C  [CoreFoundation+0x856dd]  __CFRunLoopRun+0x50d
C  [CoreFoundation+0x84f43]  CFRunLoopRunSpecific+0x1e3
C  [java+0x6465]  CreateExecutionEnvironment+0x367
C  [java+0x218c]  JLI_Launch+0x7a0
C  [java+0x84c2]  main+0x65
C  [java+0x19e4]  start+0x34
C  0x0000000000000007

Java frames: (J=compiled Java code, j=interpreted, Vv=VM code)
j  jogamp.nativewindow.jawt.macosx.MacOSXJAWTWindow.UnsetJAWTRootSurfaceLayer0(JJ)V+0
j  jogamp.nativewindow.jawt.macosx.MacOSXJAWTWindow.access$200(JJ)V+2
j  jogamp.nativewindow.jawt.macosx.MacOSXJAWTWindow$1.run()V+38
J 2947 C1 com.jogamp.common.util.RunnableTask.run()V (345 bytes) @ 0x000000010b81bb54 [0x000000010b81b9c0+0x194]
v  ~StubRoutines::call_stub

---------------  P R O C E S S  ---------------

Java Threads: ( => current thread )
  0x00007fd4f57f7000 JavaThread "Thread-19" [_thread_blocked, id=71003, stack(0x000070000bb32000,0x000070000bc32000)]
  0x00007fd4f5254000 JavaThread "Animation Thread" [_thread_blocked, id=74851, stack(0x000070000c14a000,0x000070000c24a000)]
  0x00007fd4f5922800 JavaThread "AWT-EventQueue-1" [_thread_in_native, id=74003, stack(0x000070000c24d000,0x000070000c34d000)]
  0x00007fd4f51f0800 JavaThread "DestroyJavaVM" [_thread_blocked, id=9475, stack(0x000070000ab82000,0x000070000ac82000)]
  0x00007fd4f49ee800 JavaThread "AWT-EventQueue-0" [_thread_blocked, id=51763, stack(0x000070000c047000,0x000070000c147000)]
  0x00007fd4f5924000 JavaThread "Java2D Disposer" daemon [_thread_blocked, id=48911, stack(0x000070000bdbe000,0x000070000bebe000)]
  0x00007fd4f5167800 JavaThread "Java2D Queue Flusher" daemon [_thread_blocked, id=84119, stack(0x000070000bcbb000,0x000070000bdbb000)]
  0x00007fd4f60ee000 JavaThread "AWT-Shutdown" [_thread_blocked, id=26923, stack(0x000070000ba2f000,0x000070000bb2f000)]
=>0x00007fd4f493a000 JavaThread "AWT-AppKit" daemon [_thread_in_native, id=775, stack(0x00007ffeecd6b000,0x00007ffeed56b000)]
  0x00007fd4f6073800 JavaThread "Service Thread" daemon [_thread_blocked, id=17411, stack(0x000070000b7a6000,0x000070000b8a6000)]
  0x00007fd4f484f000 JavaThread "C1 CompilerThread2" daemon [_thread_blocked, id=17923, stack(0x000070000b6a3000,0x000070000b7a3000)]
  0x00007fd4f580c800 JavaThread "C2 CompilerThread1" daemon [_thread_blocked, id=13571, stack(0x000070000b5a0000,0x000070000b6a0000)]
  0x00007fd4f484e000 JavaThread "C2 CompilerThread0" daemon [_thread_blocked, id=13059, stack(0x000070000b49d000,0x000070000b59d000)]
  0x00007fd4f484d000 JavaThread "Signal Dispatcher" daemon [_thread_blocked, id=18439, stack(0x000070000b39a000,0x000070000b49a000)]
  0x00007fd4f4827000 JavaThread "Finalizer" daemon [_thread_blocked, id=20483, stack(0x000070000b297000,0x000070000b397000)]
  0x00007fd4f5011000 JavaThread "Reference Handler" daemon [_thread_blocked, id=20995, stack(0x000070000b194000,0x000070000b294000)]

Other Threads:
  0x00007fd4f4826000 VMThread [stack: 0x000070000b091000,0x000070000b191000] [id=11267]
  0x00007fd4f5801000 WatcherThread [stack: 0x000070000b8a9000,0x000070000b9a9000] [id=17155]

VM state:not at safepoint (normal execution)

VM Mutex/Monitor currently owned by a thread: None

Heap:
 PSYoungGen      total 85504K, used 55112K [0x0000000795580000, 0x000000079bc80000, 0x00000007c0000000)
  eden space 80384K, 62% used [0x0000000795580000,0x0000000798695768,0x000000079a400000)
  from space 5120K, 94% used [0x000000079b780000,0x000000079bc3cb20,0x000000079bc80000)
  to   space 10752K, 0% used [0x000000079a780000,0x000000079a780000,0x000000079b200000)
 ParOldGen       total 61952K, used 16961K [0x0000000740000000, 0x0000000743c80000, 0x0000000795580000)
  object space 61952K, 27% used [0x0000000740000000,0x00000007410906d8,0x0000000743c80000)
 Metaspace       used 24059K, capacity 24331K, committed 24832K, reserved 1071104K
  class space    used 2372K, capacity 2482K, committed 2560K, reserved 1048576K

Card table byte_map: [0x000000010435d000,0x000000010475e000] byte_map_base: 0x000000010095d000

Marking Bits: (ParMarkBitMap*) 0x00000001038edd20
 Begin Bits: [0x0000000104a09000, 0x0000000106a09000)
 End Bits:   [0x0000000106a09000, 0x0000000108a09000)

Polling page: 0x0000000102711000

CodeCache: size=245760Kb used=10788Kb max_used=10821Kb free=234971Kb
 bounds [0x000000010aed8000, 0x000000010b978000, 0x0000000119ed8000]
 total_blobs=3951 nmethods=3033 adapters=831
 compilation: enabled

Compilation events (10 events):
Event: 83.312 Thread 0x00007fd4f484e000 nmethod 3343 0x000000010b506510 code [0x000000010b506680, 0x000000010b506aa8]
Event: 83.494 Thread 0x00007fd4f580c800 3344       4       jogamp.opengl.glu.tessellator.GLUtessellatorImpl::callEndOrEndData (36 bytes)
Event: 83.495 Thread 0x00007fd4f580c800 nmethod 3344 0x000000010b097790 code [0x000000010b097900, 0x000000010b097a28]
Event: 84.291 Thread 0x00007fd4f484e000 3345       4       java.awt.Toolkit::getEventQueue (7 bytes)
Event: 84.292 Thread 0x00007fd4f484f000 3346       3       java.awt.Component::getParent (5 bytes)
Event: 84.292 Thread 0x00007fd4f484f000 nmethod 3346 0x000000010b506150 code [0x000000010b5062c0, 0x000000010b5064b0]
Event: 84.295 Thread 0x00007fd4f484e000 nmethod 3345 0x000000010b938050 code [0x000000010b938220, 0x000000010b9386f0]
Event: 84.321 Thread 0x00007fd4f484f000 3347       3       java.util.IdentityHashMap::maskNull (12 bytes)
Event: 84.321 Thread 0x00007fd4f484f000 nmethod 3347 0x000000010b505dd0 code [0x000000010b505f40, 0x000000010b5060d0]
Event: 84.322 Thread 0x00007fd4f580c800 3348       4       sun.util.logging.PlatformLogger$DefaultLoggerProxy::isLoggable (29 bytes)

GC Heap History (10 events):
Event: 37.778 GC heap before
{Heap before GC invocations=9 (full 1):
 PSYoungGen      total 82944K, used 74978K [0x0000000795580000, 0x000000079c700000, 0x00000007c0000000)
  eden space 70144K, 100% used [0x0000000795580000,0x0000000799a00000,0x0000000799a00000)
  from space 12800K, 37% used [0x0000000799a00000,0x0000000799eb8b10,0x000000079a680000)
  to   space 12288K, 0% used [0x000000079bb00000,0x000000079bb00000,0x000000079c700000)
 ParOldGen       total 61952K, used 16953K [0x0000000740000000, 0x0000000743c80000, 0x0000000795580000)
  object space 61952K, 27% used [0x0000000740000000,0x000000074108e6d8,0x0000000743c80000)
 Metaspace       used 24029K, capacity 24299K, committed 24832K, reserved 1071104K
  class space    used 2365K, capacity 2450K, committed 2560K, reserved 1048576K
Event: 37.782 GC heap after
Heap after GC invocations=9 (full 1):
 PSYoungGen      total 96768K, used 4834K [0x0000000795580000, 0x000000079c380000, 0x00000007c0000000)
  eden space 88064K, 0% used [0x0000000795580000,0x0000000795580000,0x000000079ab80000)
  from space 8704K, 55% used [0x000000079bb00000,0x000000079bfb8b10,0x000000079c380000)
  to   space 12288K, 0% used [0x000000079ab80000,0x000000079ab80000,0x000000079b780000)
 ParOldGen       total 61952K, used 16953K [0x0000000740000000, 0x0000000743c80000, 0x0000000795580000)
  object space 61952K, 27% used [0x0000000740000000,0x000000074108e6d8,0x0000000743c80000)
 Metaspace       used 24029K, capacity 24299K, committed 24832K, reserved 1071104K
  class space    used 2365K, capacity 2450K, committed 2560K, reserved 1048576K
}
Event: 48.249 GC heap before
{Heap before GC invocations=10 (full 1):
 PSYoungGen      total 96768K, used 92898K [0x0000000795580000, 0x000000079c380000, 0x00000007c0000000)
  eden space 88064K, 100% used [0x0000000795580000,0x000000079ab80000,0x000000079ab80000)
  from space 8704K, 55% used [0x000000079bb00000,0x000000079bfb8b10,0x000000079c380000)
  to   space 12288K, 0% used [0x000000079ab80000,0x000000079ab80000,0x000000079b780000)
 ParOldGen       total 61952K, used 16953K [0x0000000740000000, 0x0000000743c80000, 0x0000000795580000)
  object space 61952K, 27% used [0x0000000740000000,0x000000074108e6d8,0x0000000743c80000)
 Metaspace       used 24029K, capacity 24299K, committed 24832K, reserved 1071104K
  class space    used 2365K, capacity 2450K, committed 2560K, reserved 1048576K
Event: 48.252 GC heap after
Heap after GC invocations=10 (full 1):
 PSYoungGen      total 100352K, used 4802K [0x0000000795580000, 0x000000079cd80000, 0x00000007c0000000)
  eden space 88064K, 0% used [0x0000000795580000,0x0000000795580000,0x000000079ab80000)
  from space 12288K, 39% used [0x000000079ab80000,0x000000079b030b10,0x000000079b780000)
  to   space 11776K, 0% used [0x000000079c200000,0x000000079c200000,0x000000079cd80000)
 ParOldGen       total 61952K, used 16953K [0x0000000740000000, 0x0000000743c80000, 0x0000000795580000)
  object space 61952K, 27% used [0x0000000740000000,0x000000074108e6d8,0x0000000743c80000)
 Metaspace       used 24029K, capacity 24299K, committed 24832K, reserved 1071104K
  class space    used 2365K, capacity 2450K, committed 2560K, reserved 1048576K
}
Event: 58.736 GC heap before
{Heap before GC invocations=11 (full 1):
 PSYoungGen      total 100352K, used 92866K [0x0000000795580000, 0x000000079cd80000, 0x00000007c0000000)
  eden space 88064K, 100% used [0x0000000795580000,0x000000079ab80000,0x000000079ab80000)
  from space 12288K, 39% used [0x000000079ab80000,0x000000079b030b10,0x000000079b780000)
  to   space 11776K, 0% used [0x000000079c200000,0x000000079c200000,0x000000079cd80000)
 ParOldGen       total 61952K, used 16953K [0x0000000740000000, 0x0000000743c80000, 0x0000000795580000)
  object space 61952K, 27% used [0x0000000740000000,0x000000074108e6d8,0x0000000743c80000)
 Metaspace       used 24029K, capacity 24299K, committed 24832K, reserved 1071104K
  class space    used 2365K, capacity 2450K, committed 2560K, reserved 1048576K
Event: 58.739 GC heap after
Heap after GC invocations=11 (full 1):
 PSYoungGen      total 90624K, used 4834K [0x0000000795580000, 0x000000079c700000, 0x00000007c0000000)
  eden space 85504K, 0% used [0x0000000795580000,0x0000000795580000,0x000000079a900000)
  from space 5120K, 94% used [0x000000079c200000,0x000000079c6b8b10,0x000000079c700000)
  to   space 11264K, 0% used [0x000000079b100000,0x000000079b100000,0x000000079bc00000)
 ParOldGen       total 61952K, used 16953K [0x0000000740000000, 0x0000000743c80000, 0x0000000795580000)
  object space 61952K, 27% used [0x0000000740000000,0x000000074108e6d8,0x0000000743c80000)
 Metaspace       used 24029K, capacity 24299K, committed 24832K, reserved 1071104K
  class space    used 2365K, capacity 2450K, committed 2560K, reserved 1048576K
}
Event: 68.921 GC heap before
{Heap before GC invocations=12 (full 1):
 PSYoungGen      total 90624K, used 90338K [0x0000000795580000, 0x000000079c700000, 0x00000007c0000000)
  eden space 85504K, 100% used [0x0000000795580000,0x000000079a900000,0x000000079a900000)
  from space 5120K, 94% used [0x000000079c200000,0x000000079c6b8b10,0x000000079c700000)
  to   space 11264K, 0% used [0x000000079b100000,0x000000079b100000,0x000000079bc00000)
 ParOldGen       total 61952K, used 16953K [0x0000000740000000, 0x0000000743c80000, 0x0000000795580000)
  object space 61952K, 27% used [0x0000000740000000,0x000000074108e6d8,0x0000000743c80000)
 Metaspace       used 24029K, capacity 24299K, committed 24832K, reserved 1071104K
  class space    used 2365K, capacity 2450K, committed 2560K, reserved 1048576K
Event: 68.924 GC heap after
Heap after GC invocations=12 (full 1):
 PSYoungGen      total 88064K, used 4866K [0x0000000795580000, 0x000000079c280000, 0x00000007c0000000)
  eden space 82944K, 0% used [0x0000000795580000,0x0000000795580000,0x000000079a680000)
  from space 5120K, 95% used [0x000000079b100000,0x000000079b5c0b10,0x000000079b600000)
  to   space 11264K, 0% used [0x000000079b780000,0x000000079b780000,0x000000079c280000)
 ParOldGen       total 61952K, used 16953K [0x0000000740000000, 0x0000000743c80000, 0x0000000795580000)
  object space 61952K, 27% used [0x0000000740000000,0x000000074108e6d8,0x0000000743c80000)
 Metaspace       used 24029K, capacity 24299K, committed 24832K, reserved 1071104K
  class space    used 2365K, capacity 2450K, committed 2560K, reserved 1048576K
}
Event: 78.794 GC heap before
{Heap before GC invocations=13 (full 1):
 PSYoungGen      total 88064K, used 87810K [0x0000000795580000, 0x000000079c280000, 0x00000007c0000000)
  eden space 82944K, 100% used [0x0000000795580000,0x000000079a680000,0x000000079a680000)
  from space 5120K, 95% used [0x000000079b100000,0x000000079b5c0b10,0x000000079b600000)
  to   space 11264K, 0% used [0x000000079b780000,0x000000079b780000,0x000000079c280000)
 ParOldGen       total 61952K, used 16953K [0x0000000740000000, 0x0000000743c80000, 0x0000000795580000)
  object space 61952K, 27% used [0x0000000740000000,0x000000074108e6d8,0x0000000743c80000)
 Metaspace       used 24029K, capacity 24299K, committed 24832K, reserved 1071104K
  class space    used 2365K, capacity 2450K, committed 2560K, reserved 1048576K
Event: 78.797 GC heap after
Heap after GC invocations=13 (full 1):
 PSYoungGen      total 85504K, used 4850K [0x0000000795580000, 0x000000079bc80000, 0x00000007c0000000)
  eden space 80384K, 0% used [0x0000000795580000,0x0000000795580000,0x000000079a400000)
  from space 5120K, 94% used [0x000000079b780000,0x000000079bc3cb20,0x000000079bc80000)
  to   space 10752K, 0% used [0x000000079a780000,0x000000079a780000,0x000000079b200000)
 ParOldGen       total 61952K, used 16961K [0x0000000740000000, 0x0000000743c80000, 0x0000000795580000)
  object space 61952K, 27% used [0x0000000740000000,0x00000007410906d8,0x0000000743c80000)
 Metaspace       used 24029K, capacity 24299K, committed 24832K, reserved 1071104K
  class space    used 2365K, capacity 2450K, committed 2560K, reserved 1048576K
}

Deoptimization events (10 events):
Event: 84.294 Thread 0x00007fd4f49ee800 Uncommon trap: reason=unstable_if action=reinterpret pc=0x000000010b95495c method=sun.java2d.pipe.Region.intersectsQuickCheck(Lsun/java2d/pipe/Region;)Z @ 41
Event: 84.294 Thread 0x00007fd4f49ee800 Uncommon trap: reason=unstable_if action=reinterpret pc=0x000000010b6fbbbc method=java.awt.font.FontRenderContext.equals(Ljava/awt/font/FontRenderContext;)Z @ 2
Event: 84.294 Thread 0x00007fd4f49ee800 Uncommon trap: reason=unstable_if action=reinterpret pc=0x000000010b6f9394 method=java.awt.Font.equals(Ljava/lang/Object;)Z @ 2
Event: 84.308 Thread 0x00007fd4f6145000 Uncommon trap: reason=class_check action=maybe_recompile pc=0x000000010b30b308 method=java.util.HashMap.putVal(ILjava/lang/Object;Ljava/lang/Object;ZZ)Ljava/lang/Object; @ 91
Event: 84.308 Thread 0x00007fd4f6145000 Uncommon trap: reason=class_check action=maybe_recompile pc=0x000000010b30b308 method=java.util.HashMap.putVal(ILjava/lang/Object;Ljava/lang/Object;ZZ)Ljava/lang/Object; @ 91
Event: 84.308 Thread 0x00007fd4f6145000 Uncommon trap: reason=class_check action=maybe_recompile pc=0x000000010b30b308 method=java.util.HashMap.putVal(ILjava/lang/Object;Ljava/lang/Object;ZZ)Ljava/lang/Object; @ 91
Event: 84.308 Thread 0x00007fd4f6145000 Uncommon trap: reason=class_check action=maybe_recompile pc=0x000000010b30b308 method=java.util.HashMap.putVal(ILjava/lang/Object;Ljava/lang/Object;ZZ)Ljava/lang/Object; @ 91
Event: 84.308 Thread 0x00007fd4f6145000 Uncommon trap: reason=class_check action=maybe_recompile pc=0x000000010b31508c method=java.util.HashMap.putVal(ILjava/lang/Object;Ljava/lang/Object;ZZ)Ljava/lang/Object; @ 91
Event: 84.320 Thread 0x00007fd4f5922800 Uncommon trap: reason=unstable_if action=reinterpret pc=0x000000010b8facd8 method=java.util.LinkedList$ListItr.<init>(Ljava/util/LinkedList;I)V @ 26
Event: 84.322 Thread 0x00007fd4f49ee800 Uncommon trap: reason=unstable_if action=reinterpret pc=0x000000010b6d9338 method=java.awt.font.FontRenderContext.equals(Ljava/awt/font/FontRenderContext;)Z @ 2

Internal exceptions (10 events):
Event: 0.423 Thread 0x00007fd4f6002000 Exception <a 'java/lang/NoSuchFieldError': method resolution failed> (0x0000000795786338) thrown at [/HUDSON3/workspace/8-2-build-macosx-x86_64/jdk8u101/7261/hotspot/src/share/vm/prims/methodHandles.cpp, line 1146]
Event: 0.425 Thread 0x00007fd4f6002000 Exception <a 'java/lang/NoSuchFieldError': method resolution failed> (0x0000000795793b08) thrown at [/HUDSON3/workspace/8-2-build-macosx-x86_64/jdk8u101/7261/hotspot/src/share/vm/prims/methodHandles.cpp, line 1146]
Event: 0.784 Thread 0x00007fd4f6002000 Exception <a 'java/io/FileNotFoundException'> (0x000000079580f280) thrown at [/HUDSON3/workspace/8-2-build-macosx-x86_64/jdk8u101/7261/hotspot/src/share/vm/prims/jni.cpp, line 709]
Event: 0.784 Thread 0x00007fd4f6002000 Exception <a 'java/io/FileNotFoundException'> (0x000000079580fe20) thrown at [/HUDSON3/workspace/8-2-build-macosx-x86_64/jdk8u101/7261/hotspot/src/share/vm/prims/jni.cpp, line 709]
Event: 0.990 Thread 0x00007fd4f6002000 Exception <a 'java/io/FileNotFoundException'> (0x000000079594be08) thrown at [/HUDSON3/workspace/8-2-build-macosx-x86_64/jdk8u101/7261/hotspot/src/share/vm/prims/jni.cpp, line 709]
Event: 3.241 Thread 0x00007fd4f5254000 Exception <a 'java/lang/UnsatisfiedLinkError': com.jogamp.common.util.JarUtil.fixNativeLibAttribs(Ljava/lang/String;)Z> (0x0000000796b2c5f8) thrown at [/HUDSON3/workspace/8-2-build-macosx-x86_64/jdk8u101/7261/hotspot/src/share/vm/prims/nativeLookup.cpp, l
Event: 3.731 Thread 0x00007fd4f4827000 Exception <a 'java/lang/NullPointerException'> (0x00000007956ab678) thrown at [/HUDSON3/workspace/8-2-build-macosx-x86_64/jdk8u101/7261/hotspot/src/share/vm/interpreter/linkResolver.cpp, line 1178]
Event: 4.502 Thread 0x00007fd4f5922800 Exception <a 'java/io/FileNotFoundException'> (0x0000000795e5b050) thrown at [/HUDSON3/workspace/8-2-build-macosx-x86_64/jdk8u101/7261/hotspot/src/share/vm/prims/jni.cpp, line 709]
Event: 4.502 Thread 0x00007fd4f5922800 Exception <a 'java/io/FileNotFoundException'> (0x0000000795e61518) thrown at [/HUDSON3/workspace/8-2-build-macosx-x86_64/jdk8u101/7261/hotspot/src/share/vm/prims/jni.cpp, line 709]
Event: 4.503 Thread 0x00007fd4f5922800 Implicit null exception at 0x000000010b089575 to 0x000000010b0898e5

Events (10 events):
Event: 84.321 loading class java/awt/LightweightDispatcher$2
Event: 84.321 loading class java/awt/LightweightDispatcher$2 done
Event: 84.321 loading class java/awt/event/AWTEventListenerProxy
Event: 84.321 loading class java/awt/event/AWTEventListenerProxy done
Event: 84.321 loading class java/awt/Toolkit$ToolkitEventMulticaster
Event: 84.321 loading class java/awt/Toolkit$ToolkitEventMulticaster done
Event: 84.322 Thread 0x00007fd4f49ee800 Uncommon trap: trap_request=0xffffff65 fr.pc=0x000000010b6d9338
Event: 84.322 Thread 0x00007fd4f49ee800 DEOPT PACKING pc=0x000000010b6d9338 sp=0x000070000c144420
Event: 84.322 Thread 0x00007fd4f49ee800 DEOPT UNPACKING pc=0x000000010aedd229 sp=0x000070000c1443f0 mode 2
Event: 84.322 Thread 0x00007fd4f6145000 Thread exited: 0x00007fd4f6145000


Dynamic libraries:
0x0000000027e1d000 	/System/Library/Frameworks/Cocoa.framework/Versions/A/Cocoa
0x0000000027e1d000 	/System/Library/Frameworks/Security.framework/Versions/A/Security
0x0000000027e1d000 	/System/Library/Frameworks/ApplicationServices.framework/Versions/A/ApplicationServices
0x0000000027e1d000 	/usr/lib/libz.1.dylib
0x0000000027e1d000 	/usr/lib/libSystem.B.dylib
0x0000000027e1d000 	/usr/lib/libobjc.A.dylib
0x0000000027e1d000 	/System/Library/Frameworks/CoreFoundation.framework/Versions/A/CoreFoundation
0x0000000027e1d000 	/System/Library/Frameworks/Foundation.framework/Versions/C/Foundation
0x0000000027e1d000 	/System/Library/Frameworks/AppKit.framework/Versions/C/AppKit
0x0000000027e1d000 	/System/Library/Frameworks/CoreData.framework/Versions/A/CoreData
0x0000000027e1d000 	/System/Library/PrivateFrameworks/RemoteViewServices.framework/Versions/A/RemoteViewServices
0x0000000027e1d000 	/System/Library/PrivateFrameworks/UIFoundation.framework/Versions/A/UIFoundation
0x0000000027e1d000 	/System/Library/PrivateFrameworks/DFRFoundation.framework/Versions/A/DFRFoundation
0x0000000027e1d000 	/System/Library/Frameworks/Metal.framework/Versions/A/Metal
0x0000000027e1d000 	/System/Library/PrivateFrameworks/DesktopServicesPriv.framework/Versions/A/DesktopServicesPriv
0x0000000027e1d000 	/usr/lib/libenergytrace.dylib
0x0000000027e1d000 	/System/Library/PrivateFrameworks/SkyLight.framework/Versions/A/SkyLight
0x0000000027e1d000 	/System/Library/Frameworks/CoreGraphics.framework/Versions/A/CoreGraphics
0x0000000027e1d000 	/usr/lib/libScreenReader.dylib
0x0000000027e1d000 	/System/Library/Frameworks/Accelerate.framework/Versions/A/Accelerate
0x0000000027e1d000 	/System/Library/Frameworks/IOSurface.framework/Versions/A/IOSurface
0x0000000027e1d000 	/System/Library/Frameworks/AudioToolbox.framework/Versions/A/AudioToolbox
0x0000000027e1d000 	/System/Library/Frameworks/AudioUnit.framework/Versions/A/AudioUnit
0x0000000027e1d000 	/System/Library/PrivateFrameworks/DataDetectorsCore.framework/Versions/A/DataDetectorsCore
0x0000000027e1d000 	/System/Library/Frameworks/Carbon.framework/Versions/A/Frameworks/HIToolbox.framework/Versions/A/HIToolbox
0x0000000027e1d000 	/usr/lib/libicucore.A.dylib
0x0000000027e1d000 	/System/Library/Frameworks/QuartzCore.framework/Versions/A/QuartzCore
0x0000000027e1d000 	/System/Library/Frameworks/Carbon.framework/Versions/A/Frameworks/SpeechRecognition.framework/Versions/A/SpeechRecognition
0x0000000027e1d000 	/usr/lib/libauto.dylib
0x0000000027e1d000 	/usr/lib/libxml2.2.dylib
0x0000000027e1d000 	/System/Library/PrivateFrameworks/CoreUI.framework/Versions/A/CoreUI
0x0000000027e1d000 	/System/Library/Frameworks/CoreAudio.framework/Versions/A/CoreAudio
0x0000000027e1d000 	/System/Library/Frameworks/DiskArbitration.framework/Versions/A/DiskArbitration
0x0000000027e1d000 	/usr/lib/liblangid.dylib
0x0000000027e1d000 	/System/Library/PrivateFrameworks/MultitouchSupport.framework/Versions/A/MultitouchSupport
0x0000000027e1d000 	/System/Library/Frameworks/IOKit.framework/Versions/A/IOKit
0x0000000027e1d000 	/usr/lib/libDiagnosticMessagesClient.dylib
0x0000000027e1d000 	/System/Library/Frameworks/CoreServices.framework/Versions/A/CoreServices
0x0000000027e1d000 	/System/Library/PrivateFrameworks/PerformanceAnalysis.framework/Versions/A/PerformanceAnalysis
0x0000000027e1d000 	/System/Library/Frameworks/OpenGL.framework/Versions/A/OpenGL
0x0000000027e1d000 	/System/Library/Frameworks/ColorSync.framework/Versions/A/ColorSync
0x0000000027e1d000 	/System/Library/Frameworks/CoreImage.framework/Versions/A/CoreImage
0x0000000027e1d000 	/System/Library/Frameworks/CoreText.framework/Versions/A/CoreText
0x0000000027e1d000 	/System/Library/Frameworks/ImageIO.framework/Versions/A/ImageIO
0x0000000027e1d000 	/System/Library/PrivateFrameworks/Backup.framework/Versions/A/Backup
0x0000000027e1d000 	/usr/lib/libarchive.2.dylib
0x0000000027e1d000 	/System/Library/Frameworks/CFNetwork.framework/Versions/A/CFNetwork
0x0000000027e1d000 	/System/Library/Frameworks/SystemConfiguration.framework/Versions/A/SystemConfiguration
0x0000000027e1d000 	/usr/lib/libCRFSuite.dylib
0x0000000027e1d000 	/usr/lib/libc++.1.dylib
0x0000000027e1d000 	/usr/lib/libc++abi.dylib
0x0000000027e1d000 	/usr/lib/system/libcache.dylib
0x0000000027e1d000 	/usr/lib/system/libcommonCrypto.dylib
0x0000000027e1d000 	/usr/lib/system/libcompiler_rt.dylib
0x0000000027e1d000 	/usr/lib/system/libcopyfile.dylib
0x0000000027e1d000 	/usr/lib/system/libcorecrypto.dylib
0x0000000027e1d000 	/usr/lib/system/libdispatch.dylib
0x0000000027e1d000 	/usr/lib/system/libdyld.dylib
0x0000000027e1d000 	/usr/lib/system/libkeymgr.dylib
0x0000000027e1d000 	/usr/lib/system/liblaunch.dylib
0x0000000027e1d000 	/usr/lib/system/libmacho.dylib
0x0000000027e1d000 	/usr/lib/system/libquarantine.dylib
0x0000000027e1d000 	/usr/lib/system/libremovefile.dylib
0x0000000027e1d000 	/usr/lib/system/libsystem_asl.dylib
0x0000000027e1d000 	/usr/lib/system/libsystem_blocks.dylib
0x0000000027e1d000 	/usr/lib/system/libsystem_c.dylib
0x0000000027e1d000 	/usr/lib/system/libsystem_configuration.dylib
0x0000000027e1d000 	/usr/lib/system/libsystem_coreservices.dylib
0x0000000027e1d000 	/usr/lib/system/libsystem_darwin.dylib
0x0000000027e1d000 	/usr/lib/system/libsystem_dnssd.dylib
0x0000000027e1d000 	/usr/lib/system/libsystem_info.dylib
0x0000000027e1d000 	/usr/lib/system/libsystem_m.dylib
0x0000000027e1d000 	/usr/lib/system/libsystem_malloc.dylib
0x0000000027e1d000 	/usr/lib/system/libsystem_network.dylib
0x0000000027e1d000 	/usr/lib/system/libsystem_networkextension.dylib
0x0000000027e1d000 	/usr/lib/system/libsystem_notify.dylib
0x0000000027e1d000 	/usr/lib/system/libsystem_sandbox.dylib
0x0000000027e1d000 	/usr/lib/system/libsystem_secinit.dylib
0x0000000027e1d000 	/usr/lib/system/libsystem_kernel.dylib
0x0000000027e1d000 	/usr/lib/system/libsystem_platform.dylib
0x0000000027e1d000 	/usr/lib/system/libsystem_pthread.dylib
0x0000000027e1d000 	/usr/lib/system/libsystem_symptoms.dylib
0x0000000027e1d000 	/usr/lib/system/libsystem_trace.dylib
0x0000000027e1d000 	/usr/lib/system/libunwind.dylib
0x0000000027e1d000 	/usr/lib/system/libxpc.dylib
0x0000000027e1d000 	/usr/lib/closure/libclosured.dylib
0x0000000027e1d000 	/usr/lib/libbsm.0.dylib
0x0000000027e1d000 	/usr/lib/system/libkxld.dylib
0x0000000027e1d000 	/usr/lib/libOpenScriptingUtil.dylib
0x0000000027e1d000 	/usr/lib/libcoretls.dylib
0x0000000027e1d000 	/usr/lib/libcoretls_cfhelpers.dylib
0x0000000027e1d000 	/usr/lib/libpam.2.dylib
0x0000000027e1d000 	/usr/lib/libsqlite3.dylib
0x0000000027e1d000 	/usr/lib/libxar.1.dylib
0x0000000027e1d000 	/usr/lib/libbz2.1.0.dylib
0x0000000027e1d000 	/usr/lib/liblzma.5.dylib
0x0000000027e1d000 	/usr/lib/libnetwork.dylib
0x0000000027e1d000 	/usr/lib/libapple_nghttp2.dylib
0x0000000027e1d000 	/usr/lib/libpcap.A.dylib
0x0000000027e1d000 	/usr/lib/libboringssl.dylib
0x0000000027e1d000 	/usr/lib/libusrtcp.dylib
0x0000000027e1d000 	/usr/lib/libapple_crypto.dylib
0x0000000027e1d000 	/System/Library/Frameworks/CoreServices.framework/Versions/A/Frameworks/FSEvents.framework/Versions/A/FSEvents
0x0000000027e1d000 	/System/Library/Frameworks/CoreServices.framework/Versions/A/Frameworks/CarbonCore.framework/Versions/A/CarbonCore
0x0000000027e1d000 	/System/Library/Frameworks/CoreServices.framework/Versions/A/Frameworks/Metadata.framework/Versions/A/Metadata
0x0000000027e1d000 	/System/Library/Frameworks/CoreServices.framework/Versions/A/Frameworks/OSServices.framework/Versions/A/OSServices
0x0000000027e1d000 	/System/Library/Frameworks/CoreServices.framework/Versions/A/Frameworks/SearchKit.framework/Versions/A/SearchKit
0x0000000027e1d000 	/System/Library/Frameworks/CoreServices.framework/Versions/A/Frameworks/AE.framework/Versions/A/AE
0x0000000027e1d000 	/System/Library/Frameworks/CoreServices.framework/Versions/A/Frameworks/LaunchServices.framework/Versions/A/LaunchServices
0x0000000027e1d000 	/System/Library/Frameworks/CoreServices.framework/Versions/A/Frameworks/DictionaryServices.framework/Versions/A/DictionaryServices
0x0000000027e1d000 	/System/Library/Frameworks/CoreServices.framework/Versions/A/Frameworks/SharedFileList.framework/Versions/A/SharedFileList
0x0000000027e1d000 	/System/Library/Frameworks/NetFS.framework/Versions/A/NetFS
0x0000000027e1d000 	/System/Library/PrivateFrameworks/NetAuth.framework/Versions/A/NetAuth
0x0000000027e1d000 	/System/Library/PrivateFrameworks/login.framework/Versions/A/Frameworks/loginsupport.framework/Versions/A/loginsupport
0x0000000027e1d000 	/System/Library/PrivateFrameworks/TCC.framework/Versions/A/TCC
0x0000000027e1d000 	/usr/lib/libmecabra.dylib
0x0000000027e1d000 	/System/Library/Frameworks/ApplicationServices.framework/Versions/A/Frameworks/ATS.framework/Versions/A/ATS
0x0000000027e1d000 	/System/Library/Frameworks/ApplicationServices.framework/Versions/A/Frameworks/ColorSyncLegacy.framework/Versions/A/ColorSyncLegacy
0x0000000027e1d000 	/System/Library/Frameworks/ApplicationServices.framework/Versions/A/Frameworks/HIServices.framework/Versions/A/HIServices
0x0000000027e1d000 	/System/Library/Frameworks/ApplicationServices.framework/Versions/A/Frameworks/LangAnalysis.framework/Versions/A/LangAnalysis
0x0000000027e1d000 	/System/Library/Frameworks/ApplicationServices.framework/Versions/A/Frameworks/PrintCore.framework/Versions/A/PrintCore
0x0000000027e1d000 	/System/Library/Frameworks/ApplicationServices.framework/Versions/A/Frameworks/QD.framework/Versions/A/QD
0x0000000027e1d000 	/System/Library/Frameworks/ApplicationServices.framework/Versions/A/Frameworks/SpeechSynthesis.framework/Versions/A/SpeechSynthesis
0x0000000027e1d000 	/System/Library/Frameworks/CoreDisplay.framework/Versions/A/CoreDisplay
0x0000000027e1d000 	/System/Library/Frameworks/Accelerate.framework/Versions/A/Frameworks/vImage.framework/Versions/A/vImage
0x0000000027e1d000 	/System/Library/Frameworks/Accelerate.framework/Versions/A/Frameworks/vecLib.framework/Versions/A/vecLib
0x0000000027e1d000 	/System/Library/Frameworks/Accelerate.framework/Versions/A/Frameworks/vecLib.framework/Versions/A/libvDSP.dylib
0x0000000027e1d000 	/System/Library/Frameworks/Accelerate.framework/Versions/A/Frameworks/vecLib.framework/Versions/A/libBNNS.dylib
0x0000000027e1d000 	/System/Library/Frameworks/Accelerate.framework/Versions/A/Frameworks/vecLib.framework/Versions/A/libQuadrature.dylib
0x0000000027e1d000 	/System/Library/Frameworks/Accelerate.framework/Versions/A/Frameworks/vecLib.framework/Versions/A/libvMisc.dylib
0x0000000027e1d000 	/System/Library/Frameworks/Accelerate.framework/Versions/A/Frameworks/vecLib.framework/Versions/A/libLAPACK.dylib
0x0000000027e1d000 	/System/Library/Frameworks/Accelerate.framework/Versions/A/Frameworks/vecLib.framework/Versions/A/libBLAS.dylib
0x0000000027e1d000 	/System/Library/Frameworks/Accelerate.framework/Versions/A/Frameworks/vecLib.framework/Versions/A/libLinearAlgebra.dylib
0x0000000027e1d000 	/System/Library/Frameworks/Accelerate.framework/Versions/A/Frameworks/vecLib.framework/Versions/A/libSparse.dylib
0x0000000027e1d000 	/System/Library/Frameworks/Accelerate.framework/Versions/A/Frameworks/vecLib.framework/Versions/A/libSparseBLAS.dylib
0x0000000027e1d000 	/System/Library/PrivateFrameworks/IOAccelerator.framework/Versions/A/IOAccelerator
0x0000000027e1d000 	/System/Library/PrivateFrameworks/IOPresentment.framework/Versions/A/IOPresentment
0x0000000027e1d000 	/System/Library/PrivateFrameworks/DSExternalDisplay.framework/Versions/A/DSExternalDisplay
0x0000000027e1d000 	/System/Library/Frameworks/OpenGL.framework/Versions/A/Libraries/libCoreFSCache.dylib
0x0000000027e1d000 	/System/Library/Frameworks/CoreVideo.framework/Versions/A/CoreVideo
0x0000000027e1d000 	/System/Library/PrivateFrameworks/GraphVisualizer.framework/Versions/A/GraphVisualizer
0x0000000027e1d000 	/System/Library/Frameworks/MetalPerformanceShaders.framework/Versions/A/MetalPerformanceShaders
0x0000000027e1d000 	/usr/lib/libFosl_dynamic.dylib
0x0000000027e1d000 	/System/Library/PrivateFrameworks/FaceCore.framework/Versions/A/FaceCore
0x0000000027e1d000 	/System/Library/Frameworks/OpenCL.framework/Versions/A/OpenCL
0x0000000027e1d000 	/usr/lib/libcompression.dylib
0x0000000027e1d000 	/System/Library/Frameworks/ApplicationServices.framework/Versions/A/Frameworks/ATS.framework/Versions/A/Resources/libFontParser.dylib
0x0000000027e1d000 	/System/Library/Frameworks/ApplicationServices.framework/Versions/A/Frameworks/ATS.framework/Versions/A/Resources/libFontRegistry.dylib
0x0000000027e1d000 	/System/Library/Frameworks/ImageIO.framework/Versions/A/Resources/libJPEG.dylib
0x0000000027e1d000 	/System/Library/Frameworks/ImageIO.framework/Versions/A/Resources/libTIFF.dylib
0x0000000027e1d000 	/System/Library/Frameworks/ImageIO.framework/Versions/A/Resources/libPng.dylib
0x0000000027e1d000 	/System/Library/Frameworks/ImageIO.framework/Versions/A/Resources/libGIF.dylib
0x0000000027e1d000 	/System/Library/Frameworks/ImageIO.framework/Versions/A/Resources/libJP2.dylib
0x0000000027e1d000 	/System/Library/Frameworks/ImageIO.framework/Versions/A/Resources/libRadiance.dylib
0x0000000027e1d000 	/System/Library/PrivateFrameworks/AppleJPEG.framework/Versions/A/AppleJPEG
0x0000000027e1d000 	/System/Library/PrivateFrameworks/MetalTools.framework/Versions/A/MetalTools
0x0000000027e1d000 	/System/Library/Frameworks/MetalPerformanceShaders.framework/Frameworks/MPSCore.framework/Versions/A/MPSCore
0x0000000027e1d000 	/System/Library/Frameworks/MetalPerformanceShaders.framework/Frameworks/MPSImage.framework/Versions/A/MPSImage
0x0000000027e1d000 	/System/Library/Frameworks/MetalPerformanceShaders.framework/Frameworks/MPSMatrix.framework/Versions/A/MPSMatrix
0x0000000027e1d000 	/System/Library/Frameworks/MetalPerformanceShaders.framework/Frameworks/MPSNeuralNetwork.framework/Versions/A/MPSNeuralNetwork
0x0000000027e1d000 	/System/Library/Frameworks/OpenGL.framework/Versions/A/Libraries/libGLU.dylib
0x0000000027e1d000 	/System/Library/Frameworks/OpenGL.framework/Versions/A/Libraries/libGFXShared.dylib
0x0000000027e1d000 	/System/Library/Frameworks/OpenGL.framework/Versions/A/Libraries/libGL.dylib
0x0000000027e1d000 	/System/Library/Frameworks/OpenGL.framework/Versions/A/Libraries/libGLImage.dylib
0x0000000027e1d000 	/System/Library/Frameworks/OpenGL.framework/Versions/A/Libraries/libCVMSPluginSupport.dylib
0x0000000027e1d000 	/System/Library/Frameworks/OpenGL.framework/Versions/A/Libraries/libCoreVMClient.dylib
0x0000000027e1d000 	/usr/lib/libcups.2.dylib
0x0000000027e1d000 	/System/Library/Frameworks/Kerberos.framework/Versions/A/Kerberos
0x0000000027e1d000 	/System/Library/Frameworks/GSS.framework/Versions/A/GSS
0x0000000027e1d000 	/usr/lib/libresolv.9.dylib
0x0000000027e1d000 	/usr/lib/libiconv.2.dylib
0x0000000027e1d000 	/System/Library/PrivateFrameworks/Heimdal.framework/Versions/A/Heimdal
0x0000000027e1d000 	/usr/lib/libheimdal-asn1.dylib
0x0000000027e1d000 	/System/Library/Frameworks/OpenDirectory.framework/Versions/A/OpenDirectory
0x0000000027e1d000 	/System/Library/PrivateFrameworks/CommonAuth.framework/Versions/A/CommonAuth
0x0000000027e1d000 	/System/Library/Frameworks/OpenDirectory.framework/Versions/A/Frameworks/CFOpenDirectory.framework/Versions/A/CFOpenDirectory
0x0000000027e1d000 	/System/Library/Frameworks/SecurityFoundation.framework/Versions/A/SecurityFoundation
0x0000000027e1d000 	/System/Library/PrivateFrameworks/APFS.framework/Versions/A/APFS
0x0000000027e1d000 	/usr/lib/libutil.dylib
0x0000000027e1d000 	/System/Library/PrivateFrameworks/AppleSauce.framework/Versions/A/AppleSauce
0x0000000027e1d000 	/System/Library/PrivateFrameworks/LinguisticData.framework/Versions/A/LinguisticData
0x0000000027e1d000 	/usr/lib/libmarisa.dylib
0x0000000027e1d000 	/System/Library/PrivateFrameworks/Lexicon.framework/Versions/A/Lexicon
0x0000000027e1d000 	/usr/lib/libChineseTokenizer.dylib
0x0000000027e1d000 	/usr/lib/libcmph.dylib
0x0000000027e1d000 	/System/Library/PrivateFrameworks/LanguageModeling.framework/Versions/A/LanguageModeling
0x0000000027e1d000 	/System/Library/PrivateFrameworks/CoreEmoji.framework/Versions/A/CoreEmoji
0x0000000027e1d000 	/System/Library/Frameworks/ServiceManagement.framework/Versions/A/ServiceManagement
0x0000000027e1d000 	/System/Library/PrivateFrameworks/BackgroundTaskManagement.framework/Versions/A/BackgroundTaskManagement
0x0000000027e1d000 	/usr/lib/libxslt.1.dylib
0x0000000027e1d000 	/System/Library/Frameworks/Carbon.framework/Versions/A/Frameworks/Ink.framework/Versions/A/Ink
0x0000000027e1d000 	/System/Library/PrivateFrameworks/TextureIO.framework/Versions/A/TextureIO
0x0000000027e1d000 	/usr/lib/libate.dylib
0x0000000027e1d000 	/System/Library/PrivateFrameworks/CrashReporterSupport.framework/Versions/A/CrashReporterSupport
0x0000000027e1d000 	/System/Library/PrivateFrameworks/Sharing.framework/Versions/A/Sharing
0x0000000027e1d000 	/System/Library/PrivateFrameworks/IconServices.framework/Versions/A/IconServices
0x0000000027e1d000 	/System/Library/PrivateFrameworks/ProtocolBuffer.framework/Versions/A/ProtocolBuffer
0x0000000027e1d000 	/System/Library/PrivateFrameworks/Apple80211.framework/Versions/A/Apple80211
0x0000000027e1d000 	/System/Library/Frameworks/CoreWLAN.framework/Versions/A/CoreWLAN
0x0000000027e1d000 	/System/Library/PrivateFrameworks/CoreUtils.framework/Versions/A/CoreUtils
0x0000000027e1d000 	/System/Library/Frameworks/IOBluetooth.framework/Versions/A/IOBluetooth
0x0000000027e1d000 	/System/Library/PrivateFrameworks/CoreWiFi.framework/Versions/A/CoreWiFi
0x0000000027e1d000 	/System/Library/Frameworks/CoreBluetooth.framework/Versions/A/CoreBluetooth
0x0000000027e1d000 	/System/Library/PrivateFrameworks/SignpostNotification.framework/Versions/A/SignpostNotification
0x0000000027e1d000 	/System/Library/PrivateFrameworks/DebugSymbols.framework/Versions/A/DebugSymbols
0x0000000027e1d000 	/System/Library/PrivateFrameworks/CoreSymbolication.framework/Versions/A/CoreSymbolication
0x0000000027e1d000 	/System/Library/PrivateFrameworks/Symbolication.framework/Versions/A/Symbolication
0x0000000027e1d000 	/System/Library/PrivateFrameworks/AppleFSCompression.framework/Versions/A/AppleFSCompression
0x0000000027e1d000 	/System/Library/PrivateFrameworks/SpeechRecognitionCore.framework/Versions/A/SpeechRecognitionCore
0x0000000103000000 	/Library/Java/JavaVirtualMachines/jdk1.8.0_101.jdk/Contents/Home/jre/lib/server/libjvm.dylib
0x0000000027e1d000 	/usr/lib/libstdc++.6.0.9.dylib
0x00000001026ce000 	/Library/Java/JavaVirtualMachines/jdk1.8.0_101.jdk/Contents/Home/jre/lib/libverify.dylib
0x00000001026dc000 	/Library/Java/JavaVirtualMachines/jdk1.8.0_101.jdk/Contents/Home/jre/lib/libjava.dylib
0x000000010275b000 	/Library/Java/JavaVirtualMachines/jdk1.8.0_101.jdk/Contents/Home/jre/lib/libzip.dylib
0x0000000027e1d000 	/System/Library/Frameworks/JavaVM.framework/Versions/A/Frameworks/JavaRuntimeSupport.framework/Versions/A/JavaRuntimeSupport
0x0000000027e1d000 	/System/Library/Frameworks/JavaVM.framework/Versions/A/Frameworks/JavaNativeFoundation.framework/Versions/A/JavaNativeFoundation
0x0000000027e1d000 	/System/Library/Frameworks/JavaVM.framework/Versions/A/JavaVM
0x0000000027e1d000 	/System/Library/Frameworks/Carbon.framework/Versions/A/Carbon
0x0000000027e1d000 	/System/Library/PrivateFrameworks/JavaLaunching.framework/Versions/A/JavaLaunching
0x0000000027e1d000 	/System/Library/Frameworks/Carbon.framework/Versions/A/Frameworks/CommonPanels.framework/Versions/A/CommonPanels
0x0000000027e1d000 	/System/Library/Frameworks/Carbon.framework/Versions/A/Frameworks/Help.framework/Versions/A/Help
0x0000000027e1d000 	/System/Library/Frameworks/Carbon.framework/Versions/A/Frameworks/ImageCapture.framework/Versions/A/ImageCapture
0x0000000027e1d000 	/System/Library/Frameworks/Carbon.framework/Versions/A/Frameworks/OpenScripting.framework/Versions/A/OpenScripting
0x0000000027e1d000 	/System/Library/Frameworks/Carbon.framework/Versions/A/Frameworks/Print.framework/Versions/A/Print
0x0000000027e1d000 	/System/Library/Frameworks/Carbon.framework/Versions/A/Frameworks/SecurityHI.framework/Versions/A/SecurityHI
0x000000010a8aa000 	/Library/Java/JavaVirtualMachines/jdk1.8.0_101.jdk/Contents/Home/jre/lib/libawt.dylib
0x000000010a952000 	/Library/Java/JavaVirtualMachines/jdk1.8.0_101.jdk/Contents/Home/jre/lib/./libmlib_image.dylib
0x000000010aa1e000 	/Library/Java/JavaVirtualMachines/jdk1.8.0_101.jdk/Contents/Home/jre/lib/libawt_lwawt.dylib
0x000000010aad3000 	/Library/Java/JavaVirtualMachines/jdk1.8.0_101.jdk/Contents/Home/jre/lib/./libosxapp.dylib
0x0000000027e1d000 	/System/Library/Frameworks/ExceptionHandling.framework/Versions/A/ExceptionHandling
0x0000000027e1d000 	/System/Library/PrivateFrameworks/CoreServicesInternal.framework/Versions/A/CoreServicesInternal
0x0000000027e1d000 	/System/Library/CoreServices/RawCamera.bundle/Contents/MacOS/RawCamera
0x0000000027e1d000 	/System/Library/PrivateFrameworks/MobileAsset.framework/Versions/A/MobileAsset
0x0000000027e1d000 	/System/Library/PrivateFrameworks/StreamingZip.framework/Versions/A/StreamingZip
0x0000000027e1d000 	/System/Library/Frameworks/MediaToolbox.framework/Versions/A/MediaToolbox
0x0000000027e1d000 	/System/Library/PrivateFrameworks/CoreAVCHD.framework/Versions/A/CoreAVCHD
0x0000000027e1d000 	/System/Library/Frameworks/MediaAccessibility.framework/Versions/A/MediaAccessibility
0x0000000027e1d000 	/System/Library/PrivateFrameworks/Mangrove.framework/Versions/A/Mangrove
0x0000000027e1d000 	/System/Library/Frameworks/CoreMedia.framework/Versions/A/CoreMedia
0x0000000027e1d000 	/System/Library/Frameworks/VideoToolbox.framework/Versions/A/VideoToolbox
0x0000000027e1d000 	/System/Library/PrivateFrameworks/CoreAUC.framework/Versions/A/CoreAUC
0x0000000027e1d000 	/usr/lib/libspindump.dylib
0x0000000027e1d000 	/usr/lib/libdscsym.dylib
0x0000000027e1d000 	/System/Library/PrivateFrameworks/AppleVA.framework/Versions/A/AppleVA
0x0000000027e1d000 	/System/Library/Frameworks/Accelerate.framework/Versions/A/Frameworks/vImage.framework/Versions/A/Libraries/libCGInterfaces.dylib
0x0000000027e1d000 	/System/Library/Frameworks/ApplicationServices.framework/Versions/A/Frameworks/ATS.framework/Versions/A/Resources/libTrueTypeScaler.dylib
0x0000000027e1d000 	/System/Library/Frameworks/OpenGL.framework/Versions/A/Resources/GLEngine.bundle/GLEngine
0x0000000027e1d000 	/System/Library/Frameworks/OpenGL.framework/Versions/A/Libraries/libGLProgrammability.dylib
0x000000011d481000 	/System/Library/Extensions/AppleIntelBDWGraphicsGLDriver.bundle/Contents/MacOS/AppleIntelBDWGraphicsGLDriver
0x0000000027e1d000 	/System/Library/PrivateFrameworks/GPUSupport.framework/Versions/A/Libraries/libGPUSupportMercury.dylib
0x0000000027e1d000 	/System/Library/Frameworks/OpenGL.framework/Versions/A/Resources/GLRendererFloat.bundle/GLRendererFloat
0x0000000027e1d000 	/System/Library/Frameworks/OpenCL.framework/Versions/A/Libraries/libcldcpuengine.dylib
0x0000000027e1d000 	/usr/lib/libcrypto.35.dylib
0x0000000027e1d000 	/System/Library/PrivateFrameworks/TrustEvaluationAgent.framework/Versions/A/TrustEvaluationAgent
0x0000000027e1d000 	/System/Library/Extensions/AppleIntelBDWGraphicsMTLDriver.bundle/Contents/MacOS/AppleIntelBDWGraphicsMTLDriver
0x0000000027e1d000 	/System/Library/PrivateFrameworks/GPUCompiler.framework/Versions/3802/Libraries/libmetal_timestamp.dylib
0x0000000027e1d000 	/System/Library/PrivateFrameworks/FamilyControls.framework/Versions/A/FamilyControls
0x0000000027e1d000 	/System/Library/PrivateFrameworks/CommerceKit.framework/Versions/A/Frameworks/CommerceCore.framework/Versions/A/CommerceCore
0x0000000027e1d000 	/System/Library/PrivateFrameworks/SystemAdministration.framework/Versions/A/SystemAdministration
0x0000000027e1d000 	/System/Library/PrivateFrameworks/AppContainer.framework/Versions/A/AppContainer
0x0000000027e1d000 	/System/Library/PrivateFrameworks/SecCodeWrapper.framework/Versions/A/SecCodeWrapper
0x0000000027e1d000 	/System/Library/PrivateFrameworks/DiskManagement.framework/Versions/A/DiskManagement
0x0000000027e1d000 	/System/Library/Frameworks/DirectoryService.framework/Versions/A/DirectoryService
0x0000000027e1d000 	/System/Library/PrivateFrameworks/DiskImages.framework/Versions/A/DiskImages
0x0000000027e1d000 	/System/Library/PrivateFrameworks/LoginUIKit.framework/Versions/A/Frameworks/LoginUICore.framework/Versions/A/LoginUICore
0x0000000027e1d000 	/usr/lib/libCoreStorage.dylib
0x0000000027e1d000 	/usr/lib/libcsfde.dylib
0x0000000027e1d000 	/usr/lib/libodfde.dylib
0x0000000027e1d000 	/System/Library/PrivateFrameworks/MediaKit.framework/Versions/A/MediaKit
0x0000000027e1d000 	/System/Library/Frameworks/DiscRecording.framework/Versions/A/DiscRecording
0x0000000027e1d000 	/System/Library/PrivateFrameworks/EFILogin.framework/Versions/A/EFILogin
0x0000000027e1d000 	/System/Library/PrivateFrameworks/ProtectedCloudStorage.framework/Versions/A/ProtectedCloudStorage
0x0000000027e1d000 	/usr/lib/libcurl.4.dylib
0x0000000027e1d000 	/usr/lib/libssl.35.dylib
0x0000000027e1d000 	/System/Library/Frameworks/LDAP.framework/Versions/A/LDAP
0x0000000027e1d000 	/usr/lib/libsasl2.2.dylib
0x0000000027e1d000 	/System/Library/PrivateFrameworks/CoreDaemon.framework/Versions/B/CoreDaemon
0x0000000027e1d000 	/System/Library/PrivateFrameworks/AppleSRP.framework/Versions/A/AppleSRP
0x000000011eddf000 	/Library/Java/JavaVirtualMachines/jdk1.8.0_101.jdk/Contents/Home/jre/lib/libfontmanager.dylib
0x0000000027e1d000 	/System/Library/PrivateFrameworks/ViewBridge.framework/Versions/A/ViewBridge
0x00000001200bb000 	/Library/Java/JavaVirtualMachines/jdk1.8.0_101.jdk/Contents/Home/jre/lib/libosxui.dylib
0x000000012122e000 	/Library/Java/JavaVirtualMachines/jdk1.8.0_101.jdk/Contents/Home/jre/lib/libnet.dylib
0x000000012128d000 	/Library/Java/JavaVirtualMachines/jdk1.8.0_101.jdk/Contents/Home/jre/lib/libnio.dylib
0x000000011bbc3000 	/private/var/folders/pw/kw08pl9n6yzcxbqgsc_vpf_h0000gn/T/jogamp_0000/file_cache/jln5098986665585251417/jln1386744864312472324/libgluegen-rt.jnilib
0x000000011bbc8000 	/private/var/folders/pw/kw08pl9n6yzcxbqgsc_vpf_h0000gn/T/jogamp_0000/file_cache/jln5098986665585251417/jln1386744864312472324/libnativewindow_awt.jnilib
0x000000011bbcb000 	/Library/Java/JavaVirtualMachines/jdk1.8.0_101.jdk/Contents/Home/jre/lib/libjawt.dylib
0x000000012019f000 	/private/var/folders/pw/kw08pl9n6yzcxbqgsc_vpf_h0000gn/T/jogamp_0000/file_cache/jln5098986665585251417/jln1386744864312472324/libnativewindow_macosx.jnilib
0x000000015810b000 	/private/var/folders/pw/kw08pl9n6yzcxbqgsc_vpf_h0000gn/T/jogamp_0000/file_cache/jln5098986665585251417/jln1386744864312472324/libjogl_desktop.jnilib
0x000000011d42a000 	/Library/Java/JavaVirtualMachines/jdk1.8.0_101.jdk/Contents/Home/jre/lib/libsunec.dylib
0x000000011d04f000 	/Library/Java/JavaVirtualMachines/jdk1.8.0_101.jdk/Contents/Home/jre/lib/libt2k.dylib
0x000000011d0f9000 	/Library/Java/JavaVirtualMachines/jdk1.8.0_101.jdk/Contents/Home/jre/lib/libjpeg.dylib

VM Arguments:
jvm_args: -Djava.security.policy=java.policy.applet -Dfile.encoding=UTF-8 
java_command: sun.applet.AppletViewer module3.EarthquakeCityMap1519928045800.html
java_class_path (initial): /Users/kathyshannon/Documents/workspace/UCSDUnfoldingMaps/build:/Users/kathyshannon/Documents/workspace/UCSDUnfoldingMaps/lib/core.jar:/Users/kathyshannon/Documents/workspace/UCSDUnfoldingMaps/lib/gluegen-rt.jar:/Users/kathyshannon/Documents/workspace/UCSDUnfoldingMaps/lib/jogl-all.jar:/Users/kathyshannon/Documents/workspace/UCSDUnfoldingMaps/lib/log4j-1.2.15.jar:/Users/kathyshannon/Documents/workspace/UCSDUnfoldingMaps/lib/sqlite-jdbc-3.7.2.jar:/Users/kathyshannon/Documents/workspace/UCSDUnfoldingMaps/lib/json4processing.jar:/Users/kathyshannon/Documents/workspace/UCSDUnfoldingMaps/lib/libTUIO.jar:/Users/kathyshannon/Documents/workspace/UCSDUnfoldingMaps/lib/unfolding.0.9.7-uscd.jar
Launcher Type: SUN_STANDARD

Environment Variables:
PATH=/usr/bin:/bin:/usr/sbin:/sbin
SHELL=/bin/bash
DISPLAY=/private/tmp/com.apple.launchd.T8pKsXjNcK/org.macosforge.xquartz:0

Signal Handlers:
SIGSEGV: [libjvm.dylib+0x5af145], sa_mask[0]=11111111011111110111111111111111, sa_flags=SA_ONSTACK|SA_RESTART|SA_SIGINFO
SIGBUS: [libjvm.dylib+0x5af145], sa_mask[0]=11111111011111110111111111111111, sa_flags=SA_RESTART|SA_SIGINFO
SIGFPE: [libjvm.dylib+0x48694c], sa_mask[0]=11111111011111110111111111111111, sa_flags=SA_RESTART|SA_SIGINFO
SIGPIPE: [libjvm.dylib+0x48694c], sa_mask[0]=11111111011111110111111111111111, sa_flags=SA_RESTART|SA_SIGINFO
SIGXFSZ: [libjvm.dylib+0x48694c], sa_mask[0]=11111111011111110111111111111111, sa_flags=SA_RESTART|SA_SIGINFO
SIGILL: [libjvm.dylib+0x48694c], sa_mask[0]=11111111011111110111111111111111, sa_flags=SA_RESTART|SA_SIGINFO
SIGUSR1: SIG_DFL, sa_mask[0]=00000000000000000000000000000000, sa_flags=none
SIGUSR2: [libjvm.dylib+0x48646a], sa_mask[0]=00100000000000000000000000000000, sa_flags=SA_RESTART|SA_SIGINFO
SIGHUP: [libjvm.dylib+0x484a41], sa_mask[0]=11111111011111110111111111111111, sa_flags=SA_RESTART|SA_SIGINFO
SIGINT: [libjvm.dylib+0x484a41], sa_mask[0]=11111111011111110111111111111111, sa_flags=SA_RESTART|SA_SIGINFO
SIGTERM: [libjvm.dylib+0x484a41], sa_mask[0]=11111111011111110111111111111111, sa_flags=SA_RESTART|SA_SIGINFO
SIGQUIT: [libjvm.dylib+0x484a41], sa_mask[0]=11111111011111110111111111111111, sa_flags=SA_RESTART|SA_SIGINFO


---------------  S Y S T E M  ---------------

OS:Bsduname:Darwin 17.4.0 Darwin Kernel Version 17.4.0: Sun Dec 17 09:19:54 PST 2017; root:xnu-4570.41.2~1/RELEASE_X86_64 x86_64
rlimit: STACK 8192k, CORE 0k, NPROC 709, NOFILE 10240, AS infinity
load average:2.63 2.63 2.22

CPU:total 4 (4 cores per cpu, 1 threads per core) family 6 model 71 stepping 1, cmov, cx8, fxsr, mmx, sse, sse2, sse3, ssse3, sse4.1, sse4.2, popcnt, avx, avx2, aes, clmul, erms, rtm, 3dnowpref, lzcnt, tsc, tscinvbit, bmi1, bmi2, adx

Memory: 4k page, physical 8388608k(1143384k free)

/proc/meminfo:


vm_info: Java HotSpot(TM) 64-Bit Server VM (25.101-b13) for bsd-amd64 JRE (1.8.0_101-b13), built on Jun 22 2016 02:42:15 by "java_re" with gcc 4.2.1 (Based on Apple Inc. build 5658) (LLVM build 2336.11.00)

time: Thu Mar  1 10:15:30 2018
elapsed time: 84 seconds (0d 0h 1m 24s)

