#
# A fatal error has been detected by the Java Runtime Environment:
#
#  SIGSEGV (0xb) at pc=0x00007fff76564e06, pid=1087, tid=0x0000000000000307
#
# JRE version: Java(TM) SE Runtime Environment (8.0_101-b13) (build 1.8.0_101-b13)
# Java VM: Java HotSpot(TM) 64-Bit Server VM (25.101-b13 mixed mode bsd-amd64 compressed oops)
# Problematic frame:
# C  [libobjc.A.dylib+0x7e06]  lookUpImpOrForward+0x5b
#
# Failed to write core dump. Core dumps have been disabled. To enable core dumping, try "ulimit -c unlimited" before starting Java again
#
# If you would like to submit a bug report, please visit:
#   http://bugreport.java.com/bugreport/crash.jsp
# The crash happened outside the Java Virtual Machine in native code.
# See problematic frame for where to report the bug.
#

---------------  T H R E A D  ---------------

Current thread (0x00007fcaf9074000):  JavaThread "AWT-AppKit" daemon [_thread_in_native, id=775, stack(0x00007ffee30d9000,0x00007ffee38d9000)]

siginfo: si_signo: 11 (SIGSEGV), si_code: 1 (SEGV_MAPERR), si_addr: 0x0000000000000000

Registers:
RAX=0x0000000000000000, RBX=0x00000001172df450, RCX=0x0000000000000000, RDX=0x00007fffafef22f0
RSP=0x00007ffee38d4200, RBP=0x00007ffee38d4250, RSI=0x0000000000e642c0, RDI=0x00007fffafef22d0
R8 =0xffffffff00000000, R9 =0x00000000ffffff00, R10=0x0000010000000000, R11=0x0000000000e64200
R12=0x00007fff4dac44e5, R13=0x0000000000000001, R14=0x00007ffffffffff8, R15=0x00000001160b0000
RIP=0x00007fff76564e06, EFLAGS=0x0000000000010246, ERR=0x0000000000000004
  TRAPNO=0x000000000000000e

Top of Stack: (sp=0x00007ffee38d4200)
0x00007ffee38d4200:   00007ffee38d42d0 00007fff77309786
0x00007ffee38d4210:   00007ffee38d4280 00007fcafd1bd490
0x00007ffee38d4220:   0000000170001003 00000001172df450
0x00007ffee38d4230:   0000000000000000 0000000167b34f10
0x00007ffee38d4240:   00000001172df440 00007fcaf9074000
0x00007ffee38d4250:   00007ffee38d4320 00007fff76564914
0x00007ffee38d4260:   0000000000000001 00000000afa5016c
0x00007ffee38d4270:   0000000000000001 0000000000000000
0x00007ffee38d4280:   00007fff4dac44e5 00007fcafd1bd490
0x00007ffee38d4290:   00007fcafd2b7e80 0000000167b34f10
0x00007ffee38d42a0:   0000000000000000 0000000000000000
0x00007ffee38d42b0:   00000000000000ff 0000000000000000
0x00007ffee38d42c0:   0000000000000000 0000000000000000
0x00007ffee38d42d0:   6f63616d5f747761 534f63614d5f7873
0x00007ffee38d42e0:   534f63614d5f7873 6e69575457414a58
0x00007ffee38d42f0:   80000000c41f8000 0000000000000000
0x00007ffee38d4300:   00000000441f8000 0000000000000000
0x00007ffee38d4310:   00000000446d8000 0000000000000000
0x00007ffee38d4320:   00007ffee38d43e0 00000001172dd157
0x00007ffee38d4330:   00007ffee38d4380 0000000000000003
0x00007ffee38d4340:   00007ffee38d4360 000000010cdf28e6
0x00007ffee38d4350:   0000000167b34f10 0000000167b34f10
0x00007ffee38d4360:   00007fcafd2b7e80 00000001172df6a0
0x00007ffee38d4370:   00000001172df710 00007fffa9a94b88
0x00007ffee38d4380:   00007fffab1a1fc8 00000001172df450
0x00007ffee38d4390:   00000001172df690 00007fcafd2b7e80
0x00007ffee38d43a0:   00007fcafd1bd490 00007fcafd2d1210
0x00007ffee38d43b0:   00007fcafd2b7e80 00007fcafd1bd490
0x00007ffee38d43c0:   00007ffee38d4468 00007fcaf90741f8
0x00007ffee38d43d0:   0000000167b34f10 00007ffee38d4490
0x00007ffee38d43e0:   00007ffee38d4458 000000011bf289d4
0x00007ffee38d43f0:   0000000167b34f10 00007ffee38d4490 

Instructions: (pc=0x00007fff76564e06)
0x00007fff76564de6:   01 00 00 49 be f8 ff ff ff ff 7f 00 00 48 8d 3d
0x00007fff76564df6:   d6 d4 98 39 e8 f5 07 00 00 49 8b 47 20 4c 21 f0
0x00007fff76564e06:   83 38 00 78 2f 48 8d 1d be d4 98 39 48 89 df e8
0x00007fff76564e16:   92 0a 00 00 48 89 df e8 92 97 ff ff 4c 89 ff e8 

Register to memory mapping:

RAX=0x0000000000000000 is an unknown value
RBX=0x00000001172df450: Java_jogamp_nativewindow_macosx_OSXUtil_GetScreenRefreshRate0+0x1cf0 in /private/var/folders/pw/kw08pl9n6yzcxbqgsc_vpf_h0000gn/T/jogamp_0000/file_cache/jln8908852102542437469/jln6366545245467328537/libnativewindow_macosx.jnilib at 0x00000001172d8000
RCX=0x0000000000000000 is an unknown value
RDX=0x00007fffafef22f0: runtimeLock+0x20 in /usr/lib/libobjc.A.dylib at 0x00007fff7655d000
RSP=0x00007ffee38d4200 is pointing into the stack for thread: 0x00007fcaf9074000
RBP=0x00007ffee38d4250 is pointing into the stack for thread: 0x00007fcaf9074000
RSI=0x0000000000e642c0 is an unknown value
RDI=0x00007fffafef22d0: runtimeLock+0 in /usr/lib/libobjc.A.dylib at 0x00007fff7655d000
R8 =0xffffffff00000000 is an unknown value
R9 =0x00000000ffffff00 is an unknown value
R10=0x0000010000000000 is an unknown value
R11=0x0000000000e64200 is an unknown value
R12=0x00007fff4dac44e5: .str.41.llvm.371263A9+0x4376f in /System/Library/Frameworks/AppKit.framework/Versions/C/AppKit at 0x00007fff4cdeb000
R13=0x0000000000000001 is an unknown value
R14=0x00007ffffffffff8 is an unknown value
R15=0x00000001160b0000: OBJC_IVAR_$_AWTRunLoopObject._shouldEndRunLoop+0x120 in /Library/Java/JavaVirtualMachines/jdk1.8.0_101.jdk/Contents/Home/jre/lib/libawt_lwawt.dylib at 0x0000000116037000


Stack: [0x00007ffee30d9000,0x00007ffee38d9000],  sp=0x00007ffee38d4200,  free space=8172k
Native frames: (J=compiled Java code, j=interpreted, Vv=VM code, C=native code)
C  [libobjc.A.dylib+0x7e06]  lookUpImpOrForward+0x5b
C  [libobjc.A.dylib+0x7914]  _objc_msgSend_uncached+0x44
C  [libnativewindow_macosx.jnilib+0x5157]  Java_jogamp_nativewindow_jawt_macosx_MacOSXJAWTWindow_UnsetJAWTRootSurfaceLayer0+0xe7
j  jogamp.nativewindow.jawt.macosx.MacOSXJAWTWindow.UnsetJAWTRootSurfaceLayer0(JJ)V+0
j  jogamp.nativewindow.jawt.macosx.MacOSXJAWTWindow.access$200(JJ)V+2
j  jogamp.nativewindow.jawt.macosx.MacOSXJAWTWindow$1.run()V+38
j  com.jogamp.common.util.RunnableTask.run()V+24
v  ~StubRoutines::call_stub
V  [libjvm.dylib+0x2ecf06]  JavaCalls::call_helper(JavaValue*, methodHandle*, JavaCallArguments*, Thread*)+0x6ae
V  [libjvm.dylib+0x324111]  jni_invoke_nonstatic(JNIEnv_*, JavaValue*, _jobject*, JNICallType, _jmethodID*, JNI_ArgumentPusher*, Thread*)+0x2ec
V  [libjvm.dylib+0x3168df]  jni_CallVoidMethod+0x16b
C  [libnativewindow_macosx.jnilib+0x5326]  Java_jogamp_nativewindow_jawt_macosx_MacOSXJAWTWindow_UnsetJAWTRootSurfaceLayer0+0x2b6
C  [Foundation+0x681c5]  __NSThreadPerformPerform+0x14e
C  [CoreFoundation+0xa3721]  __CFRUNLOOP_IS_CALLING_OUT_TO_A_SOURCE0_PERFORM_FUNCTION__+0x11
C  [CoreFoundation+0x15d0ac]  __CFRunLoopDoSource0+0x6c
C  [CoreFoundation+0x862bc]  __CFRunLoopDoSources0+0x12c
C  [CoreFoundation+0x856dd]  __CFRunLoopRun+0x50d
C  [CoreFoundation+0x84f43]  CFRunLoopRunSpecific+0x1e3
C  [HIToolbox+0x2fe26]  RunCurrentEventLoopInMode+0x11e
C  [HIToolbox+0x2fa9f]  ReceiveNextEventCommon+0x16e
C  [HIToolbox+0x2f914]  _BlockUntilNextEventMatchingListInModeWithFilter+0x40
C  [AppKit+0x41f5f]  _DPSNextEvent+0x825
C  [AppKit+0x7d7b4c]  -[NSApplication(NSEvent) _nextEventMatchingEventMask:untilDate:inMode:dequeue:]+0xbe4
C  [libosxapp.dylib+0x23aa]  -[NSApplicationAWT nextEventMatchingMask:untilDate:inMode:dequeue:]+0x7c
C  [AppKit+0x36d6d]  -[NSApplication run]+0x2fc
C  [libosxapp.dylib+0x214d]  +[NSApplicationAWT runAWTLoopWithApp:]+0x9c
C  [libawt_lwawt.dylib+0x444b3]  -[AWTStarter starter:]+0x389
C  [Foundation+0x681c5]  __NSThreadPerformPerform+0x14e
C  [CoreFoundation+0xa3721]  __CFRUNLOOP_IS_CALLING_OUT_TO_A_SOURCE0_PERFORM_FUNCTION__+0x11
C  [CoreFoundation+0x15d0ac]  __CFRunLoopDoSource0+0x6c
C  [CoreFoundation+0x86260]  __CFRunLoopDoSources0+0xd0
C  [CoreFoundation+0x856dd]  __CFRunLoopRun+0x50d
C  [CoreFoundation+0x84f43]  CFRunLoopRunSpecific+0x1e3
C  [java+0x6465]  CreateExecutionEnvironment+0x367
C  [java+0x218c]  JLI_Launch+0x7a0
C  [java+0x84c2]  main+0x65
C  [java+0x19e4]  start+0x34
C  0x0000000000000007

Java frames: (J=compiled Java code, j=interpreted, Vv=VM code)
j  jogamp.nativewindow.jawt.macosx.MacOSXJAWTWindow.UnsetJAWTRootSurfaceLayer0(JJ)V+0
j  jogamp.nativewindow.jawt.macosx.MacOSXJAWTWindow.access$200(JJ)V+2
j  jogamp.nativewindow.jawt.macosx.MacOSXJAWTWindow$1.run()V+38
j  com.jogamp.common.util.RunnableTask.run()V+24
v  ~StubRoutines::call_stub

---------------  P R O C E S S  ---------------

Java Threads: ( => current thread )
  0x00007fcaf94ce800 JavaThread "Thread-23" [_thread_blocked, id=19027, stack(0x00007000106a4000,0x00007000107a4000)]
  0x00007fcaf992b000 JavaThread "AWT-EventQueue-1" [_thread_in_native, id=56347, stack(0x0000700010dbf000,0x0000700010ebf000)]
  0x00007fcaf800a000 JavaThread "DestroyJavaVM" [_thread_blocked, id=10243, stack(0x000070000f6f4000,0x000070000f7f4000)]
  0x00007fcaf98c6800 JavaThread "AWT-EventQueue-0" [_thread_blocked, id=80667, stack(0x0000700010bb9000,0x0000700010cb9000)]
  0x00007fcaf81e2800 JavaThread "Java2D Disposer" daemon [_thread_blocked, id=51723, stack(0x0000700010930000,0x0000700010a30000)]
  0x00007fcaf8185000 JavaThread "Java2D Queue Flusher" daemon [_thread_blocked, id=49931, stack(0x000070001082d000,0x000070001092d000)]
  0x00007fcaf981c800 JavaThread "AWT-Shutdown" [_thread_blocked, id=24875, stack(0x00007000105a1000,0x00007000106a1000)]
=>0x00007fcaf9074000 JavaThread "AWT-AppKit" daemon [_thread_in_native, id=775, stack(0x00007ffee30d9000,0x00007ffee38d9000)]
  0x00007fcaf9812800 JavaThread "Service Thread" daemon [_thread_blocked, id=13827, stack(0x0000700010318000,0x0000700010418000)]
  0x00007fcaf9811800 JavaThread "C1 CompilerThread2" daemon [_thread_blocked, id=17667, stack(0x0000700010215000,0x0000700010315000)]
  0x00007fcaf8828000 JavaThread "C2 CompilerThread1" daemon [_thread_blocked, id=13315, stack(0x0000700010112000,0x0000700010212000)]
  0x00007fcaf801e000 JavaThread "C2 CompilerThread0" daemon [_thread_blocked, id=12803, stack(0x000070001000f000,0x000070001010f000)]
  0x00007fcaf8003800 JavaThread "Signal Dispatcher" daemon [_thread_blocked, id=18183, stack(0x000070000ff0c000,0x000070001000c000)]
  0x00007fcaf9810800 JavaThread "Finalizer" daemon [_thread_blocked, id=11779, stack(0x000070000fe09000,0x000070000ff09000)]
  0x00007fcaf980e000 JavaThread "Reference Handler" daemon [_thread_blocked, id=20995, stack(0x000070000fd06000,0x000070000fe06000)]

Other Threads:
  0x00007fcaf9809000 VMThread [stack: 0x000070000fc03000,0x000070000fd03000] [id=11523]
  0x00007fcaf801e800 WatcherThread [stack: 0x000070001041b000,0x000070001051b000] [id=16899]

VM state:not at safepoint (normal execution)

VM Mutex/Monitor currently owned by a thread: None

Heap:
 PSYoungGen      total 29696K, used 13368K [0x0000000795580000, 0x0000000797380000, 0x00000007c0000000)
  eden space 29184K, 45% used [0x0000000795580000,0x0000000796276140,0x0000000797200000)
  from space 512K, 18% used [0x0000000797300000,0x0000000797318000,0x0000000797380000)
  to   space 512K, 0% used [0x0000000797280000,0x0000000797280000,0x0000000797300000)
 ParOldGen       total 68096K, used 22825K [0x0000000740000000, 0x0000000744280000, 0x0000000795580000)
  object space 68096K, 33% used [0x0000000740000000,0x000000074164a478,0x0000000744280000)
 Metaspace       used 24201K, capacity 24459K, committed 24832K, reserved 1071104K
  class space    used 2374K, capacity 2482K, committed 2560K, reserved 1048576K

Card table byte_map: [0x000000010df5d000,0x000000010e35e000] byte_map_base: 0x000000010a55d000

Marking Bits: (ParMarkBitMap*) 0x000000010d4edd20
 Begin Bits: [0x000000010e609000, 0x0000000110609000)
 End Bits:   [0x0000000110609000, 0x0000000112609000)

Polling page: 0x000000010c3a3000

CodeCache: size=245760Kb used=10820Kb max_used=11729Kb free=234939Kb
 bounds [0x000000011bf11000, 0x000000011cad1000, 0x000000012af11000]
 total_blobs=3986 nmethods=3065 adapters=834
 compilation: enabled

Compilation events (10 events):
Event: 1581.775 Thread 0x00007fcaf9811800 nmethod 3601 0x000000011c660550 code [0x000000011c6606a0, 0x000000011c6607b0]
Event: 1581.775 Thread 0x00007fcaf9811800 3602       3       sun.java2d.pipe.RenderBuffer::putFloat (26 bytes)
Event: 1581.775 Thread 0x00007fcaf9811800 nmethod 3602 0x000000011ca50490 code [0x000000011ca50600, 0x000000011ca50790]
Event: 1581.784 Thread 0x00007fcaf8828000 nmethod 3600 0x000000011c485850 code [0x000000011c485a20, 0x000000011c486328]
Event: 1581.794 Thread 0x00007fcaf801e000 3604  s!   4       sun.misc.URLClassPath::getLoader (197 bytes)
Event: 1581.799 Thread 0x00007fcaf8828000 3605       4       java.awt.Point::<init> (15 bytes)
Event: 1581.799 Thread 0x00007fcaf8828000 nmethod 3605 0x000000011c0759d0 code [0x000000011c075b20, 0x000000011c075b78]
Event: 1581.800 Thread 0x00007fcaf9811800 3606       3       sun.lwawt.LWComponentPeer::handleEvent (104 bytes)
Event: 1581.801 Thread 0x00007fcaf9811800 nmethod 3606 0x000000011c51bed0 code [0x000000011c51c0e0, 0x000000011c51d188]
Event: 1581.801 Thread 0x00007fcaf801e000 nmethod 3604 0x000000011c516c50 code [0x000000011c516dc0, 0x000000011c517598]

GC Heap History (10 events):
Event: 1566.221 GC heap before
{Heap before GC invocations=425 (full 1):
 PSYoungGen      total 29696K, used 29312K [0x0000000795580000, 0x0000000797380000, 0x00000007c0000000)
  eden space 29184K, 100% used [0x0000000795580000,0x0000000797200000,0x0000000797200000)
  from space 512K, 25% used [0x0000000797280000,0x00000007972a0000,0x0000000797300000)
  to   space 512K, 0% used [0x0000000797300000,0x0000000797300000,0x0000000797380000)
 ParOldGen       total 68096K, used 22825K [0x0000000740000000, 0x0000000744280000, 0x0000000795580000)
  object space 68096K, 33% used [0x0000000740000000,0x000000074164a478,0x0000000744280000)
 Metaspace       used 24091K, capacity 24363K, committed 24832K, reserved 1071104K
  class space    used 2366K, capacity 2450K, committed 2560K, reserved 1048576K
Event: 1566.222 GC heap after
Heap after GC invocations=425 (full 1):
 PSYoungGen      total 29696K, used 96K [0x0000000795580000, 0x0000000797380000, 0x00000007c0000000)
  eden space 29184K, 0% used [0x0000000795580000,0x0000000795580000,0x0000000797200000)
  from space 512K, 18% used [0x0000000797300000,0x0000000797318000,0x0000000797380000)
  to   space 512K, 0% used [0x0000000797280000,0x0000000797280000,0x0000000797300000)
 ParOldGen       total 68096K, used 22825K [0x0000000740000000, 0x0000000744280000, 0x0000000795580000)
  object space 68096K, 33% used [0x0000000740000000,0x000000074164a478,0x0000000744280000)
 Metaspace       used 24091K, capacity 24363K, committed 24832K, reserved 1071104K
  class space    used 2366K, capacity 2450K, committed 2560K, reserved 1048576K
}
Event: 1569.691 GC heap before
{Heap before GC invocations=426 (full 1):
 PSYoungGen      total 29696K, used 29280K [0x0000000795580000, 0x0000000797380000, 0x00000007c0000000)
  eden space 29184K, 100% used [0x0000000795580000,0x0000000797200000,0x0000000797200000)
  from space 512K, 18% used [0x0000000797300000,0x0000000797318000,0x0000000797380000)
  to   space 512K, 0% used [0x0000000797280000,0x0000000797280000,0x0000000797300000)
 ParOldGen       total 68096K, used 22825K [0x0000000740000000, 0x0000000744280000, 0x0000000795580000)
  object space 68096K, 33% used [0x0000000740000000,0x000000074164a478,0x0000000744280000)
 Metaspace       used 24091K, capacity 24363K, committed 24832K, reserved 1071104K
  class space    used 2366K, capacity 2450K, committed 2560K, reserved 1048576K
Event: 1569.692 GC heap after
Heap after GC invocations=426 (full 1):
 PSYoungGen      total 29696K, used 160K [0x0000000795580000, 0x0000000797380000, 0x00000007c0000000)
  eden space 29184K, 0% used [0x0000000795580000,0x0000000795580000,0x0000000797200000)
  from space 512K, 31% used [0x0000000797280000,0x00000007972a8000,0x0000000797300000)
  to   space 512K, 0% used [0x0000000797300000,0x0000000797300000,0x0000000797380000)
 ParOldGen       total 68096K, used 22825K [0x0000000740000000, 0x0000000744280000, 0x0000000795580000)
  object space 68096K, 33% used [0x0000000740000000,0x000000074164a478,0x0000000744280000)
 Metaspace       used 24091K, capacity 24363K, committed 24832K, reserved 1071104K
  class space    used 2366K, capacity 2450K, committed 2560K, reserved 1048576K
}
Event: 1573.192 GC heap before
{Heap before GC invocations=427 (full 1):
 PSYoungGen      total 29696K, used 29344K [0x0000000795580000, 0x0000000797380000, 0x00000007c0000000)
  eden space 29184K, 100% used [0x0000000795580000,0x0000000797200000,0x0000000797200000)
  from space 512K, 31% used [0x0000000797280000,0x00000007972a8000,0x0000000797300000)
  to   space 512K, 0% used [0x0000000797300000,0x0000000797300000,0x0000000797380000)
 ParOldGen       total 68096K, used 22825K [0x0000000740000000, 0x0000000744280000, 0x0000000795580000)
  object space 68096K, 33% used [0x0000000740000000,0x000000074164a478,0x0000000744280000)
 Metaspace       used 24091K, capacity 24363K, committed 24832K, reserved 1071104K
  class space    used 2366K, capacity 2450K, committed 2560K, reserved 1048576K
Event: 1573.193 GC heap after
Heap after GC invocations=427 (full 1):
 PSYoungGen      total 29696K, used 64K [0x0000000795580000, 0x0000000797380000, 0x00000007c0000000)
  eden space 29184K, 0% used [0x0000000795580000,0x0000000795580000,0x0000000797200000)
  from space 512K, 12% used [0x0000000797300000,0x0000000797310000,0x0000000797380000)
  to   space 512K, 0% used [0x0000000797280000,0x0000000797280000,0x0000000797300000)
 ParOldGen       total 68096K, used 22825K [0x0000000740000000, 0x0000000744280000, 0x0000000795580000)
  object space 68096K, 33% used [0x0000000740000000,0x000000074164a478,0x0000000744280000)
 Metaspace       used 24091K, capacity 24363K, committed 24832K, reserved 1071104K
  class space    used 2366K, capacity 2450K, committed 2560K, reserved 1048576K
}
Event: 1576.675 GC heap before
{Heap before GC invocations=428 (full 1):
 PSYoungGen      total 29696K, used 29248K [0x0000000795580000, 0x0000000797380000, 0x00000007c0000000)
  eden space 29184K, 100% used [0x0000000795580000,0x0000000797200000,0x0000000797200000)
  from space 512K, 12% used [0x0000000797300000,0x0000000797310000,0x0000000797380000)
  to   space 512K, 0% used [0x0000000797280000,0x0000000797280000,0x0000000797300000)
 ParOldGen       total 68096K, used 22825K [0x0000000740000000, 0x0000000744280000, 0x0000000795580000)
  object space 68096K, 33% used [0x0000000740000000,0x000000074164a478,0x0000000744280000)
 Metaspace       used 24091K, capacity 24363K, committed 24832K, reserved 1071104K
  class space    used 2366K, capacity 2450K, committed 2560K, reserved 1048576K
Event: 1576.676 GC heap after
Heap after GC invocations=428 (full 1):
 PSYoungGen      total 29696K, used 64K [0x0000000795580000, 0x0000000797380000, 0x00000007c0000000)
  eden space 29184K, 0% used [0x0000000795580000,0x0000000795580000,0x0000000797200000)
  from space 512K, 12% used [0x0000000797280000,0x0000000797290000,0x0000000797300000)
  to   space 512K, 0% used [0x0000000797300000,0x0000000797300000,0x0000000797380000)
 ParOldGen       total 68096K, used 22825K [0x0000000740000000, 0x0000000744280000, 0x0000000795580000)
  object space 68096K, 33% used [0x0000000740000000,0x000000074164a478,0x0000000744280000)
 Metaspace       used 24091K, capacity 24363K, committed 24832K, reserved 1071104K
  class space    used 2366K, capacity 2450K, committed 2560K, reserved 1048576K
}
Event: 1580.295 GC heap before
{Heap before GC invocations=429 (full 1):
 PSYoungGen      total 29696K, used 29248K [0x0000000795580000, 0x0000000797380000, 0x00000007c0000000)
  eden space 29184K, 100% used [0x0000000795580000,0x0000000797200000,0x0000000797200000)
  from space 512K, 12% used [0x0000000797280000,0x0000000797290000,0x0000000797300000)
  to   space 512K, 0% used [0x0000000797300000,0x0000000797300000,0x0000000797380000)
 ParOldGen       total 68096K, used 22825K [0x0000000740000000, 0x0000000744280000, 0x0000000795580000)
  object space 68096K, 33% used [0x0000000740000000,0x000000074164a478,0x0000000744280000)
 Metaspace       used 24091K, capacity 24363K, committed 24832K, reserved 1071104K
  class space    used 2366K, capacity 2450K, committed 2560K, reserved 1048576K
Event: 1580.297 GC heap after
Heap after GC invocations=429 (full 1):
 PSYoungGen      total 29696K, used 96K [0x0000000795580000, 0x0000000797380000, 0x00000007c0000000)
  eden space 29184K, 0% used [0x0000000795580000,0x0000000795580000,0x0000000797200000)
  from space 512K, 18% used [0x0000000797300000,0x0000000797318000,0x0000000797380000)
  to   space 512K, 0% used [0x0000000797280000,0x0000000797280000,0x0000000797300000)
 ParOldGen       total 68096K, used 22825K [0x0000000740000000, 0x0000000744280000, 0x0000000795580000)
  object space 68096K, 33% used [0x0000000740000000,0x000000074164a478,0x0000000744280000)
 Metaspace       used 24091K, capacity 24363K, committed 24832K, reserved 1071104K
  class space    used 2366K, capacity 2450K, committed 2560K, reserved 1048576K
}

Deoptimization events (10 events):
Event: 1581.775 Thread 0x00007fcaf98c6800 Uncommon trap: reason=class_check action=maybe_recompile pc=0x000000011c7432f0 method=java.awt.Component.getGraphics()Ljava/awt/Graphics; @ 114
Event: 1581.775 Thread 0x00007fcaf992b000 Uncommon trap: reason=class_check action=maybe_recompile pc=0x000000011c55d108 method=java.awt.event.InvocationEvent.dispatch()V @ 11
Event: 1581.779 Thread 0x00007fcaf9074000 Uncommon trap: reason=class_check action=maybe_recompile pc=0x000000011c7c37c0 method=com.jogamp.common.util.RunnableTask.run()V @ 24
Event: 1581.779 Thread 0x00007fcaf9074000 Uncommon trap: reason=unstable_if action=reinterpret pc=0x000000011c6d5a7c method=jogamp.nativewindow.macosx.OSXUtil.RunOnMainThread(ZZLjava/lang/Runnable;)V @ 3
Event: 1581.792 Thread 0x00007fcaf992b000 Uncommon trap: reason=unstable_if action=reinterpret pc=0x000000011c65d090 method=jogamp.opengl.GLContextImpl.release(Z)V @ 161
Event: 1581.795 Thread 0x00007fcaf992b000 Uncommon trap: reason=unstable_if action=reinterpret pc=0x000000011c22cc18 method=java.util.LinkedList$ListItr.<init>(Ljava/util/LinkedList;I)V @ 26
Event: 1581.797 Thread 0x00007fcaf992b000 Uncommon trap: reason=unstable_if action=reinterpret pc=0x000000011ca1a2e0 method=java.security.AccessControlContext.optimize()Ljava/security/AccessControlContext; @ 233
Event: 1581.799 Thread 0x00007fcaf98c6800 Uncommon trap: reason=class_check action=maybe_recompile pc=0x000000011c7432f0 method=java.awt.Component.getGraphics()Ljava/awt/Graphics; @ 114
Event: 1581.800 Thread 0x00007fcaf992b000 Uncommon trap: reason=class_check action=maybe_recompile pc=0x000000011c55d108 method=java.awt.event.InvocationEvent.dispatch()V @ 11
Event: 1581.807 Thread 0x00007fcaf9074000 Uncommon trap: reason=class_check action=maybe_recompile pc=0x000000011c7c37c0 method=com.jogamp.common.util.RunnableTask.run()V @ 24

Internal exceptions (10 events):
Event: 0.111 Thread 0x00007fcaf800a000 Exception <a 'java/lang/NoSuchFieldError': method resolution failed> (0x0000000795786338) thrown at [/HUDSON3/workspace/8-2-build-macosx-x86_64/jdk8u101/7261/hotspot/src/share/vm/prims/methodHandles.cpp, line 1146]
Event: 0.112 Thread 0x00007fcaf800a000 Exception <a 'java/lang/NoSuchFieldError': method resolution failed> (0x0000000795793b08) thrown at [/HUDSON3/workspace/8-2-build-macosx-x86_64/jdk8u101/7261/hotspot/src/share/vm/prims/methodHandles.cpp, line 1146]
Event: 0.244 Thread 0x00007fcaf800a000 Exception <a 'java/io/FileNotFoundException'> (0x000000079580f280) thrown at [/HUDSON3/workspace/8-2-build-macosx-x86_64/jdk8u101/7261/hotspot/src/share/vm/prims/jni.cpp, line 709]
Event: 0.245 Thread 0x00007fcaf800a000 Exception <a 'java/io/FileNotFoundException'> (0x000000079580fe20) thrown at [/HUDSON3/workspace/8-2-build-macosx-x86_64/jdk8u101/7261/hotspot/src/share/vm/prims/jni.cpp, line 709]
Event: 0.317 Thread 0x00007fcaf800a000 Exception <a 'java/io/FileNotFoundException'> (0x000000079594be08) thrown at [/HUDSON3/workspace/8-2-build-macosx-x86_64/jdk8u101/7261/hotspot/src/share/vm/prims/jni.cpp, line 709]
Event: 1.546 Thread 0x00007fcaf81fb000 Exception <a 'java/lang/UnsatisfiedLinkError': com.jogamp.common.util.JarUtil.fixNativeLibAttribs(Ljava/lang/String;)Z> (0x0000000796a83a20) thrown at [/HUDSON3/workspace/8-2-build-macosx-x86_64/jdk8u101/7261/hotspot/src/share/vm/prims/nativeLookup.cpp, l
Event: 1.898 Thread 0x00007fcaf9810800 Exception <a 'java/lang/NullPointerException'> (0x00000007956acea8) thrown at [/HUDSON3/workspace/8-2-build-macosx-x86_64/jdk8u101/7261/hotspot/src/share/vm/interpreter/linkResolver.cpp, line 1178]
Event: 2.417 Thread 0x00007fcaf992b000 Exception <a 'java/io/FileNotFoundException'> (0x0000000795e19bf0) thrown at [/HUDSON3/workspace/8-2-build-macosx-x86_64/jdk8u101/7261/hotspot/src/share/vm/prims/jni.cpp, line 709]
Event: 2.418 Thread 0x00007fcaf992b000 Exception <a 'java/io/FileNotFoundException'> (0x0000000795e200c8) thrown at [/HUDSON3/workspace/8-2-build-macosx-x86_64/jdk8u101/7261/hotspot/src/share/vm/prims/jni.cpp, line 709]
Event: 2.418 Thread 0x00007fcaf992b000 Implicit null exception at 0x000000011c0afdb5 to 0x000000011c0b0125

Events (10 events):
Event: 1581.799 Thread 0x00007fcaf98c6800 DEOPT PACKING pc=0x000000011c7432f0 sp=0x0000700010cb6c40
Event: 1581.799 Thread 0x00007fcaf98c6800 DEOPT UNPACKING pc=0x000000011bf16229 sp=0x0000700010cb6c50 mode 2
Event: 1581.800 loading class java/awt/Window$1DisposeAction
Event: 1581.800 loading class java/awt/Window$1DisposeAction done
Event: 1581.800 Thread 0x00007fcaf992b000 Uncommon trap: trap_request=0xffffffde fr.pc=0x000000011c55d108
Event: 1581.800 Thread 0x00007fcaf992b000 DEOPT PACKING pc=0x000000011c55d108 sp=0x0000700010ebcf10
Event: 1581.800 Thread 0x00007fcaf992b000 DEOPT UNPACKING pc=0x000000011bf16229 sp=0x0000700010ebcd98 mode 2
Event: 1581.807 Thread 0x00007fcaf9074000 Uncommon trap: trap_request=0xffffffde fr.pc=0x000000011c7c37c0
Event: 1581.807 Thread 0x00007fcaf9074000 DEOPT PACKING pc=0x000000011c7c37c0 sp=0x00007ffee38d45a0
Event: 1581.807 Thread 0x00007fcaf9074000 DEOPT UNPACKING pc=0x000000011bf16229 sp=0x00007ffee38d4548 mode 2


Dynamic libraries:
0x0000000027e1d000 	/System/Library/Frameworks/Cocoa.framework/Versions/A/Cocoa
0x0000000027e1d000 	/System/Library/Frameworks/Security.framework/Versions/A/Security
0x0000000027e1d000 	/System/Library/Frameworks/ApplicationServices.framework/Versions/A/ApplicationServices
0x0000000027e1d000 	/usr/lib/libz.1.dylib
0x0000000027e1d000 	/usr/lib/libSystem.B.dylib
0x0000000027e1d000 	/usr/lib/libobjc.A.dylib
0x0000000027e1d000 	/System/Library/Frameworks/CoreFoundation.framework/Versions/A/CoreFoundation
0x0000000027e1d000 	/System/Library/Frameworks/Foundation.framework/Versions/C/Foundation
0x0000000027e1d000 	/System/Library/Frameworks/AppKit.framework/Versions/C/AppKit
0x0000000027e1d000 	/System/Library/Frameworks/CoreData.framework/Versions/A/CoreData
0x0000000027e1d000 	/System/Library/PrivateFrameworks/RemoteViewServices.framework/Versions/A/RemoteViewServices
0x0000000027e1d000 	/System/Library/PrivateFrameworks/UIFoundation.framework/Versions/A/UIFoundation
0x0000000027e1d000 	/System/Library/PrivateFrameworks/DFRFoundation.framework/Versions/A/DFRFoundation
0x0000000027e1d000 	/System/Library/Frameworks/Metal.framework/Versions/A/Metal
0x0000000027e1d000 	/System/Library/PrivateFrameworks/DesktopServicesPriv.framework/Versions/A/DesktopServicesPriv
0x0000000027e1d000 	/usr/lib/libenergytrace.dylib
0x0000000027e1d000 	/System/Library/PrivateFrameworks/SkyLight.framework/Versions/A/SkyLight
0x0000000027e1d000 	/System/Library/Frameworks/CoreGraphics.framework/Versions/A/CoreGraphics
0x0000000027e1d000 	/usr/lib/libScreenReader.dylib
0x0000000027e1d000 	/System/Library/Frameworks/Accelerate.framework/Versions/A/Accelerate
0x0000000027e1d000 	/System/Library/Frameworks/IOSurface.framework/Versions/A/IOSurface
0x0000000027e1d000 	/System/Library/Frameworks/AudioToolbox.framework/Versions/A/AudioToolbox
0x0000000027e1d000 	/System/Library/Frameworks/AudioUnit.framework/Versions/A/AudioUnit
0x0000000027e1d000 	/System/Library/PrivateFrameworks/DataDetectorsCore.framework/Versions/A/DataDetectorsCore
0x0000000027e1d000 	/System/Library/Frameworks/Carbon.framework/Versions/A/Frameworks/HIToolbox.framework/Versions/A/HIToolbox
0x0000000027e1d000 	/usr/lib/libicucore.A.dylib
0x0000000027e1d000 	/System/Library/Frameworks/QuartzCore.framework/Versions/A/QuartzCore
0x0000000027e1d000 	/System/Library/Frameworks/Carbon.framework/Versions/A/Frameworks/SpeechRecognition.framework/Versions/A/SpeechRecognition
0x0000000027e1d000 	/usr/lib/libauto.dylib
0x0000000027e1d000 	/usr/lib/libxml2.2.dylib
0x0000000027e1d000 	/System/Library/PrivateFrameworks/CoreUI.framework/Versions/A/CoreUI
0x0000000027e1d000 	/System/Library/Frameworks/CoreAudio.framework/Versions/A/CoreAudio
0x0000000027e1d000 	/System/Library/Frameworks/DiskArbitration.framework/Versions/A/DiskArbitration
0x0000000027e1d000 	/usr/lib/liblangid.dylib
0x0000000027e1d000 	/System/Library/PrivateFrameworks/MultitouchSupport.framework/Versions/A/MultitouchSupport
0x0000000027e1d000 	/System/Library/Frameworks/IOKit.framework/Versions/A/IOKit
0x0000000027e1d000 	/usr/lib/libDiagnosticMessagesClient.dylib
0x0000000027e1d000 	/System/Library/Frameworks/CoreServices.framework/Versions/A/CoreServices
0x0000000027e1d000 	/System/Library/PrivateFrameworks/PerformanceAnalysis.framework/Versions/A/PerformanceAnalysis
0x0000000027e1d000 	/System/Library/Frameworks/OpenGL.framework/Versions/A/OpenGL
0x0000000027e1d000 	/System/Library/Frameworks/ColorSync.framework/Versions/A/ColorSync
0x0000000027e1d000 	/System/Library/Frameworks/CoreImage.framework/Versions/A/CoreImage
0x0000000027e1d000 	/System/Library/Frameworks/CoreText.framework/Versions/A/CoreText
0x0000000027e1d000 	/System/Library/Frameworks/ImageIO.framework/Versions/A/ImageIO
0x0000000027e1d000 	/System/Library/PrivateFrameworks/Backup.framework/Versions/A/Backup
0x0000000027e1d000 	/usr/lib/libarchive.2.dylib
0x0000000027e1d000 	/System/Library/Frameworks/CFNetwork.framework/Versions/A/CFNetwork
0x0000000027e1d000 	/System/Library/Frameworks/SystemConfiguration.framework/Versions/A/SystemConfiguration
0x0000000027e1d000 	/usr/lib/libCRFSuite.dylib
0x0000000027e1d000 	/usr/lib/libc++.1.dylib
0x0000000027e1d000 	/usr/lib/libc++abi.dylib
0x0000000027e1d000 	/usr/lib/system/libcache.dylib
0x0000000027e1d000 	/usr/lib/system/libcommonCrypto.dylib
0x0000000027e1d000 	/usr/lib/system/libcompiler_rt.dylib
0x0000000027e1d000 	/usr/lib/system/libcopyfile.dylib
0x0000000027e1d000 	/usr/lib/system/libcorecrypto.dylib
0x0000000027e1d000 	/usr/lib/system/libdispatch.dylib
0x0000000027e1d000 	/usr/lib/system/libdyld.dylib
0x0000000027e1d000 	/usr/lib/system/libkeymgr.dylib
0x0000000027e1d000 	/usr/lib/system/liblaunch.dylib
0x0000000027e1d000 	/usr/lib/system/libmacho.dylib
0x0000000027e1d000 	/usr/lib/system/libquarantine.dylib
0x0000000027e1d000 	/usr/lib/system/libremovefile.dylib
0x0000000027e1d000 	/usr/lib/system/libsystem_asl.dylib
0x0000000027e1d000 	/usr/lib/system/libsystem_blocks.dylib
0x0000000027e1d000 	/usr/lib/system/libsystem_c.dylib
0x0000000027e1d000 	/usr/lib/system/libsystem_configuration.dylib
0x0000000027e1d000 	/usr/lib/system/libsystem_coreservices.dylib
0x0000000027e1d000 	/usr/lib/system/libsystem_darwin.dylib
0x0000000027e1d000 	/usr/lib/system/libsystem_dnssd.dylib
0x0000000027e1d000 	/usr/lib/system/libsystem_info.dylib
0x0000000027e1d000 	/usr/lib/system/libsystem_m.dylib
0x0000000027e1d000 	/usr/lib/system/libsystem_malloc.dylib
0x0000000027e1d000 	/usr/lib/system/libsystem_network.dylib
0x0000000027e1d000 	/usr/lib/system/libsystem_networkextension.dylib
0x0000000027e1d000 	/usr/lib/system/libsystem_notify.dylib
0x0000000027e1d000 	/usr/lib/system/libsystem_sandbox.dylib
0x0000000027e1d000 	/usr/lib/system/libsystem_secinit.dylib
0x0000000027e1d000 	/usr/lib/system/libsystem_kernel.dylib
0x0000000027e1d000 	/usr/lib/system/libsystem_platform.dylib
0x0000000027e1d000 	/usr/lib/system/libsystem_pthread.dylib
0x0000000027e1d000 	/usr/lib/system/libsystem_symptoms.dylib
0x0000000027e1d000 	/usr/lib/system/libsystem_trace.dylib
0x0000000027e1d000 	/usr/lib/system/libunwind.dylib
0x0000000027e1d000 	/usr/lib/system/libxpc.dylib
0x0000000027e1d000 	/usr/lib/closure/libclosured.dylib
0x0000000027e1d000 	/usr/lib/libbsm.0.dylib
0x0000000027e1d000 	/usr/lib/system/libkxld.dylib
0x0000000027e1d000 	/usr/lib/libOpenScriptingUtil.dylib
0x0000000027e1d000 	/usr/lib/libcoretls.dylib
0x0000000027e1d000 	/usr/lib/libcoretls_cfhelpers.dylib
0x0000000027e1d000 	/usr/lib/libpam.2.dylib
0x0000000027e1d000 	/usr/lib/libsqlite3.dylib
0x0000000027e1d000 	/usr/lib/libxar.1.dylib
0x0000000027e1d000 	/usr/lib/libbz2.1.0.dylib
0x0000000027e1d000 	/usr/lib/liblzma.5.dylib
0x0000000027e1d000 	/usr/lib/libnetwork.dylib
0x0000000027e1d000 	/usr/lib/libapple_nghttp2.dylib
0x0000000027e1d000 	/usr/lib/libpcap.A.dylib
0x0000000027e1d000 	/usr/lib/libboringssl.dylib
0x0000000027e1d000 	/usr/lib/libusrtcp.dylib
0x0000000027e1d000 	/usr/lib/libapple_crypto.dylib
0x0000000027e1d000 	/System/Library/Frameworks/CoreServices.framework/Versions/A/Frameworks/FSEvents.framework/Versions/A/FSEvents
0x0000000027e1d000 	/System/Library/Frameworks/CoreServices.framework/Versions/A/Frameworks/CarbonCore.framework/Versions/A/CarbonCore
0x0000000027e1d000 	/System/Library/Frameworks/CoreServices.framework/Versions/A/Frameworks/Metadata.framework/Versions/A/Metadata
0x0000000027e1d000 	/System/Library/Frameworks/CoreServices.framework/Versions/A/Frameworks/OSServices.framework/Versions/A/OSServices
0x0000000027e1d000 	/System/Library/Frameworks/CoreServices.framework/Versions/A/Frameworks/SearchKit.framework/Versions/A/SearchKit
0x0000000027e1d000 	/System/Library/Frameworks/CoreServices.framework/Versions/A/Frameworks/AE.framework/Versions/A/AE
0x0000000027e1d000 	/System/Library/Frameworks/CoreServices.framework/Versions/A/Frameworks/LaunchServices.framework/Versions/A/LaunchServices
0x0000000027e1d000 	/System/Library/Frameworks/CoreServices.framework/Versions/A/Frameworks/DictionaryServices.framework/Versions/A/DictionaryServices
0x0000000027e1d000 	/System/Library/Frameworks/CoreServices.framework/Versions/A/Frameworks/SharedFileList.framework/Versions/A/SharedFileList
0x0000000027e1d000 	/System/Library/Frameworks/NetFS.framework/Versions/A/NetFS
0x0000000027e1d000 	/System/Library/PrivateFrameworks/NetAuth.framework/Versions/A/NetAuth
0x0000000027e1d000 	/System/Library/PrivateFrameworks/login.framework/Versions/A/Frameworks/loginsupport.framework/Versions/A/loginsupport
0x0000000027e1d000 	/System/Library/PrivateFrameworks/TCC.framework/Versions/A/TCC
0x0000000027e1d000 	/usr/lib/libmecabra.dylib
0x0000000027e1d000 	/System/Library/Frameworks/ApplicationServices.framework/Versions/A/Frameworks/ATS.framework/Versions/A/ATS
0x0000000027e1d000 	/System/Library/Frameworks/ApplicationServices.framework/Versions/A/Frameworks/ColorSyncLegacy.framework/Versions/A/ColorSyncLegacy
0x0000000027e1d000 	/System/Library/Frameworks/ApplicationServices.framework/Versions/A/Frameworks/HIServices.framework/Versions/A/HIServices
0x0000000027e1d000 	/System/Library/Frameworks/ApplicationServices.framework/Versions/A/Frameworks/LangAnalysis.framework/Versions/A/LangAnalysis
0x0000000027e1d000 	/System/Library/Frameworks/ApplicationServices.framework/Versions/A/Frameworks/PrintCore.framework/Versions/A/PrintCore
0x0000000027e1d000 	/System/Library/Frameworks/ApplicationServices.framework/Versions/A/Frameworks/QD.framework/Versions/A/QD
0x0000000027e1d000 	/System/Library/Frameworks/ApplicationServices.framework/Versions/A/Frameworks/SpeechSynthesis.framework/Versions/A/SpeechSynthesis
0x0000000027e1d000 	/System/Library/Frameworks/CoreDisplay.framework/Versions/A/CoreDisplay
0x0000000027e1d000 	/System/Library/Frameworks/Accelerate.framework/Versions/A/Frameworks/vImage.framework/Versions/A/vImage
0x0000000027e1d000 	/System/Library/Frameworks/Accelerate.framework/Versions/A/Frameworks/vecLib.framework/Versions/A/vecLib
0x0000000027e1d000 	/System/Library/Frameworks/Accelerate.framework/Versions/A/Frameworks/vecLib.framework/Versions/A/libvDSP.dylib
0x0000000027e1d000 	/System/Library/Frameworks/Accelerate.framework/Versions/A/Frameworks/vecLib.framework/Versions/A/libBNNS.dylib
0x0000000027e1d000 	/System/Library/Frameworks/Accelerate.framework/Versions/A/Frameworks/vecLib.framework/Versions/A/libQuadrature.dylib
0x0000000027e1d000 	/System/Library/Frameworks/Accelerate.framework/Versions/A/Frameworks/vecLib.framework/Versions/A/libvMisc.dylib
0x0000000027e1d000 	/System/Library/Frameworks/Accelerate.framework/Versions/A/Frameworks/vecLib.framework/Versions/A/libLAPACK.dylib
0x0000000027e1d000 	/System/Library/Frameworks/Accelerate.framework/Versions/A/Frameworks/vecLib.framework/Versions/A/libBLAS.dylib
0x0000000027e1d000 	/System/Library/Frameworks/Accelerate.framework/Versions/A/Frameworks/vecLib.framework/Versions/A/libLinearAlgebra.dylib
0x0000000027e1d000 	/System/Library/Frameworks/Accelerate.framework/Versions/A/Frameworks/vecLib.framework/Versions/A/libSparse.dylib
0x0000000027e1d000 	/System/Library/Frameworks/Accelerate.framework/Versions/A/Frameworks/vecLib.framework/Versions/A/libSparseBLAS.dylib
0x0000000027e1d000 	/System/Library/PrivateFrameworks/IOAccelerator.framework/Versions/A/IOAccelerator
0x0000000027e1d000 	/System/Library/PrivateFrameworks/IOPresentment.framework/Versions/A/IOPresentment
0x0000000027e1d000 	/System/Library/PrivateFrameworks/DSExternalDisplay.framework/Versions/A/DSExternalDisplay
0x0000000027e1d000 	/System/Library/Frameworks/OpenGL.framework/Versions/A/Libraries/libCoreFSCache.dylib
0x0000000027e1d000 	/System/Library/Frameworks/CoreVideo.framework/Versions/A/CoreVideo
0x0000000027e1d000 	/System/Library/PrivateFrameworks/GraphVisualizer.framework/Versions/A/GraphVisualizer
0x0000000027e1d000 	/System/Library/Frameworks/MetalPerformanceShaders.framework/Versions/A/MetalPerformanceShaders
0x0000000027e1d000 	/usr/lib/libFosl_dynamic.dylib
0x0000000027e1d000 	/System/Library/PrivateFrameworks/FaceCore.framework/Versions/A/FaceCore
0x0000000027e1d000 	/System/Library/Frameworks/OpenCL.framework/Versions/A/OpenCL
0x0000000027e1d000 	/usr/lib/libcompression.dylib
0x0000000027e1d000 	/System/Library/Frameworks/ApplicationServices.framework/Versions/A/Frameworks/ATS.framework/Versions/A/Resources/libFontParser.dylib
0x0000000027e1d000 	/System/Library/Frameworks/ApplicationServices.framework/Versions/A/Frameworks/ATS.framework/Versions/A/Resources/libFontRegistry.dylib
0x0000000027e1d000 	/System/Library/Frameworks/ImageIO.framework/Versions/A/Resources/libJPEG.dylib
0x0000000027e1d000 	/System/Library/Frameworks/ImageIO.framework/Versions/A/Resources/libTIFF.dylib
0x0000000027e1d000 	/System/Library/Frameworks/ImageIO.framework/Versions/A/Resources/libPng.dylib
0x0000000027e1d000 	/System/Library/Frameworks/ImageIO.framework/Versions/A/Resources/libGIF.dylib
0x0000000027e1d000 	/System/Library/Frameworks/ImageIO.framework/Versions/A/Resources/libJP2.dylib
0x0000000027e1d000 	/System/Library/Frameworks/ImageIO.framework/Versions/A/Resources/libRadiance.dylib
0x0000000027e1d000 	/System/Library/PrivateFrameworks/AppleJPEG.framework/Versions/A/AppleJPEG
0x0000000027e1d000 	/System/Library/PrivateFrameworks/MetalTools.framework/Versions/A/MetalTools
0x0000000027e1d000 	/System/Library/Frameworks/MetalPerformanceShaders.framework/Frameworks/MPSCore.framework/Versions/A/MPSCore
0x0000000027e1d000 	/System/Library/Frameworks/MetalPerformanceShaders.framework/Frameworks/MPSImage.framework/Versions/A/MPSImage
0x0000000027e1d000 	/System/Library/Frameworks/MetalPerformanceShaders.framework/Frameworks/MPSMatrix.framework/Versions/A/MPSMatrix
0x0000000027e1d000 	/System/Library/Frameworks/MetalPerformanceShaders.framework/Frameworks/MPSNeuralNetwork.framework/Versions/A/MPSNeuralNetwork
0x0000000027e1d000 	/System/Library/Frameworks/OpenGL.framework/Versions/A/Libraries/libGLU.dylib
0x0000000027e1d000 	/System/Library/Frameworks/OpenGL.framework/Versions/A/Libraries/libGFXShared.dylib
0x0000000027e1d000 	/System/Library/Frameworks/OpenGL.framework/Versions/A/Libraries/libGL.dylib
0x0000000027e1d000 	/System/Library/Frameworks/OpenGL.framework/Versions/A/Libraries/libGLImage.dylib
0x0000000027e1d000 	/System/Library/Frameworks/OpenGL.framework/Versions/A/Libraries/libCVMSPluginSupport.dylib
0x0000000027e1d000 	/System/Library/Frameworks/OpenGL.framework/Versions/A/Libraries/libCoreVMClient.dylib
0x0000000027e1d000 	/usr/lib/libcups.2.dylib
0x0000000027e1d000 	/System/Library/Frameworks/Kerberos.framework/Versions/A/Kerberos
0x0000000027e1d000 	/System/Library/Frameworks/GSS.framework/Versions/A/GSS
0x0000000027e1d000 	/usr/lib/libresolv.9.dylib
0x0000000027e1d000 	/usr/lib/libiconv.2.dylib
0x0000000027e1d000 	/System/Library/PrivateFrameworks/Heimdal.framework/Versions/A/Heimdal
0x0000000027e1d000 	/usr/lib/libheimdal-asn1.dylib
0x0000000027e1d000 	/System/Library/Frameworks/OpenDirectory.framework/Versions/A/OpenDirectory
0x0000000027e1d000 	/System/Library/PrivateFrameworks/CommonAuth.framework/Versions/A/CommonAuth
0x0000000027e1d000 	/System/Library/Frameworks/OpenDirectory.framework/Versions/A/Frameworks/CFOpenDirectory.framework/Versions/A/CFOpenDirectory
0x0000000027e1d000 	/System/Library/Frameworks/SecurityFoundation.framework/Versions/A/SecurityFoundation
0x0000000027e1d000 	/System/Library/PrivateFrameworks/APFS.framework/Versions/A/APFS
0x0000000027e1d000 	/usr/lib/libutil.dylib
0x0000000027e1d000 	/System/Library/PrivateFrameworks/AppleSauce.framework/Versions/A/AppleSauce
0x0000000027e1d000 	/System/Library/PrivateFrameworks/LinguisticData.framework/Versions/A/LinguisticData
0x0000000027e1d000 	/usr/lib/libmarisa.dylib
0x0000000027e1d000 	/System/Library/PrivateFrameworks/Lexicon.framework/Versions/A/Lexicon
0x0000000027e1d000 	/usr/lib/libChineseTokenizer.dylib
0x0000000027e1d000 	/usr/lib/libcmph.dylib
0x0000000027e1d000 	/System/Library/PrivateFrameworks/LanguageModeling.framework/Versions/A/LanguageModeling
0x0000000027e1d000 	/System/Library/PrivateFrameworks/CoreEmoji.framework/Versions/A/CoreEmoji
0x0000000027e1d000 	/System/Library/Frameworks/ServiceManagement.framework/Versions/A/ServiceManagement
0x0000000027e1d000 	/System/Library/PrivateFrameworks/BackgroundTaskManagement.framework/Versions/A/BackgroundTaskManagement
0x0000000027e1d000 	/usr/lib/libxslt.1.dylib
0x0000000027e1d000 	/System/Library/Frameworks/Carbon.framework/Versions/A/Frameworks/Ink.framework/Versions/A/Ink
0x0000000027e1d000 	/System/Library/PrivateFrameworks/TextureIO.framework/Versions/A/TextureIO
0x0000000027e1d000 	/usr/lib/libate.dylib
0x0000000027e1d000 	/System/Library/PrivateFrameworks/CrashReporterSupport.framework/Versions/A/CrashReporterSupport
0x0000000027e1d000 	/System/Library/PrivateFrameworks/Sharing.framework/Versions/A/Sharing
0x0000000027e1d000 	/System/Library/PrivateFrameworks/IconServices.framework/Versions/A/IconServices
0x0000000027e1d000 	/System/Library/PrivateFrameworks/ProtocolBuffer.framework/Versions/A/ProtocolBuffer
0x0000000027e1d000 	/System/Library/PrivateFrameworks/Apple80211.framework/Versions/A/Apple80211
0x0000000027e1d000 	/System/Library/Frameworks/CoreWLAN.framework/Versions/A/CoreWLAN
0x0000000027e1d000 	/System/Library/PrivateFrameworks/CoreUtils.framework/Versions/A/CoreUtils
0x0000000027e1d000 	/System/Library/Frameworks/IOBluetooth.framework/Versions/A/IOBluetooth
0x0000000027e1d000 	/System/Library/PrivateFrameworks/CoreWiFi.framework/Versions/A/CoreWiFi
0x0000000027e1d000 	/System/Library/Frameworks/CoreBluetooth.framework/Versions/A/CoreBluetooth
0x0000000027e1d000 	/System/Library/PrivateFrameworks/SignpostNotification.framework/Versions/A/SignpostNotification
0x0000000027e1d000 	/System/Library/PrivateFrameworks/DebugSymbols.framework/Versions/A/DebugSymbols
0x0000000027e1d000 	/System/Library/PrivateFrameworks/CoreSymbolication.framework/Versions/A/CoreSymbolication
0x0000000027e1d000 	/System/Library/PrivateFrameworks/Symbolication.framework/Versions/A/Symbolication
0x0000000027e1d000 	/System/Library/PrivateFrameworks/AppleFSCompression.framework/Versions/A/AppleFSCompression
0x0000000027e1d000 	/System/Library/PrivateFrameworks/SpeechRecognitionCore.framework/Versions/A/SpeechRecognitionCore
0x000000010cc00000 	/Library/Java/JavaVirtualMachines/jdk1.8.0_101.jdk/Contents/Home/jre/lib/server/libjvm.dylib
0x0000000027e1d000 	/usr/lib/libstdc++.6.0.9.dylib
0x000000010c360000 	/Library/Java/JavaVirtualMachines/jdk1.8.0_101.jdk/Contents/Home/jre/lib/libverify.dylib
0x000000010c36e000 	/Library/Java/JavaVirtualMachines/jdk1.8.0_101.jdk/Contents/Home/jre/lib/libjava.dylib
0x000000010c3ed000 	/Library/Java/JavaVirtualMachines/jdk1.8.0_101.jdk/Contents/Home/jre/lib/libzip.dylib
0x0000000027e1d000 	/System/Library/Frameworks/JavaVM.framework/Versions/A/Frameworks/JavaRuntimeSupport.framework/Versions/A/JavaRuntimeSupport
0x0000000027e1d000 	/System/Library/Frameworks/JavaVM.framework/Versions/A/Frameworks/JavaNativeFoundation.framework/Versions/A/JavaNativeFoundation
0x0000000027e1d000 	/System/Library/Frameworks/JavaVM.framework/Versions/A/JavaVM
0x0000000027e1d000 	/System/Library/Frameworks/Carbon.framework/Versions/A/Carbon
0x0000000027e1d000 	/System/Library/PrivateFrameworks/JavaLaunching.framework/Versions/A/JavaLaunching
0x0000000027e1d000 	/System/Library/Frameworks/Carbon.framework/Versions/A/Frameworks/CommonPanels.framework/Versions/A/CommonPanels
0x0000000027e1d000 	/System/Library/Frameworks/Carbon.framework/Versions/A/Frameworks/Help.framework/Versions/A/Help
0x0000000027e1d000 	/System/Library/Frameworks/Carbon.framework/Versions/A/Frameworks/ImageCapture.framework/Versions/A/ImageCapture
0x0000000027e1d000 	/System/Library/Frameworks/Carbon.framework/Versions/A/Frameworks/OpenScripting.framework/Versions/A/OpenScripting
0x0000000027e1d000 	/System/Library/Frameworks/Carbon.framework/Versions/A/Frameworks/Print.framework/Versions/A/Print
0x0000000027e1d000 	/System/Library/Frameworks/Carbon.framework/Versions/A/Frameworks/SecurityHI.framework/Versions/A/SecurityHI
0x0000000115ec3000 	/Library/Java/JavaVirtualMachines/jdk1.8.0_101.jdk/Contents/Home/jre/lib/libawt.dylib
0x0000000115f6b000 	/Library/Java/JavaVirtualMachines/jdk1.8.0_101.jdk/Contents/Home/jre/lib/./libmlib_image.dylib
0x0000000116037000 	/Library/Java/JavaVirtualMachines/jdk1.8.0_101.jdk/Contents/Home/jre/lib/libawt_lwawt.dylib
0x00000001160ec000 	/Library/Java/JavaVirtualMachines/jdk1.8.0_101.jdk/Contents/Home/jre/lib/./libosxapp.dylib
0x0000000027e1d000 	/System/Library/Frameworks/ExceptionHandling.framework/Versions/A/ExceptionHandling
0x0000000027e1d000 	/System/Library/PrivateFrameworks/CoreServicesInternal.framework/Versions/A/CoreServicesInternal
0x0000000027e1d000 	/System/Library/CoreServices/RawCamera.bundle/Contents/MacOS/RawCamera
0x0000000027e1d000 	/System/Library/PrivateFrameworks/MobileAsset.framework/Versions/A/MobileAsset
0x0000000027e1d000 	/System/Library/PrivateFrameworks/StreamingZip.framework/Versions/A/StreamingZip
0x0000000027e1d000 	/System/Library/Frameworks/MediaToolbox.framework/Versions/A/MediaToolbox
0x0000000027e1d000 	/System/Library/PrivateFrameworks/CoreAVCHD.framework/Versions/A/CoreAVCHD
0x0000000027e1d000 	/System/Library/Frameworks/MediaAccessibility.framework/Versions/A/MediaAccessibility
0x0000000027e1d000 	/System/Library/PrivateFrameworks/Mangrove.framework/Versions/A/Mangrove
0x0000000027e1d000 	/System/Library/Frameworks/CoreMedia.framework/Versions/A/CoreMedia
0x0000000027e1d000 	/System/Library/Frameworks/VideoToolbox.framework/Versions/A/VideoToolbox
0x0000000027e1d000 	/System/Library/PrivateFrameworks/CoreAUC.framework/Versions/A/CoreAUC
0x0000000027e1d000 	/usr/lib/libspindump.dylib
0x0000000027e1d000 	/usr/lib/libdscsym.dylib
0x0000000027e1d000 	/System/Library/PrivateFrameworks/AppleVA.framework/Versions/A/AppleVA
0x0000000027e1d000 	/System/Library/Frameworks/Accelerate.framework/Versions/A/Frameworks/vImage.framework/Versions/A/Libraries/libCGInterfaces.dylib
0x0000000027e1d000 	/System/Library/Frameworks/ApplicationServices.framework/Versions/A/Frameworks/ATS.framework/Versions/A/Resources/libTrueTypeScaler.dylib
0x0000000027e1d000 	/System/Library/Frameworks/OpenGL.framework/Versions/A/Resources/GLEngine.bundle/GLEngine
0x0000000027e1d000 	/System/Library/Frameworks/OpenGL.framework/Versions/A/Libraries/libGLProgrammability.dylib
0x000000011829d000 	/System/Library/Extensions/AppleIntelBDWGraphicsGLDriver.bundle/Contents/MacOS/AppleIntelBDWGraphicsGLDriver
0x0000000027e1d000 	/System/Library/PrivateFrameworks/GPUSupport.framework/Versions/A/Libraries/libGPUSupportMercury.dylib
0x0000000027e1d000 	/System/Library/Frameworks/OpenGL.framework/Versions/A/Resources/GLRendererFloat.bundle/GLRendererFloat
0x0000000027e1d000 	/System/Library/Frameworks/OpenCL.framework/Versions/A/Libraries/libcldcpuengine.dylib
0x0000000027e1d000 	/usr/lib/libcrypto.35.dylib
0x0000000027e1d000 	/System/Library/PrivateFrameworks/TrustEvaluationAgent.framework/Versions/A/TrustEvaluationAgent
0x0000000027e1d000 	/System/Library/Extensions/AppleIntelBDWGraphicsMTLDriver.bundle/Contents/MacOS/AppleIntelBDWGraphicsMTLDriver
0x0000000027e1d000 	/System/Library/PrivateFrameworks/GPUCompiler.framework/Versions/3802/Libraries/libmetal_timestamp.dylib
0x0000000027e1d000 	/System/Library/PrivateFrameworks/FamilyControls.framework/Versions/A/FamilyControls
0x0000000027e1d000 	/System/Library/PrivateFrameworks/CommerceKit.framework/Versions/A/Frameworks/CommerceCore.framework/Versions/A/CommerceCore
0x0000000027e1d000 	/System/Library/PrivateFrameworks/SystemAdministration.framework/Versions/A/SystemAdministration
0x0000000027e1d000 	/System/Library/PrivateFrameworks/AppContainer.framework/Versions/A/AppContainer
0x0000000027e1d000 	/System/Library/PrivateFrameworks/SecCodeWrapper.framework/Versions/A/SecCodeWrapper
0x0000000027e1d000 	/System/Library/PrivateFrameworks/DiskManagement.framework/Versions/A/DiskManagement
0x0000000027e1d000 	/System/Library/Frameworks/DirectoryService.framework/Versions/A/DirectoryService
0x0000000027e1d000 	/System/Library/PrivateFrameworks/DiskImages.framework/Versions/A/DiskImages
0x0000000027e1d000 	/System/Library/PrivateFrameworks/LoginUIKit.framework/Versions/A/Frameworks/LoginUICore.framework/Versions/A/LoginUICore
0x0000000027e1d000 	/usr/lib/libCoreStorage.dylib
0x0000000027e1d000 	/usr/lib/libcsfde.dylib
0x0000000027e1d000 	/usr/lib/libodfde.dylib
0x0000000027e1d000 	/System/Library/PrivateFrameworks/MediaKit.framework/Versions/A/MediaKit
0x0000000027e1d000 	/System/Library/Frameworks/DiscRecording.framework/Versions/A/DiscRecording
0x0000000027e1d000 	/System/Library/PrivateFrameworks/EFILogin.framework/Versions/A/EFILogin
0x0000000027e1d000 	/System/Library/PrivateFrameworks/ProtectedCloudStorage.framework/Versions/A/ProtectedCloudStorage
0x0000000027e1d000 	/usr/lib/libcurl.4.dylib
0x0000000027e1d000 	/usr/lib/libssl.35.dylib
0x0000000027e1d000 	/System/Library/Frameworks/LDAP.framework/Versions/A/LDAP
0x0000000027e1d000 	/usr/lib/libsasl2.2.dylib
0x0000000027e1d000 	/System/Library/PrivateFrameworks/CoreDaemon.framework/Versions/B/CoreDaemon
0x0000000027e1d000 	/System/Library/PrivateFrameworks/AppleSRP.framework/Versions/A/AppleSRP
0x00000001199cf000 	/Library/Java/JavaVirtualMachines/jdk1.8.0_101.jdk/Contents/Home/jre/lib/libfontmanager.dylib
0x000000011accb000 	/Library/Java/JavaVirtualMachines/jdk1.8.0_101.jdk/Contents/Home/jre/lib/libosxui.dylib
0x000000011be42000 	/Library/Java/JavaVirtualMachines/jdk1.8.0_101.jdk/Contents/Home/jre/lib/libnet.dylib
0x000000011be59000 	/Library/Java/JavaVirtualMachines/jdk1.8.0_101.jdk/Contents/Home/jre/lib/libnio.dylib
0x0000000027e1d000 	/System/Library/PrivateFrameworks/ViewBridge.framework/Versions/A/ViewBridge
0x000000011658f000 	/private/var/folders/pw/kw08pl9n6yzcxbqgsc_vpf_h0000gn/T/jogamp_0000/file_cache/jln8908852102542437469/jln6366545245467328537/libgluegen-rt.jnilib
0x0000000116594000 	/private/var/folders/pw/kw08pl9n6yzcxbqgsc_vpf_h0000gn/T/jogamp_0000/file_cache/jln8908852102542437469/jln6366545245467328537/libnativewindow_awt.jnilib
0x0000000116597000 	/Library/Java/JavaVirtualMachines/jdk1.8.0_101.jdk/Contents/Home/jre/lib/libjawt.dylib
0x00000001172d8000 	/private/var/folders/pw/kw08pl9n6yzcxbqgsc_vpf_h0000gn/T/jogamp_0000/file_cache/jln8908852102542437469/jln6366545245467328537/libnativewindow_macosx.jnilib
0x00000001623cb000 	/private/var/folders/pw/kw08pl9n6yzcxbqgsc_vpf_h0000gn/T/jogamp_0000/file_cache/jln8908852102542437469/jln6366545245467328537/libjogl_desktop.jnilib
0x000000011721b000 	/Library/Java/JavaVirtualMachines/jdk1.8.0_101.jdk/Contents/Home/jre/lib/libsunec.dylib
0x000000016b685000 	/Library/Java/JavaVirtualMachines/jdk1.8.0_101.jdk/Contents/Home/jre/lib/libt2k.dylib
0x0000000118078000 	/Library/Java/JavaVirtualMachines/jdk1.8.0_101.jdk/Contents/Home/jre/lib/libjpeg.dylib

VM Arguments:
jvm_args: -Djava.security.policy=java.policy.applet -Dfile.encoding=UTF-8 
java_command: sun.applet.AppletViewer module3.EarthquakeCityMap1519929548509.html
java_class_path (initial): /Users/kathyshannon/Documents/workspace/UCSDUnfoldingMaps/build:/Users/kathyshannon/Documents/workspace/UCSDUnfoldingMaps/lib/core.jar:/Users/kathyshannon/Documents/workspace/UCSDUnfoldingMaps/lib/gluegen-rt.jar:/Users/kathyshannon/Documents/workspace/UCSDUnfoldingMaps/lib/jogl-all.jar:/Users/kathyshannon/Documents/workspace/UCSDUnfoldingMaps/lib/log4j-1.2.15.jar:/Users/kathyshannon/Documents/workspace/UCSDUnfoldingMaps/lib/sqlite-jdbc-3.7.2.jar:/Users/kathyshannon/Documents/workspace/UCSDUnfoldingMaps/lib/json4processing.jar:/Users/kathyshannon/Documents/workspace/UCSDUnfoldingMaps/lib/libTUIO.jar:/Users/kathyshannon/Documents/workspace/UCSDUnfoldingMaps/lib/unfolding.0.9.7-uscd.jar
Launcher Type: SUN_STANDARD

Environment Variables:
PATH=/usr/bin:/bin:/usr/sbin:/sbin
SHELL=/bin/bash
DISPLAY=/private/tmp/com.apple.launchd.T8pKsXjNcK/org.macosforge.xquartz:0

Signal Handlers:
SIGSEGV: [libjvm.dylib+0x5af145], sa_mask[0]=11111111011111110111111111111111, sa_flags=SA_ONSTACK|SA_RESTART|SA_SIGINFO
SIGBUS: [libjvm.dylib+0x5af145], sa_mask[0]=11111111011111110111111111111111, sa_flags=SA_RESTART|SA_SIGINFO
SIGFPE: [libjvm.dylib+0x48694c], sa_mask[0]=11111111011111110111111111111111, sa_flags=SA_RESTART|SA_SIGINFO
SIGPIPE: [libjvm.dylib+0x48694c], sa_mask[0]=11111111011111110111111111111111, sa_flags=SA_RESTART|SA_SIGINFO
SIGXFSZ: [libjvm.dylib+0x48694c], sa_mask[0]=11111111011111110111111111111111, sa_flags=SA_RESTART|SA_SIGINFO
SIGILL: [libjvm.dylib+0x48694c], sa_mask[0]=11111111011111110111111111111111, sa_flags=SA_RESTART|SA_SIGINFO
SIGUSR1: SIG_DFL, sa_mask[0]=00000000000000000000000000000000, sa_flags=none
SIGUSR2: [libjvm.dylib+0x48646a], sa_mask[0]=00100000000000000000000000000000, sa_flags=SA_RESTART|SA_SIGINFO
SIGHUP: [libjvm.dylib+0x484a41], sa_mask[0]=11111111011111110111111111111111, sa_flags=SA_RESTART|SA_SIGINFO
SIGINT: [libjvm.dylib+0x484a41], sa_mask[0]=11111111011111110111111111111111, sa_flags=SA_RESTART|SA_SIGINFO
SIGTERM: [libjvm.dylib+0x484a41], sa_mask[0]=11111111011111110111111111111111, sa_flags=SA_RESTART|SA_SIGINFO
SIGQUIT: [libjvm.dylib+0x484a41], sa_mask[0]=11111111011111110111111111111111, sa_flags=SA_RESTART|SA_SIGINFO


---------------  S Y S T E M  ---------------

OS:Bsduname:Darwin 17.4.0 Darwin Kernel Version 17.4.0: Sun Dec 17 09:19:54 PST 2017; root:xnu-4570.41.2~1/RELEASE_X86_64 x86_64
rlimit: STACK 8192k, CORE 0k, NPROC 709, NOFILE 10240, AS infinity
load average:5.11 4.89 4.00

CPU:total 4 (4 cores per cpu, 1 threads per core) family 6 model 71 stepping 1, cmov, cx8, fxsr, mmx, sse, sse2, sse3, ssse3, sse4.1, sse4.2, popcnt, avx, avx2, aes, clmul, erms, rtm, 3dnowpref, lzcnt, tsc, tscinvbit, bmi1, bmi2, adx

Memory: 4k page, physical 8388608k(404508k free)

/proc/meminfo:


vm_info: Java HotSpot(TM) 64-Bit Server VM (25.101-b13) for bsd-amd64 JRE (1.8.0_101-b13), built on Jun 22 2016 02:42:15 by "java_re" with gcc 4.2.1 (Based on Apple Inc. build 5658) (LLVM build 2336.11.00)

time: Thu Mar  1 11:05:30 2018
elapsed time: 1581 seconds (0d 0h 26m 21s)

