#
# A fatal error has been detected by the Java Runtime Environment:
#
#  SIGSEGV (0xb) at pc=0x00007fff76563e9d, pid=978, tid=0x0000000000000307
#
# JRE version: Java(TM) SE Runtime Environment (8.0_101-b13) (build 1.8.0_101-b13)
# Java VM: Java HotSpot(TM) 64-Bit Server VM (25.101-b13 mixed mode bsd-amd64 compressed oops)
# Problematic frame:
# C  [libobjc.A.dylib+0x6e9d]  objc_msgSend+0x1d
#
# Failed to write core dump. Core dumps have been disabled. To enable core dumping, try "ulimit -c unlimited" before starting Java again
#
# If you would like to submit a bug report, please visit:
#   http://bugreport.java.com/bugreport/crash.jsp
# The crash happened outside the Java Virtual Machine in native code.
# See problematic frame for where to report the bug.
#

---------------  T H R E A D  ---------------

Current thread (0x00007f979b115800):  JavaThread "AWT-AppKit" daemon [_thread_in_native, id=775, stack(0x00007ffee2892000,0x00007ffee3092000)]

siginfo: si_signo: 11 (SIGSEGV), si_code: 1 (SEGV_MAPERR), si_addr: 0x0000000000000018

Registers:
RAX=0x00007f979ec9b560, RBX=0x000000012a640450, RCX=0x0000000000000001, RDX=0x0000000000000000
RSP=0x00007ffee308d238, RBP=0x00007ffee308d2f0, RSI=0x00007fff4dac44e5, RDI=0x00007f979ea88220
R8 =0x0000000000000000, R9 =0x0000000000000000, R10=0x0000000000000000, R11=0x00007fff4dac44e5
R12=0x0000000000000000, R13=0x0000000167c73f70, R14=0x000000012a640440, R15=0x00007f979b115800
RIP=0x00007fff76563e9d, EFLAGS=0x0000000000010246, ERR=0x0000000000000004
  TRAPNO=0x000000000000000e

Top of Stack: (sp=0x00007ffee308d238)
0x00007ffee308d238:   000000012a63e157 00007ffee308d290
0x00007ffee308d248:   0000000000000003 00007ffee308d270
0x00007ffee308d258:   000000010dbf28e6 0000000167c73f70
0x00007ffee308d268:   0000000167c73f70 00007f979ec9b560
0x00007ffee308d278:   000000012a6406a0 000000012a640710
0x00007ffee308d288:   00007fffa9a94b88 00007fffab1a1fc8
0x00007ffee308d298:   000000012a640450 000000012a640690
0x00007ffee308d2a8:   00007f979ec9b560 00007f979ea88220
0x00007ffee308d2b8:   00007f9799639ce0 00007f979ec9b560
0x00007ffee308d2c8:   00007f979ea88220 00007ffee308d378
0x00007ffee308d2d8:   00007f979b1159f8 0000000167c73f70
0x00007ffee308d2e8:   00007ffee308d3a0 00007ffee308d368
0x00007ffee308d2f8:   000000010e9b49d4 0000000167c73f70
0x00007ffee308d308:   00007ffee308d3a0 00007ffee308d368
0x00007ffee308d318:   000000010e9b4767 000000010e9b4722
0x00007ffee308d328:   00007ffee308d328 0000000167c73f70
0x00007ffee308d338:   00007ffee308d3a0 0000000167c76ba8
0x00007ffee308d348:   0000000000000000 0000000167c73f70
0x00007ffee308d358:   0000000000000000 00007ffee308d388
0x00007ffee308d368:   00007ffee308d3e8 000000010e9a52bd
0x00007ffee308d378:   000000074056ca18 000000010e9ae538
0x00007ffee308d388:   00007f979ec9b560 00007ffee308d3e8
0x00007ffee308d398:   00007f979ea88220 000000010e9afe02
0x00007ffee308d3a8:   00007ffee308d3a8 0000000167c7413a
0x00007ffee308d3b8:   00007ffee308d410 0000000167c76ba8
0x00007ffee308d3c8:   0000000000000000 0000000167c74148
0x00007ffee308d3d8:   00007ffee308d388 00007ffee308d3f8
0x00007ffee308d3e8:   00007ffee308d458 000000010e9a52bd
0x00007ffee308d3f8:   00007f979ec9b560 0000000740371af8
0x00007ffee308d408:   00007f979ea88220 0000000740371af8
0x00007ffee308d418:   00007ffee308d418 000000016abfec7e
0x00007ffee308d428:   00007ffee308d468 000000016abfed38 

Instructions: (pc=0x00007fff76563e9d)
0x00007fff76563e7d:   0f 1f 00 48 85 ff 2e 74 62 40 f6 c7 01 2e 75 66
0x00007fff76563e8d:   49 ba f8 ff ff ff ff 7f 00 00 4c 23 17 49 89 f3
0x00007fff76563e9d:   45 23 5a 18 49 c1 e3 04 4d 03 5a 10 49 3b 33 75
0x00007fff76563ead:   04 41 ff 63 08 49 83 3b 01 76 0d 49 83 c3 10 49 

Register to memory mapping:

RAX=0x00007f979ec9b560 is an unknown value
RBX=0x000000012a640450: Java_jogamp_nativewindow_macosx_OSXUtil_GetScreenRefreshRate0+0x1cf0 in /private/var/folders/pw/kw08pl9n6yzcxbqgsc_vpf_h0000gn/T/jogamp_0000/file_cache/jln5836543437821619157/jln1146968309717714685/libnativewindow_macosx.jnilib at 0x000000012a639000
RCX=0x0000000000000001 is an unknown value
RDX=0x0000000000000000 is an unknown value
RSP=0x00007ffee308d238 is pointing into the stack for thread: 0x00007f979b115800
RBP=0x00007ffee308d2f0 is pointing into the stack for thread: 0x00007f979b115800
RSI=0x00007fff4dac44e5: .str.41.llvm.371263A9+0x4376f in /System/Library/Frameworks/AppKit.framework/Versions/C/AppKit at 0x00007fff4cdeb000
RDI=0x00007f979ea88220 is an unknown value
R8 =0x0000000000000000 is an unknown value
R9 =0x0000000000000000 is an unknown value
R10=0x0000000000000000 is an unknown value
R11=0x00007fff4dac44e5: .str.41.llvm.371263A9+0x4376f in /System/Library/Frameworks/AppKit.framework/Versions/C/AppKit at 0x00007fff4cdeb000
R12=0x0000000000000000 is an unknown value
R13={method} {0x0000000167c73f70} 'UnsetJAWTRootSurfaceLayer0' '(JJ)V' in 'jogamp/nativewindow/jawt/macosx/MacOSXJAWTWindow'
R14=0x000000012a640440: Java_jogamp_nativewindow_macosx_OSXUtil_GetScreenRefreshRate0+0x1ce0 in /private/var/folders/pw/kw08pl9n6yzcxbqgsc_vpf_h0000gn/T/jogamp_0000/file_cache/jln5836543437821619157/jln1146968309717714685/libnativewindow_macosx.jnilib at 0x000000012a639000
R15=0x00007f979b115800 is a thread


Stack: [0x00007ffee2892000,0x00007ffee3092000],  sp=0x00007ffee308d238,  free space=8172k
Native frames: (J=compiled Java code, j=interpreted, Vv=VM code, C=native code)
C  [libobjc.A.dylib+0x6e9d]  objc_msgSend+0x1d
j  jogamp.nativewindow.jawt.macosx.MacOSXJAWTWindow.UnsetJAWTRootSurfaceLayer0(JJ)V+0
j  jogamp.nativewindow.jawt.macosx.MacOSXJAWTWindow.access$200(JJ)V+2
j  jogamp.nativewindow.jawt.macosx.MacOSXJAWTWindow$1.run()V+38
J 2843 C1 com.jogamp.common.util.RunnableTask.run()V (345 bytes) @ 0x000000010f34b014 [0x000000010f34ae80+0x194]
v  ~StubRoutines::call_stub
V  [libjvm.dylib+0x2ecf06]
V  [libjvm.dylib+0x324111]
V  [libjvm.dylib+0x3168df]
C  [libnativewindow_macosx.jnilib+0x5326]  Java_jogamp_nativewindow_jawt_macosx_MacOSXJAWTWindow_UnsetJAWTRootSurfaceLayer0+0x2b6
C  [Foundation+0x681c5]  __NSThreadPerformPerform+0x14e
C  [CoreFoundation+0xa3721]  __CFRUNLOOP_IS_CALLING_OUT_TO_A_SOURCE0_PERFORM_FUNCTION__+0x11
C  [CoreFoundation+0x15d0ac]  __CFRunLoopDoSource0+0x6c
C  [CoreFoundation+0x86260]  __CFRunLoopDoSources0+0xd0
C  [CoreFoundation+0x856dd]  __CFRunLoopRun+0x50d
C  [CoreFoundation+0x84f43]  CFRunLoopRunSpecific+0x1e3
C  [HIToolbox+0x2fe26]  RunCurrentEventLoopInMode+0x11e
C  [HIToolbox+0x2fa9f]  ReceiveNextEventCommon+0x16e
C  [HIToolbox+0x2f914]  _BlockUntilNextEventMatchingListInModeWithFilter+0x40
C  [AppKit+0x41f5f]  _DPSNextEvent+0x825
C  [AppKit+0x7d7b4c]  -[NSApplication(NSEvent) _nextEventMatchingEventMask:untilDate:inMode:dequeue:]+0xbe4
C  [libosxapp.dylib+0x23aa]  -[NSApplicationAWT nextEventMatchingMask:untilDate:inMode:dequeue:]+0x7c
C  [AppKit+0x36d6d]  -[NSApplication run]+0x2fc
C  [libosxapp.dylib+0x214d]  +[NSApplicationAWT runAWTLoopWithApp:]+0x9c
C  [libawt_lwawt.dylib+0x444b3]  -[AWTStarter starter:]+0x389
C  [Foundation+0x681c5]  __NSThreadPerformPerform+0x14e
C  [CoreFoundation+0xa3721]  __CFRUNLOOP_IS_CALLING_OUT_TO_A_SOURCE0_PERFORM_FUNCTION__+0x11
C  [CoreFoundation+0x15d0ac]  __CFRunLoopDoSource0+0x6c
C  [CoreFoundation+0x86260]  __CFRunLoopDoSources0+0xd0
C  [CoreFoundation+0x856dd]  __CFRunLoopRun+0x50d
C  [CoreFoundation+0x84f43]  CFRunLoopRunSpecific+0x1e3
C  [java+0x6465]  CreateExecutionEnvironment+0x367
C  [java+0x218c]  JLI_Launch+0x7a0
C  [java+0x84c2]  main+0x65
C  [java+0x19e4]  start+0x34
C  0x0000000000000007

Java frames: (J=compiled Java code, j=interpreted, Vv=VM code)
j  jogamp.nativewindow.jawt.macosx.MacOSXJAWTWindow.UnsetJAWTRootSurfaceLayer0(JJ)V+0
j  jogamp.nativewindow.jawt.macosx.MacOSXJAWTWindow.access$200(JJ)V+2
j  jogamp.nativewindow.jawt.macosx.MacOSXJAWTWindow$1.run()V+38
J 2843 C1 com.jogamp.common.util.RunnableTask.run()V (345 bytes) @ 0x000000010f34b014 [0x000000010f34ae80+0x194]
v  ~StubRoutines::call_stub

---------------  P R O C E S S  ---------------

Java Threads: ( => current thread )
  0x00007f979b6cf000 JavaThread "Thread-19" [_thread_blocked, id=57119, stack(0x0000700010984000,0x0000700010a84000)]
  0x00007f979b29e800 JavaThread "AWT-EventQueue-1" [_thread_in_native, id=56591, stack(0x000070001109f000,0x000070001119f000)]
  0x00007f9799809000 JavaThread "DestroyJavaVM" [_thread_blocked, id=5891, stack(0x000070000f9d4000,0x000070000fad4000)]
  0x00007f9799a4b000 JavaThread "AWT-EventQueue-0" [_thread_blocked, id=79919, stack(0x0000700010e99000,0x0000700010f99000)]
  0x00007f979b199800 JavaThread "Java2D Disposer" daemon [_thread_blocked, id=81175, stack(0x0000700010c10000,0x0000700010d10000)]
  0x00007f97999dd000 JavaThread "Java2D Queue Flusher" daemon [_thread_blocked, id=49415, stack(0x0000700010b0d000,0x0000700010c0d000)]
  0x00007f979b12e000 JavaThread "AWT-Shutdown" [_thread_blocked, id=26411, stack(0x0000700010881000,0x0000700010981000)]
=>0x00007f979b115800 JavaThread "AWT-AppKit" daemon [_thread_in_native, id=775, stack(0x00007ffee2892000,0x00007ffee3092000)]
  0x00007f979a025000 JavaThread "Service Thread" daemon [_thread_blocked, id=13315, stack(0x000070001067b000,0x000070001077b000)]
  0x00007f979b042800 JavaThread "C1 CompilerThread2" daemon [_thread_blocked, id=16387, stack(0x0000700010578000,0x0000700010678000)]
  0x00007f979b041800 JavaThread "C2 CompilerThread1" daemon [_thread_blocked, id=16899, stack(0x0000700010475000,0x0000700010575000)]
  0x00007f979b037800 JavaThread "C2 CompilerThread0" daemon [_thread_blocked, id=17411, stack(0x0000700010372000,0x0000700010472000)]
  0x00007f979b037000 JavaThread "Signal Dispatcher" daemon [_thread_blocked, id=17667, stack(0x000070001026f000,0x000070001036f000)]
  0x00007f979a817800 JavaThread "Finalizer" daemon [_thread_blocked, id=20227, stack(0x00007000100e9000,0x00007000101e9000)]
  0x00007f979a814800 JavaThread "Reference Handler" daemon [_thread_blocked, id=20739, stack(0x000070000ffe6000,0x00007000100e6000)]

Other Threads:
  0x00007f9799830800 VMThread [stack: 0x000070000fee3000,0x000070000ffe3000] [id=21251]
  0x00007f979a818000 WatcherThread [stack: 0x000070001077e000,0x000070001087e000] [id=13571]

VM state:not at safepoint (normal execution)

VM Mutex/Monitor currently owned by a thread: None

Heap:
 PSYoungGen      total 66048K, used 36062K [0x0000000795580000, 0x000000079a280000, 0x00000007c0000000)
  eden space 56320K, 55% used [0x0000000795580000,0x0000000797403a20,0x0000000798c80000)
  from space 9728K, 49% used [0x0000000799900000,0x0000000799db4160,0x000000079a280000)
  to   space 11264K, 0% used [0x0000000798c80000,0x0000000798c80000,0x0000000799780000)
 ParOldGen       total 67072K, used 16984K [0x0000000740000000, 0x0000000744180000, 0x0000000795580000)
  object space 67072K, 25% used [0x0000000740000000,0x00000007410960d8,0x0000000744180000)
 Metaspace       used 24070K, capacity 24331K, committed 24832K, reserved 1071104K
  class space    used 2369K, capacity 2482K, committed 2560K, reserved 1048576K

Card table byte_map: [0x000000011d99d000,0x000000011dd9e000] byte_map_base: 0x0000000119f9d000

Marking Bits: (ParMarkBitMap*) 0x000000010e2edd20
 Begin Bits: [0x000000011e049000, 0x0000000120049000)
 End Bits:   [0x0000000120049000, 0x0000000122049000)

Polling page: 0x000000010cbea000

CodeCache: size=245760Kb used=12126Kb max_used=12135Kb free=233633Kb
 bounds [0x000000010e99d000, 0x000000010f58d000, 0x000000011d99d000]
 total_blobs=4287 nmethods=3369 adapters=831
 compilation: enabled

Compilation events (10 events):
Event: 48.166 Thread 0x00007f979b037800 nmethod 3395 0x000000010f56a950 code [0x000000010f56ab40, 0x000000010f56b3d8]
Event: 48.169 Thread 0x00007f979b041800 nmethod 3396 0x000000010f5812d0 code [0x000000010f5814c0, 0x000000010f581dd8]
Event: 48.175 Thread 0x00007f979b037800 3397       4       javax.media.opengl.GLContext::setCurrent (101 bytes)
Event: 48.179 Thread 0x00007f979b037800 nmethod 3397 0x000000010f567110 code [0x000000010f5672a0, 0x000000010f567608]
Event: 48.191 Thread 0x00007f979b041800 3398       4       jogamp.opengl.GLFBODrawableImpl::contextMadeCurrent (118 bytes)
Event: 48.199 Thread 0x00007f979b041800 nmethod 3398 0x000000010f5847d0 code [0x000000010f584a20, 0x000000010f5852b0]
Event: 48.295 Thread 0x00007f979b042800 3399   !   3       sun.lwawt.LWComponentPeer::isEnabled (19 bytes)
Event: 48.295 Thread 0x00007f979b042800 nmethod 3399 0x000000010f56a390 code [0x000000010f56a500, 0x000000010f56a870]
Event: 48.326 Thread 0x00007f979b042800 3400       3       java.util.EventObject::<init> (24 bytes)
Event: 48.326 Thread 0x00007f979b042800 nmethod 3400 0x000000010f566b90 code [0x000000010f566d20, 0x000000010f566fe8]

GC Heap History (10 events):
Event: 16.501 GC heap before
{Heap before GC invocations=7 (full 1):
 PSYoungGen      total 53248K, used 53200K [0x0000000795580000, 0x000000079ab80000, 0x00000007c0000000)
  eden space 48128K, 100% used [0x0000000795580000,0x0000000798480000,0x0000000798480000)
  from space 5120K, 99% used [0x0000000798480000,0x00000007989741a0,0x0000000798980000)
  to   space 12800K, 0% used [0x0000000799f00000,0x0000000799f00000,0x000000079ab80000)
 ParOldGen       total 67072K, used 16976K [0x0000000740000000, 0x0000000744180000, 0x0000000795580000)
  object space 67072K, 25% used [0x0000000740000000,0x00000007410940d8,0x0000000744180000)
 Metaspace       used 24037K, capacity 24299K, committed 24832K, reserved 1071104K
  class space    used 2361K, capacity 2450K, committed 2560K, reserved 1048576K
Event: 16.504 GC heap after
Heap after GC invocations=7 (full 1):
 PSYoungGen      total 74240K, used 4800K [0x0000000795580000, 0x000000079ab00000, 0x00000007c0000000)
  eden space 61952K, 0% used [0x0000000795580000,0x0000000795580000,0x0000000799200000)
  from space 12288K, 39% used [0x0000000799f00000,0x000000079a3b0150,0x000000079ab00000)
  to   space 12800K, 0% used [0x0000000799200000,0x0000000799200000,0x0000000799e80000)
 ParOldGen       total 67072K, used 16984K [0x0000000740000000, 0x0000000744180000, 0x0000000795580000)
  object space 67072K, 25% used [0x0000000740000000,0x00000007410960d8,0x0000000744180000)
 Metaspace       used 24037K, capacity 24299K, committed 24832K, reserved 1071104K
  class space    used 2361K, capacity 2450K, committed 2560K, reserved 1048576K
}
Event: 23.853 GC heap before
{Heap before GC invocations=8 (full 1):
 PSYoungGen      total 74240K, used 66752K [0x0000000795580000, 0x000000079ab00000, 0x00000007c0000000)
  eden space 61952K, 100% used [0x0000000795580000,0x0000000799200000,0x0000000799200000)
  from space 12288K, 39% used [0x0000000799f00000,0x000000079a3b0150,0x000000079ab00000)
  to   space 12800K, 0% used [0x0000000799200000,0x0000000799200000,0x0000000799e80000)
 ParOldGen       total 67072K, used 16984K [0x0000000740000000, 0x0000000744180000, 0x0000000795580000)
  object space 67072K, 25% used [0x0000000740000000,0x00000007410960d8,0x0000000744180000)
 Metaspace       used 24038K, capacity 24299K, committed 24832K, reserved 1071104K
  class space    used 2361K, capacity 2450K, committed 2560K, reserved 1048576K
Event: 23.856 GC heap after
Heap after GC invocations=8 (full 1):
 PSYoungGen      total 65536K, used 4800K [0x0000000795580000, 0x000000079a880000, 0x00000007c0000000)
  eden space 60416K, 0% used [0x0000000795580000,0x0000000795580000,0x0000000799080000)
  from space 5120K, 93% used [0x0000000799200000,0x00000007996b0170,0x0000000799700000)
  to   space 12288K, 0% used [0x0000000799c80000,0x0000000799c80000,0x000000079a880000)
 ParOldGen       total 67072K, used 16984K [0x0000000740000000, 0x0000000744180000, 0x0000000795580000)
  object space 67072K, 25% used [0x0000000740000000,0x00000007410960d8,0x0000000744180000)
 Metaspace       used 24038K, capacity 24299K, committed 24832K, reserved 1071104K
  class space    used 2361K, capacity 2450K, committed 2560K, reserved 1048576K
}
Event: 31.037 GC heap before
{Heap before GC invocations=9 (full 1):
 PSYoungGen      total 65536K, used 65216K [0x0000000795580000, 0x000000079a880000, 0x00000007c0000000)
  eden space 60416K, 100% used [0x0000000795580000,0x0000000799080000,0x0000000799080000)
  from space 5120K, 93% used [0x0000000799200000,0x00000007996b0170,0x0000000799700000)
  to   space 12288K, 0% used [0x0000000799c80000,0x0000000799c80000,0x000000079a880000)
 ParOldGen       total 67072K, used 16984K [0x0000000740000000, 0x0000000744180000, 0x0000000795580000)
  object space 67072K, 25% used [0x0000000740000000,0x00000007410960d8,0x0000000744180000)
 Metaspace       used 24040K, capacity 24299K, committed 24832K, reserved 1071104K
  class space    used 2361K, capacity 2450K, committed 2560K, reserved 1048576K
Event: 31.039 GC heap after
Heap after GC invocations=9 (full 1):
 PSYoungGen      total 68608K, used 4784K [0x0000000795580000, 0x000000079a600000, 0x00000007c0000000)
  eden space 58880K, 0% used [0x0000000795580000,0x0000000795580000,0x0000000798f00000)
  from space 9728K, 49% used [0x0000000799c80000,0x000000079a12c160,0x000000079a600000)
  to   space 11776K, 0% used [0x0000000798f00000,0x0000000798f00000,0x0000000799a80000)
 ParOldGen       total 67072K, used 16984K [0x0000000740000000, 0x0000000744180000, 0x0000000795580000)
  object space 67072K, 25% used [0x0000000740000000,0x00000007410960d8,0x0000000744180000)
 Metaspace       used 24040K, capacity 24299K, committed 24832K, reserved 1071104K
  class space    used 2361K, capacity 2450K, committed 2560K, reserved 1048576K
}
Event: 38.040 GC heap before
{Heap before GC invocations=10 (full 1):
 PSYoungGen      total 68608K, used 63664K [0x0000000795580000, 0x000000079a600000, 0x00000007c0000000)
  eden space 58880K, 100% used [0x0000000795580000,0x0000000798f00000,0x0000000798f00000)
  from space 9728K, 49% used [0x0000000799c80000,0x000000079a12c160,0x000000079a600000)
  to   space 11776K, 0% used [0x0000000798f00000,0x0000000798f00000,0x0000000799a80000)
 ParOldGen       total 67072K, used 16984K [0x0000000740000000, 0x0000000744180000, 0x0000000795580000)
  object space 67072K, 25% used [0x0000000740000000,0x00000007410960d8,0x0000000744180000)
 Metaspace       used 24040K, capacity 24299K, committed 24832K, reserved 1071104K
  class space    used 2361K, capacity 2450K, committed 2560K, reserved 1048576K
Event: 38.042 GC heap after
Heap after GC invocations=10 (full 1):
 PSYoungGen      total 62464K, used 4800K [0x0000000795580000, 0x000000079a480000, 0x00000007c0000000)
  eden space 57344K, 0% used [0x0000000795580000,0x0000000795580000,0x0000000798d80000)
  from space 5120K, 93% used [0x0000000798f00000,0x00000007993b0150,0x0000000799400000)
  to   space 11776K, 0% used [0x0000000799900000,0x0000000799900000,0x000000079a480000)
 ParOldGen       total 67072K, used 16984K [0x0000000740000000, 0x0000000744180000, 0x0000000795580000)
  object space 67072K, 25% used [0x0000000740000000,0x00000007410960d8,0x0000000744180000)
 Metaspace       used 24040K, capacity 24299K, committed 24832K, reserved 1071104K
  class space    used 2361K, capacity 2450K, committed 2560K, reserved 1048576K
}
Event: 44.860 GC heap before
{Heap before GC invocations=11 (full 1):
 PSYoungGen      total 62464K, used 62144K [0x0000000795580000, 0x000000079a480000, 0x00000007c0000000)
  eden space 57344K, 100% used [0x0000000795580000,0x0000000798d80000,0x0000000798d80000)
  from space 5120K, 93% used [0x0000000798f00000,0x00000007993b0150,0x0000000799400000)
  to   space 11776K, 0% used [0x0000000799900000,0x0000000799900000,0x000000079a480000)
 ParOldGen       total 67072K, used 16984K [0x0000000740000000, 0x0000000744180000, 0x0000000795580000)
  object space 67072K, 25% used [0x0000000740000000,0x00000007410960d8,0x0000000744180000)
 Metaspace       used 24040K, capacity 24299K, committed 24832K, reserved 1071104K
  class space    used 2361K, capacity 2450K, committed 2560K, reserved 1048576K
Event: 44.863 GC heap after
Heap after GC invocations=11 (full 1):
 PSYoungGen      total 66048K, used 4816K [0x0000000795580000, 0x000000079a280000, 0x00000007c0000000)
  eden space 56320K, 0% used [0x0000000795580000,0x0000000795580000,0x0000000798c80000)
  from space 9728K, 49% used [0x0000000799900000,0x0000000799db4160,0x000000079a280000)
  to   space 11264K, 0% used [0x0000000798c80000,0x0000000798c80000,0x0000000799780000)
 ParOldGen       total 67072K, used 16984K [0x0000000740000000, 0x0000000744180000, 0x0000000795580000)
  object space 67072K, 25% used [0x0000000740000000,0x00000007410960d8,0x0000000744180000)
 Metaspace       used 24040K, capacity 24299K, committed 24832K, reserved 1071104K
  class space    used 2361K, capacity 2450K, committed 2560K, reserved 1048576K
}

Deoptimization events (10 events):
Event: 48.293 Thread 0x00007f9799a4b000 Uncommon trap: reason=unstable_if action=reinterpret pc=0x000000010eb70e2c method=sun.java2d.SunGraphics2D.validateCompClip()V @ 9
Event: 48.294 Thread 0x00007f9799a4b000 Uncommon trap: reason=unstable_if action=reinterpret pc=0x000000010f5598cc method=sun.java2d.pipe.Region.intersectsQuickCheck(Lsun/java2d/pipe/Region;)Z @ 41
Event: 48.294 Thread 0x00007f9799a4b000 Uncommon trap: reason=unstable_if action=reinterpret pc=0x000000010f28fdbc method=java.awt.font.FontRenderContext.equals(Ljava/awt/font/FontRenderContext;)Z @ 2
Event: 48.325 Thread 0x00007f979a8ef000 Uncommon trap: reason=class_check action=maybe_recompile pc=0x000000010edead30 method=java.util.HashMap.putVal(ILjava/lang/Object;Ljava/lang/Object;ZZ)Ljava/lang/Object; @ 91
Event: 48.325 Thread 0x00007f979a8ef000 Uncommon trap: reason=class_check action=maybe_recompile pc=0x000000010edead30 method=java.util.HashMap.putVal(ILjava/lang/Object;Ljava/lang/Object;ZZ)Ljava/lang/Object; @ 91
Event: 48.325 Thread 0x00007f979a8ef000 Uncommon trap: reason=class_check action=maybe_recompile pc=0x000000010edead30 method=java.util.HashMap.putVal(ILjava/lang/Object;Ljava/lang/Object;ZZ)Ljava/lang/Object; @ 91
Event: 48.325 Thread 0x00007f979a8ef000 Uncommon trap: reason=class_check action=maybe_recompile pc=0x000000010edead30 method=java.util.HashMap.putVal(ILjava/lang/Object;Ljava/lang/Object;ZZ)Ljava/lang/Object; @ 91
Event: 48.325 Thread 0x00007f979a8ef000 Uncommon trap: reason=class_check action=maybe_recompile pc=0x000000010edc5b78 method=java.util.HashMap.putVal(ILjava/lang/Object;Ljava/lang/Object;ZZ)Ljava/lang/Object; @ 91
Event: 48.336 Thread 0x00007f979b29e800 Uncommon trap: reason=unstable_if action=reinterpret pc=0x000000010f531cd8 method=java.util.LinkedList$ListItr.<init>(Ljava/util/LinkedList;I)V @ 26
Event: 48.337 Thread 0x00007f979b29e800 Uncommon trap: reason=unstable_if action=reinterpret pc=0x000000010f4fe504 method=java.util.LinkedList$ListItr.<init>(Ljava/util/LinkedList;I)V @ 26

Internal exceptions (10 events):
Event: 0.123 Thread 0x00007f9799809000 Exception <a 'java/lang/NoSuchFieldError': method resolution failed> (0x0000000795786338) thrown at [/HUDSON3/workspace/8-2-build-macosx-x86_64/jdk8u101/7261/hotspot/src/share/vm/prims/methodHandles.cpp, line 1146]
Event: 0.124 Thread 0x00007f9799809000 Exception <a 'java/lang/NoSuchFieldError': method resolution failed> (0x0000000795793b08) thrown at [/HUDSON3/workspace/8-2-build-macosx-x86_64/jdk8u101/7261/hotspot/src/share/vm/prims/methodHandles.cpp, line 1146]
Event: 0.275 Thread 0x00007f9799809000 Exception <a 'java/io/FileNotFoundException'> (0x000000079580f280) thrown at [/HUDSON3/workspace/8-2-build-macosx-x86_64/jdk8u101/7261/hotspot/src/share/vm/prims/jni.cpp, line 709]
Event: 0.275 Thread 0x00007f9799809000 Exception <a 'java/io/FileNotFoundException'> (0x000000079580fe20) thrown at [/HUDSON3/workspace/8-2-build-macosx-x86_64/jdk8u101/7261/hotspot/src/share/vm/prims/jni.cpp, line 709]
Event: 0.350 Thread 0x00007f9799809000 Exception <a 'java/io/FileNotFoundException'> (0x000000079594be08) thrown at [/HUDSON3/workspace/8-2-build-macosx-x86_64/jdk8u101/7261/hotspot/src/share/vm/prims/jni.cpp, line 709]
Event: 1.643 Thread 0x00007f979b20b000 Exception <a 'java/lang/UnsatisfiedLinkError': com.jogamp.common.util.JarUtil.fixNativeLibAttribs(Ljava/lang/String;)Z> (0x0000000796a83018) thrown at [/HUDSON3/workspace/8-2-build-macosx-x86_64/jdk8u101/7261/hotspot/src/share/vm/prims/nativeLookup.cpp, l
Event: 2.017 Thread 0x00007f979a817800 Exception <a 'java/lang/NullPointerException'> (0x00000007956ace20) thrown at [/HUDSON3/workspace/8-2-build-macosx-x86_64/jdk8u101/7261/hotspot/src/share/vm/interpreter/linkResolver.cpp, line 1178]
Event: 2.572 Thread 0x00007f979b29e800 Exception <a 'java/io/FileNotFoundException'> (0x0000000795e6cab0) thrown at [/HUDSON3/workspace/8-2-build-macosx-x86_64/jdk8u101/7261/hotspot/src/share/vm/prims/jni.cpp, line 709]
Event: 2.572 Thread 0x00007f979b29e800 Exception <a 'java/io/FileNotFoundException'> (0x0000000795e72f80) thrown at [/HUDSON3/workspace/8-2-build-macosx-x86_64/jdk8u101/7261/hotspot/src/share/vm/prims/jni.cpp, line 709]
Event: 2.573 Thread 0x00007f979b29e800 Implicit null exception at 0x000000010eb3c533 to 0x000000010eb3c8cd

Events (10 events):
Event: 48.337 loading class java/awt/LightweightDispatcher$2
Event: 48.337 loading class java/awt/LightweightDispatcher$2 done
Event: 48.337 loading class java/awt/event/AWTEventListenerProxy
Event: 48.337 loading class java/awt/event/AWTEventListenerProxy done
Event: 48.337 loading class java/awt/Toolkit$ToolkitEventMulticaster
Event: 48.337 loading class java/awt/Toolkit$ToolkitEventMulticaster done
Event: 48.337 Thread 0x00007f979b29e800 Uncommon trap: trap_request=0xffffff65 fr.pc=0x000000010f4fe504
Event: 48.337 Thread 0x00007f979b29e800 DEOPT PACKING pc=0x000000010f4fe504 sp=0x000070001119c950
Event: 48.337 Thread 0x00007f979b29e800 DEOPT UNPACKING pc=0x000000010e9a2229 sp=0x000070001119c8a8 mode 2
Event: 48.337 Thread 0x00007f979a8ef000 Thread exited: 0x00007f979a8ef000


Dynamic libraries:
0x0000000027e1d000 	/System/Library/Frameworks/Cocoa.framework/Versions/A/Cocoa
0x0000000027e1d000 	/System/Library/Frameworks/Security.framework/Versions/A/Security
0x0000000027e1d000 	/System/Library/Frameworks/ApplicationServices.framework/Versions/A/ApplicationServices
0x0000000027e1d000 	/usr/lib/libz.1.dylib
0x0000000027e1d000 	/usr/lib/libSystem.B.dylib
0x0000000027e1d000 	/usr/lib/libobjc.A.dylib
0x0000000027e1d000 	/System/Library/Frameworks/CoreFoundation.framework/Versions/A/CoreFoundation
0x0000000027e1d000 	/System/Library/Frameworks/Foundation.framework/Versions/C/Foundation
0x0000000027e1d000 	/System/Library/Frameworks/AppKit.framework/Versions/C/AppKit
0x0000000027e1d000 	/System/Library/Frameworks/CoreData.framework/Versions/A/CoreData
0x0000000027e1d000 	/System/Library/PrivateFrameworks/RemoteViewServices.framework/Versions/A/RemoteViewServices
0x0000000027e1d000 	/System/Library/PrivateFrameworks/UIFoundation.framework/Versions/A/UIFoundation
0x0000000027e1d000 	/System/Library/PrivateFrameworks/DFRFoundation.framework/Versions/A/DFRFoundation
0x0000000027e1d000 	/System/Library/Frameworks/Metal.framework/Versions/A/Metal
0x0000000027e1d000 	/System/Library/PrivateFrameworks/DesktopServicesPriv.framework/Versions/A/DesktopServicesPriv
0x0000000027e1d000 	/usr/lib/libenergytrace.dylib
0x0000000027e1d000 	/System/Library/PrivateFrameworks/SkyLight.framework/Versions/A/SkyLight
0x0000000027e1d000 	/System/Library/Frameworks/CoreGraphics.framework/Versions/A/CoreGraphics
0x0000000027e1d000 	/usr/lib/libScreenReader.dylib
0x0000000027e1d000 	/System/Library/Frameworks/Accelerate.framework/Versions/A/Accelerate
0x0000000027e1d000 	/System/Library/Frameworks/IOSurface.framework/Versions/A/IOSurface
0x0000000027e1d000 	/System/Library/Frameworks/AudioToolbox.framework/Versions/A/AudioToolbox
0x0000000027e1d000 	/System/Library/Frameworks/AudioUnit.framework/Versions/A/AudioUnit
0x0000000027e1d000 	/System/Library/PrivateFrameworks/DataDetectorsCore.framework/Versions/A/DataDetectorsCore
0x0000000027e1d000 	/System/Library/Frameworks/Carbon.framework/Versions/A/Frameworks/HIToolbox.framework/Versions/A/HIToolbox
0x0000000027e1d000 	/usr/lib/libicucore.A.dylib
0x0000000027e1d000 	/System/Library/Frameworks/QuartzCore.framework/Versions/A/QuartzCore
0x0000000027e1d000 	/System/Library/Frameworks/Carbon.framework/Versions/A/Frameworks/SpeechRecognition.framework/Versions/A/SpeechRecognition
0x0000000027e1d000 	/usr/lib/libauto.dylib
0x0000000027e1d000 	/usr/lib/libxml2.2.dylib
0x0000000027e1d000 	/System/Library/PrivateFrameworks/CoreUI.framework/Versions/A/CoreUI
0x0000000027e1d000 	/System/Library/Frameworks/CoreAudio.framework/Versions/A/CoreAudio
0x0000000027e1d000 	/System/Library/Frameworks/DiskArbitration.framework/Versions/A/DiskArbitration
0x0000000027e1d000 	/usr/lib/liblangid.dylib
0x0000000027e1d000 	/System/Library/PrivateFrameworks/MultitouchSupport.framework/Versions/A/MultitouchSupport
0x0000000027e1d000 	/System/Library/Frameworks/IOKit.framework/Versions/A/IOKit
0x0000000027e1d000 	/usr/lib/libDiagnosticMessagesClient.dylib
0x0000000027e1d000 	/System/Library/Frameworks/CoreServices.framework/Versions/A/CoreServices
0x0000000027e1d000 	/System/Library/PrivateFrameworks/PerformanceAnalysis.framework/Versions/A/PerformanceAnalysis
0x0000000027e1d000 	/System/Library/Frameworks/OpenGL.framework/Versions/A/OpenGL
0x0000000027e1d000 	/System/Library/Frameworks/ColorSync.framework/Versions/A/ColorSync
0x0000000027e1d000 	/System/Library/Frameworks/CoreImage.framework/Versions/A/CoreImage
0x0000000027e1d000 	/System/Library/Frameworks/CoreText.framework/Versions/A/CoreText
0x0000000027e1d000 	/System/Library/Frameworks/ImageIO.framework/Versions/A/ImageIO
0x0000000027e1d000 	/System/Library/PrivateFrameworks/Backup.framework/Versions/A/Backup
0x0000000027e1d000 	/usr/lib/libarchive.2.dylib
0x0000000027e1d000 	/System/Library/Frameworks/CFNetwork.framework/Versions/A/CFNetwork
0x0000000027e1d000 	/System/Library/Frameworks/SystemConfiguration.framework/Versions/A/SystemConfiguration
0x0000000027e1d000 	/usr/lib/libCRFSuite.dylib
0x0000000027e1d000 	/usr/lib/libc++.1.dylib
0x0000000027e1d000 	/usr/lib/libc++abi.dylib
0x0000000027e1d000 	/usr/lib/system/libcache.dylib
0x0000000027e1d000 	/usr/lib/system/libcommonCrypto.dylib
0x0000000027e1d000 	/usr/lib/system/libcompiler_rt.dylib
0x0000000027e1d000 	/usr/lib/system/libcopyfile.dylib
0x0000000027e1d000 	/usr/lib/system/libcorecrypto.dylib
0x0000000027e1d000 	/usr/lib/system/libdispatch.dylib
0x0000000027e1d000 	/usr/lib/system/libdyld.dylib
0x0000000027e1d000 	/usr/lib/system/libkeymgr.dylib
0x0000000027e1d000 	/usr/lib/system/liblaunch.dylib
0x0000000027e1d000 	/usr/lib/system/libmacho.dylib
0x0000000027e1d000 	/usr/lib/system/libquarantine.dylib
0x0000000027e1d000 	/usr/lib/system/libremovefile.dylib
0x0000000027e1d000 	/usr/lib/system/libsystem_asl.dylib
0x0000000027e1d000 	/usr/lib/system/libsystem_blocks.dylib
0x0000000027e1d000 	/usr/lib/system/libsystem_c.dylib
0x0000000027e1d000 	/usr/lib/system/libsystem_configuration.dylib
0x0000000027e1d000 	/usr/lib/system/libsystem_coreservices.dylib
0x0000000027e1d000 	/usr/lib/system/libsystem_darwin.dylib
0x0000000027e1d000 	/usr/lib/system/libsystem_dnssd.dylib
0x0000000027e1d000 	/usr/lib/system/libsystem_info.dylib
0x0000000027e1d000 	/usr/lib/system/libsystem_m.dylib
0x0000000027e1d000 	/usr/lib/system/libsystem_malloc.dylib
0x0000000027e1d000 	/usr/lib/system/libsystem_network.dylib
0x0000000027e1d000 	/usr/lib/system/libsystem_networkextension.dylib
0x0000000027e1d000 	/usr/lib/system/libsystem_notify.dylib
0x0000000027e1d000 	/usr/lib/system/libsystem_sandbox.dylib
0x0000000027e1d000 	/usr/lib/system/libsystem_secinit.dylib
0x0000000027e1d000 	/usr/lib/system/libsystem_kernel.dylib
0x0000000027e1d000 	/usr/lib/system/libsystem_platform.dylib
0x0000000027e1d000 	/usr/lib/system/libsystem_pthread.dylib
0x0000000027e1d000 	/usr/lib/system/libsystem_symptoms.dylib
0x0000000027e1d000 	/usr/lib/system/libsystem_trace.dylib
0x0000000027e1d000 	/usr/lib/system/libunwind.dylib
0x0000000027e1d000 	/usr/lib/system/libxpc.dylib
0x0000000027e1d000 	/usr/lib/closure/libclosured.dylib
0x0000000027e1d000 	/usr/lib/libbsm.0.dylib
0x0000000027e1d000 	/usr/lib/system/libkxld.dylib
0x0000000027e1d000 	/usr/lib/libOpenScriptingUtil.dylib
0x0000000027e1d000 	/usr/lib/libcoretls.dylib
0x0000000027e1d000 	/usr/lib/libcoretls_cfhelpers.dylib
0x0000000027e1d000 	/usr/lib/libpam.2.dylib
0x0000000027e1d000 	/usr/lib/libsqlite3.dylib
0x0000000027e1d000 	/usr/lib/libxar.1.dylib
0x0000000027e1d000 	/usr/lib/libbz2.1.0.dylib
0x0000000027e1d000 	/usr/lib/liblzma.5.dylib
0x0000000027e1d000 	/usr/lib/libnetwork.dylib
0x0000000027e1d000 	/usr/lib/libapple_nghttp2.dylib
0x0000000027e1d000 	/usr/lib/libpcap.A.dylib
0x0000000027e1d000 	/usr/lib/libboringssl.dylib
0x0000000027e1d000 	/usr/lib/libusrtcp.dylib
0x0000000027e1d000 	/usr/lib/libapple_crypto.dylib
0x0000000027e1d000 	/System/Library/Frameworks/CoreServices.framework/Versions/A/Frameworks/FSEvents.framework/Versions/A/FSEvents
0x0000000027e1d000 	/System/Library/Frameworks/CoreServices.framework/Versions/A/Frameworks/CarbonCore.framework/Versions/A/CarbonCore
0x0000000027e1d000 	/System/Library/Frameworks/CoreServices.framework/Versions/A/Frameworks/Metadata.framework/Versions/A/Metadata
0x0000000027e1d000 	/System/Library/Frameworks/CoreServices.framework/Versions/A/Frameworks/OSServices.framework/Versions/A/OSServices
0x0000000027e1d000 	/System/Library/Frameworks/CoreServices.framework/Versions/A/Frameworks/SearchKit.framework/Versions/A/SearchKit
0x0000000027e1d000 	/System/Library/Frameworks/CoreServices.framework/Versions/A/Frameworks/AE.framework/Versions/A/AE
0x0000000027e1d000 	/System/Library/Frameworks/CoreServices.framework/Versions/A/Frameworks/LaunchServices.framework/Versions/A/LaunchServices
0x0000000027e1d000 	/System/Library/Frameworks/CoreServices.framework/Versions/A/Frameworks/DictionaryServices.framework/Versions/A/DictionaryServices
0x0000000027e1d000 	/System/Library/Frameworks/CoreServices.framework/Versions/A/Frameworks/SharedFileList.framework/Versions/A/SharedFileList
0x0000000027e1d000 	/System/Library/Frameworks/NetFS.framework/Versions/A/NetFS
0x0000000027e1d000 	/System/Library/PrivateFrameworks/NetAuth.framework/Versions/A/NetAuth
0x0000000027e1d000 	/System/Library/PrivateFrameworks/login.framework/Versions/A/Frameworks/loginsupport.framework/Versions/A/loginsupport
0x0000000027e1d000 	/System/Library/PrivateFrameworks/TCC.framework/Versions/A/TCC
0x0000000027e1d000 	/usr/lib/libmecabra.dylib
0x0000000027e1d000 	/System/Library/Frameworks/ApplicationServices.framework/Versions/A/Frameworks/ATS.framework/Versions/A/ATS
0x0000000027e1d000 	/System/Library/Frameworks/ApplicationServices.framework/Versions/A/Frameworks/ColorSyncLegacy.framework/Versions/A/ColorSyncLegacy
0x0000000027e1d000 	/System/Library/Frameworks/ApplicationServices.framework/Versions/A/Frameworks/HIServices.framework/Versions/A/HIServices
0x0000000027e1d000 	/System/Library/Frameworks/ApplicationServices.framework/Versions/A/Frameworks/LangAnalysis.framework/Versions/A/LangAnalysis
0x0000000027e1d000 	/System/Library/Frameworks/ApplicationServices.framework/Versions/A/Frameworks/PrintCore.framework/Versions/A/PrintCore
0x0000000027e1d000 	/System/Library/Frameworks/ApplicationServices.framework/Versions/A/Frameworks/QD.framework/Versions/A/QD
0x0000000027e1d000 	/System/Library/Frameworks/ApplicationServices.framework/Versions/A/Frameworks/SpeechSynthesis.framework/Versions/A/SpeechSynthesis
0x0000000027e1d000 	/System/Library/Frameworks/CoreDisplay.framework/Versions/A/CoreDisplay
0x0000000027e1d000 	/System/Library/Frameworks/Accelerate.framework/Versions/A/Frameworks/vImage.framework/Versions/A/vImage
0x0000000027e1d000 	/System/Library/Frameworks/Accelerate.framework/Versions/A/Frameworks/vecLib.framework/Versions/A/vecLib
0x0000000027e1d000 	/System/Library/Frameworks/Accelerate.framework/Versions/A/Frameworks/vecLib.framework/Versions/A/libvDSP.dylib
0x0000000027e1d000 	/System/Library/Frameworks/Accelerate.framework/Versions/A/Frameworks/vecLib.framework/Versions/A/libBNNS.dylib
0x0000000027e1d000 	/System/Library/Frameworks/Accelerate.framework/Versions/A/Frameworks/vecLib.framework/Versions/A/libQuadrature.dylib
0x0000000027e1d000 	/System/Library/Frameworks/Accelerate.framework/Versions/A/Frameworks/vecLib.framework/Versions/A/libvMisc.dylib
0x0000000027e1d000 	/System/Library/Frameworks/Accelerate.framework/Versions/A/Frameworks/vecLib.framework/Versions/A/libLAPACK.dylib
0x0000000027e1d000 	/System/Library/Frameworks/Accelerate.framework/Versions/A/Frameworks/vecLib.framework/Versions/A/libBLAS.dylib
0x0000000027e1d000 	/System/Library/Frameworks/Accelerate.framework/Versions/A/Frameworks/vecLib.framework/Versions/A/libLinearAlgebra.dylib
0x0000000027e1d000 	/System/Library/Frameworks/Accelerate.framework/Versions/A/Frameworks/vecLib.framework/Versions/A/libSparse.dylib
0x0000000027e1d000 	/System/Library/Frameworks/Accelerate.framework/Versions/A/Frameworks/vecLib.framework/Versions/A/libSparseBLAS.dylib
0x0000000027e1d000 	/System/Library/PrivateFrameworks/IOAccelerator.framework/Versions/A/IOAccelerator
0x0000000027e1d000 	/System/Library/PrivateFrameworks/IOPresentment.framework/Versions/A/IOPresentment
0x0000000027e1d000 	/System/Library/PrivateFrameworks/DSExternalDisplay.framework/Versions/A/DSExternalDisplay
0x0000000027e1d000 	/System/Library/Frameworks/OpenGL.framework/Versions/A/Libraries/libCoreFSCache.dylib
0x0000000027e1d000 	/System/Library/Frameworks/CoreVideo.framework/Versions/A/CoreVideo
0x0000000027e1d000 	/System/Library/PrivateFrameworks/GraphVisualizer.framework/Versions/A/GraphVisualizer
0x0000000027e1d000 	/System/Library/Frameworks/MetalPerformanceShaders.framework/Versions/A/MetalPerformanceShaders
0x0000000027e1d000 	/usr/lib/libFosl_dynamic.dylib
0x0000000027e1d000 	/System/Library/PrivateFrameworks/FaceCore.framework/Versions/A/FaceCore
0x0000000027e1d000 	/System/Library/Frameworks/OpenCL.framework/Versions/A/OpenCL
0x0000000027e1d000 	/usr/lib/libcompression.dylib
0x0000000027e1d000 	/System/Library/Frameworks/ApplicationServices.framework/Versions/A/Frameworks/ATS.framework/Versions/A/Resources/libFontParser.dylib
0x0000000027e1d000 	/System/Library/Frameworks/ApplicationServices.framework/Versions/A/Frameworks/ATS.framework/Versions/A/Resources/libFontRegistry.dylib
0x0000000027e1d000 	/System/Library/Frameworks/ImageIO.framework/Versions/A/Resources/libJPEG.dylib
0x0000000027e1d000 	/System/Library/Frameworks/ImageIO.framework/Versions/A/Resources/libTIFF.dylib
0x0000000027e1d000 	/System/Library/Frameworks/ImageIO.framework/Versions/A/Resources/libPng.dylib
0x0000000027e1d000 	/System/Library/Frameworks/ImageIO.framework/Versions/A/Resources/libGIF.dylib
0x0000000027e1d000 	/System/Library/Frameworks/ImageIO.framework/Versions/A/Resources/libJP2.dylib
0x0000000027e1d000 	/System/Library/Frameworks/ImageIO.framework/Versions/A/Resources/libRadiance.dylib
0x0000000027e1d000 	/System/Library/PrivateFrameworks/AppleJPEG.framework/Versions/A/AppleJPEG
0x0000000027e1d000 	/System/Library/PrivateFrameworks/MetalTools.framework/Versions/A/MetalTools
0x0000000027e1d000 	/System/Library/Frameworks/MetalPerformanceShaders.framework/Frameworks/MPSCore.framework/Versions/A/MPSCore
0x0000000027e1d000 	/System/Library/Frameworks/MetalPerformanceShaders.framework/Frameworks/MPSImage.framework/Versions/A/MPSImage
0x0000000027e1d000 	/System/Library/Frameworks/MetalPerformanceShaders.framework/Frameworks/MPSMatrix.framework/Versions/A/MPSMatrix
0x0000000027e1d000 	/System/Library/Frameworks/MetalPerformanceShaders.framework/Frameworks/MPSNeuralNetwork.framework/Versions/A/MPSNeuralNetwork
0x0000000027e1d000 	/System/Library/Frameworks/OpenGL.framework/Versions/A/Libraries/libGLU.dylib
0x0000000027e1d000 	/System/Library/Frameworks/OpenGL.framework/Versions/A/Libraries/libGFXShared.dylib
0x0000000027e1d000 	/System/Library/Frameworks/OpenGL.framework/Versions/A/Libraries/libGL.dylib
0x0000000027e1d000 	/System/Library/Frameworks/OpenGL.framework/Versions/A/Libraries/libGLImage.dylib
0x0000000027e1d000 	/System/Library/Frameworks/OpenGL.framework/Versions/A/Libraries/libCVMSPluginSupport.dylib
0x0000000027e1d000 	/System/Library/Frameworks/OpenGL.framework/Versions/A/Libraries/libCoreVMClient.dylib
0x0000000027e1d000 	/usr/lib/libcups.2.dylib
0x0000000027e1d000 	/System/Library/Frameworks/Kerberos.framework/Versions/A/Kerberos
0x0000000027e1d000 	/System/Library/Frameworks/GSS.framework/Versions/A/GSS
0x0000000027e1d000 	/usr/lib/libresolv.9.dylib
0x0000000027e1d000 	/usr/lib/libiconv.2.dylib
0x0000000027e1d000 	/System/Library/PrivateFrameworks/Heimdal.framework/Versions/A/Heimdal
0x0000000027e1d000 	/usr/lib/libheimdal-asn1.dylib
0x0000000027e1d000 	/System/Library/Frameworks/OpenDirectory.framework/Versions/A/OpenDirectory
0x0000000027e1d000 	/System/Library/PrivateFrameworks/CommonAuth.framework/Versions/A/CommonAuth
0x0000000027e1d000 	/System/Library/Frameworks/OpenDirectory.framework/Versions/A/Frameworks/CFOpenDirectory.framework/Versions/A/CFOpenDirectory
0x0000000027e1d000 	/System/Library/Frameworks/SecurityFoundation.framework/Versions/A/SecurityFoundation
0x0000000027e1d000 	/System/Library/PrivateFrameworks/APFS.framework/Versions/A/APFS
0x0000000027e1d000 	/usr/lib/libutil.dylib
0x0000000027e1d000 	/System/Library/PrivateFrameworks/AppleSauce.framework/Versions/A/AppleSauce
0x0000000027e1d000 	/System/Library/PrivateFrameworks/LinguisticData.framework/Versions/A/LinguisticData
0x0000000027e1d000 	/usr/lib/libmarisa.dylib
0x0000000027e1d000 	/System/Library/PrivateFrameworks/Lexicon.framework/Versions/A/Lexicon
0x0000000027e1d000 	/usr/lib/libChineseTokenizer.dylib
0x0000000027e1d000 	/usr/lib/libcmph.dylib
0x0000000027e1d000 	/System/Library/PrivateFrameworks/LanguageModeling.framework/Versions/A/LanguageModeling
0x0000000027e1d000 	/System/Library/PrivateFrameworks/CoreEmoji.framework/Versions/A/CoreEmoji
0x0000000027e1d000 	/System/Library/Frameworks/ServiceManagement.framework/Versions/A/ServiceManagement
0x0000000027e1d000 	/System/Library/PrivateFrameworks/BackgroundTaskManagement.framework/Versions/A/BackgroundTaskManagement
0x0000000027e1d000 	/usr/lib/libxslt.1.dylib
0x0000000027e1d000 	/System/Library/Frameworks/Carbon.framework/Versions/A/Frameworks/Ink.framework/Versions/A/Ink
0x0000000027e1d000 	/System/Library/PrivateFrameworks/TextureIO.framework/Versions/A/TextureIO
0x0000000027e1d000 	/usr/lib/libate.dylib
0x0000000027e1d000 	/System/Library/PrivateFrameworks/CrashReporterSupport.framework/Versions/A/CrashReporterSupport
0x0000000027e1d000 	/System/Library/PrivateFrameworks/Sharing.framework/Versions/A/Sharing
0x0000000027e1d000 	/System/Library/PrivateFrameworks/IconServices.framework/Versions/A/IconServices
0x0000000027e1d000 	/System/Library/PrivateFrameworks/ProtocolBuffer.framework/Versions/A/ProtocolBuffer
0x0000000027e1d000 	/System/Library/PrivateFrameworks/Apple80211.framework/Versions/A/Apple80211
0x0000000027e1d000 	/System/Library/Frameworks/CoreWLAN.framework/Versions/A/CoreWLAN
0x0000000027e1d000 	/System/Library/PrivateFrameworks/CoreUtils.framework/Versions/A/CoreUtils
0x0000000027e1d000 	/System/Library/Frameworks/IOBluetooth.framework/Versions/A/IOBluetooth
0x0000000027e1d000 	/System/Library/PrivateFrameworks/CoreWiFi.framework/Versions/A/CoreWiFi
0x0000000027e1d000 	/System/Library/Frameworks/CoreBluetooth.framework/Versions/A/CoreBluetooth
0x0000000027e1d000 	/System/Library/PrivateFrameworks/SignpostNotification.framework/Versions/A/SignpostNotification
0x0000000027e1d000 	/System/Library/PrivateFrameworks/DebugSymbols.framework/Versions/A/DebugSymbols
0x0000000027e1d000 	/System/Library/PrivateFrameworks/CoreSymbolication.framework/Versions/A/CoreSymbolication
0x0000000027e1d000 	/System/Library/PrivateFrameworks/Symbolication.framework/Versions/A/Symbolication
0x0000000027e1d000 	/System/Library/PrivateFrameworks/AppleFSCompression.framework/Versions/A/AppleFSCompression
0x0000000027e1d000 	/System/Library/PrivateFrameworks/SpeechRecognitionCore.framework/Versions/A/SpeechRecognitionCore
0x000000010da00000 	/Library/Java/JavaVirtualMachines/jdk1.8.0_101.jdk/Contents/Home/jre/lib/server/libjvm.dylib
0x0000000027e1d000 	/usr/lib/libstdc++.6.0.9.dylib
0x000000010cba7000 	/Library/Java/JavaVirtualMachines/jdk1.8.0_101.jdk/Contents/Home/jre/lib/libverify.dylib
0x000000010cbb5000 	/Library/Java/JavaVirtualMachines/jdk1.8.0_101.jdk/Contents/Home/jre/lib/libjava.dylib
0x000000010cc34000 	/Library/Java/JavaVirtualMachines/jdk1.8.0_101.jdk/Contents/Home/jre/lib/libzip.dylib
0x0000000027e1d000 	/System/Library/Frameworks/JavaVM.framework/Versions/A/Frameworks/JavaRuntimeSupport.framework/Versions/A/JavaRuntimeSupport
0x0000000027e1d000 	/System/Library/Frameworks/JavaVM.framework/Versions/A/Frameworks/JavaNativeFoundation.framework/Versions/A/JavaNativeFoundation
0x0000000027e1d000 	/System/Library/Frameworks/JavaVM.framework/Versions/A/JavaVM
0x0000000027e1d000 	/System/Library/Frameworks/Carbon.framework/Versions/A/Carbon
0x0000000027e1d000 	/System/Library/PrivateFrameworks/JavaLaunching.framework/Versions/A/JavaLaunching
0x0000000027e1d000 	/System/Library/Frameworks/Carbon.framework/Versions/A/Frameworks/CommonPanels.framework/Versions/A/CommonPanels
0x0000000027e1d000 	/System/Library/Frameworks/Carbon.framework/Versions/A/Frameworks/Help.framework/Versions/A/Help
0x0000000027e1d000 	/System/Library/Frameworks/Carbon.framework/Versions/A/Frameworks/ImageCapture.framework/Versions/A/ImageCapture
0x0000000027e1d000 	/System/Library/Frameworks/Carbon.framework/Versions/A/Frameworks/OpenScripting.framework/Versions/A/OpenScripting
0x0000000027e1d000 	/System/Library/Frameworks/Carbon.framework/Versions/A/Frameworks/Print.framework/Versions/A/Print
0x0000000027e1d000 	/System/Library/Frameworks/Carbon.framework/Versions/A/Frameworks/SecurityHI.framework/Versions/A/SecurityHI
0x00000001257c0000 	/Library/Java/JavaVirtualMachines/jdk1.8.0_101.jdk/Contents/Home/jre/lib/libawt.dylib
0x0000000125868000 	/Library/Java/JavaVirtualMachines/jdk1.8.0_101.jdk/Contents/Home/jre/lib/./libmlib_image.dylib
0x0000000125934000 	/Library/Java/JavaVirtualMachines/jdk1.8.0_101.jdk/Contents/Home/jre/lib/libawt_lwawt.dylib
0x00000001259e9000 	/Library/Java/JavaVirtualMachines/jdk1.8.0_101.jdk/Contents/Home/jre/lib/./libosxapp.dylib
0x0000000027e1d000 	/System/Library/Frameworks/ExceptionHandling.framework/Versions/A/ExceptionHandling
0x0000000027e1d000 	/System/Library/PrivateFrameworks/CoreServicesInternal.framework/Versions/A/CoreServicesInternal
0x0000000027e1d000 	/System/Library/CoreServices/RawCamera.bundle/Contents/MacOS/RawCamera
0x0000000027e1d000 	/System/Library/PrivateFrameworks/MobileAsset.framework/Versions/A/MobileAsset
0x0000000027e1d000 	/System/Library/PrivateFrameworks/StreamingZip.framework/Versions/A/StreamingZip
0x0000000027e1d000 	/System/Library/Frameworks/MediaToolbox.framework/Versions/A/MediaToolbox
0x0000000027e1d000 	/System/Library/PrivateFrameworks/CoreAVCHD.framework/Versions/A/CoreAVCHD
0x0000000027e1d000 	/System/Library/Frameworks/MediaAccessibility.framework/Versions/A/MediaAccessibility
0x0000000027e1d000 	/System/Library/PrivateFrameworks/Mangrove.framework/Versions/A/Mangrove
0x0000000027e1d000 	/System/Library/Frameworks/CoreMedia.framework/Versions/A/CoreMedia
0x0000000027e1d000 	/System/Library/Frameworks/VideoToolbox.framework/Versions/A/VideoToolbox
0x0000000027e1d000 	/System/Library/PrivateFrameworks/CoreAUC.framework/Versions/A/CoreAUC
0x0000000027e1d000 	/usr/lib/libspindump.dylib
0x0000000027e1d000 	/usr/lib/libdscsym.dylib
0x0000000027e1d000 	/System/Library/PrivateFrameworks/AppleVA.framework/Versions/A/AppleVA
0x0000000027e1d000 	/System/Library/Frameworks/Accelerate.framework/Versions/A/Frameworks/vImage.framework/Versions/A/Libraries/libCGInterfaces.dylib
0x0000000027e1d000 	/System/Library/Frameworks/ApplicationServices.framework/Versions/A/Frameworks/ATS.framework/Versions/A/Resources/libTrueTypeScaler.dylib
0x0000000027e1d000 	/System/Library/Frameworks/OpenGL.framework/Versions/A/Resources/GLEngine.bundle/GLEngine
0x0000000027e1d000 	/System/Library/Frameworks/OpenGL.framework/Versions/A/Libraries/libGLProgrammability.dylib
0x0000000127b84000 	/System/Library/Extensions/AppleIntelBDWGraphicsGLDriver.bundle/Contents/MacOS/AppleIntelBDWGraphicsGLDriver
0x0000000027e1d000 	/System/Library/PrivateFrameworks/GPUSupport.framework/Versions/A/Libraries/libGPUSupportMercury.dylib
0x0000000027e1d000 	/System/Library/Frameworks/OpenGL.framework/Versions/A/Resources/GLRendererFloat.bundle/GLRendererFloat
0x0000000027e1d000 	/System/Library/Frameworks/OpenCL.framework/Versions/A/Libraries/libcldcpuengine.dylib
0x0000000027e1d000 	/usr/lib/libcrypto.35.dylib
0x0000000027e1d000 	/System/Library/PrivateFrameworks/TrustEvaluationAgent.framework/Versions/A/TrustEvaluationAgent
0x0000000027e1d000 	/System/Library/Extensions/AppleIntelBDWGraphicsMTLDriver.bundle/Contents/MacOS/AppleIntelBDWGraphicsMTLDriver
0x0000000027e1d000 	/System/Library/PrivateFrameworks/GPUCompiler.framework/Versions/3802/Libraries/libmetal_timestamp.dylib
0x0000000027e1d000 	/System/Library/PrivateFrameworks/FamilyControls.framework/Versions/A/FamilyControls
0x0000000027e1d000 	/System/Library/PrivateFrameworks/CommerceKit.framework/Versions/A/Frameworks/CommerceCore.framework/Versions/A/CommerceCore
0x0000000027e1d000 	/System/Library/PrivateFrameworks/SystemAdministration.framework/Versions/A/SystemAdministration
0x0000000027e1d000 	/System/Library/PrivateFrameworks/AppContainer.framework/Versions/A/AppContainer
0x0000000027e1d000 	/System/Library/PrivateFrameworks/SecCodeWrapper.framework/Versions/A/SecCodeWrapper
0x0000000027e1d000 	/System/Library/PrivateFrameworks/DiskManagement.framework/Versions/A/DiskManagement
0x0000000027e1d000 	/System/Library/Frameworks/DirectoryService.framework/Versions/A/DirectoryService
0x0000000027e1d000 	/System/Library/PrivateFrameworks/DiskImages.framework/Versions/A/DiskImages
0x0000000027e1d000 	/System/Library/PrivateFrameworks/LoginUIKit.framework/Versions/A/Frameworks/LoginUICore.framework/Versions/A/LoginUICore
0x0000000027e1d000 	/usr/lib/libCoreStorage.dylib
0x0000000027e1d000 	/usr/lib/libcsfde.dylib
0x0000000027e1d000 	/usr/lib/libodfde.dylib
0x0000000027e1d000 	/System/Library/PrivateFrameworks/MediaKit.framework/Versions/A/MediaKit
0x0000000027e1d000 	/System/Library/Frameworks/DiscRecording.framework/Versions/A/DiscRecording
0x0000000027e1d000 	/System/Library/PrivateFrameworks/EFILogin.framework/Versions/A/EFILogin
0x0000000027e1d000 	/System/Library/PrivateFrameworks/ProtectedCloudStorage.framework/Versions/A/ProtectedCloudStorage
0x0000000027e1d000 	/usr/lib/libcurl.4.dylib
0x0000000027e1d000 	/usr/lib/libssl.35.dylib
0x0000000027e1d000 	/System/Library/Frameworks/LDAP.framework/Versions/A/LDAP
0x0000000027e1d000 	/usr/lib/libsasl2.2.dylib
0x0000000027e1d000 	/System/Library/PrivateFrameworks/CoreDaemon.framework/Versions/B/CoreDaemon
0x0000000027e1d000 	/System/Library/PrivateFrameworks/AppleSRP.framework/Versions/A/AppleSRP
0x00000001292b6000 	/Library/Java/JavaVirtualMachines/jdk1.8.0_101.jdk/Contents/Home/jre/lib/libfontmanager.dylib
0x000000012a592000 	/Library/Java/JavaVirtualMachines/jdk1.8.0_101.jdk/Contents/Home/jre/lib/libosxui.dylib
0x000000012b705000 	/Library/Java/JavaVirtualMachines/jdk1.8.0_101.jdk/Contents/Home/jre/lib/libnet.dylib
0x000000012b764000 	/Library/Java/JavaVirtualMachines/jdk1.8.0_101.jdk/Contents/Home/jre/lib/libnio.dylib
0x0000000027e1d000 	/System/Library/PrivateFrameworks/ViewBridge.framework/Versions/A/ViewBridge
0x000000012a5e3000 	/private/var/folders/pw/kw08pl9n6yzcxbqgsc_vpf_h0000gn/T/jogamp_0000/file_cache/jln5836543437821619157/jln1146968309717714685/libgluegen-rt.jnilib
0x000000012a58f000 	/private/var/folders/pw/kw08pl9n6yzcxbqgsc_vpf_h0000gn/T/jogamp_0000/file_cache/jln5836543437821619157/jln1146968309717714685/libnativewindow_awt.jnilib
0x000000012a636000 	/Library/Java/JavaVirtualMachines/jdk1.8.0_101.jdk/Contents/Home/jre/lib/libjawt.dylib
0x000000012a639000 	/private/var/folders/pw/kw08pl9n6yzcxbqgsc_vpf_h0000gn/T/jogamp_0000/file_cache/jln5836543437821619157/jln1146968309717714685/libnativewindow_macosx.jnilib
0x0000000162b20000 	/private/var/folders/pw/kw08pl9n6yzcxbqgsc_vpf_h0000gn/T/jogamp_0000/file_cache/jln5836543437821619157/jln1146968309717714685/libjogl_desktop.jnilib
0x0000000169214000 	/Library/Java/JavaVirtualMachines/jdk1.8.0_101.jdk/Contents/Home/jre/lib/libsunec.dylib
0x0000000127732000 	/Library/Java/JavaVirtualMachines/jdk1.8.0_101.jdk/Contents/Home/jre/lib/libt2k.dylib
0x00000001277d8000 	/Library/Java/JavaVirtualMachines/jdk1.8.0_101.jdk/Contents/Home/jre/lib/libjpeg.dylib

VM Arguments:
jvm_args: -Djava.security.policy=java.policy.applet -Dfile.encoding=UTF-8 
java_command: sun.applet.AppletViewer module3.EarthquakeCityMap1519927504101.html
java_class_path (initial): /Users/kathyshannon/Documents/workspace/UCSDUnfoldingMaps/build:/Users/kathyshannon/Documents/workspace/UCSDUnfoldingMaps/lib/core.jar:/Users/kathyshannon/Documents/workspace/UCSDUnfoldingMaps/lib/gluegen-rt.jar:/Users/kathyshannon/Documents/workspace/UCSDUnfoldingMaps/lib/jogl-all.jar:/Users/kathyshannon/Documents/workspace/UCSDUnfoldingMaps/lib/log4j-1.2.15.jar:/Users/kathyshannon/Documents/workspace/UCSDUnfoldingMaps/lib/sqlite-jdbc-3.7.2.jar:/Users/kathyshannon/Documents/workspace/UCSDUnfoldingMaps/lib/json4processing.jar:/Users/kathyshannon/Documents/workspace/UCSDUnfoldingMaps/lib/libTUIO.jar:/Users/kathyshannon/Documents/workspace/UCSDUnfoldingMaps/lib/unfolding.0.9.7-uscd.jar
Launcher Type: SUN_STANDARD

Environment Variables:
PATH=/usr/bin:/bin:/usr/sbin:/sbin
SHELL=/bin/bash
DISPLAY=/private/tmp/com.apple.launchd.T8pKsXjNcK/org.macosforge.xquartz:0

Signal Handlers:
SIGSEGV: [libjvm.dylib+0x5af145], sa_mask[0]=11111111011111110111111111111111, sa_flags=SA_ONSTACK|SA_RESTART|SA_SIGINFO
SIGBUS: [libjvm.dylib+0x5af145], sa_mask[0]=11111111011111110111111111111111, sa_flags=SA_RESTART|SA_SIGINFO
SIGFPE: [libjvm.dylib+0x48694c], sa_mask[0]=11111111011111110111111111111111, sa_flags=SA_RESTART|SA_SIGINFO
SIGPIPE: [libjvm.dylib+0x48694c], sa_mask[0]=11111111011111110111111111111111, sa_flags=SA_RESTART|SA_SIGINFO
SIGXFSZ: [libjvm.dylib+0x48694c], sa_mask[0]=11111111011111110111111111111111, sa_flags=SA_RESTART|SA_SIGINFO
SIGILL: [libjvm.dylib+0x48694c], sa_mask[0]=11111111011111110111111111111111, sa_flags=SA_RESTART|SA_SIGINFO
SIGUSR1: SIG_DFL, sa_mask[0]=00000000000000000000000000000000, sa_flags=none
SIGUSR2: [libjvm.dylib+0x48646a], sa_mask[0]=00100000000000000000000000000000, sa_flags=SA_RESTART|SA_SIGINFO
SIGHUP: [libjvm.dylib+0x484a41], sa_mask[0]=11111111011111110111111111111111, sa_flags=SA_RESTART|SA_SIGINFO
SIGINT: [libjvm.dylib+0x484a41], sa_mask[0]=11111111011111110111111111111111, sa_flags=SA_RESTART|SA_SIGINFO
SIGTERM: [libjvm.dylib+0x484a41], sa_mask[0]=11111111011111110111111111111111, sa_flags=SA_RESTART|SA_SIGINFO
SIGQUIT: [libjvm.dylib+0x484a41], sa_mask[0]=11111111011111110111111111111111, sa_flags=SA_RESTART|SA_SIGINFO


---------------  S Y S T E M  ---------------

OS:Bsduname:Darwin 17.4.0 Darwin Kernel Version 17.4.0: Sun Dec 17 09:19:54 PST 2017; root:xnu-4570.41.2~1/RELEASE_X86_64 x86_64
rlimit: STACK 8192k, CORE 0k, NPROC 709, NOFILE 10240, AS infinity
load average:2.25 2.07 1.88

CPU:total 4 (4 cores per cpu, 1 threads per core) family 6 model 71 stepping 1, cmov, cx8, fxsr, mmx, sse, sse2, sse3, ssse3, sse4.1, sse4.2, popcnt, avx, avx2, aes, clmul, erms, rtm, 3dnowpref, lzcnt, tsc, tscinvbit, bmi1, bmi2, adx

Memory: 4k page, physical 8388608k(1328992k free)

/proc/meminfo:


vm_info: Java HotSpot(TM) 64-Bit Server VM (25.101-b13) for bsd-amd64 JRE (1.8.0_101-b13), built on Jun 22 2016 02:42:15 by "java_re" with gcc 4.2.1 (Based on Apple Inc. build 5658) (LLVM build 2336.11.00)

time: Thu Mar  1 10:05:52 2018
elapsed time: 48 seconds (0d 0h 0m 48s)

