#
# A fatal error has been detected by the Java Runtime Environment:
#
#  SIGSEGV (0xb) at pc=0x00007fff76563e9d, pid=982, tid=0x0000000000000307
#
# JRE version: Java(TM) SE Runtime Environment (8.0_101-b13) (build 1.8.0_101-b13)
# Java VM: Java HotSpot(TM) 64-Bit Server VM (25.101-b13 mixed mode bsd-amd64 compressed oops)
# Problematic frame:
# C  [libobjc.A.dylib+0x6e9d]  objc_msgSend+0x1d
#
# Failed to write core dump. Core dumps have been disabled. To enable core dumping, try "ulimit -c unlimited" before starting Java again
#
# If you would like to submit a bug report, please visit:
#   http://bugreport.java.com/bugreport/crash.jsp
# The crash happened outside the Java Virtual Machine in native code.
# See problematic frame for where to report the bug.
#

---------------  T H R E A D  ---------------

Current thread (0x00007f9e2e8d9800):  JavaThread "AWT-AppKit" daemon [_thread_in_native, id=775, stack(0x00007ffeedcfb000,0x00007ffeee4fb000)]

siginfo: si_signo: 11 (SIGSEGV), si_code: 1 (SEGV_MAPERR), si_addr: 0x0000000000000018

Registers:
RAX=0x00007f9e31d1c4f0, RBX=0x000000011b6c8450, RCX=0x0000000000000001, RDX=0x0000000000000000
RSP=0x00007ffeee4f6238, RBP=0x00007ffeee4f62f0, RSI=0x00007fff4dac44e5, RDI=0x00007f9e31ab62e0
R8 =0x00000000e2f70050, R9 =0x0000000000000001, R10=0x0000000000000000, R11=0x00007fff4dac44e5
R12=0x0000000000000000, R13=0x000000015cfba088, R14=0x000000011b6c8440, R15=0x00007f9e2e8d9800
RIP=0x00007fff76563e9d, EFLAGS=0x0000000000010246, ERR=0x0000000000000004
  TRAPNO=0x000000000000000e

Top of Stack: (sp=0x00007ffeee4f6238)
0x00007ffeee4f6238:   000000011b6c6157 00007ffeee4f6290
0x00007ffeee4f6248:   0000000000000003 00007ffeee4f6270
0x00007ffeee4f6258:   00000001021f28e6 000000015cfba088
0x00007ffeee4f6268:   000000015cfba088 00007f9e31d1c4f0
0x00007ffeee4f6278:   000000011b6c86a0 000000011b6c8710
0x00007ffeee4f6288:   00007fffa9a94b88 00007fffab1a1fc8
0x00007ffeee4f6298:   000000011b6c8450 000000011b6c8690
0x00007ffeee4f62a8:   00007f9e31d1c4f0 00007f9e31ab62e0
0x00007ffeee4f62b8:   00007f9e2ce45700 00007f9e31d1c4f0
0x00007ffeee4f62c8:   00007f9e31ab62e0 00007ffeee4f6378
0x00007ffeee4f62d8:   00007f9e2e8d99f8 000000015cfba088
0x00007ffeee4f62e8:   00007ffeee4f63a0 00007ffeee4f6368
0x00007ffeee4f62f8:   000000010993d9d4 000000015cfba088
0x00007ffeee4f6308:   00007ffeee4f63a0 00007ffeee4f6368
0x00007ffeee4f6318:   000000010993d767 000000010993d722
0x00007ffeee4f6328:   00007ffeee4f6328 000000015cfba088
0x00007ffeee4f6338:   00007ffeee4f63a0 000000015cfbccc0
0x00007ffeee4f6348:   0000000000000000 000000015cfba088
0x00007ffeee4f6358:   0000000000000000 00007ffeee4f6388
0x00007ffeee4f6368:   00007ffeee4f63e8 000000010992e2bd
0x00007ffeee4f6378:   0000000740490c28 0000000109937538
0x00007ffeee4f6388:   00007f9e31d1c4f0 00007ffeee4f63e8
0x00007ffeee4f6398:   00007f9e31ab62e0 0000000109938e02
0x00007ffeee4f63a8:   00007ffeee4f63a8 000000015cfba252
0x00007ffeee4f63b8:   00007ffeee4f6410 000000015cfbccc0
0x00007ffeee4f63c8:   0000000000000000 000000015cfba260
0x00007ffeee4f63d8:   00007ffeee4f6388 00007ffeee4f63f8
0x00007ffeee4f63e8:   00007ffeee4f6458 000000010992e2bd
0x00007ffeee4f63f8:   00007f9e31d1c4f0 00000007403791c0
0x00007ffeee4f6408:   00007f9e31ab62e0 00000007403791c0
0x00007ffeee4f6418:   00007ffeee4f6418 000000015fa6644e
0x00007ffeee4f6428:   00007ffeee4f6468 000000015fa66508 

Instructions: (pc=0x00007fff76563e9d)
0x00007fff76563e7d:   0f 1f 00 48 85 ff 2e 74 62 40 f6 c7 01 2e 75 66
0x00007fff76563e8d:   49 ba f8 ff ff ff ff 7f 00 00 4c 23 17 49 89 f3
0x00007fff76563e9d:   45 23 5a 18 49 c1 e3 04 4d 03 5a 10 49 3b 33 75
0x00007fff76563ead:   04 41 ff 63 08 49 83 3b 01 76 0d 49 83 c3 10 49 

Register to memory mapping:

RAX=0x00007f9e31d1c4f0 is an unknown value
RBX=0x000000011b6c8450: Java_jogamp_nativewindow_macosx_OSXUtil_GetScreenRefreshRate0+0x1cf0 in /private/var/folders/pw/kw08pl9n6yzcxbqgsc_vpf_h0000gn/T/jogamp_0000/file_cache/jln7026793094922251852/jln6752927606218062757/libnativewindow_macosx.jnilib at 0x000000011b6c1000
RCX=0x0000000000000001 is an unknown value
RDX=0x0000000000000000 is an unknown value
RSP=0x00007ffeee4f6238 is pointing into the stack for thread: 0x00007f9e2e8d9800
RBP=0x00007ffeee4f62f0 is pointing into the stack for thread: 0x00007f9e2e8d9800
RSI=0x00007fff4dac44e5: .str.41.llvm.371263A9+0x4376f in /System/Library/Frameworks/AppKit.framework/Versions/C/AppKit at 0x00007fff4cdeb000
RDI=0x00007f9e31ab62e0 is an unknown value
R8 =0x00000000e2f70050 is an unknown value
R9 =0x0000000000000001 is an unknown value
R10=0x0000000000000000 is an unknown value
R11=0x00007fff4dac44e5: .str.41.llvm.371263A9+0x4376f in /System/Library/Frameworks/AppKit.framework/Versions/C/AppKit at 0x00007fff4cdeb000
R12=0x0000000000000000 is an unknown value
R13={method} {0x000000015cfba088} 'UnsetJAWTRootSurfaceLayer0' '(JJ)V' in 'jogamp/nativewindow/jawt/macosx/MacOSXJAWTWindow'
R14=0x000000011b6c8440: Java_jogamp_nativewindow_macosx_OSXUtil_GetScreenRefreshRate0+0x1ce0 in /private/var/folders/pw/kw08pl9n6yzcxbqgsc_vpf_h0000gn/T/jogamp_0000/file_cache/jln7026793094922251852/jln6752927606218062757/libnativewindow_macosx.jnilib at 0x000000011b6c1000
R15=0x00007f9e2e8d9800 is a thread


Stack: [0x00007ffeedcfb000,0x00007ffeee4fb000],  sp=0x00007ffeee4f6238,  free space=8172k
Native frames: (J=compiled Java code, j=interpreted, Vv=VM code, C=native code)
C  [libobjc.A.dylib+0x6e9d]  objc_msgSend+0x1d
j  jogamp.nativewindow.jawt.macosx.MacOSXJAWTWindow.UnsetJAWTRootSurfaceLayer0(JJ)V+0
j  jogamp.nativewindow.jawt.macosx.MacOSXJAWTWindow.access$200(JJ)V+2
j  jogamp.nativewindow.jawt.macosx.MacOSXJAWTWindow$1.run()V+38
J 2843 C1 com.jogamp.common.util.RunnableTask.run()V (345 bytes) @ 0x000000010a2d1454 [0x000000010a2d12c0+0x194]
v  ~StubRoutines::call_stub
V  [libjvm.dylib+0x2ecf06]  JavaCalls::call_helper(JavaValue*, methodHandle*, JavaCallArguments*, Thread*)+0x6ae
V  [libjvm.dylib+0x324111]  jni_invoke_nonstatic(JNIEnv_*, JavaValue*, _jobject*, JNICallType, _jmethodID*, JNI_ArgumentPusher*, Thread*)+0x2ec
V  [libjvm.dylib+0x3168df]  jni_CallVoidMethod+0x16b
C  [libnativewindow_macosx.jnilib+0x5326]  Java_jogamp_nativewindow_jawt_macosx_MacOSXJAWTWindow_UnsetJAWTRootSurfaceLayer0+0x2b6
C  [Foundation+0x681c5]  __NSThreadPerformPerform+0x14e
C  [CoreFoundation+0xa3721]  __CFRUNLOOP_IS_CALLING_OUT_TO_A_SOURCE0_PERFORM_FUNCTION__+0x11
C  [CoreFoundation+0x15d0ac]  __CFRunLoopDoSource0+0x6c
C  [CoreFoundation+0x86260]  __CFRunLoopDoSources0+0xd0
C  [CoreFoundation+0x856dd]  __CFRunLoopRun+0x50d
C  [CoreFoundation+0x84f43]  CFRunLoopRunSpecific+0x1e3
C  [HIToolbox+0x2fe26]  RunCurrentEventLoopInMode+0x11e
C  [HIToolbox+0x2fb96]  ReceiveNextEventCommon+0x265
C  [HIToolbox+0x2f914]  _BlockUntilNextEventMatchingListInModeWithFilter+0x40
C  [AppKit+0x41f5f]  _DPSNextEvent+0x825
C  [AppKit+0x7d7b4c]  -[NSApplication(NSEvent) _nextEventMatchingEventMask:untilDate:inMode:dequeue:]+0xbe4
C  [libosxapp.dylib+0x23aa]  -[NSApplicationAWT nextEventMatchingMask:untilDate:inMode:dequeue:]+0x7c
C  [AppKit+0x36d6d]  -[NSApplication run]+0x2fc
C  [libosxapp.dylib+0x214d]  +[NSApplicationAWT runAWTLoopWithApp:]+0x9c
C  [libawt_lwawt.dylib+0x444b3]  -[AWTStarter starter:]+0x389
C  [Foundation+0x681c5]  __NSThreadPerformPerform+0x14e
C  [CoreFoundation+0xa3721]  __CFRUNLOOP_IS_CALLING_OUT_TO_A_SOURCE0_PERFORM_FUNCTION__+0x11
C  [CoreFoundation+0x15d0ac]  __CFRunLoopDoSource0+0x6c
C  [CoreFoundation+0x86260]  __CFRunLoopDoSources0+0xd0
C  [CoreFoundation+0x856dd]  __CFRunLoopRun+0x50d
C  [CoreFoundation+0x84f43]  CFRunLoopRunSpecific+0x1e3
C  [java+0x6465]  CreateExecutionEnvironment+0x367
C  [java+0x218c]  JLI_Launch+0x7a0
C  [java+0x84c2]  main+0x65
C  [java+0x19e4]  start+0x34
C  0x0000000000000007

Java frames: (J=compiled Java code, j=interpreted, Vv=VM code)
j  jogamp.nativewindow.jawt.macosx.MacOSXJAWTWindow.UnsetJAWTRootSurfaceLayer0(JJ)V+0
j  jogamp.nativewindow.jawt.macosx.MacOSXJAWTWindow.access$200(JJ)V+2
j  jogamp.nativewindow.jawt.macosx.MacOSXJAWTWindow$1.run()V+38
J 2843 C1 com.jogamp.common.util.RunnableTask.run()V (345 bytes) @ 0x000000010a2d1454 [0x000000010a2d12c0+0x194]
v  ~StubRoutines::call_stub

---------------  P R O C E S S  ---------------

Java Threads: ( => current thread )
  0x00007f9e328a4000 JavaThread "Thread-19" [_thread_blocked, id=13355, stack(0x000070000dd40000,0x000070000de40000)]
  0x00007f9e2e228000 JavaThread "Animation Thread" [_thread_blocked, id=55063, stack(0x000070000f40e000,0x000070000f50e000)]
  0x00007f9e2e1d1800 JavaThread "AWT-EventQueue-1" [_thread_in_native, id=55823, stack(0x000070000f511000,0x000070000f611000)]
  0x00007f9e2da7f800 JavaThread "DestroyJavaVM" [_thread_blocked, id=9987, stack(0x000070000de46000,0x000070000df46000)]
  0x00007f9e2da62800 JavaThread "AWT-EventQueue-0" [_thread_blocked, id=78339, stack(0x000070000f30b000,0x000070000f40b000)]
  0x00007f9e2d9f9800 JavaThread "Java2D Disposer" daemon [_thread_blocked, id=49423, stack(0x000070000f082000,0x000070000f182000)]
  0x00007f9e2d983000 JavaThread "Java2D Queue Flusher" daemon [_thread_blocked, id=80391, stack(0x000070000ef7f000,0x000070000f07f000)]
  0x00007f9e2d92a000 JavaThread "AWT-Shutdown" [_thread_blocked, id=25899, stack(0x000070000ecf3000,0x000070000edf3000)]
=>0x00007f9e2e8d9800 JavaThread "AWT-AppKit" daemon [_thread_in_native, id=775, stack(0x00007ffeedcfb000,0x00007ffeee4fb000)]
  0x00007f9e2e836000 JavaThread "Service Thread" daemon [_thread_blocked, id=14851, stack(0x000070000eaed000,0x000070000ebed000)]
  0x00007f9e2d801800 JavaThread "C1 CompilerThread2" daemon [_thread_blocked, id=18179, stack(0x000070000e9ea000,0x000070000eaea000)]
  0x00007f9e2e843000 JavaThread "C2 CompilerThread1" daemon [_thread_blocked, id=18435, stack(0x000070000e8e7000,0x000070000e9e7000)]
  0x00007f9e2d049800 JavaThread "C2 CompilerThread0" daemon [_thread_blocked, id=14083, stack(0x000070000e7e4000,0x000070000e8e4000)]
  0x00007f9e2d03c000 JavaThread "Signal Dispatcher" daemon [_thread_blocked, id=19211, stack(0x000070000e6e1000,0x000070000e7e1000)]
  0x00007f9e2d809800 JavaThread "Finalizer" daemon [_thread_blocked, id=11779, stack(0x000070000e55b000,0x000070000e65b000)]
  0x00007f9e2e81d000 JavaThread "Reference Handler" daemon [_thread_blocked, id=20995, stack(0x000070000e458000,0x000070000e558000)]

Other Threads:
  0x00007f9e2e818800 VMThread [stack: 0x000070000e355000,0x000070000e455000] [id=11523]
  0x00007f9e2e856000 WatcherThread [stack: 0x000070000ebf0000,0x000070000ecf0000] [id=15363]

VM state:not at safepoint (normal execution)

VM Mutex/Monitor currently owned by a thread: None

Heap:
 PSYoungGen      total 61952K, used 33389K [0x0000000795580000, 0x0000000799e00000, 0x00000007c0000000)
  eden space 52736K, 54% used [0x0000000795580000,0x000000079718f480,0x0000000798900000)
  from space 9216K, 50% used [0x0000000799500000,0x000000079998c100,0x0000000799e00000)
  to   space 10752K, 0% used [0x0000000798900000,0x0000000798900000,0x0000000799380000)
 ParOldGen       total 68096K, used 17240K [0x0000000740000000, 0x0000000744280000, 0x0000000795580000)
  object space 68096K, 25% used [0x0000000740000000,0x00000007410d61b8,0x0000000744280000)
 Metaspace       used 24067K, capacity 24331K, committed 24832K, reserved 1071104K
  class space    used 2370K, capacity 2482K, committed 2560K, reserved 1048576K

Card table byte_map: [0x000000010335d000,0x000000010375e000] byte_map_base: 0x00000000ff95d000

Marking Bits: (ParMarkBitMap*) 0x00000001028edd20
 Begin Bits: [0x0000000103a09000, 0x0000000105a09000)
 End Bits:   [0x0000000105a09000, 0x0000000107a09000)

Polling page: 0x0000000101781000

CodeCache: size=245760Kb used=10547Kb max_used=11701Kb free=235212Kb
 bounds [0x0000000109926000, 0x000000010a4b6000, 0x0000000118926000]
 total_blobs=3932 nmethods=3014 adapters=831
 compilation: enabled

Compilation events (10 events):
Event: 56.478 Thread 0x00007f9e2d049800 3395       4       java.util.HashSet::remove (20 bytes)
Event: 56.480 Thread 0x00007f9e2d049800 nmethod 3395 0x0000000109cae490 code [0x0000000109cae620, 0x0000000109cae958]
Event: 56.609 Thread 0x00007f9e2e843000 3396   !   4       com.jogamp.nativewindow.awt.JAWTWindow::unlockSurface (85 bytes)
Event: 56.622 Thread 0x00007f9e2e843000 nmethod 3396 0x0000000109e4c950 code [0x0000000109e4cba0, 0x0000000109e4de30]
Event: 58.766 Thread 0x00007f9e2d049800 3397       4       jogamp.opengl.gl4.GL4bcImpl::glUniform3f (57 bytes)
Event: 58.767 Thread 0x00007f9e2d049800 nmethod 3397 0x0000000109a41450 code [0x0000000109a415c0, 0x0000000109a41708]
Event: 59.096 Thread 0x00007f9e2d801800 3398   !   3       sun.lwawt.LWComponentPeer::isShowing (49 bytes)
Event: 59.097 Thread 0x00007f9e2d801800 nmethod 3398 0x0000000109c4f210 code [0x0000000109c4f3c0, 0x0000000109c4fcc8]
Event: 59.112 Thread 0x00007f9e2d801800 3399       1       sun.java2d.SurfaceData::isValid (5 bytes)
Event: 59.112 Thread 0x00007f9e2d801800 nmethod 3399 0x0000000109aff990 code [0x0000000109affae0, 0x0000000109affbf0]

GC Heap History (10 events):
Event: 29.568 GC heap before
{Heap before GC invocations=9 (full 1):
 PSYoungGen      total 70144K, used 62496K [0x0000000795580000, 0x000000079b200000, 0x00000007c0000000)
  eden space 57856K, 100% used [0x0000000795580000,0x0000000798e00000,0x0000000798e00000)
  from space 12288K, 37% used [0x0000000798e00000,0x00000007992880f0,0x0000000799a00000)
  to   space 12288K, 0% used [0x000000079a600000,0x000000079a600000,0x000000079b200000)
 ParOldGen       total 68096K, used 17240K [0x0000000740000000, 0x0000000744280000, 0x0000000795580000)
  object space 68096K, 25% used [0x0000000740000000,0x00000007410d61b8,0x0000000744280000)
 Metaspace       used 24037K, capacity 24299K, committed 24832K, reserved 1071104K
  class space    used 2362K, capacity 2450K, committed 2560K, reserved 1048576K
Event: 29.573 GC heap after
Heap after GC invocations=9 (full 1):
 PSYoungGen      total 61440K, used 4576K [0x0000000795580000, 0x000000079aa80000, 0x00000007c0000000)
  eden space 56832K, 0% used [0x0000000795580000,0x0000000795580000,0x0000000798d00000)
  from space 4608K, 99% used [0x000000079a600000,0x000000079aa780f0,0x000000079aa80000)
  to   space 11776K, 0% used [0x0000000799380000,0x0000000799380000,0x0000000799f00000)
 ParOldGen       total 68096K, used 17240K [0x0000000740000000, 0x0000000744280000, 0x0000000795580000)
  object space 68096K, 25% used [0x0000000740000000,0x00000007410d61b8,0x0000000744280000)
 Metaspace       used 24037K, capacity 24299K, committed 24832K, reserved 1071104K
  class space    used 2362K, capacity 2450K, committed 2560K, reserved 1048576K
}
Event: 36.323 GC heap before
{Heap before GC invocations=10 (full 1):
 PSYoungGen      total 61440K, used 61408K [0x0000000795580000, 0x000000079aa80000, 0x00000007c0000000)
  eden space 56832K, 100% used [0x0000000795580000,0x0000000798d00000,0x0000000798d00000)
  from space 4608K, 99% used [0x000000079a600000,0x000000079aa780f0,0x000000079aa80000)
  to   space 11776K, 0% used [0x0000000799380000,0x0000000799380000,0x0000000799f00000)
 ParOldGen       total 68096K, used 17240K [0x0000000740000000, 0x0000000744280000, 0x0000000795580000)
  object space 68096K, 25% used [0x0000000740000000,0x00000007410d61b8,0x0000000744280000)
 Metaspace       used 24037K, capacity 24299K, committed 24832K, reserved 1071104K
  class space    used 2362K, capacity 2450K, committed 2560K, reserved 1048576K
Event: 36.326 GC heap after
Heap after GC invocations=10 (full 1):
 PSYoungGen      total 60928K, used 4608K [0x0000000795580000, 0x000000079a680000, 0x00000007c0000000)
  eden space 55808K, 0% used [0x0000000795580000,0x0000000795580000,0x0000000798c00000)
  from space 5120K, 90% used [0x0000000799380000,0x00000007998000f0,0x0000000799880000)
  to   space 11776K, 0% used [0x0000000799b00000,0x0000000799b00000,0x000000079a680000)
 ParOldGen       total 68096K, used 17240K [0x0000000740000000, 0x0000000744280000, 0x0000000795580000)
  object space 68096K, 25% used [0x0000000740000000,0x00000007410d61b8,0x0000000744280000)
 Metaspace       used 24037K, capacity 24299K, committed 24832K, reserved 1071104K
  class space    used 2362K, capacity 2450K, committed 2560K, reserved 1048576K
}
Event: 42.975 GC heap before
{Heap before GC invocations=11 (full 1):
 PSYoungGen      total 60928K, used 60416K [0x0000000795580000, 0x000000079a680000, 0x00000007c0000000)
  eden space 55808K, 100% used [0x0000000795580000,0x0000000798c00000,0x0000000798c00000)
  from space 5120K, 90% used [0x0000000799380000,0x00000007998000f0,0x0000000799880000)
  to   space 11776K, 0% used [0x0000000799b00000,0x0000000799b00000,0x000000079a680000)
 ParOldGen       total 68096K, used 17240K [0x0000000740000000, 0x0000000744280000, 0x0000000795580000)
  object space 68096K, 25% used [0x0000000740000000,0x00000007410d61b8,0x0000000744280000)
 Metaspace       used 24037K, capacity 24299K, committed 24832K, reserved 1071104K
  class space    used 2362K, capacity 2450K, committed 2560K, reserved 1048576K
Event: 42.977 GC heap after
Heap after GC invocations=11 (full 1):
 PSYoungGen      total 60928K, used 4656K [0x0000000795580000, 0x000000079a100000, 0x00000007c0000000)
  eden space 54784K, 0% used [0x0000000795580000,0x0000000795580000,0x0000000798b00000)
  from space 6144K, 75% used [0x0000000799b00000,0x0000000799f8c100,0x000000079a100000)
  to   space 11264K, 0% used [0x0000000798b00000,0x0000000798b00000,0x0000000799600000)
 ParOldGen       total 68096K, used 17240K [0x0000000740000000, 0x0000000744280000, 0x0000000795580000)
  object space 68096K, 25% used [0x0000000740000000,0x00000007410d61b8,0x0000000744280000)
 Metaspace       used 24037K, capacity 24299K, committed 24832K, reserved 1071104K
  class space    used 2362K, capacity 2450K, committed 2560K, reserved 1048576K
}
Event: 49.492 GC heap before
{Heap before GC invocations=12 (full 1):
 PSYoungGen      total 60928K, used 59440K [0x0000000795580000, 0x000000079a100000, 0x00000007c0000000)
  eden space 54784K, 100% used [0x0000000795580000,0x0000000798b00000,0x0000000798b00000)
  from space 6144K, 75% used [0x0000000799b00000,0x0000000799f8c100,0x000000079a100000)
  to   space 11264K, 0% used [0x0000000798b00000,0x0000000798b00000,0x0000000799600000)
 ParOldGen       total 68096K, used 17240K [0x0000000740000000, 0x0000000744280000, 0x0000000795580000)
  object space 68096K, 25% used [0x0000000740000000,0x00000007410d61b8,0x0000000744280000)
 Metaspace       used 24037K, capacity 24299K, committed 24832K, reserved 1071104K
  class space    used 2362K, capacity 2450K, committed 2560K, reserved 1048576K
Event: 49.494 GC heap after
Heap after GC invocations=12 (full 1):
 PSYoungGen      total 58880K, used 4656K [0x0000000795580000, 0x000000079a000000, 0x00000007c0000000)
  eden space 53760K, 0% used [0x0000000795580000,0x0000000795580000,0x0000000798a00000)
  from space 5120K, 90% used [0x0000000798b00000,0x0000000798f8c100,0x0000000799000000)
  to   space 11264K, 0% used [0x0000000799500000,0x0000000799500000,0x000000079a000000)
 ParOldGen       total 68096K, used 17240K [0x0000000740000000, 0x0000000744280000, 0x0000000795580000)
  object space 68096K, 25% used [0x0000000740000000,0x00000007410d61b8,0x0000000744280000)
 Metaspace       used 24037K, capacity 24299K, committed 24832K, reserved 1071104K
  class space    used 2362K, capacity 2450K, committed 2560K, reserved 1048576K
}
Event: 55.895 GC heap before
{Heap before GC invocations=13 (full 1):
 PSYoungGen      total 58880K, used 58416K [0x0000000795580000, 0x000000079a000000, 0x00000007c0000000)
  eden space 53760K, 100% used [0x0000000795580000,0x0000000798a00000,0x0000000798a00000)
  from space 5120K, 90% used [0x0000000798b00000,0x0000000798f8c100,0x0000000799000000)
  to   space 11264K, 0% used [0x0000000799500000,0x0000000799500000,0x000000079a000000)
 ParOldGen       total 68096K, used 17240K [0x0000000740000000, 0x0000000744280000, 0x0000000795580000)
  object space 68096K, 25% used [0x0000000740000000,0x00000007410d61b8,0x0000000744280000)
 Metaspace       used 24037K, capacity 24299K, committed 24832K, reserved 1071104K
  class space    used 2362K, capacity 2450K, committed 2560K, reserved 1048576K
Event: 55.899 GC heap after
Heap after GC invocations=13 (full 1):
 PSYoungGen      total 61952K, used 4656K [0x0000000795580000, 0x0000000799e00000, 0x00000007c0000000)
  eden space 52736K, 0% used [0x0000000795580000,0x0000000795580000,0x0000000798900000)
  from space 9216K, 50% used [0x0000000799500000,0x000000079998c100,0x0000000799e00000)
  to   space 10752K, 0% used [0x0000000798900000,0x0000000798900000,0x0000000799380000)
 ParOldGen       total 68096K, used 17240K [0x0000000740000000, 0x0000000744280000, 0x0000000795580000)
  object space 68096K, 25% used [0x0000000740000000,0x00000007410d61b8,0x0000000744280000)
 Metaspace       used 24037K, capacity 24299K, committed 24832K, reserved 1071104K
  class space    used 2362K, capacity 2450K, committed 2560K, reserved 1048576K
}

Deoptimization events (10 events):
Event: 59.099 Thread 0x00007f9e2da62800 Uncommon trap: reason=unstable_if action=reinterpret pc=0x0000000109f7050c method=sun.java2d.pipe.Region.intersectsQuickCheck(Lsun/java2d/pipe/Region;)Z @ 41
Event: 59.099 Thread 0x00007f9e2da62800 Uncommon trap: reason=unstable_if action=reinterpret pc=0x000000010a202f34 method=java.awt.font.FontRenderContext.equals(Ljava/awt/font/FontRenderContext;)Z @ 2
Event: 59.111 Thread 0x00007f9e2d9fb800 Uncommon trap: reason=class_check action=maybe_recompile pc=0x0000000109d5b468 method=java.util.HashMap.putVal(ILjava/lang/Object;Ljava/lang/Object;ZZ)Ljava/lang/Object; @ 91
Event: 59.111 Thread 0x00007f9e2d9fb800 Uncommon trap: reason=class_check action=maybe_recompile pc=0x0000000109d5b468 method=java.util.HashMap.putVal(ILjava/lang/Object;Ljava/lang/Object;ZZ)Ljava/lang/Object; @ 91
Event: 59.111 Thread 0x00007f9e2d9fb800 Uncommon trap: reason=class_check action=maybe_recompile pc=0x0000000109d5b468 method=java.util.HashMap.putVal(ILjava/lang/Object;Ljava/lang/Object;ZZ)Ljava/lang/Object; @ 91
Event: 59.111 Thread 0x00007f9e2d9fb800 Uncommon trap: reason=class_check action=maybe_recompile pc=0x0000000109d5b468 method=java.util.HashMap.putVal(ILjava/lang/Object;Ljava/lang/Object;ZZ)Ljava/lang/Object; @ 91
Event: 59.111 Thread 0x00007f9e2d9fb800 Uncommon trap: reason=class_check action=maybe_recompile pc=0x0000000109d366f8 method=java.util.HashMap.putVal(ILjava/lang/Object;Ljava/lang/Object;ZZ)Ljava/lang/Object; @ 91
Event: 59.124 Thread 0x00007f9e2e1d1800 Uncommon trap: reason=unstable_if action=reinterpret pc=0x0000000109f56fd8 method=java.util.LinkedList$ListItr.<init>(Ljava/util/LinkedList;I)V @ 26
Event: 59.124 Thread 0x00007f9e2e1d1800 Uncommon trap: reason=unstable_if action=reinterpret pc=0x000000010a3f82f8 method=java.security.AccessControlContext.optimize()Ljava/security/AccessControlContext; @ 233
Event: 59.125 Thread 0x00007f9e2e1d1800 Uncommon trap: reason=unstable_if action=reinterpret pc=0x0000000109ceba04 method=java.util.LinkedList$ListItr.<init>(Ljava/util/LinkedList;I)V @ 26

Internal exceptions (10 events):
Event: 0.111 Thread 0x00007f9e2e801800 Exception <a 'java/lang/NoSuchFieldError': method resolution failed> (0x0000000795786338) thrown at [/HUDSON3/workspace/8-2-build-macosx-x86_64/jdk8u101/7261/hotspot/src/share/vm/prims/methodHandles.cpp, line 1146]
Event: 0.112 Thread 0x00007f9e2e801800 Exception <a 'java/lang/NoSuchFieldError': method resolution failed> (0x0000000795793b08) thrown at [/HUDSON3/workspace/8-2-build-macosx-x86_64/jdk8u101/7261/hotspot/src/share/vm/prims/methodHandles.cpp, line 1146]
Event: 0.243 Thread 0x00007f9e2e801800 Exception <a 'java/io/FileNotFoundException'> (0x000000079580f280) thrown at [/HUDSON3/workspace/8-2-build-macosx-x86_64/jdk8u101/7261/hotspot/src/share/vm/prims/jni.cpp, line 709]
Event: 0.243 Thread 0x00007f9e2e801800 Exception <a 'java/io/FileNotFoundException'> (0x000000079580fe20) thrown at [/HUDSON3/workspace/8-2-build-macosx-x86_64/jdk8u101/7261/hotspot/src/share/vm/prims/jni.cpp, line 709]
Event: 0.316 Thread 0x00007f9e2e801800 Exception <a 'java/io/FileNotFoundException'> (0x000000079594be08) thrown at [/HUDSON3/workspace/8-2-build-macosx-x86_64/jdk8u101/7261/hotspot/src/share/vm/prims/jni.cpp, line 709]
Event: 1.548 Thread 0x00007f9e2e228000 Exception <a 'java/lang/UnsatisfiedLinkError': com.jogamp.common.util.JarUtil.fixNativeLibAttribs(Ljava/lang/String;)Z> (0x0000000796b43270) thrown at [/HUDSON3/workspace/8-2-build-macosx-x86_64/jdk8u101/7261/hotspot/src/share/vm/prims/nativeLookup.cpp, l
Event: 1.893 Thread 0x00007f9e2d809800 Exception <a 'java/lang/NullPointerException'> (0x00000007956ab8b0) thrown at [/HUDSON3/workspace/8-2-build-macosx-x86_64/jdk8u101/7261/hotspot/src/share/vm/interpreter/linkResolver.cpp, line 1178]
Event: 2.416 Thread 0x00007f9e2e1d1800 Exception <a 'java/io/FileNotFoundException'> (0x0000000795e5bb80) thrown at [/HUDSON3/workspace/8-2-build-macosx-x86_64/jdk8u101/7261/hotspot/src/share/vm/prims/jni.cpp, line 709]
Event: 2.416 Thread 0x00007f9e2e1d1800 Exception <a 'java/io/FileNotFoundException'> (0x0000000795e62058) thrown at [/HUDSON3/workspace/8-2-build-macosx-x86_64/jdk8u101/7261/hotspot/src/share/vm/prims/jni.cpp, line 709]
Event: 2.416 Thread 0x00007f9e2e1d1800 Implicit null exception at 0x0000000109ac5d35 to 0x0000000109ac60a5

Events (10 events):
Event: 59.124 Thread 0x00007f9e2e1d1800 DEOPT UNPACKING pc=0x000000010992b229 sp=0x000070000f60e760 mode 2
Event: 59.124 loading class java/awt/LightweightDispatcher$2
Event: 59.124 loading class java/awt/LightweightDispatcher$2 done
Event: 59.124 loading class java/awt/event/AWTEventListenerProxy
Event: 59.124 loading class java/awt/event/AWTEventListenerProxy done
Event: 59.125 loading class java/awt/Toolkit$ToolkitEventMulticaster
Event: 59.125 loading class java/awt/Toolkit$ToolkitEventMulticaster done
Event: 59.125 Thread 0x00007f9e2e1d1800 Uncommon trap: trap_request=0xffffff65 fr.pc=0x0000000109ceba04
Event: 59.125 Thread 0x00007f9e2e1d1800 DEOPT PACKING pc=0x0000000109ceba04 sp=0x000070000f60e830
Event: 59.125 Thread 0x00007f9e2e1d1800 DEOPT UNPACKING pc=0x000000010992b229 sp=0x000070000f60e788 mode 2


Dynamic libraries:
0x0000000027e1d000 	/System/Library/Frameworks/Cocoa.framework/Versions/A/Cocoa
0x0000000027e1d000 	/System/Library/Frameworks/Security.framework/Versions/A/Security
0x0000000027e1d000 	/System/Library/Frameworks/ApplicationServices.framework/Versions/A/ApplicationServices
0x0000000027e1d000 	/usr/lib/libz.1.dylib
0x0000000027e1d000 	/usr/lib/libSystem.B.dylib
0x0000000027e1d000 	/usr/lib/libobjc.A.dylib
0x0000000027e1d000 	/System/Library/Frameworks/CoreFoundation.framework/Versions/A/CoreFoundation
0x0000000027e1d000 	/System/Library/Frameworks/Foundation.framework/Versions/C/Foundation
0x0000000027e1d000 	/System/Library/Frameworks/AppKit.framework/Versions/C/AppKit
0x0000000027e1d000 	/System/Library/Frameworks/CoreData.framework/Versions/A/CoreData
0x0000000027e1d000 	/System/Library/PrivateFrameworks/RemoteViewServices.framework/Versions/A/RemoteViewServices
0x0000000027e1d000 	/System/Library/PrivateFrameworks/UIFoundation.framework/Versions/A/UIFoundation
0x0000000027e1d000 	/System/Library/PrivateFrameworks/DFRFoundation.framework/Versions/A/DFRFoundation
0x0000000027e1d000 	/System/Library/Frameworks/Metal.framework/Versions/A/Metal
0x0000000027e1d000 	/System/Library/PrivateFrameworks/DesktopServicesPriv.framework/Versions/A/DesktopServicesPriv
0x0000000027e1d000 	/usr/lib/libenergytrace.dylib
0x0000000027e1d000 	/System/Library/PrivateFrameworks/SkyLight.framework/Versions/A/SkyLight
0x0000000027e1d000 	/System/Library/Frameworks/CoreGraphics.framework/Versions/A/CoreGraphics
0x0000000027e1d000 	/usr/lib/libScreenReader.dylib
0x0000000027e1d000 	/System/Library/Frameworks/Accelerate.framework/Versions/A/Accelerate
0x0000000027e1d000 	/System/Library/Frameworks/IOSurface.framework/Versions/A/IOSurface
0x0000000027e1d000 	/System/Library/Frameworks/AudioToolbox.framework/Versions/A/AudioToolbox
0x0000000027e1d000 	/System/Library/Frameworks/AudioUnit.framework/Versions/A/AudioUnit
0x0000000027e1d000 	/System/Library/PrivateFrameworks/DataDetectorsCore.framework/Versions/A/DataDetectorsCore
0x0000000027e1d000 	/System/Library/Frameworks/Carbon.framework/Versions/A/Frameworks/HIToolbox.framework/Versions/A/HIToolbox
0x0000000027e1d000 	/usr/lib/libicucore.A.dylib
0x0000000027e1d000 	/System/Library/Frameworks/QuartzCore.framework/Versions/A/QuartzCore
0x0000000027e1d000 	/System/Library/Frameworks/Carbon.framework/Versions/A/Frameworks/SpeechRecognition.framework/Versions/A/SpeechRecognition
0x0000000027e1d000 	/usr/lib/libauto.dylib
0x0000000027e1d000 	/usr/lib/libxml2.2.dylib
0x0000000027e1d000 	/System/Library/PrivateFrameworks/CoreUI.framework/Versions/A/CoreUI
0x0000000027e1d000 	/System/Library/Frameworks/CoreAudio.framework/Versions/A/CoreAudio
0x0000000027e1d000 	/System/Library/Frameworks/DiskArbitration.framework/Versions/A/DiskArbitration
0x0000000027e1d000 	/usr/lib/liblangid.dylib
0x0000000027e1d000 	/System/Library/PrivateFrameworks/MultitouchSupport.framework/Versions/A/MultitouchSupport
0x0000000027e1d000 	/System/Library/Frameworks/IOKit.framework/Versions/A/IOKit
0x0000000027e1d000 	/usr/lib/libDiagnosticMessagesClient.dylib
0x0000000027e1d000 	/System/Library/Frameworks/CoreServices.framework/Versions/A/CoreServices
0x0000000027e1d000 	/System/Library/PrivateFrameworks/PerformanceAnalysis.framework/Versions/A/PerformanceAnalysis
0x0000000027e1d000 	/System/Library/Frameworks/OpenGL.framework/Versions/A/OpenGL
0x0000000027e1d000 	/System/Library/Frameworks/ColorSync.framework/Versions/A/ColorSync
0x0000000027e1d000 	/System/Library/Frameworks/CoreImage.framework/Versions/A/CoreImage
0x0000000027e1d000 	/System/Library/Frameworks/CoreText.framework/Versions/A/CoreText
0x0000000027e1d000 	/System/Library/Frameworks/ImageIO.framework/Versions/A/ImageIO
0x0000000027e1d000 	/System/Library/PrivateFrameworks/Backup.framework/Versions/A/Backup
0x0000000027e1d000 	/usr/lib/libarchive.2.dylib
0x0000000027e1d000 	/System/Library/Frameworks/CFNetwork.framework/Versions/A/CFNetwork
0x0000000027e1d000 	/System/Library/Frameworks/SystemConfiguration.framework/Versions/A/SystemConfiguration
0x0000000027e1d000 	/usr/lib/libCRFSuite.dylib
0x0000000027e1d000 	/usr/lib/libc++.1.dylib
0x0000000027e1d000 	/usr/lib/libc++abi.dylib
0x0000000027e1d000 	/usr/lib/system/libcache.dylib
0x0000000027e1d000 	/usr/lib/system/libcommonCrypto.dylib
0x0000000027e1d000 	/usr/lib/system/libcompiler_rt.dylib
0x0000000027e1d000 	/usr/lib/system/libcopyfile.dylib
0x0000000027e1d000 	/usr/lib/system/libcorecrypto.dylib
0x0000000027e1d000 	/usr/lib/system/libdispatch.dylib
0x0000000027e1d000 	/usr/lib/system/libdyld.dylib
0x0000000027e1d000 	/usr/lib/system/libkeymgr.dylib
0x0000000027e1d000 	/usr/lib/system/liblaunch.dylib
0x0000000027e1d000 	/usr/lib/system/libmacho.dylib
0x0000000027e1d000 	/usr/lib/system/libquarantine.dylib
0x0000000027e1d000 	/usr/lib/system/libremovefile.dylib
0x0000000027e1d000 	/usr/lib/system/libsystem_asl.dylib
0x0000000027e1d000 	/usr/lib/system/libsystem_blocks.dylib
0x0000000027e1d000 	/usr/lib/system/libsystem_c.dylib
0x0000000027e1d000 	/usr/lib/system/libsystem_configuration.dylib
0x0000000027e1d000 	/usr/lib/system/libsystem_coreservices.dylib
0x0000000027e1d000 	/usr/lib/system/libsystem_darwin.dylib
0x0000000027e1d000 	/usr/lib/system/libsystem_dnssd.dylib
0x0000000027e1d000 	/usr/lib/system/libsystem_info.dylib
0x0000000027e1d000 	/usr/lib/system/libsystem_m.dylib
0x0000000027e1d000 	/usr/lib/system/libsystem_malloc.dylib
0x0000000027e1d000 	/usr/lib/system/libsystem_network.dylib
0x0000000027e1d000 	/usr/lib/system/libsystem_networkextension.dylib
0x0000000027e1d000 	/usr/lib/system/libsystem_notify.dylib
0x0000000027e1d000 	/usr/lib/system/libsystem_sandbox.dylib
0x0000000027e1d000 	/usr/lib/system/libsystem_secinit.dylib
0x0000000027e1d000 	/usr/lib/system/libsystem_kernel.dylib
0x0000000027e1d000 	/usr/lib/system/libsystem_platform.dylib
0x0000000027e1d000 	/usr/lib/system/libsystem_pthread.dylib
0x0000000027e1d000 	/usr/lib/system/libsystem_symptoms.dylib
0x0000000027e1d000 	/usr/lib/system/libsystem_trace.dylib
0x0000000027e1d000 	/usr/lib/system/libunwind.dylib
0x0000000027e1d000 	/usr/lib/system/libxpc.dylib
0x0000000027e1d000 	/usr/lib/closure/libclosured.dylib
0x0000000027e1d000 	/usr/lib/libbsm.0.dylib
0x0000000027e1d000 	/usr/lib/system/libkxld.dylib
0x0000000027e1d000 	/usr/lib/libOpenScriptingUtil.dylib
0x0000000027e1d000 	/usr/lib/libcoretls.dylib
0x0000000027e1d000 	/usr/lib/libcoretls_cfhelpers.dylib
0x0000000027e1d000 	/usr/lib/libpam.2.dylib
0x0000000027e1d000 	/usr/lib/libsqlite3.dylib
0x0000000027e1d000 	/usr/lib/libxar.1.dylib
0x0000000027e1d000 	/usr/lib/libbz2.1.0.dylib
0x0000000027e1d000 	/usr/lib/liblzma.5.dylib
0x0000000027e1d000 	/usr/lib/libnetwork.dylib
0x0000000027e1d000 	/usr/lib/libapple_nghttp2.dylib
0x0000000027e1d000 	/usr/lib/libpcap.A.dylib
0x0000000027e1d000 	/usr/lib/libboringssl.dylib
0x0000000027e1d000 	/usr/lib/libusrtcp.dylib
0x0000000027e1d000 	/usr/lib/libapple_crypto.dylib
0x0000000027e1d000 	/System/Library/Frameworks/CoreServices.framework/Versions/A/Frameworks/FSEvents.framework/Versions/A/FSEvents
0x0000000027e1d000 	/System/Library/Frameworks/CoreServices.framework/Versions/A/Frameworks/CarbonCore.framework/Versions/A/CarbonCore
0x0000000027e1d000 	/System/Library/Frameworks/CoreServices.framework/Versions/A/Frameworks/Metadata.framework/Versions/A/Metadata
0x0000000027e1d000 	/System/Library/Frameworks/CoreServices.framework/Versions/A/Frameworks/OSServices.framework/Versions/A/OSServices
0x0000000027e1d000 	/System/Library/Frameworks/CoreServices.framework/Versions/A/Frameworks/SearchKit.framework/Versions/A/SearchKit
0x0000000027e1d000 	/System/Library/Frameworks/CoreServices.framework/Versions/A/Frameworks/AE.framework/Versions/A/AE
0x0000000027e1d000 	/System/Library/Frameworks/CoreServices.framework/Versions/A/Frameworks/LaunchServices.framework/Versions/A/LaunchServices
0x0000000027e1d000 	/System/Library/Frameworks/CoreServices.framework/Versions/A/Frameworks/DictionaryServices.framework/Versions/A/DictionaryServices
0x0000000027e1d000 	/System/Library/Frameworks/CoreServices.framework/Versions/A/Frameworks/SharedFileList.framework/Versions/A/SharedFileList
0x0000000027e1d000 	/System/Library/Frameworks/NetFS.framework/Versions/A/NetFS
0x0000000027e1d000 	/System/Library/PrivateFrameworks/NetAuth.framework/Versions/A/NetAuth
0x0000000027e1d000 	/System/Library/PrivateFrameworks/login.framework/Versions/A/Frameworks/loginsupport.framework/Versions/A/loginsupport
0x0000000027e1d000 	/System/Library/PrivateFrameworks/TCC.framework/Versions/A/TCC
0x0000000027e1d000 	/usr/lib/libmecabra.dylib
0x0000000027e1d000 	/System/Library/Frameworks/ApplicationServices.framework/Versions/A/Frameworks/ATS.framework/Versions/A/ATS
0x0000000027e1d000 	/System/Library/Frameworks/ApplicationServices.framework/Versions/A/Frameworks/ColorSyncLegacy.framework/Versions/A/ColorSyncLegacy
0x0000000027e1d000 	/System/Library/Frameworks/ApplicationServices.framework/Versions/A/Frameworks/HIServices.framework/Versions/A/HIServices
0x0000000027e1d000 	/System/Library/Frameworks/ApplicationServices.framework/Versions/A/Frameworks/LangAnalysis.framework/Versions/A/LangAnalysis
0x0000000027e1d000 	/System/Library/Frameworks/ApplicationServices.framework/Versions/A/Frameworks/PrintCore.framework/Versions/A/PrintCore
0x0000000027e1d000 	/System/Library/Frameworks/ApplicationServices.framework/Versions/A/Frameworks/QD.framework/Versions/A/QD
0x0000000027e1d000 	/System/Library/Frameworks/ApplicationServices.framework/Versions/A/Frameworks/SpeechSynthesis.framework/Versions/A/SpeechSynthesis
0x0000000027e1d000 	/System/Library/Frameworks/CoreDisplay.framework/Versions/A/CoreDisplay
0x0000000027e1d000 	/System/Library/Frameworks/Accelerate.framework/Versions/A/Frameworks/vImage.framework/Versions/A/vImage
0x0000000027e1d000 	/System/Library/Frameworks/Accelerate.framework/Versions/A/Frameworks/vecLib.framework/Versions/A/vecLib
0x0000000027e1d000 	/System/Library/Frameworks/Accelerate.framework/Versions/A/Frameworks/vecLib.framework/Versions/A/libvDSP.dylib
0x0000000027e1d000 	/System/Library/Frameworks/Accelerate.framework/Versions/A/Frameworks/vecLib.framework/Versions/A/libBNNS.dylib
0x0000000027e1d000 	/System/Library/Frameworks/Accelerate.framework/Versions/A/Frameworks/vecLib.framework/Versions/A/libQuadrature.dylib
0x0000000027e1d000 	/System/Library/Frameworks/Accelerate.framework/Versions/A/Frameworks/vecLib.framework/Versions/A/libvMisc.dylib
0x0000000027e1d000 	/System/Library/Frameworks/Accelerate.framework/Versions/A/Frameworks/vecLib.framework/Versions/A/libLAPACK.dylib
0x0000000027e1d000 	/System/Library/Frameworks/Accelerate.framework/Versions/A/Frameworks/vecLib.framework/Versions/A/libBLAS.dylib
0x0000000027e1d000 	/System/Library/Frameworks/Accelerate.framework/Versions/A/Frameworks/vecLib.framework/Versions/A/libLinearAlgebra.dylib
0x0000000027e1d000 	/System/Library/Frameworks/Accelerate.framework/Versions/A/Frameworks/vecLib.framework/Versions/A/libSparse.dylib
0x0000000027e1d000 	/System/Library/Frameworks/Accelerate.framework/Versions/A/Frameworks/vecLib.framework/Versions/A/libSparseBLAS.dylib
0x0000000027e1d000 	/System/Library/PrivateFrameworks/IOAccelerator.framework/Versions/A/IOAccelerator
0x0000000027e1d000 	/System/Library/PrivateFrameworks/IOPresentment.framework/Versions/A/IOPresentment
0x0000000027e1d000 	/System/Library/PrivateFrameworks/DSExternalDisplay.framework/Versions/A/DSExternalDisplay
0x0000000027e1d000 	/System/Library/Frameworks/OpenGL.framework/Versions/A/Libraries/libCoreFSCache.dylib
0x0000000027e1d000 	/System/Library/Frameworks/CoreVideo.framework/Versions/A/CoreVideo
0x0000000027e1d000 	/System/Library/PrivateFrameworks/GraphVisualizer.framework/Versions/A/GraphVisualizer
0x0000000027e1d000 	/System/Library/Frameworks/MetalPerformanceShaders.framework/Versions/A/MetalPerformanceShaders
0x0000000027e1d000 	/usr/lib/libFosl_dynamic.dylib
0x0000000027e1d000 	/System/Library/PrivateFrameworks/FaceCore.framework/Versions/A/FaceCore
0x0000000027e1d000 	/System/Library/Frameworks/OpenCL.framework/Versions/A/OpenCL
0x0000000027e1d000 	/usr/lib/libcompression.dylib
0x0000000027e1d000 	/System/Library/Frameworks/ApplicationServices.framework/Versions/A/Frameworks/ATS.framework/Versions/A/Resources/libFontParser.dylib
0x0000000027e1d000 	/System/Library/Frameworks/ApplicationServices.framework/Versions/A/Frameworks/ATS.framework/Versions/A/Resources/libFontRegistry.dylib
0x0000000027e1d000 	/System/Library/Frameworks/ImageIO.framework/Versions/A/Resources/libJPEG.dylib
0x0000000027e1d000 	/System/Library/Frameworks/ImageIO.framework/Versions/A/Resources/libTIFF.dylib
0x0000000027e1d000 	/System/Library/Frameworks/ImageIO.framework/Versions/A/Resources/libPng.dylib
0x0000000027e1d000 	/System/Library/Frameworks/ImageIO.framework/Versions/A/Resources/libGIF.dylib
0x0000000027e1d000 	/System/Library/Frameworks/ImageIO.framework/Versions/A/Resources/libJP2.dylib
0x0000000027e1d000 	/System/Library/Frameworks/ImageIO.framework/Versions/A/Resources/libRadiance.dylib
0x0000000027e1d000 	/System/Library/PrivateFrameworks/AppleJPEG.framework/Versions/A/AppleJPEG
0x0000000027e1d000 	/System/Library/PrivateFrameworks/MetalTools.framework/Versions/A/MetalTools
0x0000000027e1d000 	/System/Library/Frameworks/MetalPerformanceShaders.framework/Frameworks/MPSCore.framework/Versions/A/MPSCore
0x0000000027e1d000 	/System/Library/Frameworks/MetalPerformanceShaders.framework/Frameworks/MPSImage.framework/Versions/A/MPSImage
0x0000000027e1d000 	/System/Library/Frameworks/MetalPerformanceShaders.framework/Frameworks/MPSMatrix.framework/Versions/A/MPSMatrix
0x0000000027e1d000 	/System/Library/Frameworks/MetalPerformanceShaders.framework/Frameworks/MPSNeuralNetwork.framework/Versions/A/MPSNeuralNetwork
0x0000000027e1d000 	/System/Library/Frameworks/OpenGL.framework/Versions/A/Libraries/libGLU.dylib
0x0000000027e1d000 	/System/Library/Frameworks/OpenGL.framework/Versions/A/Libraries/libGFXShared.dylib
0x0000000027e1d000 	/System/Library/Frameworks/OpenGL.framework/Versions/A/Libraries/libGL.dylib
0x0000000027e1d000 	/System/Library/Frameworks/OpenGL.framework/Versions/A/Libraries/libGLImage.dylib
0x0000000027e1d000 	/System/Library/Frameworks/OpenGL.framework/Versions/A/Libraries/libCVMSPluginSupport.dylib
0x0000000027e1d000 	/System/Library/Frameworks/OpenGL.framework/Versions/A/Libraries/libCoreVMClient.dylib
0x0000000027e1d000 	/usr/lib/libcups.2.dylib
0x0000000027e1d000 	/System/Library/Frameworks/Kerberos.framework/Versions/A/Kerberos
0x0000000027e1d000 	/System/Library/Frameworks/GSS.framework/Versions/A/GSS
0x0000000027e1d000 	/usr/lib/libresolv.9.dylib
0x0000000027e1d000 	/usr/lib/libiconv.2.dylib
0x0000000027e1d000 	/System/Library/PrivateFrameworks/Heimdal.framework/Versions/A/Heimdal
0x0000000027e1d000 	/usr/lib/libheimdal-asn1.dylib
0x0000000027e1d000 	/System/Library/Frameworks/OpenDirectory.framework/Versions/A/OpenDirectory
0x0000000027e1d000 	/System/Library/PrivateFrameworks/CommonAuth.framework/Versions/A/CommonAuth
0x0000000027e1d000 	/System/Library/Frameworks/OpenDirectory.framework/Versions/A/Frameworks/CFOpenDirectory.framework/Versions/A/CFOpenDirectory
0x0000000027e1d000 	/System/Library/Frameworks/SecurityFoundation.framework/Versions/A/SecurityFoundation
0x0000000027e1d000 	/System/Library/PrivateFrameworks/APFS.framework/Versions/A/APFS
0x0000000027e1d000 	/usr/lib/libutil.dylib
0x0000000027e1d000 	/System/Library/PrivateFrameworks/AppleSauce.framework/Versions/A/AppleSauce
0x0000000027e1d000 	/System/Library/PrivateFrameworks/LinguisticData.framework/Versions/A/LinguisticData
0x0000000027e1d000 	/usr/lib/libmarisa.dylib
0x0000000027e1d000 	/System/Library/PrivateFrameworks/Lexicon.framework/Versions/A/Lexicon
0x0000000027e1d000 	/usr/lib/libChineseTokenizer.dylib
0x0000000027e1d000 	/usr/lib/libcmph.dylib
0x0000000027e1d000 	/System/Library/PrivateFrameworks/LanguageModeling.framework/Versions/A/LanguageModeling
0x0000000027e1d000 	/System/Library/PrivateFrameworks/CoreEmoji.framework/Versions/A/CoreEmoji
0x0000000027e1d000 	/System/Library/Frameworks/ServiceManagement.framework/Versions/A/ServiceManagement
0x0000000027e1d000 	/System/Library/PrivateFrameworks/BackgroundTaskManagement.framework/Versions/A/BackgroundTaskManagement
0x0000000027e1d000 	/usr/lib/libxslt.1.dylib
0x0000000027e1d000 	/System/Library/Frameworks/Carbon.framework/Versions/A/Frameworks/Ink.framework/Versions/A/Ink
0x0000000027e1d000 	/System/Library/PrivateFrameworks/TextureIO.framework/Versions/A/TextureIO
0x0000000027e1d000 	/usr/lib/libate.dylib
0x0000000027e1d000 	/System/Library/PrivateFrameworks/CrashReporterSupport.framework/Versions/A/CrashReporterSupport
0x0000000027e1d000 	/System/Library/PrivateFrameworks/Sharing.framework/Versions/A/Sharing
0x0000000027e1d000 	/System/Library/PrivateFrameworks/IconServices.framework/Versions/A/IconServices
0x0000000027e1d000 	/System/Library/PrivateFrameworks/ProtocolBuffer.framework/Versions/A/ProtocolBuffer
0x0000000027e1d000 	/System/Library/PrivateFrameworks/Apple80211.framework/Versions/A/Apple80211
0x0000000027e1d000 	/System/Library/Frameworks/CoreWLAN.framework/Versions/A/CoreWLAN
0x0000000027e1d000 	/System/Library/PrivateFrameworks/CoreUtils.framework/Versions/A/CoreUtils
0x0000000027e1d000 	/System/Library/Frameworks/IOBluetooth.framework/Versions/A/IOBluetooth
0x0000000027e1d000 	/System/Library/PrivateFrameworks/CoreWiFi.framework/Versions/A/CoreWiFi
0x0000000027e1d000 	/System/Library/Frameworks/CoreBluetooth.framework/Versions/A/CoreBluetooth
0x0000000027e1d000 	/System/Library/PrivateFrameworks/SignpostNotification.framework/Versions/A/SignpostNotification
0x0000000027e1d000 	/System/Library/PrivateFrameworks/DebugSymbols.framework/Versions/A/DebugSymbols
0x0000000027e1d000 	/System/Library/PrivateFrameworks/CoreSymbolication.framework/Versions/A/CoreSymbolication
0x0000000027e1d000 	/System/Library/PrivateFrameworks/Symbolication.framework/Versions/A/Symbolication
0x0000000027e1d000 	/System/Library/PrivateFrameworks/AppleFSCompression.framework/Versions/A/AppleFSCompression
0x0000000027e1d000 	/System/Library/PrivateFrameworks/SpeechRecognitionCore.framework/Versions/A/SpeechRecognitionCore
0x0000000102000000 	/Library/Java/JavaVirtualMachines/jdk1.8.0_101.jdk/Contents/Home/jre/lib/server/libjvm.dylib
0x0000000027e1d000 	/usr/lib/libstdc++.6.0.9.dylib
0x000000010173e000 	/Library/Java/JavaVirtualMachines/jdk1.8.0_101.jdk/Contents/Home/jre/lib/libverify.dylib
0x000000010174c000 	/Library/Java/JavaVirtualMachines/jdk1.8.0_101.jdk/Contents/Home/jre/lib/libjava.dylib
0x00000001017cb000 	/Library/Java/JavaVirtualMachines/jdk1.8.0_101.jdk/Contents/Home/jre/lib/libzip.dylib
0x0000000027e1d000 	/System/Library/Frameworks/JavaVM.framework/Versions/A/Frameworks/JavaRuntimeSupport.framework/Versions/A/JavaRuntimeSupport
0x0000000027e1d000 	/System/Library/Frameworks/JavaVM.framework/Versions/A/Frameworks/JavaNativeFoundation.framework/Versions/A/JavaNativeFoundation
0x0000000027e1d000 	/System/Library/Frameworks/JavaVM.framework/Versions/A/JavaVM
0x0000000027e1d000 	/System/Library/Frameworks/Carbon.framework/Versions/A/Carbon
0x0000000027e1d000 	/System/Library/PrivateFrameworks/JavaLaunching.framework/Versions/A/JavaLaunching
0x0000000027e1d000 	/System/Library/Frameworks/Carbon.framework/Versions/A/Frameworks/CommonPanels.framework/Versions/A/CommonPanels
0x0000000027e1d000 	/System/Library/Frameworks/Carbon.framework/Versions/A/Frameworks/Help.framework/Versions/A/Help
0x0000000027e1d000 	/System/Library/Frameworks/Carbon.framework/Versions/A/Frameworks/ImageCapture.framework/Versions/A/ImageCapture
0x0000000027e1d000 	/System/Library/Frameworks/Carbon.framework/Versions/A/Frameworks/OpenScripting.framework/Versions/A/OpenScripting
0x0000000027e1d000 	/System/Library/Frameworks/Carbon.framework/Versions/A/Frameworks/Print.framework/Versions/A/Print
0x0000000027e1d000 	/System/Library/Frameworks/Carbon.framework/Versions/A/Frameworks/SecurityHI.framework/Versions/A/SecurityHI
0x000000011a3ad000 	/Library/Java/JavaVirtualMachines/jdk1.8.0_101.jdk/Contents/Home/jre/lib/libawt.dylib
0x000000011a455000 	/Library/Java/JavaVirtualMachines/jdk1.8.0_101.jdk/Contents/Home/jre/lib/./libmlib_image.dylib
0x000000011a521000 	/Library/Java/JavaVirtualMachines/jdk1.8.0_101.jdk/Contents/Home/jre/lib/libawt_lwawt.dylib
0x000000010981a000 	/Library/Java/JavaVirtualMachines/jdk1.8.0_101.jdk/Contents/Home/jre/lib/./libosxapp.dylib
0x0000000027e1d000 	/System/Library/Frameworks/ExceptionHandling.framework/Versions/A/ExceptionHandling
0x0000000027e1d000 	/System/Library/PrivateFrameworks/CoreServicesInternal.framework/Versions/A/CoreServicesInternal
0x0000000027e1d000 	/System/Library/CoreServices/RawCamera.bundle/Contents/MacOS/RawCamera
0x0000000027e1d000 	/System/Library/PrivateFrameworks/MobileAsset.framework/Versions/A/MobileAsset
0x0000000027e1d000 	/System/Library/PrivateFrameworks/StreamingZip.framework/Versions/A/StreamingZip
0x0000000027e1d000 	/System/Library/Frameworks/MediaToolbox.framework/Versions/A/MediaToolbox
0x0000000027e1d000 	/System/Library/PrivateFrameworks/CoreAVCHD.framework/Versions/A/CoreAVCHD
0x0000000027e1d000 	/System/Library/Frameworks/MediaAccessibility.framework/Versions/A/MediaAccessibility
0x0000000027e1d000 	/System/Library/PrivateFrameworks/Mangrove.framework/Versions/A/Mangrove
0x0000000027e1d000 	/System/Library/Frameworks/CoreMedia.framework/Versions/A/CoreMedia
0x0000000027e1d000 	/System/Library/Frameworks/VideoToolbox.framework/Versions/A/VideoToolbox
0x0000000027e1d000 	/System/Library/PrivateFrameworks/CoreAUC.framework/Versions/A/CoreAUC
0x0000000027e1d000 	/usr/lib/libspindump.dylib
0x0000000027e1d000 	/usr/lib/libdscsym.dylib
0x0000000027e1d000 	/System/Library/PrivateFrameworks/AppleVA.framework/Versions/A/AppleVA
0x0000000027e1d000 	/System/Library/Frameworks/Accelerate.framework/Versions/A/Frameworks/vImage.framework/Versions/A/Libraries/libCGInterfaces.dylib
0x0000000027e1d000 	/System/Library/Frameworks/ApplicationServices.framework/Versions/A/Frameworks/ATS.framework/Versions/A/Resources/libTrueTypeScaler.dylib
0x0000000027e1d000 	/System/Library/Frameworks/OpenGL.framework/Versions/A/Resources/GLEngine.bundle/GLEngine
0x0000000027e1d000 	/System/Library/Frameworks/OpenGL.framework/Versions/A/Libraries/libGLProgrammability.dylib
0x000000011c719000 	/System/Library/Extensions/AppleIntelBDWGraphicsGLDriver.bundle/Contents/MacOS/AppleIntelBDWGraphicsGLDriver
0x0000000027e1d000 	/System/Library/PrivateFrameworks/GPUSupport.framework/Versions/A/Libraries/libGPUSupportMercury.dylib
0x0000000027e1d000 	/System/Library/Frameworks/OpenGL.framework/Versions/A/Resources/GLRendererFloat.bundle/GLRendererFloat
0x0000000027e1d000 	/System/Library/Frameworks/OpenCL.framework/Versions/A/Libraries/libcldcpuengine.dylib
0x0000000027e1d000 	/usr/lib/libcrypto.35.dylib
0x0000000027e1d000 	/System/Library/PrivateFrameworks/TrustEvaluationAgent.framework/Versions/A/TrustEvaluationAgent
0x0000000027e1d000 	/System/Library/Extensions/AppleIntelBDWGraphicsMTLDriver.bundle/Contents/MacOS/AppleIntelBDWGraphicsMTLDriver
0x0000000027e1d000 	/System/Library/PrivateFrameworks/GPUCompiler.framework/Versions/3802/Libraries/libmetal_timestamp.dylib
0x0000000027e1d000 	/System/Library/PrivateFrameworks/FamilyControls.framework/Versions/A/FamilyControls
0x0000000027e1d000 	/System/Library/PrivateFrameworks/CommerceKit.framework/Versions/A/Frameworks/CommerceCore.framework/Versions/A/CommerceCore
0x0000000027e1d000 	/System/Library/PrivateFrameworks/SystemAdministration.framework/Versions/A/SystemAdministration
0x0000000027e1d000 	/System/Library/PrivateFrameworks/AppContainer.framework/Versions/A/AppContainer
0x0000000027e1d000 	/System/Library/PrivateFrameworks/SecCodeWrapper.framework/Versions/A/SecCodeWrapper
0x0000000027e1d000 	/System/Library/PrivateFrameworks/DiskManagement.framework/Versions/A/DiskManagement
0x0000000027e1d000 	/System/Library/Frameworks/DirectoryService.framework/Versions/A/DirectoryService
0x0000000027e1d000 	/System/Library/PrivateFrameworks/DiskImages.framework/Versions/A/DiskImages
0x0000000027e1d000 	/System/Library/PrivateFrameworks/LoginUIKit.framework/Versions/A/Frameworks/LoginUICore.framework/Versions/A/LoginUICore
0x0000000027e1d000 	/usr/lib/libCoreStorage.dylib
0x0000000027e1d000 	/usr/lib/libcsfde.dylib
0x0000000027e1d000 	/usr/lib/libodfde.dylib
0x0000000027e1d000 	/System/Library/PrivateFrameworks/MediaKit.framework/Versions/A/MediaKit
0x0000000027e1d000 	/System/Library/Frameworks/DiscRecording.framework/Versions/A/DiscRecording
0x0000000027e1d000 	/System/Library/PrivateFrameworks/EFILogin.framework/Versions/A/EFILogin
0x0000000027e1d000 	/System/Library/PrivateFrameworks/ProtectedCloudStorage.framework/Versions/A/ProtectedCloudStorage
0x0000000027e1d000 	/usr/lib/libcurl.4.dylib
0x0000000027e1d000 	/usr/lib/libssl.35.dylib
0x0000000027e1d000 	/System/Library/Frameworks/LDAP.framework/Versions/A/LDAP
0x0000000027e1d000 	/usr/lib/libsasl2.2.dylib
0x0000000027e1d000 	/System/Library/PrivateFrameworks/CoreDaemon.framework/Versions/B/CoreDaemon
0x0000000027e1d000 	/System/Library/PrivateFrameworks/AppleSRP.framework/Versions/A/AppleSRP
0x000000011de4b000 	/Library/Java/JavaVirtualMachines/jdk1.8.0_101.jdk/Contents/Home/jre/lib/libfontmanager.dylib
0x000000011f127000 	/Library/Java/JavaVirtualMachines/jdk1.8.0_101.jdk/Contents/Home/jre/lib/libosxui.dylib
0x00000001202ba000 	/Library/Java/JavaVirtualMachines/jdk1.8.0_101.jdk/Contents/Home/jre/lib/libnet.dylib
0x0000000120319000 	/Library/Java/JavaVirtualMachines/jdk1.8.0_101.jdk/Contents/Home/jre/lib/libnio.dylib
0x0000000027e1d000 	/System/Library/PrivateFrameworks/ViewBridge.framework/Versions/A/ViewBridge
0x000000011b6b6000 	/private/var/folders/pw/kw08pl9n6yzcxbqgsc_vpf_h0000gn/T/jogamp_0000/file_cache/jln7026793094922251852/jln6752927606218062757/libgluegen-rt.jnilib
0x000000011b6bb000 	/private/var/folders/pw/kw08pl9n6yzcxbqgsc_vpf_h0000gn/T/jogamp_0000/file_cache/jln7026793094922251852/jln6752927606218062757/libnativewindow_awt.jnilib
0x000000011b6be000 	/Library/Java/JavaVirtualMachines/jdk1.8.0_101.jdk/Contents/Home/jre/lib/libjawt.dylib
0x000000011b6c1000 	/private/var/folders/pw/kw08pl9n6yzcxbqgsc_vpf_h0000gn/T/jogamp_0000/file_cache/jln7026793094922251852/jln6752927606218062757/libnativewindow_macosx.jnilib
0x000000015ce66000 	/private/var/folders/pw/kw08pl9n6yzcxbqgsc_vpf_h0000gn/T/jogamp_0000/file_cache/jln7026793094922251852/jln6752927606218062757/libjogl_desktop.jnilib
0x000000011c67d000 	/Library/Java/JavaVirtualMachines/jdk1.8.0_101.jdk/Contents/Home/jre/lib/libsunec.dylib
0x000000016041b000 	/Library/Java/JavaVirtualMachines/jdk1.8.0_101.jdk/Contents/Home/jre/lib/libt2k.dylib
0x000000011c09d000 	/Library/Java/JavaVirtualMachines/jdk1.8.0_101.jdk/Contents/Home/jre/lib/libjpeg.dylib

VM Arguments:
jvm_args: -Djava.security.policy=java.policy.applet -Dfile.encoding=UTF-8 
java_command: sun.applet.AppletViewer module3.EarthquakeCityMap1519927555255.html
java_class_path (initial): /Users/kathyshannon/Documents/workspace/UCSDUnfoldingMaps/build:/Users/kathyshannon/Documents/workspace/UCSDUnfoldingMaps/lib/core.jar:/Users/kathyshannon/Documents/workspace/UCSDUnfoldingMaps/lib/gluegen-rt.jar:/Users/kathyshannon/Documents/workspace/UCSDUnfoldingMaps/lib/jogl-all.jar:/Users/kathyshannon/Documents/workspace/UCSDUnfoldingMaps/lib/log4j-1.2.15.jar:/Users/kathyshannon/Documents/workspace/UCSDUnfoldingMaps/lib/sqlite-jdbc-3.7.2.jar:/Users/kathyshannon/Documents/workspace/UCSDUnfoldingMaps/lib/json4processing.jar:/Users/kathyshannon/Documents/workspace/UCSDUnfoldingMaps/lib/libTUIO.jar:/Users/kathyshannon/Documents/workspace/UCSDUnfoldingMaps/lib/unfolding.0.9.7-uscd.jar
Launcher Type: SUN_STANDARD

Environment Variables:
PATH=/usr/bin:/bin:/usr/sbin:/sbin
SHELL=/bin/bash
DISPLAY=/private/tmp/com.apple.launchd.T8pKsXjNcK/org.macosforge.xquartz:0

Signal Handlers:
SIGSEGV: [libjvm.dylib+0x5af145], sa_mask[0]=11111111011111110111111111111111, sa_flags=SA_ONSTACK|SA_RESTART|SA_SIGINFO
SIGBUS: [libjvm.dylib+0x5af145], sa_mask[0]=11111111011111110111111111111111, sa_flags=SA_RESTART|SA_SIGINFO
SIGFPE: [libjvm.dylib+0x48694c], sa_mask[0]=11111111011111110111111111111111, sa_flags=SA_RESTART|SA_SIGINFO
SIGPIPE: [libjvm.dylib+0x48694c], sa_mask[0]=11111111011111110111111111111111, sa_flags=SA_RESTART|SA_SIGINFO
SIGXFSZ: [libjvm.dylib+0x48694c], sa_mask[0]=11111111011111110111111111111111, sa_flags=SA_RESTART|SA_SIGINFO
SIGILL: [libjvm.dylib+0x48694c], sa_mask[0]=11111111011111110111111111111111, sa_flags=SA_RESTART|SA_SIGINFO
SIGUSR1: SIG_DFL, sa_mask[0]=00000000000000000000000000000000, sa_flags=none
SIGUSR2: [libjvm.dylib+0x48646a], sa_mask[0]=00100000000000000000000000000000, sa_flags=SA_RESTART|SA_SIGINFO
SIGHUP: [libjvm.dylib+0x484a41], sa_mask[0]=11111111011111110111111111111111, sa_flags=SA_RESTART|SA_SIGINFO
SIGINT: [libjvm.dylib+0x484a41], sa_mask[0]=11111111011111110111111111111111, sa_flags=SA_RESTART|SA_SIGINFO
SIGTERM: [libjvm.dylib+0x484a41], sa_mask[0]=11111111011111110111111111111111, sa_flags=SA_RESTART|SA_SIGINFO
SIGQUIT: [libjvm.dylib+0x484a41], sa_mask[0]=11111111011111110111111111111111, sa_flags=SA_RESTART|SA_SIGINFO


---------------  S Y S T E M  ---------------

OS:Bsduname:Darwin 17.4.0 Darwin Kernel Version 17.4.0: Sun Dec 17 09:19:54 PST 2017; root:xnu-4570.41.2~1/RELEASE_X86_64 x86_64
rlimit: STACK 8192k, CORE 0k, NPROC 709, NOFILE 10240, AS infinity
load average:2.22 2.09 1.90

CPU:total 4 (4 cores per cpu, 1 threads per core) family 6 model 71 stepping 1, cmov, cx8, fxsr, mmx, sse, sse2, sse3, ssse3, sse4.1, sse4.2, popcnt, avx, avx2, aes, clmul, erms, rtm, 3dnowpref, lzcnt, tsc, tscinvbit, bmi1, bmi2, adx

Memory: 4k page, physical 8388608k(840792k free)

/proc/meminfo:


vm_info: Java HotSpot(TM) 64-Bit Server VM (25.101-b13) for bsd-amd64 JRE (1.8.0_101-b13), built on Jun 22 2016 02:42:15 by "java_re" with gcc 4.2.1 (Based on Apple Inc. build 5658) (LLVM build 2336.11.00)

time: Thu Mar  1 10:06:54 2018
elapsed time: 59 seconds (0d 0h 0m 59s)

