#
# A fatal error has been detected by the Java Runtime Environment:
#
#  SIGSEGV (0xb) at pc=0x00007fff6e74de9d, pid=1291, tid=0x0000000000000307
#
# JRE version: Java(TM) SE Runtime Environment (8.0_101-b13) (build 1.8.0_101-b13)
# Java VM: Java HotSpot(TM) 64-Bit Server VM (25.101-b13 mixed mode bsd-amd64 compressed oops)
# Problematic frame:
# C  [libobjc.A.dylib+0x6e9d]  objc_msgSend+0x1d
#
# Failed to write core dump. Core dumps have been disabled. To enable core dumping, try "ulimit -c unlimited" before starting Java again
#
# If you would like to submit a bug report, please visit:
#   http://bugreport.java.com/bugreport/crash.jsp
# The crash happened outside the Java Virtual Machine in native code.
# See problematic frame for where to report the bug.
#

---------------  T H R E A D  ---------------

Current thread (0x00007fd69e0cb000):  JavaThread "AWT-AppKit" daemon [_thread_in_native, id=775, stack(0x00007ffeea115000,0x00007ffeea915000)]

siginfo: si_signo: 11 (SIGSEGV), si_code: 1 (SEGV_MAPERR), si_addr: 0x0000000000000018

Registers:
RAX=0x00007fd6a31a2ed0, RBX=0x000000011f2f3450, RCX=0x0000000000000001, RDX=0x0000000000000000
RSP=0x00007ffeea910338, RBP=0x00007ffeea9103f0, RSI=0x00007fff45cae4e5, RDI=0x00007fd6a319d4a0
R8 =0x000000006a050063, R9 =0x0000000000000001, R10=0x0000000000000000, R11=0x00007fff45cae4e5
R12=0x0000000000000000, R13=0x000000015fd93e98, R14=0x000000011f2f3440, R15=0x00007fd69e0cb000
RIP=0x00007fff6e74de9d, EFLAGS=0x0000000000010246, ERR=0x0000000000000004
  TRAPNO=0x000000000000000e

Top of Stack: (sp=0x00007ffeea910338)
0x00007ffeea910338:   000000011f2f1157 00007ffeea910390
0x00007ffeea910348:   0000000000000003 00007ffeea910370
0x00007ffeea910358:   0000000105df28e6 000000015fd93e98
0x00007ffeea910368:   000000015fd93e98 00007fd6a31a2ed0
0x00007ffeea910378:   000000011f2f36a0 000000011f2f3710
0x00007ffeea910388:   00007fffa1c7eb88 00007fffa338bfc8
0x00007ffeea910398:   000000011f2f3450 000000011f2f3690
0x00007ffeea9103a8:   00007fd6a31a2ed0 00007fd6a319d4a0
0x00007ffeea9103b8:   00007fd69dc4abc0 00007fd6a31a2ed0
0x00007ffeea9103c8:   00007fd6a319d4a0 00007ffeea910470
0x00007ffeea9103d8:   00007fd69e0cb1f8 000000015fd93e98
0x00007ffeea9103e8:   00007ffeea910498 00007ffeea910460
0x00007ffeea9103f8:   000000010f6cb9d4 00007ffeea910460
0x00007ffeea910408:   000000010f6cb759 000000010f6d7983
0x00007ffeea910418:   000000010f6cb722 00007ffeea910420
0x00007ffeea910428:   000000015fd93e98 00007ffeea910498
0x00007ffeea910438:   000000015fd96ad0 0000000000000000
0x00007ffeea910448:   000000015fd93e98 0000000000000000
0x00007ffeea910458:   00007ffeea910480 00007ffeea9104e0
0x00007ffeea910468:   000000010f6bc2bd 0000000740013620
0x00007ffeea910478:   000000010f6c5538 00007fd6a31a2ed0
0x00007ffeea910488:   000000010f6c6e39 00007fd6a319d4a0
0x00007ffeea910498:   000000010f6c6e02 00007ffeea9104a0
0x00007ffeea9104a8:   000000015fd94062 00007ffeea910508
0x00007ffeea9104b8:   000000015fd96ad0 0000000000000000
0x00007ffeea9104c8:   000000015fd94070 00007ffeea910480
0x00007ffeea9104d8:   00007ffeea9104f0 00007ffeea910550
0x00007ffeea9104e8:   000000010f6bc2bd 00007fd6a31a2ed0
0x00007ffeea9104f8:   0000000740d47318 00007fd6a319d4a0
0x00007ffeea910508:   0000000740d47318 00007ffeea910510
0x00007ffeea910518:   0000000162e796a6 00007ffeea910560
0x00007ffeea910528:   0000000162e79760 0000000000000000 

Instructions: (pc=0x00007fff6e74de9d)
0x00007fff6e74de7d:   0f 1f 00 48 85 ff 2e 74 62 40 f6 c7 01 2e 75 66
0x00007fff6e74de8d:   49 ba f8 ff ff ff ff 7f 00 00 4c 23 17 49 89 f3
0x00007fff6e74de9d:   45 23 5a 18 49 c1 e3 04 4d 03 5a 10 49 3b 33 75
0x00007fff6e74dead:   04 41 ff 63 08 49 83 3b 01 76 0d 49 83 c3 10 49 

Register to memory mapping:

RAX=0x00007fd6a31a2ed0 is an unknown value
RBX=0x000000011f2f3450: Java_jogamp_nativewindow_macosx_OSXUtil_GetScreenRefreshRate0+0x1cf0 in /private/var/folders/pw/kw08pl9n6yzcxbqgsc_vpf_h0000gn/T/jogamp_0000/file_cache/jln6575824450100712778/jln250652178627234140/libnativewindow_macosx.jnilib at 0x000000011f2ec000
RCX=0x0000000000000001 is an unknown value
RDX=0x0000000000000000 is an unknown value
RSP=0x00007ffeea910338 is pointing into the stack for thread: 0x00007fd69e0cb000
RBP=0x00007ffeea9103f0 is pointing into the stack for thread: 0x00007fd69e0cb000
RSI=0x00007fff45cae4e5: .str.41.llvm.371263A9+0x4376f in /System/Library/Frameworks/AppKit.framework/Versions/C/AppKit at 0x00007fff44fd5000
RDI=0x00007fd6a319d4a0 is an unknown value
R8 =0x000000006a050063 is an unknown value
R9 =0x0000000000000001 is an unknown value
R10=0x0000000000000000 is an unknown value
R11=0x00007fff45cae4e5: .str.41.llvm.371263A9+0x4376f in /System/Library/Frameworks/AppKit.framework/Versions/C/AppKit at 0x00007fff44fd5000
R12=0x0000000000000000 is an unknown value
R13={method} {0x000000015fd93e98} 'UnsetJAWTRootSurfaceLayer0' '(JJ)V' in 'jogamp/nativewindow/jawt/macosx/MacOSXJAWTWindow'
R14=0x000000011f2f3440: Java_jogamp_nativewindow_macosx_OSXUtil_GetScreenRefreshRate0+0x1ce0 in /private/var/folders/pw/kw08pl9n6yzcxbqgsc_vpf_h0000gn/T/jogamp_0000/file_cache/jln6575824450100712778/jln250652178627234140/libnativewindow_macosx.jnilib at 0x000000011f2ec000
R15=0x00007fd69e0cb000 is a thread


Stack: [0x00007ffeea115000,0x00007ffeea915000],  sp=0x00007ffeea910338,  free space=8172k
Native frames: (J=compiled Java code, j=interpreted, Vv=VM code, C=native code)
C  [libobjc.A.dylib+0x6e9d]  objc_msgSend+0x1d
j  jogamp.nativewindow.jawt.macosx.MacOSXJAWTWindow.UnsetJAWTRootSurfaceLayer0(JJ)V+0
j  jogamp.nativewindow.jawt.macosx.MacOSXJAWTWindow.access$200(JJ)V+2
j  jogamp.nativewindow.jawt.macosx.MacOSXJAWTWindow$1.run()V+38
j  com.jogamp.common.util.RunnableTask.run()V+24
v  ~StubRoutines::call_stub
V  [libjvm.dylib+0x2ecf06]
V  [libjvm.dylib+0x324111]
V  [libjvm.dylib+0x3168df]
C  [libnativewindow_macosx.jnilib+0x5326]  Java_jogamp_nativewindow_jawt_macosx_MacOSXJAWTWindow_UnsetJAWTRootSurfaceLayer0+0x2b6
C  [Foundation+0x681c5]  __NSThreadPerformPerform+0x14e
C  [CoreFoundation+0xa3721]  __CFRUNLOOP_IS_CALLING_OUT_TO_A_SOURCE0_PERFORM_FUNCTION__+0x11
C  [CoreFoundation+0x15d0ac]  __CFRunLoopDoSource0+0x6c
C  [CoreFoundation+0x86260]  __CFRunLoopDoSources0+0xd0
C  [CoreFoundation+0x856dd]  __CFRunLoopRun+0x50d
C  [CoreFoundation+0x84f43]  CFRunLoopRunSpecific+0x1e3
C  [HIToolbox+0x2fe26]  RunCurrentEventLoopInMode+0x11e
C  [HIToolbox+0x2fa9f]  ReceiveNextEventCommon+0x16e
C  [HIToolbox+0x2f914]  _BlockUntilNextEventMatchingListInModeWithFilter+0x40
C  [AppKit+0x41f5f]  _DPSNextEvent+0x825
C  [AppKit+0x7d7b4c]  -[NSApplication(NSEvent) _nextEventMatchingEventMask:untilDate:inMode:dequeue:]+0xbe4
C  [libosxapp.dylib+0x23aa]  -[NSApplicationAWT nextEventMatchingMask:untilDate:inMode:dequeue:]+0x7c
C  [AppKit+0x36d6d]  -[NSApplication run]+0x2fc
C  [libosxapp.dylib+0x214d]  +[NSApplicationAWT runAWTLoopWithApp:]+0x9c
C  [libawt_lwawt.dylib+0x444b3]  -[AWTStarter starter:]+0x389
C  [Foundation+0x681c5]  __NSThreadPerformPerform+0x14e
C  [CoreFoundation+0xa3721]  __CFRUNLOOP_IS_CALLING_OUT_TO_A_SOURCE0_PERFORM_FUNCTION__+0x11
C  [CoreFoundation+0x15d0ac]  __CFRunLoopDoSource0+0x6c
C  [CoreFoundation+0x86260]  __CFRunLoopDoSources0+0xd0
C  [CoreFoundation+0x856dd]  __CFRunLoopRun+0x50d
C  [CoreFoundation+0x84f43]  CFRunLoopRunSpecific+0x1e3
C  [java+0x6465]  CreateExecutionEnvironment+0x367
C  [java+0x218c]  JLI_Launch+0x7a0
C  [java+0x84c2]  main+0x65
C  [java+0x19e4]  start+0x34
C  0x0000000000000007

Java frames: (J=compiled Java code, j=interpreted, Vv=VM code)
j  jogamp.nativewindow.jawt.macosx.MacOSXJAWTWindow.UnsetJAWTRootSurfaceLayer0(JJ)V+0
j  jogamp.nativewindow.jawt.macosx.MacOSXJAWTWindow.access$200(JJ)V+2
j  jogamp.nativewindow.jawt.macosx.MacOSXJAWTWindow$1.run()V+38
j  com.jogamp.common.util.RunnableTask.run()V+24
v  ~StubRoutines::call_stub

---------------  P R O C E S S  ---------------

Java Threads: ( => current thread )
  0x00007fd6a5004000 JavaThread "Thread-7" [_thread_blocked, id=59187, stack(0x000070000b8ad000,0x000070000b9ad000)]
  0x00007fd69f5f2000 JavaThread "Image Fetcher 2" daemon [_thread_blocked, id=60419, stack(0x000070000bfc2000,0x000070000c0c2000)]
  0x00007fd69e75e800 JavaThread "Image Fetcher 1" daemon [_thread_blocked, id=72963, stack(0x000070000bebf000,0x000070000bfbf000)]
  0x00007fd6a4960800 JavaThread "Image Fetcher 0" daemon [_thread_blocked, id=60163, stack(0x000070000bdbc000,0x000070000bebc000)]
  0x00007fd69f64e800 JavaThread "Keep-Alive-Timer" daemon [_thread_blocked, id=73579, stack(0x000070000bcb9000,0x000070000bdb9000)]
  0x00007fd69f1bb000 JavaThread "AWT-EventQueue-1" [_thread_in_native, id=77339, stack(0x000070000b6a4000,0x000070000b7a4000)]
  0x00007fd69fb1e800 JavaThread "DestroyJavaVM" [_thread_blocked, id=9987, stack(0x0000700009fd9000,0x000070000a0d9000)]
  0x00007fd69e145800 JavaThread "AWT-EventQueue-0" [_thread_blocked, id=80643, stack(0x000070000b41b000,0x000070000b51b000)]
  0x00007fd69e91d000 JavaThread "Java2D Disposer" daemon [_thread_blocked, id=51987, stack(0x000070000b192000,0x000070000b292000)]
  0x00007fd69f9ed000 JavaThread "Java2D Queue Flusher" daemon [_thread_blocked, id=50951, stack(0x000070000b08f000,0x000070000b18f000)]
  0x00007fd69f962000 JavaThread "AWT-Shutdown" [_thread_blocked, id=24875, stack(0x000070000ae86000,0x000070000af86000)]
=>0x00007fd69e0cb000 JavaThread "AWT-AppKit" daemon [_thread_in_native, id=775, stack(0x00007ffeea115000,0x00007ffeea915000)]
  0x00007fd69f80a000 JavaThread "Service Thread" daemon [_thread_blocked, id=17411, stack(0x000070000abfd000,0x000070000acfd000)]
  0x00007fd69e017000 JavaThread "C1 CompilerThread2" daemon [_thread_blocked, id=17923, stack(0x000070000aafa000,0x000070000abfa000)]
  0x00007fd69e83a800 JavaThread "C2 CompilerThread1" daemon [_thread_blocked, id=18179, stack(0x000070000a9f7000,0x000070000aaf7000)]
  0x00007fd69e016800 JavaThread "C2 CompilerThread0" daemon [_thread_blocked, id=13571, stack(0x000070000a8f4000,0x000070000a9f4000)]
  0x00007fd69e015800 JavaThread "Signal Dispatcher" daemon [_thread_blocked, id=13063, stack(0x000070000a7f1000,0x000070000a8f1000)]
  0x00007fd69e828000 JavaThread "Finalizer" daemon [_thread_blocked, id=11779, stack(0x000070000a6ee000,0x000070000a7ee000)]
  0x00007fd69e81f800 JavaThread "Reference Handler" daemon [_thread_blocked, id=11523, stack(0x000070000a5eb000,0x000070000a6eb000)]

Other Threads:
  0x00007fd69f803000 VMThread [stack: 0x000070000a4e8000,0x000070000a5e8000] [id=20995]
  0x00007fd69f806000 WatcherThread [stack: 0x000070000ad00000,0x000070000ae00000] [id=14339]

VM state:not at safepoint (normal execution)

VM Mutex/Monitor currently owned by a thread: None

Heap:
 PSYoungGen      total 254464K, used 146546K [0x0000000795580000, 0x00000007b0280000, 0x00000007c0000000)
  eden space 253952K, 57% used [0x0000000795580000,0x000000079e47ca90,0x00000007a4d80000)
  from space 512K, 25% used [0x00000007b0200000,0x00000007b0220000,0x00000007b0280000)
  to   space 13312K, 0% used [0x00000007ae880000,0x00000007ae880000,0x00000007af580000)
 ParOldGen       total 87552K, used 16380K [0x0000000740000000, 0x0000000745580000, 0x0000000795580000)
  object space 87552K, 18% used [0x0000000740000000,0x0000000740fff020,0x0000000745580000)
 Metaspace       used 19269K, capacity 19443K, committed 19712K, reserved 1067008K
  class space    used 1923K, capacity 2016K, committed 2048K, reserved 1048576K

Card table byte_map: [0x0000000106f5d000,0x000000010735e000] byte_map_base: 0x000000010355d000

Marking Bits: (ParMarkBitMap*) 0x00000001064edd20
 Begin Bits: [0x0000000107609000, 0x0000000109609000)
 End Bits:   [0x0000000109609000, 0x000000010b609000)

Polling page: 0x0000000105367000

CodeCache: size=245760Kb used=7665Kb max_used=7665Kb free=238094Kb
 bounds [0x000000010f6b4000, 0x000000010fe44000, 0x000000011e6b4000]
 total_blobs=2913 nmethods=2038 adapters=789
 compilation: enabled

Compilation events (10 events):
Event: 6.015 Thread 0x00007fd69e017000 2044       3       java.nio.DirectByteBuffer::getInt (39 bytes)
Event: 6.016 Thread 0x00007fd69e017000 nmethod 2044 0x000000010fe2c810 code [0x000000010fe2c980, 0x000000010fe2cc30]
Event: 6.016 Thread 0x00007fd69e017000 2045       1       sun.awt.CGraphicsConfig::getDevice (5 bytes)
Event: 6.016 Thread 0x00007fd69e017000 nmethod 2045 0x000000010fe2c550 code [0x000000010fe2c6a0, 0x000000010fe2c7b0]
Event: 6.061 Thread 0x00007fd69e017000 2046       3       sun.lwawt.LWComponentPeer::localToWindow (62 bytes)
Event: 6.062 Thread 0x00007fd69e017000 nmethod 2046 0x000000010fe34cd0 code [0x000000010fe34ee0, 0x000000010fe35f10]
Event: 6.062 Thread 0x00007fd69e017000 2047       3       java.lang.Math::floor (5 bytes)
Event: 6.062 Thread 0x00007fd69e017000 nmethod 2047 0x000000010fe2c110 code [0x000000010fe2c2a0, 0x000000010fe2c468]
Event: 6.062 Thread 0x00007fd69e017000 2048       3       java.lang.StrictMath::floor (12 bytes)
Event: 6.063 Thread 0x00007fd69e017000 nmethod 2048 0x000000010fe2bd50 code [0x000000010fe2bee0, 0x000000010fe2c068]

GC Heap History (10 events):
Event: 4.201 GC heap before
{Heap before GC invocations=6 (full 0):
 PSYoungGen      total 71680K, used 71667K [0x0000000795580000, 0x000000079ef80000, 0x00000007c0000000)
  eden space 66560K, 100% used [0x0000000795580000,0x0000000799680000,0x0000000799680000)
  from space 5120K, 99% used [0x0000000799680000,0x0000000799b7cca0,0x0000000799b80000)
  to   space 12288K, 0% used [0x000000079e380000,0x000000079e380000,0x000000079ef80000)
 ParOldGen       total 87552K, used 11236K [0x0000000740000000, 0x0000000745580000, 0x0000000795580000)
  object space 87552K, 12% used [0x0000000740000000,0x0000000740af93b8,0x0000000745580000)
 Metaspace       used 19000K, capacity 19213K, committed 19456K, reserved 1067008K
  class space    used 1913K, capacity 1983K, committed 2048K, reserved 1048576K
Event: 4.206 GC heap after
Heap after GC invocations=6 (full 0):
 PSYoungGen      total 145408K, used 5123K [0x0000000795580000, 0x000000079ef80000, 0x00000007c0000000)
  eden space 133120K, 0% used [0x0000000795580000,0x0000000795580000,0x000000079d780000)
  from space 12288K, 41% used [0x000000079e380000,0x000000079e880cb0,0x000000079ef80000)
  to   space 12288K, 0% used [0x000000079d780000,0x000000079d780000,0x000000079e380000)
 ParOldGen       total 87552K, used 11244K [0x0000000740000000, 0x0000000745580000, 0x0000000795580000)
  object space 87552K, 12% used [0x0000000740000000,0x0000000740afb3b8,0x0000000745580000)
 Metaspace       used 19000K, capacity 19213K, committed 19456K, reserved 1067008K
  class space    used 1913K, capacity 1983K, committed 2048K, reserved 1048576K
}
Event: 4.568 GC heap before
{Heap before GC invocations=7 (full 0):
 PSYoungGen      total 145408K, used 138243K [0x0000000795580000, 0x000000079ef80000, 0x00000007c0000000)
  eden space 133120K, 100% used [0x0000000795580000,0x000000079d780000,0x000000079d780000)
  from space 12288K, 41% used [0x000000079e380000,0x000000079e880cb0,0x000000079ef80000)
  to   space 12288K, 0% used [0x000000079d780000,0x000000079d780000,0x000000079e380000)
 ParOldGen       total 87552K, used 11244K [0x0000000740000000, 0x0000000745580000, 0x0000000795580000)
  object space 87552K, 12% used [0x0000000740000000,0x0000000740afb3b8,0x0000000745580000)
 Metaspace       used 19035K, capacity 19213K, committed 19456K, reserved 1067008K
  class space    used 1914K, capacity 1983K, committed 2048K, reserved 1048576K
Event: 4.573 GC heap after
Heap after GC invocations=7 (full 0):
 PSYoungGen      total 145408K, used 1728K [0x0000000795580000, 0x00000007a7280000, 0x00000007c0000000)
  eden space 133120K, 0% used [0x0000000795580000,0x0000000795580000,0x000000079d780000)
  from space 12288K, 14% used [0x000000079d780000,0x000000079d930070,0x000000079e380000)
  to   space 12800K, 0% used [0x00000007a6600000,0x00000007a6600000,0x00000007a7280000)
 ParOldGen       total 87552K, used 14715K [0x0000000740000000, 0x0000000745580000, 0x0000000795580000)
  object space 87552K, 16% used [0x0000000740000000,0x0000000740e5efb0,0x0000000745580000)
 Metaspace       used 19035K, capacity 19213K, committed 19456K, reserved 1067008K
  class space    used 1914K, capacity 1983K, committed 2048K, reserved 1048576K
}
Event: 4.836 GC heap before
{Heap before GC invocations=8 (full 0):
 PSYoungGen      total 145408K, used 134848K [0x0000000795580000, 0x00000007a7280000, 0x00000007c0000000)
  eden space 133120K, 100% used [0x0000000795580000,0x000000079d780000,0x000000079d780000)
  from space 12288K, 14% used [0x000000079d780000,0x000000079d930070,0x000000079e380000)
  to   space 12800K, 0% used [0x00000007a6600000,0x00000007a6600000,0x00000007a7280000)
 ParOldGen       total 87552K, used 14715K [0x0000000740000000, 0x0000000745580000, 0x0000000795580000)
  object space 87552K, 16% used [0x0000000740000000,0x0000000740e5efb0,0x0000000745580000)
 Metaspace       used 19100K, capacity 19277K, committed 19456K, reserved 1067008K
  class space    used 1914K, capacity 1983K, committed 2048K, reserved 1048576K
Event: 4.838 GC heap after
Heap after GC invocations=8 (full 0):
 PSYoungGen      total 278528K, used 192K [0x0000000795580000, 0x00000007a7380000, 0x00000007c0000000)
  eden space 265728K, 0% used [0x0000000795580000,0x0000000795580000,0x00000007a5900000)
  from space 12800K, 1% used [0x00000007a6600000,0x00000007a6630000,0x00000007a7280000)
  to   space 13312K, 0% used [0x00000007a5900000,0x00000007a5900000,0x00000007a6600000)
 ParOldGen       total 87552K, used 16324K [0x0000000740000000, 0x0000000745580000, 0x0000000795580000)
  object space 87552K, 18% used [0x0000000740000000,0x0000000740ff1020,0x0000000745580000)
 Metaspace       used 19100K, capacity 19277K, committed 19456K, reserved 1067008K
  class space    used 1914K, capacity 1983K, committed 2048K, reserved 1048576K
}
Event: 5.413 GC heap before
{Heap before GC invocations=9 (full 0):
 PSYoungGen      total 278528K, used 265920K [0x0000000795580000, 0x00000007a7380000, 0x00000007c0000000)
  eden space 265728K, 100% used [0x0000000795580000,0x00000007a5900000,0x00000007a5900000)
  from space 12800K, 1% used [0x00000007a6600000,0x00000007a6630000,0x00000007a7280000)
  to   space 13312K, 0% used [0x00000007a5900000,0x00000007a5900000,0x00000007a6600000)
 ParOldGen       total 87552K, used 16324K [0x0000000740000000, 0x0000000745580000, 0x0000000795580000)
  object space 87552K, 18% used [0x0000000740000000,0x0000000740ff1020,0x0000000745580000)
 Metaspace       used 19160K, capacity 19347K, committed 19456K, reserved 1067008K
  class space    used 1915K, capacity 1984K, committed 2048K, reserved 1048576K
Event: 5.414 GC heap after
Heap after GC invocations=9 (full 0):
 PSYoungGen      total 279040K, used 128K [0x0000000795580000, 0x00000007b0f00000, 0x00000007c0000000)
  eden space 265728K, 0% used [0x0000000795580000,0x0000000795580000,0x00000007a5900000)
  from space 13312K, 0% used [0x00000007a5900000,0x00000007a5920000,0x00000007a6600000)
  to   space 13312K, 0% used [0x00000007b0200000,0x00000007b0200000,0x00000007b0f00000)
 ParOldGen       total 87552K, used 16348K [0x0000000740000000, 0x0000000745580000, 0x0000000795580000)
  object space 87552K, 18% used [0x0000000740000000,0x0000000740ff7020,0x0000000745580000)
 Metaspace       used 19160K, capacity 19347K, committed 19456K, reserved 1067008K
  class space    used 1915K, capacity 1984K, committed 2048K, reserved 1048576K
}
Event: 5.827 GC heap before
{Heap before GC invocations=10 (full 0):
 PSYoungGen      total 279040K, used 265856K [0x0000000795580000, 0x00000007b0f00000, 0x00000007c0000000)
  eden space 265728K, 100% used [0x0000000795580000,0x00000007a5900000,0x00000007a5900000)
  from space 13312K, 0% used [0x00000007a5900000,0x00000007a5920000,0x00000007a6600000)
  to   space 13312K, 0% used [0x00000007b0200000,0x00000007b0200000,0x00000007b0f00000)
 ParOldGen       total 87552K, used 16348K [0x0000000740000000, 0x0000000745580000, 0x0000000795580000)
  object space 87552K, 18% used [0x0000000740000000,0x0000000740ff7020,0x0000000745580000)
 Metaspace       used 19210K, capacity 19411K, committed 19712K, reserved 1067008K
  class space    used 1915K, capacity 1984K, committed 2048K, reserved 1048576K
Event: 5.828 GC heap after
Heap after GC invocations=10 (full 0):
 PSYoungGen      total 254464K, used 128K [0x0000000795580000, 0x00000007b0280000, 0x00000007c0000000)
  eden space 253952K, 0% used [0x0000000795580000,0x0000000795580000,0x00000007a4d80000)
  from space 512K, 25% used [0x00000007b0200000,0x00000007b0220000,0x00000007b0280000)
  to   space 13312K, 0% used [0x00000007ae880000,0x00000007ae880000,0x00000007af580000)
 ParOldGen       total 87552K, used 16380K [0x0000000740000000, 0x0000000745580000, 0x0000000795580000)
  object space 87552K, 18% used [0x0000000740000000,0x0000000740fff020,0x0000000745580000)
 Metaspace       used 19210K, capacity 19411K, committed 19712K, reserved 1067008K
  class space    used 1915K, capacity 1984K, committed 2048K, reserved 1048576K
}

Deoptimization events (9 events):
Event: 2.157 Thread 0x00007fd69e1b1000 Uncommon trap: reason=unstable_if action=reinterpret pc=0x000000010f87c3e8 method=java.lang.String.toLowerCase(Ljava/util/Locale;)Ljava/lang/String; @ 85
Event: 2.343 Thread 0x00007fd69f005000 Uncommon trap: reason=unstable_if action=reinterpret pc=0x000000010f906dd4 method=java.lang.String.indexOf([CII[CIII)I @ 3
Event: 2.343 Thread 0x00007fd69f005000 Uncommon trap: reason=unstable_if action=reinterpret pc=0x000000010f8e5ed4 method=java.lang.String.indexOf([CII[CIII)I @ 3
Event: 2.343 Thread 0x00007fd69f005000 Uncommon trap: reason=unstable_if action=reinterpret pc=0x000000010f86cb98 method=java.lang.String.indexOf([CII[CIII)I @ 3
Event: 3.265 Thread 0x00007fd69f1bb000 Uncommon trap: reason=unstable_if action=reinterpret pc=0x000000010f858238 method=java.lang.AbstractStringBuilder.append(Ljava/lang/String;)Ljava/lang/AbstractStringBuilder; @ 1
Event: 3.523 Thread 0x00007fd69f1bb000 Uncommon trap: reason=unstable_if action=reinterpret pc=0x000000010fac1abc method=com.jogamp.common.util.IntIntHashMap.get(I)I @ 28
Event: 3.622 Thread 0x00007fd69f1bb000 Uncommon trap: reason=unstable_if action=reinterpret pc=0x000000010fb21070 method=jogamp.opengl.glu.tessellator.Geom.EdgeSign(Ljogamp/opengl/glu/tessellator/GLUvertex;Ljogamp/opengl/glu/tessellator/GLUvertex;Ljogamp/opengl/glu/tessellator/GLUvertex;)D @ 5
Event: 3.637 Thread 0x00007fd69f1bb000 Uncommon trap: reason=unstable_if action=reinterpret pc=0x000000010fa8fd10 method=java.lang.String.trim()Ljava/lang/String; @ 23
Event: 3.714 Thread 0x00007fd69e516800 Uncommon trap: reason=unstable_if action=reinterpret pc=0x000000010faab5d4 method=java.lang.String.regionMatches(ZILjava/lang/String;II)Z @ 123

Internal exceptions (10 events):
Event: 0.285 Thread 0x00007fd69f005000 Exception <a 'java/lang/NoSuchFieldError': method resolution failed> (0x0000000795786338) thrown at [/HUDSON3/workspace/8-2-build-macosx-x86_64/jdk8u101/7261/hotspot/src/share/vm/prims/methodHandles.cpp, line 1146]
Event: 0.286 Thread 0x00007fd69f005000 Exception <a 'java/lang/NoSuchFieldError': method resolution failed> (0x0000000795793b08) thrown at [/HUDSON3/workspace/8-2-build-macosx-x86_64/jdk8u101/7261/hotspot/src/share/vm/prims/methodHandles.cpp, line 1146]
Event: 0.477 Thread 0x00007fd69f005000 Exception <a 'java/io/FileNotFoundException'> (0x000000079580f280) thrown at [/HUDSON3/workspace/8-2-build-macosx-x86_64/jdk8u101/7261/hotspot/src/share/vm/prims/jni.cpp, line 709]
Event: 0.477 Thread 0x00007fd69f005000 Exception <a 'java/io/FileNotFoundException'> (0x000000079580fe20) thrown at [/HUDSON3/workspace/8-2-build-macosx-x86_64/jdk8u101/7261/hotspot/src/share/vm/prims/jni.cpp, line 709]
Event: 0.633 Thread 0x00007fd69f005000 Exception <a 'java/io/FileNotFoundException'> (0x000000079594bdc0) thrown at [/HUDSON3/workspace/8-2-build-macosx-x86_64/jdk8u101/7261/hotspot/src/share/vm/prims/jni.cpp, line 709]
Event: 2.362 Thread 0x00007fd69f005000 Exception <a 'java/lang/UnsatisfiedLinkError': com.jogamp.common.util.JarUtil.fixNativeLibAttribs(Ljava/lang/String;)Z> (0x0000000796b27c18) thrown at [/HUDSON3/workspace/8-2-build-macosx-x86_64/jdk8u101/7261/hotspot/src/share/vm/prims/nativeLookup.cpp, l
Event: 2.724 Thread 0x00007fd69e828000 Exception <a 'java/lang/NullPointerException'> (0x00000007956ab238) thrown at [/HUDSON3/workspace/8-2-build-macosx-x86_64/jdk8u101/7261/hotspot/src/share/vm/interpreter/linkResolver.cpp, line 1178]
Event: 3.265 Thread 0x00007fd69f1bb000 Exception <a 'java/io/FileNotFoundException'> (0x0000000795e6d9a0) thrown at [/HUDSON3/workspace/8-2-build-macosx-x86_64/jdk8u101/7261/hotspot/src/share/vm/prims/jni.cpp, line 709]
Event: 3.265 Thread 0x00007fd69f1bb000 Exception <a 'java/io/FileNotFoundException'> (0x0000000795e73e78) thrown at [/HUDSON3/workspace/8-2-build-macosx-x86_64/jdk8u101/7261/hotspot/src/share/vm/prims/jni.cpp, line 709]
Event: 3.265 Thread 0x00007fd69f1bb000 Implicit null exception at 0x000000010f857eb5 to 0x000000010f858225

Events (10 events):
Event: 6.070 loading class com/jogamp/nativewindow/awt/JAWTWindow$JAWTComponentListener$2
Event: 6.070 loading class com/jogamp/nativewindow/awt/JAWTWindow$JAWTComponentListener$2 done
Event: 6.071 loading class jogamp/nativewindow/jawt/macosx/MacOSXJAWTWindow$1
Event: 6.071 loading class jogamp/nativewindow/jawt/macosx/MacOSXJAWTWindow$1 done
Event: 6.072 loading class java/awt/LightweightDispatcher$2
Event: 6.072 loading class java/awt/LightweightDispatcher$2 done
Event: 6.072 loading class java/awt/event/AWTEventListenerProxy
Event: 6.072 loading class java/awt/event/AWTEventListenerProxy done
Event: 6.072 loading class java/awt/Toolkit$ToolkitEventMulticaster
Event: 6.072 loading class java/awt/Toolkit$ToolkitEventMulticaster done


Dynamic libraries:
0x0000000020007000 	/System/Library/Frameworks/Cocoa.framework/Versions/A/Cocoa
0x0000000020007000 	/System/Library/Frameworks/Security.framework/Versions/A/Security
0x0000000020007000 	/System/Library/Frameworks/ApplicationServices.framework/Versions/A/ApplicationServices
0x0000000020007000 	/usr/lib/libz.1.dylib
0x0000000020007000 	/usr/lib/libSystem.B.dylib
0x0000000020007000 	/usr/lib/libobjc.A.dylib
0x0000000020007000 	/System/Library/Frameworks/CoreFoundation.framework/Versions/A/CoreFoundation
0x0000000020007000 	/System/Library/Frameworks/Foundation.framework/Versions/C/Foundation
0x0000000020007000 	/System/Library/Frameworks/AppKit.framework/Versions/C/AppKit
0x0000000020007000 	/System/Library/Frameworks/CoreData.framework/Versions/A/CoreData
0x0000000020007000 	/System/Library/PrivateFrameworks/RemoteViewServices.framework/Versions/A/RemoteViewServices
0x0000000020007000 	/System/Library/PrivateFrameworks/UIFoundation.framework/Versions/A/UIFoundation
0x0000000020007000 	/System/Library/PrivateFrameworks/DFRFoundation.framework/Versions/A/DFRFoundation
0x0000000020007000 	/System/Library/Frameworks/Metal.framework/Versions/A/Metal
0x0000000020007000 	/System/Library/PrivateFrameworks/DesktopServicesPriv.framework/Versions/A/DesktopServicesPriv
0x0000000020007000 	/usr/lib/libenergytrace.dylib
0x0000000020007000 	/System/Library/PrivateFrameworks/SkyLight.framework/Versions/A/SkyLight
0x0000000020007000 	/System/Library/Frameworks/CoreGraphics.framework/Versions/A/CoreGraphics
0x0000000020007000 	/usr/lib/libScreenReader.dylib
0x0000000020007000 	/System/Library/Frameworks/Accelerate.framework/Versions/A/Accelerate
0x0000000020007000 	/System/Library/Frameworks/IOSurface.framework/Versions/A/IOSurface
0x0000000020007000 	/System/Library/Frameworks/AudioToolbox.framework/Versions/A/AudioToolbox
0x0000000020007000 	/System/Library/Frameworks/AudioUnit.framework/Versions/A/AudioUnit
0x0000000020007000 	/System/Library/PrivateFrameworks/DataDetectorsCore.framework/Versions/A/DataDetectorsCore
0x0000000020007000 	/System/Library/Frameworks/Carbon.framework/Versions/A/Frameworks/HIToolbox.framework/Versions/A/HIToolbox
0x0000000020007000 	/usr/lib/libicucore.A.dylib
0x0000000020007000 	/System/Library/Frameworks/QuartzCore.framework/Versions/A/QuartzCore
0x0000000020007000 	/System/Library/Frameworks/Carbon.framework/Versions/A/Frameworks/SpeechRecognition.framework/Versions/A/SpeechRecognition
0x0000000020007000 	/usr/lib/libauto.dylib
0x0000000020007000 	/usr/lib/libxml2.2.dylib
0x0000000020007000 	/System/Library/PrivateFrameworks/CoreUI.framework/Versions/A/CoreUI
0x0000000020007000 	/System/Library/Frameworks/CoreAudio.framework/Versions/A/CoreAudio
0x0000000020007000 	/System/Library/Frameworks/DiskArbitration.framework/Versions/A/DiskArbitration
0x0000000020007000 	/usr/lib/liblangid.dylib
0x0000000020007000 	/System/Library/PrivateFrameworks/MultitouchSupport.framework/Versions/A/MultitouchSupport
0x0000000020007000 	/System/Library/Frameworks/IOKit.framework/Versions/A/IOKit
0x0000000020007000 	/usr/lib/libDiagnosticMessagesClient.dylib
0x0000000020007000 	/System/Library/Frameworks/CoreServices.framework/Versions/A/CoreServices
0x0000000020007000 	/System/Library/PrivateFrameworks/PerformanceAnalysis.framework/Versions/A/PerformanceAnalysis
0x0000000020007000 	/System/Library/Frameworks/OpenGL.framework/Versions/A/OpenGL
0x0000000020007000 	/System/Library/Frameworks/ColorSync.framework/Versions/A/ColorSync
0x0000000020007000 	/System/Library/Frameworks/CoreImage.framework/Versions/A/CoreImage
0x0000000020007000 	/System/Library/Frameworks/CoreText.framework/Versions/A/CoreText
0x0000000020007000 	/System/Library/Frameworks/ImageIO.framework/Versions/A/ImageIO
0x0000000020007000 	/System/Library/PrivateFrameworks/Backup.framework/Versions/A/Backup
0x0000000020007000 	/usr/lib/libarchive.2.dylib
0x0000000020007000 	/System/Library/Frameworks/CFNetwork.framework/Versions/A/CFNetwork
0x0000000020007000 	/System/Library/Frameworks/SystemConfiguration.framework/Versions/A/SystemConfiguration
0x0000000020007000 	/usr/lib/libCRFSuite.dylib
0x0000000020007000 	/usr/lib/libc++.1.dylib
0x0000000020007000 	/usr/lib/libc++abi.dylib
0x0000000020007000 	/usr/lib/system/libcache.dylib
0x0000000020007000 	/usr/lib/system/libcommonCrypto.dylib
0x0000000020007000 	/usr/lib/system/libcompiler_rt.dylib
0x0000000020007000 	/usr/lib/system/libcopyfile.dylib
0x0000000020007000 	/usr/lib/system/libcorecrypto.dylib
0x0000000020007000 	/usr/lib/system/libdispatch.dylib
0x0000000020007000 	/usr/lib/system/libdyld.dylib
0x0000000020007000 	/usr/lib/system/libkeymgr.dylib
0x0000000020007000 	/usr/lib/system/liblaunch.dylib
0x0000000020007000 	/usr/lib/system/libmacho.dylib
0x0000000020007000 	/usr/lib/system/libquarantine.dylib
0x0000000020007000 	/usr/lib/system/libremovefile.dylib
0x0000000020007000 	/usr/lib/system/libsystem_asl.dylib
0x0000000020007000 	/usr/lib/system/libsystem_blocks.dylib
0x0000000020007000 	/usr/lib/system/libsystem_c.dylib
0x0000000020007000 	/usr/lib/system/libsystem_configuration.dylib
0x0000000020007000 	/usr/lib/system/libsystem_coreservices.dylib
0x0000000020007000 	/usr/lib/system/libsystem_darwin.dylib
0x0000000020007000 	/usr/lib/system/libsystem_dnssd.dylib
0x0000000020007000 	/usr/lib/system/libsystem_info.dylib
0x0000000020007000 	/usr/lib/system/libsystem_m.dylib
0x0000000020007000 	/usr/lib/system/libsystem_malloc.dylib
0x0000000020007000 	/usr/lib/system/libsystem_network.dylib
0x0000000020007000 	/usr/lib/system/libsystem_networkextension.dylib
0x0000000020007000 	/usr/lib/system/libsystem_notify.dylib
0x0000000020007000 	/usr/lib/system/libsystem_sandbox.dylib
0x0000000020007000 	/usr/lib/system/libsystem_secinit.dylib
0x0000000020007000 	/usr/lib/system/libsystem_kernel.dylib
0x0000000020007000 	/usr/lib/system/libsystem_platform.dylib
0x0000000020007000 	/usr/lib/system/libsystem_pthread.dylib
0x0000000020007000 	/usr/lib/system/libsystem_symptoms.dylib
0x0000000020007000 	/usr/lib/system/libsystem_trace.dylib
0x0000000020007000 	/usr/lib/system/libunwind.dylib
0x0000000020007000 	/usr/lib/system/libxpc.dylib
0x0000000020007000 	/usr/lib/closure/libclosured.dylib
0x0000000020007000 	/usr/lib/libbsm.0.dylib
0x0000000020007000 	/usr/lib/system/libkxld.dylib
0x0000000020007000 	/usr/lib/libOpenScriptingUtil.dylib
0x0000000020007000 	/usr/lib/libcoretls.dylib
0x0000000020007000 	/usr/lib/libcoretls_cfhelpers.dylib
0x0000000020007000 	/usr/lib/libpam.2.dylib
0x0000000020007000 	/usr/lib/libsqlite3.dylib
0x0000000020007000 	/usr/lib/libxar.1.dylib
0x0000000020007000 	/usr/lib/libbz2.1.0.dylib
0x0000000020007000 	/usr/lib/liblzma.5.dylib
0x0000000020007000 	/usr/lib/libnetwork.dylib
0x0000000020007000 	/usr/lib/libapple_nghttp2.dylib
0x0000000020007000 	/usr/lib/libpcap.A.dylib
0x0000000020007000 	/usr/lib/libboringssl.dylib
0x0000000020007000 	/usr/lib/libusrtcp.dylib
0x0000000020007000 	/usr/lib/libapple_crypto.dylib
0x0000000020007000 	/System/Library/Frameworks/CoreServices.framework/Versions/A/Frameworks/FSEvents.framework/Versions/A/FSEvents
0x0000000020007000 	/System/Library/Frameworks/CoreServices.framework/Versions/A/Frameworks/CarbonCore.framework/Versions/A/CarbonCore
0x0000000020007000 	/System/Library/Frameworks/CoreServices.framework/Versions/A/Frameworks/Metadata.framework/Versions/A/Metadata
0x0000000020007000 	/System/Library/Frameworks/CoreServices.framework/Versions/A/Frameworks/OSServices.framework/Versions/A/OSServices
0x0000000020007000 	/System/Library/Frameworks/CoreServices.framework/Versions/A/Frameworks/SearchKit.framework/Versions/A/SearchKit
0x0000000020007000 	/System/Library/Frameworks/CoreServices.framework/Versions/A/Frameworks/AE.framework/Versions/A/AE
0x0000000020007000 	/System/Library/Frameworks/CoreServices.framework/Versions/A/Frameworks/LaunchServices.framework/Versions/A/LaunchServices
0x0000000020007000 	/System/Library/Frameworks/CoreServices.framework/Versions/A/Frameworks/DictionaryServices.framework/Versions/A/DictionaryServices
0x0000000020007000 	/System/Library/Frameworks/CoreServices.framework/Versions/A/Frameworks/SharedFileList.framework/Versions/A/SharedFileList
0x0000000020007000 	/System/Library/Frameworks/NetFS.framework/Versions/A/NetFS
0x0000000020007000 	/System/Library/PrivateFrameworks/NetAuth.framework/Versions/A/NetAuth
0x0000000020007000 	/System/Library/PrivateFrameworks/login.framework/Versions/A/Frameworks/loginsupport.framework/Versions/A/loginsupport
0x0000000020007000 	/System/Library/PrivateFrameworks/TCC.framework/Versions/A/TCC
0x0000000020007000 	/usr/lib/libmecabra.dylib
0x0000000020007000 	/System/Library/Frameworks/ApplicationServices.framework/Versions/A/Frameworks/ATS.framework/Versions/A/ATS
0x0000000020007000 	/System/Library/Frameworks/ApplicationServices.framework/Versions/A/Frameworks/ColorSyncLegacy.framework/Versions/A/ColorSyncLegacy
0x0000000020007000 	/System/Library/Frameworks/ApplicationServices.framework/Versions/A/Frameworks/HIServices.framework/Versions/A/HIServices
0x0000000020007000 	/System/Library/Frameworks/ApplicationServices.framework/Versions/A/Frameworks/LangAnalysis.framework/Versions/A/LangAnalysis
0x0000000020007000 	/System/Library/Frameworks/ApplicationServices.framework/Versions/A/Frameworks/PrintCore.framework/Versions/A/PrintCore
0x0000000020007000 	/System/Library/Frameworks/ApplicationServices.framework/Versions/A/Frameworks/QD.framework/Versions/A/QD
0x0000000020007000 	/System/Library/Frameworks/ApplicationServices.framework/Versions/A/Frameworks/SpeechSynthesis.framework/Versions/A/SpeechSynthesis
0x0000000020007000 	/System/Library/Frameworks/CoreDisplay.framework/Versions/A/CoreDisplay
0x0000000020007000 	/System/Library/Frameworks/Accelerate.framework/Versions/A/Frameworks/vImage.framework/Versions/A/vImage
0x0000000020007000 	/System/Library/Frameworks/Accelerate.framework/Versions/A/Frameworks/vecLib.framework/Versions/A/vecLib
0x0000000020007000 	/System/Library/Frameworks/Accelerate.framework/Versions/A/Frameworks/vecLib.framework/Versions/A/libvDSP.dylib
0x0000000020007000 	/System/Library/Frameworks/Accelerate.framework/Versions/A/Frameworks/vecLib.framework/Versions/A/libBNNS.dylib
0x0000000020007000 	/System/Library/Frameworks/Accelerate.framework/Versions/A/Frameworks/vecLib.framework/Versions/A/libQuadrature.dylib
0x0000000020007000 	/System/Library/Frameworks/Accelerate.framework/Versions/A/Frameworks/vecLib.framework/Versions/A/libvMisc.dylib
0x0000000020007000 	/System/Library/Frameworks/Accelerate.framework/Versions/A/Frameworks/vecLib.framework/Versions/A/libLAPACK.dylib
0x0000000020007000 	/System/Library/Frameworks/Accelerate.framework/Versions/A/Frameworks/vecLib.framework/Versions/A/libBLAS.dylib
0x0000000020007000 	/System/Library/Frameworks/Accelerate.framework/Versions/A/Frameworks/vecLib.framework/Versions/A/libLinearAlgebra.dylib
0x0000000020007000 	/System/Library/Frameworks/Accelerate.framework/Versions/A/Frameworks/vecLib.framework/Versions/A/libSparse.dylib
0x0000000020007000 	/System/Library/Frameworks/Accelerate.framework/Versions/A/Frameworks/vecLib.framework/Versions/A/libSparseBLAS.dylib
0x0000000020007000 	/System/Library/PrivateFrameworks/IOAccelerator.framework/Versions/A/IOAccelerator
0x0000000020007000 	/System/Library/PrivateFrameworks/IOPresentment.framework/Versions/A/IOPresentment
0x0000000020007000 	/System/Library/PrivateFrameworks/DSExternalDisplay.framework/Versions/A/DSExternalDisplay
0x0000000020007000 	/System/Library/Frameworks/OpenGL.framework/Versions/A/Libraries/libCoreFSCache.dylib
0x0000000020007000 	/System/Library/Frameworks/CoreVideo.framework/Versions/A/CoreVideo
0x0000000020007000 	/System/Library/PrivateFrameworks/GraphVisualizer.framework/Versions/A/GraphVisualizer
0x0000000020007000 	/System/Library/Frameworks/MetalPerformanceShaders.framework/Versions/A/MetalPerformanceShaders
0x0000000020007000 	/usr/lib/libFosl_dynamic.dylib
0x0000000020007000 	/System/Library/PrivateFrameworks/FaceCore.framework/Versions/A/FaceCore
0x0000000020007000 	/System/Library/Frameworks/OpenCL.framework/Versions/A/OpenCL
0x0000000020007000 	/usr/lib/libcompression.dylib
0x0000000020007000 	/System/Library/Frameworks/ApplicationServices.framework/Versions/A/Frameworks/ATS.framework/Versions/A/Resources/libFontParser.dylib
0x0000000020007000 	/System/Library/Frameworks/ApplicationServices.framework/Versions/A/Frameworks/ATS.framework/Versions/A/Resources/libFontRegistry.dylib
0x0000000020007000 	/System/Library/Frameworks/ImageIO.framework/Versions/A/Resources/libJPEG.dylib
0x0000000020007000 	/System/Library/Frameworks/ImageIO.framework/Versions/A/Resources/libTIFF.dylib
0x0000000020007000 	/System/Library/Frameworks/ImageIO.framework/Versions/A/Resources/libPng.dylib
0x0000000020007000 	/System/Library/Frameworks/ImageIO.framework/Versions/A/Resources/libGIF.dylib
0x0000000020007000 	/System/Library/Frameworks/ImageIO.framework/Versions/A/Resources/libJP2.dylib
0x0000000020007000 	/System/Library/Frameworks/ImageIO.framework/Versions/A/Resources/libRadiance.dylib
0x0000000020007000 	/System/Library/PrivateFrameworks/AppleJPEG.framework/Versions/A/AppleJPEG
0x0000000020007000 	/System/Library/PrivateFrameworks/MetalTools.framework/Versions/A/MetalTools
0x0000000020007000 	/System/Library/Frameworks/MetalPerformanceShaders.framework/Frameworks/MPSCore.framework/Versions/A/MPSCore
0x0000000020007000 	/System/Library/Frameworks/MetalPerformanceShaders.framework/Frameworks/MPSImage.framework/Versions/A/MPSImage
0x0000000020007000 	/System/Library/Frameworks/MetalPerformanceShaders.framework/Frameworks/MPSMatrix.framework/Versions/A/MPSMatrix
0x0000000020007000 	/System/Library/Frameworks/MetalPerformanceShaders.framework/Frameworks/MPSNeuralNetwork.framework/Versions/A/MPSNeuralNetwork
0x0000000020007000 	/System/Library/Frameworks/OpenGL.framework/Versions/A/Libraries/libGLU.dylib
0x0000000020007000 	/System/Library/Frameworks/OpenGL.framework/Versions/A/Libraries/libGFXShared.dylib
0x0000000020007000 	/System/Library/Frameworks/OpenGL.framework/Versions/A/Libraries/libGL.dylib
0x0000000020007000 	/System/Library/Frameworks/OpenGL.framework/Versions/A/Libraries/libGLImage.dylib
0x0000000020007000 	/System/Library/Frameworks/OpenGL.framework/Versions/A/Libraries/libCVMSPluginSupport.dylib
0x0000000020007000 	/System/Library/Frameworks/OpenGL.framework/Versions/A/Libraries/libCoreVMClient.dylib
0x0000000020007000 	/usr/lib/libcups.2.dylib
0x0000000020007000 	/System/Library/Frameworks/Kerberos.framework/Versions/A/Kerberos
0x0000000020007000 	/System/Library/Frameworks/GSS.framework/Versions/A/GSS
0x0000000020007000 	/usr/lib/libresolv.9.dylib
0x0000000020007000 	/usr/lib/libiconv.2.dylib
0x0000000020007000 	/System/Library/PrivateFrameworks/Heimdal.framework/Versions/A/Heimdal
0x0000000020007000 	/usr/lib/libheimdal-asn1.dylib
0x0000000020007000 	/System/Library/Frameworks/OpenDirectory.framework/Versions/A/OpenDirectory
0x0000000020007000 	/System/Library/PrivateFrameworks/CommonAuth.framework/Versions/A/CommonAuth
0x0000000020007000 	/System/Library/Frameworks/OpenDirectory.framework/Versions/A/Frameworks/CFOpenDirectory.framework/Versions/A/CFOpenDirectory
0x0000000020007000 	/System/Library/Frameworks/SecurityFoundation.framework/Versions/A/SecurityFoundation
0x0000000020007000 	/System/Library/PrivateFrameworks/APFS.framework/Versions/A/APFS
0x0000000020007000 	/usr/lib/libutil.dylib
0x0000000020007000 	/System/Library/PrivateFrameworks/AppleSauce.framework/Versions/A/AppleSauce
0x0000000020007000 	/System/Library/PrivateFrameworks/LinguisticData.framework/Versions/A/LinguisticData
0x0000000020007000 	/usr/lib/libmarisa.dylib
0x0000000020007000 	/System/Library/PrivateFrameworks/Lexicon.framework/Versions/A/Lexicon
0x0000000020007000 	/usr/lib/libChineseTokenizer.dylib
0x0000000020007000 	/usr/lib/libcmph.dylib
0x0000000020007000 	/System/Library/PrivateFrameworks/LanguageModeling.framework/Versions/A/LanguageModeling
0x0000000020007000 	/System/Library/PrivateFrameworks/CoreEmoji.framework/Versions/A/CoreEmoji
0x0000000020007000 	/System/Library/Frameworks/ServiceManagement.framework/Versions/A/ServiceManagement
0x0000000020007000 	/System/Library/PrivateFrameworks/BackgroundTaskManagement.framework/Versions/A/BackgroundTaskManagement
0x0000000020007000 	/usr/lib/libxslt.1.dylib
0x0000000020007000 	/System/Library/Frameworks/Carbon.framework/Versions/A/Frameworks/Ink.framework/Versions/A/Ink
0x0000000020007000 	/System/Library/PrivateFrameworks/TextureIO.framework/Versions/A/TextureIO
0x0000000020007000 	/usr/lib/libate.dylib
0x0000000020007000 	/System/Library/PrivateFrameworks/CrashReporterSupport.framework/Versions/A/CrashReporterSupport
0x0000000020007000 	/System/Library/PrivateFrameworks/Sharing.framework/Versions/A/Sharing
0x0000000020007000 	/System/Library/PrivateFrameworks/IconServices.framework/Versions/A/IconServices
0x0000000020007000 	/System/Library/PrivateFrameworks/ProtocolBuffer.framework/Versions/A/ProtocolBuffer
0x0000000020007000 	/System/Library/PrivateFrameworks/Apple80211.framework/Versions/A/Apple80211
0x0000000020007000 	/System/Library/Frameworks/CoreWLAN.framework/Versions/A/CoreWLAN
0x0000000020007000 	/System/Library/PrivateFrameworks/CoreUtils.framework/Versions/A/CoreUtils
0x0000000020007000 	/System/Library/Frameworks/IOBluetooth.framework/Versions/A/IOBluetooth
0x0000000020007000 	/System/Library/PrivateFrameworks/CoreWiFi.framework/Versions/A/CoreWiFi
0x0000000020007000 	/System/Library/Frameworks/CoreBluetooth.framework/Versions/A/CoreBluetooth
0x0000000020007000 	/System/Library/PrivateFrameworks/SignpostNotification.framework/Versions/A/SignpostNotification
0x0000000020007000 	/System/Library/PrivateFrameworks/DebugSymbols.framework/Versions/A/DebugSymbols
0x0000000020007000 	/System/Library/PrivateFrameworks/CoreSymbolication.framework/Versions/A/CoreSymbolication
0x0000000020007000 	/System/Library/PrivateFrameworks/Symbolication.framework/Versions/A/Symbolication
0x0000000020007000 	/System/Library/PrivateFrameworks/AppleFSCompression.framework/Versions/A/AppleFSCompression
0x0000000020007000 	/System/Library/PrivateFrameworks/SpeechRecognitionCore.framework/Versions/A/SpeechRecognitionCore
0x0000000105c00000 	/Library/Java/JavaVirtualMachines/jdk1.8.0_101.jdk/Contents/Home/jre/lib/server/libjvm.dylib
0x0000000020007000 	/usr/lib/libstdc++.6.0.9.dylib
0x0000000105324000 	/Library/Java/JavaVirtualMachines/jdk1.8.0_101.jdk/Contents/Home/jre/lib/libverify.dylib
0x0000000105332000 	/Library/Java/JavaVirtualMachines/jdk1.8.0_101.jdk/Contents/Home/jre/lib/libjava.dylib
0x00000001053b1000 	/Library/Java/JavaVirtualMachines/jdk1.8.0_101.jdk/Contents/Home/jre/lib/libzip.dylib
0x0000000020007000 	/System/Library/Frameworks/JavaVM.framework/Versions/A/Frameworks/JavaRuntimeSupport.framework/Versions/A/JavaRuntimeSupport
0x0000000020007000 	/System/Library/Frameworks/JavaVM.framework/Versions/A/Frameworks/JavaNativeFoundation.framework/Versions/A/JavaNativeFoundation
0x0000000020007000 	/System/Library/Frameworks/JavaVM.framework/Versions/A/JavaVM
0x0000000020007000 	/System/Library/Frameworks/Carbon.framework/Versions/A/Carbon
0x0000000020007000 	/System/Library/PrivateFrameworks/JavaLaunching.framework/Versions/A/JavaLaunching
0x0000000020007000 	/System/Library/Frameworks/Carbon.framework/Versions/A/Frameworks/CommonPanels.framework/Versions/A/CommonPanels
0x0000000020007000 	/System/Library/Frameworks/Carbon.framework/Versions/A/Frameworks/Help.framework/Versions/A/Help
0x0000000020007000 	/System/Library/Frameworks/Carbon.framework/Versions/A/Frameworks/ImageCapture.framework/Versions/A/ImageCapture
0x0000000020007000 	/System/Library/Frameworks/Carbon.framework/Versions/A/Frameworks/OpenScripting.framework/Versions/A/OpenScripting
0x0000000020007000 	/System/Library/Frameworks/Carbon.framework/Versions/A/Frameworks/Print.framework/Versions/A/Print
0x0000000020007000 	/System/Library/Frameworks/Carbon.framework/Versions/A/Frameworks/SecurityHI.framework/Versions/A/SecurityHI
0x000000010ee99000 	/Library/Java/JavaVirtualMachines/jdk1.8.0_101.jdk/Contents/Home/jre/lib/libawt.dylib
0x000000010ef41000 	/Library/Java/JavaVirtualMachines/jdk1.8.0_101.jdk/Contents/Home/jre/lib/./libmlib_image.dylib
0x000000010f00d000 	/Library/Java/JavaVirtualMachines/jdk1.8.0_101.jdk/Contents/Home/jre/lib/libawt_lwawt.dylib
0x000000010f0c2000 	/Library/Java/JavaVirtualMachines/jdk1.8.0_101.jdk/Contents/Home/jre/lib/./libosxapp.dylib
0x0000000020007000 	/System/Library/Frameworks/ExceptionHandling.framework/Versions/A/ExceptionHandling
0x0000000020007000 	/System/Library/PrivateFrameworks/CoreServicesInternal.framework/Versions/A/CoreServicesInternal
0x0000000020007000 	/System/Library/CoreServices/RawCamera.bundle/Contents/MacOS/RawCamera
0x0000000020007000 	/System/Library/PrivateFrameworks/MobileAsset.framework/Versions/A/MobileAsset
0x0000000020007000 	/System/Library/PrivateFrameworks/StreamingZip.framework/Versions/A/StreamingZip
0x0000000020007000 	/System/Library/Frameworks/MediaToolbox.framework/Versions/A/MediaToolbox
0x0000000020007000 	/System/Library/PrivateFrameworks/CoreAVCHD.framework/Versions/A/CoreAVCHD
0x0000000020007000 	/System/Library/Frameworks/MediaAccessibility.framework/Versions/A/MediaAccessibility
0x0000000020007000 	/System/Library/PrivateFrameworks/Mangrove.framework/Versions/A/Mangrove
0x0000000020007000 	/System/Library/Frameworks/CoreMedia.framework/Versions/A/CoreMedia
0x0000000020007000 	/System/Library/Frameworks/VideoToolbox.framework/Versions/A/VideoToolbox
0x0000000020007000 	/System/Library/PrivateFrameworks/CoreAUC.framework/Versions/A/CoreAUC
0x0000000020007000 	/usr/lib/libspindump.dylib
0x0000000020007000 	/usr/lib/libdscsym.dylib
0x0000000020007000 	/System/Library/PrivateFrameworks/AppleVA.framework/Versions/A/AppleVA
0x0000000020007000 	/System/Library/Frameworks/Accelerate.framework/Versions/A/Frameworks/vImage.framework/Versions/A/Libraries/libCGInterfaces.dylib
0x0000000020007000 	/System/Library/Frameworks/ApplicationServices.framework/Versions/A/Frameworks/ATS.framework/Versions/A/Resources/libTrueTypeScaler.dylib
0x0000000020007000 	/System/Library/Frameworks/OpenGL.framework/Versions/A/Resources/GLEngine.bundle/GLEngine
0x0000000020007000 	/System/Library/Frameworks/OpenGL.framework/Versions/A/Libraries/libGLProgrammability.dylib
0x00000001202e5000 	/System/Library/Extensions/AppleIntelBDWGraphicsGLDriver.bundle/Contents/MacOS/AppleIntelBDWGraphicsGLDriver
0x0000000020007000 	/System/Library/PrivateFrameworks/GPUSupport.framework/Versions/A/Libraries/libGPUSupportMercury.dylib
0x0000000020007000 	/System/Library/Frameworks/OpenGL.framework/Versions/A/Resources/GLRendererFloat.bundle/GLRendererFloat
0x0000000020007000 	/System/Library/Frameworks/OpenCL.framework/Versions/A/Libraries/libcldcpuengine.dylib
0x0000000020007000 	/usr/lib/libcrypto.35.dylib
0x0000000020007000 	/System/Library/PrivateFrameworks/TrustEvaluationAgent.framework/Versions/A/TrustEvaluationAgent
0x0000000020007000 	/System/Library/Extensions/AppleIntelBDWGraphicsMTLDriver.bundle/Contents/MacOS/AppleIntelBDWGraphicsMTLDriver
0x0000000020007000 	/System/Library/PrivateFrameworks/GPUCompiler.framework/Versions/3802/Libraries/libmetal_timestamp.dylib
0x0000000020007000 	/System/Library/PrivateFrameworks/FamilyControls.framework/Versions/A/FamilyControls
0x0000000020007000 	/System/Library/PrivateFrameworks/CommerceKit.framework/Versions/A/Frameworks/CommerceCore.framework/Versions/A/CommerceCore
0x0000000020007000 	/System/Library/PrivateFrameworks/SystemAdministration.framework/Versions/A/SystemAdministration
0x0000000020007000 	/System/Library/PrivateFrameworks/AppContainer.framework/Versions/A/AppContainer
0x0000000020007000 	/System/Library/PrivateFrameworks/SecCodeWrapper.framework/Versions/A/SecCodeWrapper
0x0000000020007000 	/System/Library/PrivateFrameworks/DiskManagement.framework/Versions/A/DiskManagement
0x0000000020007000 	/System/Library/Frameworks/DirectoryService.framework/Versions/A/DirectoryService
0x0000000020007000 	/System/Library/PrivateFrameworks/DiskImages.framework/Versions/A/DiskImages
0x0000000020007000 	/System/Library/PrivateFrameworks/LoginUIKit.framework/Versions/A/Frameworks/LoginUICore.framework/Versions/A/LoginUICore
0x0000000020007000 	/usr/lib/libCoreStorage.dylib
0x0000000020007000 	/usr/lib/libcsfde.dylib
0x0000000020007000 	/usr/lib/libodfde.dylib
0x0000000020007000 	/System/Library/PrivateFrameworks/MediaKit.framework/Versions/A/MediaKit
0x0000000020007000 	/System/Library/Frameworks/DiscRecording.framework/Versions/A/DiscRecording
0x0000000020007000 	/System/Library/PrivateFrameworks/EFILogin.framework/Versions/A/EFILogin
0x0000000020007000 	/System/Library/PrivateFrameworks/ProtectedCloudStorage.framework/Versions/A/ProtectedCloudStorage
0x0000000020007000 	/usr/lib/libcurl.4.dylib
0x0000000020007000 	/usr/lib/libssl.35.dylib
0x0000000020007000 	/System/Library/Frameworks/LDAP.framework/Versions/A/LDAP
0x0000000020007000 	/usr/lib/libsasl2.2.dylib
0x0000000020007000 	/System/Library/PrivateFrameworks/CoreDaemon.framework/Versions/B/CoreDaemon
0x0000000020007000 	/System/Library/PrivateFrameworks/AppleSRP.framework/Versions/A/AppleSRP
0x0000000121a12000 	/Library/Java/JavaVirtualMachines/jdk1.8.0_101.jdk/Contents/Home/jre/lib/libfontmanager.dylib
0x0000000122cee000 	/Library/Java/JavaVirtualMachines/jdk1.8.0_101.jdk/Contents/Home/jre/lib/libosxui.dylib
0x0000000020007000 	/System/Library/PrivateFrameworks/ViewBridge.framework/Versions/A/ViewBridge
0x0000000123e61000 	/Library/Java/JavaVirtualMachines/jdk1.8.0_101.jdk/Contents/Home/jre/lib/libnet.dylib
0x0000000123ec0000 	/Library/Java/JavaVirtualMachines/jdk1.8.0_101.jdk/Contents/Home/jre/lib/libnio.dylib
0x000000010f599000 	/private/var/folders/pw/kw08pl9n6yzcxbqgsc_vpf_h0000gn/T/jogamp_0000/file_cache/jln6575824450100712778/jln250652178627234140/libgluegen-rt.jnilib
0x000000010f59e000 	/private/var/folders/pw/kw08pl9n6yzcxbqgsc_vpf_h0000gn/T/jogamp_0000/file_cache/jln6575824450100712778/jln250652178627234140/libnativewindow_awt.jnilib
0x000000010f5a1000 	/Library/Java/JavaVirtualMachines/jdk1.8.0_101.jdk/Contents/Home/jre/lib/libjawt.dylib
0x000000011f2ec000 	/private/var/folders/pw/kw08pl9n6yzcxbqgsc_vpf_h0000gn/T/jogamp_0000/file_cache/jln6575824450100712778/jln250652178627234140/libnativewindow_macosx.jnilib
0x000000015b31c000 	/private/var/folders/pw/kw08pl9n6yzcxbqgsc_vpf_h0000gn/T/jogamp_0000/file_cache/jln6575824450100712778/jln250652178627234140/libjogl_desktop.jnilib

VM Arguments:
jvm_args: -Djava.security.policy=java.policy.applet -Dfile.encoding=UTF-8 
java_command: sun.applet.AppletViewer demos.LifeExpectancyMap1519847733607.html
java_class_path (initial): /Users/kathyshannon/Documents/workspace/UCSDUnfoldingMaps/build:/Users/kathyshannon/Documents/workspace/UCSDUnfoldingMaps/lib/core.jar:/Users/kathyshannon/Documents/workspace/UCSDUnfoldingMaps/lib/gluegen-rt.jar:/Users/kathyshannon/Documents/workspace/UCSDUnfoldingMaps/lib/jogl-all.jar:/Users/kathyshannon/Documents/workspace/UCSDUnfoldingMaps/lib/log4j-1.2.15.jar:/Users/kathyshannon/Documents/workspace/UCSDUnfoldingMaps/lib/sqlite-jdbc-3.7.2.jar:/Users/kathyshannon/Documents/workspace/UCSDUnfoldingMaps/lib/json4processing.jar:/Users/kathyshannon/Documents/workspace/UCSDUnfoldingMaps/lib/libTUIO.jar:/Users/kathyshannon/Documents/workspace/UCSDUnfoldingMaps/lib/unfolding.0.9.7-uscd.jar
Launcher Type: SUN_STANDARD

Environment Variables:
PATH=/usr/bin:/bin:/usr/sbin:/sbin
SHELL=/bin/bash
DISPLAY=/private/tmp/com.apple.launchd.MUWqX9qNov/org.macosforge.xquartz:0

Signal Handlers:
SIGSEGV: [libjvm.dylib+0x5af145], sa_mask[0]=11111111011111110111111111111111, sa_flags=SA_ONSTACK|SA_RESTART|SA_SIGINFO
SIGBUS: [libjvm.dylib+0x5af145], sa_mask[0]=11111111011111110111111111111111, sa_flags=SA_RESTART|SA_SIGINFO
SIGFPE: [libjvm.dylib+0x48694c], sa_mask[0]=11111111011111110111111111111111, sa_flags=SA_RESTART|SA_SIGINFO
SIGPIPE: [libjvm.dylib+0x48694c], sa_mask[0]=11111111011111110111111111111111, sa_flags=SA_RESTART|SA_SIGINFO
SIGXFSZ: [libjvm.dylib+0x48694c], sa_mask[0]=11111111011111110111111111111111, sa_flags=SA_RESTART|SA_SIGINFO
SIGILL: [libjvm.dylib+0x48694c], sa_mask[0]=11111111011111110111111111111111, sa_flags=SA_RESTART|SA_SIGINFO
SIGUSR1: SIG_DFL, sa_mask[0]=00000000000000000000000000000000, sa_flags=none
SIGUSR2: [libjvm.dylib+0x48646a], sa_mask[0]=00100000000000000000000000000000, sa_flags=SA_RESTART|SA_SIGINFO
SIGHUP: [libjvm.dylib+0x484a41], sa_mask[0]=11111111011111110111111111111111, sa_flags=SA_RESTART|SA_SIGINFO
SIGINT: [libjvm.dylib+0x484a41], sa_mask[0]=11111111011111110111111111111111, sa_flags=SA_RESTART|SA_SIGINFO
SIGTERM: [libjvm.dylib+0x484a41], sa_mask[0]=11111111011111110111111111111111, sa_flags=SA_RESTART|SA_SIGINFO
SIGQUIT: [libjvm.dylib+0x484a41], sa_mask[0]=11111111011111110111111111111111, sa_flags=SA_RESTART|SA_SIGINFO


---------------  S Y S T E M  ---------------

OS:Bsduname:Darwin 17.4.0 Darwin Kernel Version 17.4.0: Sun Dec 17 09:19:54 PST 2017; root:xnu-4570.41.2~1/RELEASE_X86_64 x86_64
rlimit: STACK 8192k, CORE 0k, NPROC 709, NOFILE 10240, AS infinity
load average:2.40 2.29 2.10

CPU:total 4 (4 cores per cpu, 1 threads per core) family 6 model 71 stepping 1, cmov, cx8, fxsr, mmx, sse, sse2, sse3, ssse3, sse4.1, sse4.2, popcnt, avx, avx2, aes, clmul, erms, rtm, 3dnowpref, lzcnt, tsc, tscinvbit, bmi1, bmi2, adx

Memory: 4k page, physical 8388608k(212184k free)

/proc/meminfo:


vm_info: Java HotSpot(TM) 64-Bit Server VM (25.101-b13) for bsd-amd64 JRE (1.8.0_101-b13), built on Jun 22 2016 02:42:15 by "java_re" with gcc 4.2.1 (Based on Apple Inc. build 5658) (LLVM build 2336.11.00)

time: Wed Feb 28 11:55:40 2018
elapsed time: 6 seconds (0d 0h 0m 6s)

