#
# A fatal error has been detected by the Java Runtime Environment:
#
#  SIGSEGV (0xb) at pc=0x00007fff6e74de9d, pid=825, tid=0x0000000000000307
#
# JRE version: Java(TM) SE Runtime Environment (8.0_101-b13) (build 1.8.0_101-b13)
# Java VM: Java HotSpot(TM) 64-Bit Server VM (25.101-b13 mixed mode bsd-amd64 compressed oops)
# Problematic frame:
# C  [libobjc.A.dylib+0x6e9d]  objc_msgSend+0x1d
#
# Failed to write core dump. Core dumps have been disabled. To enable core dumping, try "ulimit -c unlimited" before starting Java again
#
# If you would like to submit a bug report, please visit:
#   http://bugreport.java.com/bugreport/crash.jsp
# The crash happened outside the Java Virtual Machine in native code.
# See problematic frame for where to report the bug.
#

---------------  T H R E A D  ---------------

Current thread (0x00007fdaf08f3000):  JavaThread "AWT-AppKit" daemon [_thread_in_native, id=775, stack(0x00007ffedf64a000,0x00007ffedfe4a000)]

siginfo: si_signo: 11 (SIGSEGV), si_code: 1 (SEGV_MAPERR), si_addr: 0x0000000000000018

Registers:
RAX=0x00007fdaf442ff70, RBX=0x000000011a4b9450, RCX=0x0000000000000001, RDX=0x0000000000000000
RSP=0x00007ffedfe45338, RBP=0x00007ffedfe453f0, RSI=0x00007fff45cae4e5, RDI=0x00007fdaf4503860
R8 =0x00000000af170006, R9 =0x0000000000000001, R10=0x0000000000000000, R11=0x00007fff45cae4e5
R12=0x0000000000000000, R13=0x000000016b622760, R14=0x000000011a4b9440, R15=0x00007fdaf08f3000
RIP=0x00007fff6e74de9d, EFLAGS=0x0000000000010246, ERR=0x0000000000000004
  TRAPNO=0x000000000000000e

Top of Stack: (sp=0x00007ffedfe45338)
0x00007ffedfe45338:   000000011a4b7157 00007ffedfe45390
0x00007ffedfe45348:   0000000000000003 00007ffedfe45370
0x00007ffedfe45358:   00000001107f28e6 000000016b622760
0x00007ffedfe45368:   000000016b622760 00007fdaf442ff70
0x00007ffedfe45378:   000000011a4b96a0 000000011a4b9710
0x00007ffedfe45388:   00007fffa1c7eb88 00007fffa338bfc8
0x00007ffedfe45398:   000000011a4b9450 000000011a4b9690
0x00007ffedfe453a8:   00007fdaf442ff70 00007fdaf4503860
0x00007ffedfe453b8:   00007fdaeef6a510 00007fdaf442ff70
0x00007ffedfe453c8:   00007fdaf4503860 00007ffedfe45470
0x00007ffedfe453d8:   00007fdaf08f31f8 000000016b622760
0x00007ffedfe453e8:   00007ffedfe45498 00007ffedfe45460
0x00007ffedfe453f8:   000000011a6f29d4 00007ffedfe45460
0x00007ffedfe45408:   000000011a6f2759 000000011a6fe983
0x00007ffedfe45418:   000000011a6f2722 00007ffedfe45420
0x00007ffedfe45428:   000000016b622760 00007ffedfe45498
0x00007ffedfe45438:   000000016b625398 0000000000000000
0x00007ffedfe45448:   000000016b622760 0000000000000000
0x00007ffedfe45458:   00007ffedfe45480 00007ffedfe454e0
0x00007ffedfe45468:   000000011a6e32bd 00000007400512a0
0x00007ffedfe45478:   000000011a6ec538 00007fdaf442ff70
0x00007ffedfe45488:   000000011a6ede39 00007fdaf4503860
0x00007ffedfe45498:   000000011a6ede02 00007ffedfe454a0
0x00007ffedfe454a8:   000000016b62292a 00007ffedfe45508
0x00007ffedfe454b8:   000000016b625398 0000000000000000
0x00007ffedfe454c8:   000000016b622938 00007ffedfe45480
0x00007ffedfe454d8:   00007ffedfe454f0 00007ffedfe45550
0x00007ffedfe454e8:   000000011a6e32bd 00007fdaf442ff70
0x00007ffedfe454f8:   0000000797f5a530 00007fdaf4503860
0x00007ffedfe45508:   0000000797f5a530 00007ffedfe45510
0x00007ffedfe45518:   000000016ed3a7ce 00007ffedfe45560
0x00007ffedfe45528:   000000016ed3a888 0000000000000000 

Instructions: (pc=0x00007fff6e74de9d)
0x00007fff6e74de7d:   0f 1f 00 48 85 ff 2e 74 62 40 f6 c7 01 2e 75 66
0x00007fff6e74de8d:   49 ba f8 ff ff ff ff 7f 00 00 4c 23 17 49 89 f3
0x00007fff6e74de9d:   45 23 5a 18 49 c1 e3 04 4d 03 5a 10 49 3b 33 75
0x00007fff6e74dead:   04 41 ff 63 08 49 83 3b 01 76 0d 49 83 c3 10 49 

Register to memory mapping:

RAX=0x00007fdaf442ff70 is an unknown value
RBX=0x000000011a4b9450: Java_jogamp_nativewindow_macosx_OSXUtil_GetScreenRefreshRate0+0x1cf0 in /private/var/folders/pw/kw08pl9n6yzcxbqgsc_vpf_h0000gn/T/jogamp_0000/file_cache/jln4950197002584980955/jln3116510006031484570/libnativewindow_macosx.jnilib at 0x000000011a4b2000
RCX=0x0000000000000001 is an unknown value
RDX=0x0000000000000000 is an unknown value
RSP=0x00007ffedfe45338 is pointing into the stack for thread: 0x00007fdaf08f3000
RBP=0x00007ffedfe453f0 is pointing into the stack for thread: 0x00007fdaf08f3000
RSI=0x00007fff45cae4e5: .str.41.llvm.371263A9+0x4376f in /System/Library/Frameworks/AppKit.framework/Versions/C/AppKit at 0x00007fff44fd5000
RDI=0x00007fdaf4503860 is an unknown value
R8 =0x00000000af170006 is an unknown value
R9 =0x0000000000000001 is an unknown value
R10=0x0000000000000000 is an unknown value
R11=0x00007fff45cae4e5: .str.41.llvm.371263A9+0x4376f in /System/Library/Frameworks/AppKit.framework/Versions/C/AppKit at 0x00007fff44fd5000
R12=0x0000000000000000 is an unknown value
R13={method} {0x000000016b622760} 'UnsetJAWTRootSurfaceLayer0' '(JJ)V' in 'jogamp/nativewindow/jawt/macosx/MacOSXJAWTWindow'
R14=0x000000011a4b9440: Java_jogamp_nativewindow_macosx_OSXUtil_GetScreenRefreshRate0+0x1ce0 in /private/var/folders/pw/kw08pl9n6yzcxbqgsc_vpf_h0000gn/T/jogamp_0000/file_cache/jln4950197002584980955/jln3116510006031484570/libnativewindow_macosx.jnilib at 0x000000011a4b2000
R15=0x00007fdaf08f3000 is a thread


Stack: [0x00007ffedf64a000,0x00007ffedfe4a000],  sp=0x00007ffedfe45338,  free space=8172k
Native frames: (J=compiled Java code, j=interpreted, Vv=VM code, C=native code)
C  [libobjc.A.dylib+0x6e9d]  objc_msgSend+0x1d
j  jogamp.nativewindow.jawt.macosx.MacOSXJAWTWindow.UnsetJAWTRootSurfaceLayer0(JJ)V+0
j  jogamp.nativewindow.jawt.macosx.MacOSXJAWTWindow.access$200(JJ)V+2
j  jogamp.nativewindow.jawt.macosx.MacOSXJAWTWindow$1.run()V+38
j  com.jogamp.common.util.RunnableTask.run()V+24
v  ~StubRoutines::call_stub
V  [libjvm.dylib+0x2ecf06]  JavaCalls::call_helper(JavaValue*, methodHandle*, JavaCallArguments*, Thread*)+0x6ae
V  [libjvm.dylib+0x324111]  jni_invoke_nonstatic(JNIEnv_*, JavaValue*, _jobject*, JNICallType, _jmethodID*, JNI_ArgumentPusher*, Thread*)+0x2ec
V  [libjvm.dylib+0x3168df]  jni_CallVoidMethod+0x16b
C  [libnativewindow_macosx.jnilib+0x5326]  Java_jogamp_nativewindow_jawt_macosx_MacOSXJAWTWindow_UnsetJAWTRootSurfaceLayer0+0x2b6
C  [Foundation+0x681c5]  __NSThreadPerformPerform+0x14e
C  [CoreFoundation+0xa3721]  __CFRUNLOOP_IS_CALLING_OUT_TO_A_SOURCE0_PERFORM_FUNCTION__+0x11
C  [CoreFoundation+0x15d0ac]  __CFRunLoopDoSource0+0x6c
C  [CoreFoundation+0x86260]  __CFRunLoopDoSources0+0xd0
C  [CoreFoundation+0x856dd]  __CFRunLoopRun+0x50d
C  [CoreFoundation+0x84f43]  CFRunLoopRunSpecific+0x1e3
C  [HIToolbox+0x2fe26]  RunCurrentEventLoopInMode+0x11e
C  [HIToolbox+0x2fa9f]  ReceiveNextEventCommon+0x16e
C  [HIToolbox+0x2f914]  _BlockUntilNextEventMatchingListInModeWithFilter+0x40
C  [AppKit+0x41f5f]  _DPSNextEvent+0x825
C  [AppKit+0x7d7b4c]  -[NSApplication(NSEvent) _nextEventMatchingEventMask:untilDate:inMode:dequeue:]+0xbe4
C  [libosxapp.dylib+0x23aa]  -[NSApplicationAWT nextEventMatchingMask:untilDate:inMode:dequeue:]+0x7c
C  [AppKit+0x36d6d]  -[NSApplication run]+0x2fc
C  [libosxapp.dylib+0x214d]  +[NSApplicationAWT runAWTLoopWithApp:]+0x9c
C  [libawt_lwawt.dylib+0x444b3]  -[AWTStarter starter:]+0x389
C  [Foundation+0x681c5]  __NSThreadPerformPerform+0x14e
C  [CoreFoundation+0xa3721]  __CFRUNLOOP_IS_CALLING_OUT_TO_A_SOURCE0_PERFORM_FUNCTION__+0x11
C  [CoreFoundation+0x15d0ac]  __CFRunLoopDoSource0+0x6c
C  [CoreFoundation+0x86260]  __CFRunLoopDoSources0+0xd0
C  [CoreFoundation+0x856dd]  __CFRunLoopRun+0x50d
C  [CoreFoundation+0x84f43]  CFRunLoopRunSpecific+0x1e3
C  [java+0x6465]  CreateExecutionEnvironment+0x367
C  [java+0x218c]  JLI_Launch+0x7a0
C  [java+0x84c2]  main+0x65
C  [java+0x19e4]  start+0x34
C  0x0000000000000007

Java frames: (J=compiled Java code, j=interpreted, Vv=VM code)
j  jogamp.nativewindow.jawt.macosx.MacOSXJAWTWindow.UnsetJAWTRootSurfaceLayer0(JJ)V+0
j  jogamp.nativewindow.jawt.macosx.MacOSXJAWTWindow.access$200(JJ)V+2
j  jogamp.nativewindow.jawt.macosx.MacOSXJAWTWindow$1.run()V+38
j  com.jogamp.common.util.RunnableTask.run()V+24
v  ~StubRoutines::call_stub

---------------  P R O C E S S  ---------------

Java Threads: ( => current thread )
  0x00007fdaf0b64000 JavaThread "Thread-19" [_thread_blocked, id=74063, stack(0x0000700004492000,0x0000700004592000)]
  0x00007fdaef4ac000 JavaThread "Image Fetcher 2" daemon [_thread_blocked, id=60163, stack(0x0000700004ba7000,0x0000700004ca7000)]
  0x00007fdaf0502800 JavaThread "Image Fetcher 1" daemon [_thread_blocked, id=59651, stack(0x0000700004aa4000,0x0000700004ba4000)]
  0x00007fdaf0b18800 JavaThread "Image Fetcher 0" daemon [_thread_blocked, id=72451, stack(0x00007000049a1000,0x0000700004aa1000)]
  0x00007fdaefb6d000 JavaThread "Keep-Alive-Timer" daemon [_thread_blocked, id=59223, stack(0x000070000489e000,0x000070000499e000)]
  0x00007fdaef26f000 JavaThread "AWT-EventQueue-1" [_thread_in_native, id=56351, stack(0x0000700004289000,0x0000700004389000)]
  0x00007fdaf0a53000 JavaThread "DestroyJavaVM" [_thread_blocked, id=9987, stack(0x0000700002bbe000,0x0000700002cbe000)]
  0x00007fdaf0978000 JavaThread "AWT-EventQueue-0" [_thread_blocked, id=52227, stack(0x0000700004083000,0x0000700004183000)]
  0x00007fdaf01c4000 JavaThread "Java2D Disposer" daemon [_thread_blocked, id=50703, stack(0x0000700003dfa000,0x0000700003efa000)]
  0x00007fdaef8f2800 JavaThread "Java2D Queue Flusher" daemon [_thread_blocked, id=81671, stack(0x0000700003cf7000,0x0000700003df7000)]
  0x00007fdaef15c800 JavaThread "AWT-Shutdown" [_thread_blocked, id=25899, stack(0x0000700003aee000,0x0000700003bee000)]
=>0x00007fdaf08f3000 JavaThread "AWT-AppKit" daemon [_thread_in_native, id=775, stack(0x00007ffedf64a000,0x00007ffedfe4a000)]
  0x00007fdaef008800 JavaThread "Service Thread" daemon [_thread_blocked, id=14339, stack(0x0000700003865000,0x0000700003965000)]
  0x00007fdaf0055000 JavaThread "C1 CompilerThread2" daemon [_thread_blocked, id=17667, stack(0x0000700003762000,0x0000700003862000)]
  0x00007fdaef810800 JavaThread "C2 CompilerThread1" daemon [_thread_blocked, id=13827, stack(0x000070000365f000,0x000070000375f000)]
  0x00007fdaf082a800 JavaThread "C2 CompilerThread0" daemon [_thread_blocked, id=18179, stack(0x000070000355c000,0x000070000365c000)]
  0x00007fdaf0829000 JavaThread "Signal Dispatcher" daemon [_thread_blocked, id=18699, stack(0x0000700003459000,0x0000700003559000)]
  0x00007fdaf0054000 JavaThread "Finalizer" daemon [_thread_blocked, id=20995, stack(0x00007000032d3000,0x00007000033d3000)]
  0x00007fdaf0051000 JavaThread "Reference Handler" daemon [_thread_blocked, id=21251, stack(0x00007000031d0000,0x00007000032d0000)]

Other Threads:
  0x00007fdaf004c800 VMThread [stack: 0x00007000030cd000,0x00007000031cd000] [id=11523]
  0x00007fdaef011800 WatcherThread [stack: 0x0000700003968000,0x0000700003a68000] [id=14851]

VM state:not at safepoint (normal execution)

VM Mutex/Monitor currently owned by a thread: None

Heap:
 PSYoungGen      total 38400K, used 20125K [0x0000000795580000, 0x0000000798000000, 0x00000007c0000000)
  eden space 33280K, 45% used [0x0000000795580000,0x000000079642ac08,0x0000000797600000)
  from space 5120K, 99% used [0x0000000797b00000,0x0000000797ffcae0,0x0000000798000000)
  to   space 5120K, 0% used [0x0000000797600000,0x0000000797600000,0x0000000797b00000)
 ParOldGen       total 87552K, used 8867K [0x0000000740000000, 0x0000000745580000, 0x0000000795580000)
  object space 87552K, 10% used [0x0000000740000000,0x00000007408a8cf0,0x0000000745580000)
 Metaspace       used 18908K, capacity 19041K, committed 19200K, reserved 1067008K
  class space    used 1884K, capacity 1949K, committed 2048K, reserved 1048576K

Card table byte_map: [0x00000001119e3000,0x0000000111de4000] byte_map_base: 0x000000010dfe3000

Marking Bits: (ParMarkBitMap*) 0x0000000110eedd20
 Begin Bits: [0x000000011208f000, 0x000000011408f000)
 End Bits:   [0x000000011408f000, 0x000000011608f000)

Polling page: 0x000000010fdfd000

CodeCache: size=245760Kb used=6284Kb max_used=6295Kb free=239475Kb
 bounds [0x000000011a6db000, 0x000000011ad0b000, 0x00000001296db000]
 total_blobs=2580 nmethods=1706 adapters=788
 compilation: enabled

Compilation events (10 events):
Event: 5.748 Thread 0x00007fdaf0055000 nmethod 1701 0x000000011acfd510 code [0x000000011acfd6e0, 0x000000011acfdf10]
Event: 5.748 Thread 0x00007fdaf0055000 1702       1       sun.java2d.SurfaceData::isValid (5 bytes)
Event: 5.748 Thread 0x00007fdaf0055000 nmethod 1702 0x000000011acf9790 code [0x000000011acf98e0, 0x000000011acf99f0]
Event: 5.748 Thread 0x00007fdaf0055000 1703       3       jogamp.opengl.GLDrawableImpl::lockSurface (103 bytes)
Event: 5.748 Thread 0x00007fdaf082a800 1704  s    4       sun.misc.URLClassPath::getNextLoader (88 bytes)
Event: 5.748 Thread 0x00007fdaf0055000 nmethod 1703 0x000000011acfdf90 code [0x000000011acfe160, 0x000000011acfe8c8]
Event: 5.748 Thread 0x00007fdaf0055000 1705  s!   2       sun.misc.URLClassPath::getLoader (197 bytes)
Event: 5.750 Thread 0x00007fdaf0055000 nmethod 1705 0x000000011acfeb10 code [0x000000011acfee00, 0x000000011ad00528]
Event: 5.751 Thread 0x00007fdaef810800 nmethod 1700 0x000000011ad04950 code [0x000000011ad04ac0, 0x000000011ad04dd8]
Event: 5.753 Thread 0x00007fdaf082a800 nmethod 1704 0x000000011ad02650 code [0x000000011ad027c0, 0x000000011ad02f38]

GC Heap History (4 events):
Event: 1.926 GC heap before
{Heap before GC invocations=1 (full 0):
 PSYoungGen      total 38400K, used 33280K [0x0000000795580000, 0x0000000798000000, 0x00000007c0000000)
  eden space 33280K, 100% used [0x0000000795580000,0x0000000797600000,0x0000000797600000)
  from space 5120K, 0% used [0x0000000797b00000,0x0000000797b00000,0x0000000798000000)
  to   space 5120K, 0% used [0x0000000797600000,0x0000000797600000,0x0000000797b00000)
 ParOldGen       total 87552K, used 0K [0x0000000740000000, 0x0000000745580000, 0x0000000795580000)
  object space 87552K, 0% used [0x0000000740000000,0x0000000740000000,0x0000000745580000)
 Metaspace       used 15970K, capacity 16155K, committed 16384K, reserved 1064960K
  class space    used 1618K, capacity 1692K, committed 1792K, reserved 1048576K
Event: 1.930 GC heap after
Heap after GC invocations=1 (full 0):
 PSYoungGen      total 38400K, used 4996K [0x0000000795580000, 0x0000000798000000, 0x00000007c0000000)
  eden space 33280K, 0% used [0x0000000795580000,0x0000000795580000,0x0000000797600000)
  from space 5120K, 97% used [0x0000000797600000,0x0000000797ae10d0,0x0000000797b00000)
  to   space 5120K, 0% used [0x0000000797b00000,0x0000000797b00000,0x0000000798000000)
 ParOldGen       total 87552K, used 16K [0x0000000740000000, 0x0000000745580000, 0x0000000795580000)
  object space 87552K, 0% used [0x0000000740000000,0x0000000740004000,0x0000000745580000)
 Metaspace       used 15970K, capacity 16155K, committed 16384K, reserved 1064960K
  class space    used 1618K, capacity 1692K, committed 1792K, reserved 1048576K
}
Event: 2.894 GC heap before
{Heap before GC invocations=2 (full 0):
 PSYoungGen      total 38400K, used 38229K [0x0000000795580000, 0x0000000798000000, 0x00000007c0000000)
  eden space 33280K, 99% used [0x0000000795580000,0x00000007975f4658,0x0000000797600000)
  from space 5120K, 97% used [0x0000000797600000,0x0000000797ae10d0,0x0000000797b00000)
  to   space 5120K, 0% used [0x0000000797b00000,0x0000000797b00000,0x0000000798000000)
 ParOldGen       total 87552K, used 16K [0x0000000740000000, 0x0000000745580000, 0x0000000795580000)
  object space 87552K, 0% used [0x0000000740000000,0x0000000740004000,0x0000000745580000)
 Metaspace       used 18483K, capacity 18657K, committed 18944K, reserved 1067008K
  class space    used 1876K, capacity 1949K, committed 2048K, reserved 1048576K
Event: 2.901 GC heap after
Heap after GC invocations=2 (full 0):
 PSYoungGen      total 38400K, used 5106K [0x0000000795580000, 0x0000000798000000, 0x00000007c0000000)
  eden space 33280K, 0% used [0x0000000795580000,0x0000000795580000,0x0000000797600000)
  from space 5120K, 99% used [0x0000000797b00000,0x0000000797ffcae0,0x0000000798000000)
  to   space 5120K, 0% used [0x0000000797600000,0x0000000797600000,0x0000000797b00000)
 ParOldGen       total 87552K, used 8867K [0x0000000740000000, 0x0000000745580000, 0x0000000795580000)
  object space 87552K, 10% used [0x0000000740000000,0x00000007408a8cf0,0x0000000745580000)
 Metaspace       used 18483K, capacity 18657K, committed 18944K, reserved 1067008K
  class space    used 1876K, capacity 1949K, committed 2048K, reserved 1048576K
}

Deoptimization events (6 events):
Event: 1.402 Thread 0x00007fdaef222000 Uncommon trap: reason=unstable_if action=reinterpret pc=0x000000011a8a1f68 method=java.lang.String.toLowerCase(Ljava/util/Locale;)Ljava/lang/String; @ 85
Event: 1.570 Thread 0x00007fdaf01a4800 Uncommon trap: reason=unstable_if action=reinterpret pc=0x000000011a92c260 method=java.lang.String.indexOf([CII[CIII)I @ 3
Event: 1.570 Thread 0x00007fdaf01a4800 Uncommon trap: reason=unstable_if action=reinterpret pc=0x000000011a88d9d8 method=java.lang.String.indexOf([CII[CIII)I @ 3
Event: 2.448 Thread 0x00007fdaef26f000 Uncommon trap: reason=unstable_if action=reinterpret pc=0x000000011a8785e0 method=java.lang.AbstractStringBuilder.append(Ljava/lang/String;)Ljava/lang/AbstractStringBuilder; @ 1
Event: 2.554 Thread 0x00007fdaef26f000 Uncommon trap: reason=unstable_if action=reinterpret pc=0x000000011aa7d17c method=com.jogamp.common.util.IntIntHashMap.get(I)I @ 28
Event: 5.731 Thread 0x00007fdaef26f000 Uncommon trap: reason=unstable_if action=reinterpret pc=0x000000011ab85c28 method=com.jogamp.common.util.VersionNumber.compareTo(Lcom/jogamp/common/util/VersionNumber;)I @ 21

Internal exceptions (10 events):
Event: 0.110 Thread 0x00007fdaf0002000 Exception <a 'java/lang/NoSuchFieldError': method resolution failed> (0x0000000795786338) thrown at [/HUDSON3/workspace/8-2-build-macosx-x86_64/jdk8u101/7261/hotspot/src/share/vm/prims/methodHandles.cpp, line 1146]
Event: 0.111 Thread 0x00007fdaf0002000 Exception <a 'java/lang/NoSuchFieldError': method resolution failed> (0x0000000795793b08) thrown at [/HUDSON3/workspace/8-2-build-macosx-x86_64/jdk8u101/7261/hotspot/src/share/vm/prims/methodHandles.cpp, line 1146]
Event: 0.236 Thread 0x00007fdaf0002000 Exception <a 'java/io/FileNotFoundException'> (0x000000079580f280) thrown at [/HUDSON3/workspace/8-2-build-macosx-x86_64/jdk8u101/7261/hotspot/src/share/vm/prims/jni.cpp, line 709]
Event: 0.236 Thread 0x00007fdaf0002000 Exception <a 'java/io/FileNotFoundException'> (0x000000079580fe20) thrown at [/HUDSON3/workspace/8-2-build-macosx-x86_64/jdk8u101/7261/hotspot/src/share/vm/prims/jni.cpp, line 709]
Event: 0.309 Thread 0x00007fdaf0002000 Exception <a 'java/io/FileNotFoundException'> (0x000000079594bdc0) thrown at [/HUDSON3/workspace/8-2-build-macosx-x86_64/jdk8u101/7261/hotspot/src/share/vm/prims/jni.cpp, line 709]
Event: 1.587 Thread 0x00007fdaf01a4800 Exception <a 'java/lang/UnsatisfiedLinkError': com.jogamp.common.util.JarUtil.fixNativeLibAttribs(Ljava/lang/String;)Z> (0x0000000796b079b8) thrown at [/HUDSON3/workspace/8-2-build-macosx-x86_64/jdk8u101/7261/hotspot/src/share/vm/prims/nativeLookup.cpp, l
Event: 1.932 Thread 0x00007fdaf0054000 Exception <a 'java/lang/NullPointerException'> (0x00000007956aab98) thrown at [/HUDSON3/workspace/8-2-build-macosx-x86_64/jdk8u101/7261/hotspot/src/share/vm/interpreter/linkResolver.cpp, line 1178]
Event: 2.448 Thread 0x00007fdaef26f000 Exception <a 'java/io/FileNotFoundException'> (0x0000000795e62a50) thrown at [/HUDSON3/workspace/8-2-build-macosx-x86_64/jdk8u101/7261/hotspot/src/share/vm/prims/jni.cpp, line 709]
Event: 2.448 Thread 0x00007fdaef26f000 Exception <a 'java/io/FileNotFoundException'> (0x0000000795e68f28) thrown at [/HUDSON3/workspace/8-2-build-macosx-x86_64/jdk8u101/7261/hotspot/src/share/vm/prims/jni.cpp, line 709]
Event: 2.448 Thread 0x00007fdaef26f000 Implicit null exception at 0x000000011a878233 to 0x000000011a8785cd

Events (10 events):
Event: 5.756 loading class com/jogamp/nativewindow/awt/JAWTWindow$JAWTComponentListener$2 done
Event: 5.757 loading class jogamp/nativewindow/jawt/macosx/MacOSXJAWTWindow$1
Event: 5.757 loading class jogamp/nativewindow/jawt/macosx/MacOSXJAWTWindow$1 done
Event: 5.758 loading class java/awt/LightweightDispatcher$2
Event: 5.759 loading class java/awt/LightweightDispatcher$2 done
Event: 5.759 loading class java/awt/event/AWTEventListenerProxy
Event: 5.759 loading class java/awt/event/AWTEventListenerProxy done
Event: 5.759 loading class java/awt/Toolkit$ToolkitEventMulticaster
Event: 5.759 loading class java/awt/Toolkit$ToolkitEventMulticaster done
Event: 5.759 Thread 0x00007fdaf01cc000 Thread exited: 0x00007fdaf01cc000


Dynamic libraries:
0x0000000020007000 	/System/Library/Frameworks/Cocoa.framework/Versions/A/Cocoa
0x0000000020007000 	/System/Library/Frameworks/Security.framework/Versions/A/Security
0x0000000020007000 	/System/Library/Frameworks/ApplicationServices.framework/Versions/A/ApplicationServices
0x0000000020007000 	/usr/lib/libz.1.dylib
0x0000000020007000 	/usr/lib/libSystem.B.dylib
0x0000000020007000 	/usr/lib/libobjc.A.dylib
0x0000000020007000 	/System/Library/Frameworks/CoreFoundation.framework/Versions/A/CoreFoundation
0x0000000020007000 	/System/Library/Frameworks/Foundation.framework/Versions/C/Foundation
0x0000000020007000 	/System/Library/Frameworks/AppKit.framework/Versions/C/AppKit
0x0000000020007000 	/System/Library/Frameworks/CoreData.framework/Versions/A/CoreData
0x0000000020007000 	/System/Library/PrivateFrameworks/RemoteViewServices.framework/Versions/A/RemoteViewServices
0x0000000020007000 	/System/Library/PrivateFrameworks/UIFoundation.framework/Versions/A/UIFoundation
0x0000000020007000 	/System/Library/PrivateFrameworks/DFRFoundation.framework/Versions/A/DFRFoundation
0x0000000020007000 	/System/Library/Frameworks/Metal.framework/Versions/A/Metal
0x0000000020007000 	/System/Library/PrivateFrameworks/DesktopServicesPriv.framework/Versions/A/DesktopServicesPriv
0x0000000020007000 	/usr/lib/libenergytrace.dylib
0x0000000020007000 	/System/Library/PrivateFrameworks/SkyLight.framework/Versions/A/SkyLight
0x0000000020007000 	/System/Library/Frameworks/CoreGraphics.framework/Versions/A/CoreGraphics
0x0000000020007000 	/usr/lib/libScreenReader.dylib
0x0000000020007000 	/System/Library/Frameworks/Accelerate.framework/Versions/A/Accelerate
0x0000000020007000 	/System/Library/Frameworks/IOSurface.framework/Versions/A/IOSurface
0x0000000020007000 	/System/Library/Frameworks/AudioToolbox.framework/Versions/A/AudioToolbox
0x0000000020007000 	/System/Library/Frameworks/AudioUnit.framework/Versions/A/AudioUnit
0x0000000020007000 	/System/Library/PrivateFrameworks/DataDetectorsCore.framework/Versions/A/DataDetectorsCore
0x0000000020007000 	/System/Library/Frameworks/Carbon.framework/Versions/A/Frameworks/HIToolbox.framework/Versions/A/HIToolbox
0x0000000020007000 	/usr/lib/libicucore.A.dylib
0x0000000020007000 	/System/Library/Frameworks/QuartzCore.framework/Versions/A/QuartzCore
0x0000000020007000 	/System/Library/Frameworks/Carbon.framework/Versions/A/Frameworks/SpeechRecognition.framework/Versions/A/SpeechRecognition
0x0000000020007000 	/usr/lib/libauto.dylib
0x0000000020007000 	/usr/lib/libxml2.2.dylib
0x0000000020007000 	/System/Library/PrivateFrameworks/CoreUI.framework/Versions/A/CoreUI
0x0000000020007000 	/System/Library/Frameworks/CoreAudio.framework/Versions/A/CoreAudio
0x0000000020007000 	/System/Library/Frameworks/DiskArbitration.framework/Versions/A/DiskArbitration
0x0000000020007000 	/usr/lib/liblangid.dylib
0x0000000020007000 	/System/Library/PrivateFrameworks/MultitouchSupport.framework/Versions/A/MultitouchSupport
0x0000000020007000 	/System/Library/Frameworks/IOKit.framework/Versions/A/IOKit
0x0000000020007000 	/usr/lib/libDiagnosticMessagesClient.dylib
0x0000000020007000 	/System/Library/Frameworks/CoreServices.framework/Versions/A/CoreServices
0x0000000020007000 	/System/Library/PrivateFrameworks/PerformanceAnalysis.framework/Versions/A/PerformanceAnalysis
0x0000000020007000 	/System/Library/Frameworks/OpenGL.framework/Versions/A/OpenGL
0x0000000020007000 	/System/Library/Frameworks/ColorSync.framework/Versions/A/ColorSync
0x0000000020007000 	/System/Library/Frameworks/CoreImage.framework/Versions/A/CoreImage
0x0000000020007000 	/System/Library/Frameworks/CoreText.framework/Versions/A/CoreText
0x0000000020007000 	/System/Library/Frameworks/ImageIO.framework/Versions/A/ImageIO
0x0000000020007000 	/System/Library/PrivateFrameworks/Backup.framework/Versions/A/Backup
0x0000000020007000 	/usr/lib/libarchive.2.dylib
0x0000000020007000 	/System/Library/Frameworks/CFNetwork.framework/Versions/A/CFNetwork
0x0000000020007000 	/System/Library/Frameworks/SystemConfiguration.framework/Versions/A/SystemConfiguration
0x0000000020007000 	/usr/lib/libCRFSuite.dylib
0x0000000020007000 	/usr/lib/libc++.1.dylib
0x0000000020007000 	/usr/lib/libc++abi.dylib
0x0000000020007000 	/usr/lib/system/libcache.dylib
0x0000000020007000 	/usr/lib/system/libcommonCrypto.dylib
0x0000000020007000 	/usr/lib/system/libcompiler_rt.dylib
0x0000000020007000 	/usr/lib/system/libcopyfile.dylib
0x0000000020007000 	/usr/lib/system/libcorecrypto.dylib
0x0000000020007000 	/usr/lib/system/libdispatch.dylib
0x0000000020007000 	/usr/lib/system/libdyld.dylib
0x0000000020007000 	/usr/lib/system/libkeymgr.dylib
0x0000000020007000 	/usr/lib/system/liblaunch.dylib
0x0000000020007000 	/usr/lib/system/libmacho.dylib
0x0000000020007000 	/usr/lib/system/libquarantine.dylib
0x0000000020007000 	/usr/lib/system/libremovefile.dylib
0x0000000020007000 	/usr/lib/system/libsystem_asl.dylib
0x0000000020007000 	/usr/lib/system/libsystem_blocks.dylib
0x0000000020007000 	/usr/lib/system/libsystem_c.dylib
0x0000000020007000 	/usr/lib/system/libsystem_configuration.dylib
0x0000000020007000 	/usr/lib/system/libsystem_coreservices.dylib
0x0000000020007000 	/usr/lib/system/libsystem_darwin.dylib
0x0000000020007000 	/usr/lib/system/libsystem_dnssd.dylib
0x0000000020007000 	/usr/lib/system/libsystem_info.dylib
0x0000000020007000 	/usr/lib/system/libsystem_m.dylib
0x0000000020007000 	/usr/lib/system/libsystem_malloc.dylib
0x0000000020007000 	/usr/lib/system/libsystem_network.dylib
0x0000000020007000 	/usr/lib/system/libsystem_networkextension.dylib
0x0000000020007000 	/usr/lib/system/libsystem_notify.dylib
0x0000000020007000 	/usr/lib/system/libsystem_sandbox.dylib
0x0000000020007000 	/usr/lib/system/libsystem_secinit.dylib
0x0000000020007000 	/usr/lib/system/libsystem_kernel.dylib
0x0000000020007000 	/usr/lib/system/libsystem_platform.dylib
0x0000000020007000 	/usr/lib/system/libsystem_pthread.dylib
0x0000000020007000 	/usr/lib/system/libsystem_symptoms.dylib
0x0000000020007000 	/usr/lib/system/libsystem_trace.dylib
0x0000000020007000 	/usr/lib/system/libunwind.dylib
0x0000000020007000 	/usr/lib/system/libxpc.dylib
0x0000000020007000 	/usr/lib/closure/libclosured.dylib
0x0000000020007000 	/usr/lib/libbsm.0.dylib
0x0000000020007000 	/usr/lib/system/libkxld.dylib
0x0000000020007000 	/usr/lib/libOpenScriptingUtil.dylib
0x0000000020007000 	/usr/lib/libcoretls.dylib
0x0000000020007000 	/usr/lib/libcoretls_cfhelpers.dylib
0x0000000020007000 	/usr/lib/libpam.2.dylib
0x0000000020007000 	/usr/lib/libsqlite3.dylib
0x0000000020007000 	/usr/lib/libxar.1.dylib
0x0000000020007000 	/usr/lib/libbz2.1.0.dylib
0x0000000020007000 	/usr/lib/liblzma.5.dylib
0x0000000020007000 	/usr/lib/libnetwork.dylib
0x0000000020007000 	/usr/lib/libapple_nghttp2.dylib
0x0000000020007000 	/usr/lib/libpcap.A.dylib
0x0000000020007000 	/usr/lib/libboringssl.dylib
0x0000000020007000 	/usr/lib/libusrtcp.dylib
0x0000000020007000 	/usr/lib/libapple_crypto.dylib
0x0000000020007000 	/System/Library/Frameworks/CoreServices.framework/Versions/A/Frameworks/FSEvents.framework/Versions/A/FSEvents
0x0000000020007000 	/System/Library/Frameworks/CoreServices.framework/Versions/A/Frameworks/CarbonCore.framework/Versions/A/CarbonCore
0x0000000020007000 	/System/Library/Frameworks/CoreServices.framework/Versions/A/Frameworks/Metadata.framework/Versions/A/Metadata
0x0000000020007000 	/System/Library/Frameworks/CoreServices.framework/Versions/A/Frameworks/OSServices.framework/Versions/A/OSServices
0x0000000020007000 	/System/Library/Frameworks/CoreServices.framework/Versions/A/Frameworks/SearchKit.framework/Versions/A/SearchKit
0x0000000020007000 	/System/Library/Frameworks/CoreServices.framework/Versions/A/Frameworks/AE.framework/Versions/A/AE
0x0000000020007000 	/System/Library/Frameworks/CoreServices.framework/Versions/A/Frameworks/LaunchServices.framework/Versions/A/LaunchServices
0x0000000020007000 	/System/Library/Frameworks/CoreServices.framework/Versions/A/Frameworks/DictionaryServices.framework/Versions/A/DictionaryServices
0x0000000020007000 	/System/Library/Frameworks/CoreServices.framework/Versions/A/Frameworks/SharedFileList.framework/Versions/A/SharedFileList
0x0000000020007000 	/System/Library/Frameworks/NetFS.framework/Versions/A/NetFS
0x0000000020007000 	/System/Library/PrivateFrameworks/NetAuth.framework/Versions/A/NetAuth
0x0000000020007000 	/System/Library/PrivateFrameworks/login.framework/Versions/A/Frameworks/loginsupport.framework/Versions/A/loginsupport
0x0000000020007000 	/System/Library/PrivateFrameworks/TCC.framework/Versions/A/TCC
0x0000000020007000 	/usr/lib/libmecabra.dylib
0x0000000020007000 	/System/Library/Frameworks/ApplicationServices.framework/Versions/A/Frameworks/ATS.framework/Versions/A/ATS
0x0000000020007000 	/System/Library/Frameworks/ApplicationServices.framework/Versions/A/Frameworks/ColorSyncLegacy.framework/Versions/A/ColorSyncLegacy
0x0000000020007000 	/System/Library/Frameworks/ApplicationServices.framework/Versions/A/Frameworks/HIServices.framework/Versions/A/HIServices
0x0000000020007000 	/System/Library/Frameworks/ApplicationServices.framework/Versions/A/Frameworks/LangAnalysis.framework/Versions/A/LangAnalysis
0x0000000020007000 	/System/Library/Frameworks/ApplicationServices.framework/Versions/A/Frameworks/PrintCore.framework/Versions/A/PrintCore
0x0000000020007000 	/System/Library/Frameworks/ApplicationServices.framework/Versions/A/Frameworks/QD.framework/Versions/A/QD
0x0000000020007000 	/System/Library/Frameworks/ApplicationServices.framework/Versions/A/Frameworks/SpeechSynthesis.framework/Versions/A/SpeechSynthesis
0x0000000020007000 	/System/Library/Frameworks/CoreDisplay.framework/Versions/A/CoreDisplay
0x0000000020007000 	/System/Library/Frameworks/Accelerate.framework/Versions/A/Frameworks/vImage.framework/Versions/A/vImage
0x0000000020007000 	/System/Library/Frameworks/Accelerate.framework/Versions/A/Frameworks/vecLib.framework/Versions/A/vecLib
0x0000000020007000 	/System/Library/Frameworks/Accelerate.framework/Versions/A/Frameworks/vecLib.framework/Versions/A/libvDSP.dylib
0x0000000020007000 	/System/Library/Frameworks/Accelerate.framework/Versions/A/Frameworks/vecLib.framework/Versions/A/libBNNS.dylib
0x0000000020007000 	/System/Library/Frameworks/Accelerate.framework/Versions/A/Frameworks/vecLib.framework/Versions/A/libQuadrature.dylib
0x0000000020007000 	/System/Library/Frameworks/Accelerate.framework/Versions/A/Frameworks/vecLib.framework/Versions/A/libvMisc.dylib
0x0000000020007000 	/System/Library/Frameworks/Accelerate.framework/Versions/A/Frameworks/vecLib.framework/Versions/A/libLAPACK.dylib
0x0000000020007000 	/System/Library/Frameworks/Accelerate.framework/Versions/A/Frameworks/vecLib.framework/Versions/A/libBLAS.dylib
0x0000000020007000 	/System/Library/Frameworks/Accelerate.framework/Versions/A/Frameworks/vecLib.framework/Versions/A/libLinearAlgebra.dylib
0x0000000020007000 	/System/Library/Frameworks/Accelerate.framework/Versions/A/Frameworks/vecLib.framework/Versions/A/libSparse.dylib
0x0000000020007000 	/System/Library/Frameworks/Accelerate.framework/Versions/A/Frameworks/vecLib.framework/Versions/A/libSparseBLAS.dylib
0x0000000020007000 	/System/Library/PrivateFrameworks/IOAccelerator.framework/Versions/A/IOAccelerator
0x0000000020007000 	/System/Library/PrivateFrameworks/IOPresentment.framework/Versions/A/IOPresentment
0x0000000020007000 	/System/Library/PrivateFrameworks/DSExternalDisplay.framework/Versions/A/DSExternalDisplay
0x0000000020007000 	/System/Library/Frameworks/OpenGL.framework/Versions/A/Libraries/libCoreFSCache.dylib
0x0000000020007000 	/System/Library/Frameworks/CoreVideo.framework/Versions/A/CoreVideo
0x0000000020007000 	/System/Library/PrivateFrameworks/GraphVisualizer.framework/Versions/A/GraphVisualizer
0x0000000020007000 	/System/Library/Frameworks/MetalPerformanceShaders.framework/Versions/A/MetalPerformanceShaders
0x0000000020007000 	/usr/lib/libFosl_dynamic.dylib
0x0000000020007000 	/System/Library/PrivateFrameworks/FaceCore.framework/Versions/A/FaceCore
0x0000000020007000 	/System/Library/Frameworks/OpenCL.framework/Versions/A/OpenCL
0x0000000020007000 	/usr/lib/libcompression.dylib
0x0000000020007000 	/System/Library/Frameworks/ApplicationServices.framework/Versions/A/Frameworks/ATS.framework/Versions/A/Resources/libFontParser.dylib
0x0000000020007000 	/System/Library/Frameworks/ApplicationServices.framework/Versions/A/Frameworks/ATS.framework/Versions/A/Resources/libFontRegistry.dylib
0x0000000020007000 	/System/Library/Frameworks/ImageIO.framework/Versions/A/Resources/libJPEG.dylib
0x0000000020007000 	/System/Library/Frameworks/ImageIO.framework/Versions/A/Resources/libTIFF.dylib
0x0000000020007000 	/System/Library/Frameworks/ImageIO.framework/Versions/A/Resources/libPng.dylib
0x0000000020007000 	/System/Library/Frameworks/ImageIO.framework/Versions/A/Resources/libGIF.dylib
0x0000000020007000 	/System/Library/Frameworks/ImageIO.framework/Versions/A/Resources/libJP2.dylib
0x0000000020007000 	/System/Library/Frameworks/ImageIO.framework/Versions/A/Resources/libRadiance.dylib
0x0000000020007000 	/System/Library/PrivateFrameworks/AppleJPEG.framework/Versions/A/AppleJPEG
0x0000000020007000 	/System/Library/PrivateFrameworks/MetalTools.framework/Versions/A/MetalTools
0x0000000020007000 	/System/Library/Frameworks/MetalPerformanceShaders.framework/Frameworks/MPSCore.framework/Versions/A/MPSCore
0x0000000020007000 	/System/Library/Frameworks/MetalPerformanceShaders.framework/Frameworks/MPSImage.framework/Versions/A/MPSImage
0x0000000020007000 	/System/Library/Frameworks/MetalPerformanceShaders.framework/Frameworks/MPSMatrix.framework/Versions/A/MPSMatrix
0x0000000020007000 	/System/Library/Frameworks/MetalPerformanceShaders.framework/Frameworks/MPSNeuralNetwork.framework/Versions/A/MPSNeuralNetwork
0x0000000020007000 	/System/Library/Frameworks/OpenGL.framework/Versions/A/Libraries/libGLU.dylib
0x0000000020007000 	/System/Library/Frameworks/OpenGL.framework/Versions/A/Libraries/libGFXShared.dylib
0x0000000020007000 	/System/Library/Frameworks/OpenGL.framework/Versions/A/Libraries/libGL.dylib
0x0000000020007000 	/System/Library/Frameworks/OpenGL.framework/Versions/A/Libraries/libGLImage.dylib
0x0000000020007000 	/System/Library/Frameworks/OpenGL.framework/Versions/A/Libraries/libCVMSPluginSupport.dylib
0x0000000020007000 	/System/Library/Frameworks/OpenGL.framework/Versions/A/Libraries/libCoreVMClient.dylib
0x0000000020007000 	/usr/lib/libcups.2.dylib
0x0000000020007000 	/System/Library/Frameworks/Kerberos.framework/Versions/A/Kerberos
0x0000000020007000 	/System/Library/Frameworks/GSS.framework/Versions/A/GSS
0x0000000020007000 	/usr/lib/libresolv.9.dylib
0x0000000020007000 	/usr/lib/libiconv.2.dylib
0x0000000020007000 	/System/Library/PrivateFrameworks/Heimdal.framework/Versions/A/Heimdal
0x0000000020007000 	/usr/lib/libheimdal-asn1.dylib
0x0000000020007000 	/System/Library/Frameworks/OpenDirectory.framework/Versions/A/OpenDirectory
0x0000000020007000 	/System/Library/PrivateFrameworks/CommonAuth.framework/Versions/A/CommonAuth
0x0000000020007000 	/System/Library/Frameworks/OpenDirectory.framework/Versions/A/Frameworks/CFOpenDirectory.framework/Versions/A/CFOpenDirectory
0x0000000020007000 	/System/Library/Frameworks/SecurityFoundation.framework/Versions/A/SecurityFoundation
0x0000000020007000 	/System/Library/PrivateFrameworks/APFS.framework/Versions/A/APFS
0x0000000020007000 	/usr/lib/libutil.dylib
0x0000000020007000 	/System/Library/PrivateFrameworks/AppleSauce.framework/Versions/A/AppleSauce
0x0000000020007000 	/System/Library/PrivateFrameworks/LinguisticData.framework/Versions/A/LinguisticData
0x0000000020007000 	/usr/lib/libmarisa.dylib
0x0000000020007000 	/System/Library/PrivateFrameworks/Lexicon.framework/Versions/A/Lexicon
0x0000000020007000 	/usr/lib/libChineseTokenizer.dylib
0x0000000020007000 	/usr/lib/libcmph.dylib
0x0000000020007000 	/System/Library/PrivateFrameworks/LanguageModeling.framework/Versions/A/LanguageModeling
0x0000000020007000 	/System/Library/PrivateFrameworks/CoreEmoji.framework/Versions/A/CoreEmoji
0x0000000020007000 	/System/Library/Frameworks/ServiceManagement.framework/Versions/A/ServiceManagement
0x0000000020007000 	/System/Library/PrivateFrameworks/BackgroundTaskManagement.framework/Versions/A/BackgroundTaskManagement
0x0000000020007000 	/usr/lib/libxslt.1.dylib
0x0000000020007000 	/System/Library/Frameworks/Carbon.framework/Versions/A/Frameworks/Ink.framework/Versions/A/Ink
0x0000000020007000 	/System/Library/PrivateFrameworks/TextureIO.framework/Versions/A/TextureIO
0x0000000020007000 	/usr/lib/libate.dylib
0x0000000020007000 	/System/Library/PrivateFrameworks/CrashReporterSupport.framework/Versions/A/CrashReporterSupport
0x0000000020007000 	/System/Library/PrivateFrameworks/Sharing.framework/Versions/A/Sharing
0x0000000020007000 	/System/Library/PrivateFrameworks/IconServices.framework/Versions/A/IconServices
0x0000000020007000 	/System/Library/PrivateFrameworks/ProtocolBuffer.framework/Versions/A/ProtocolBuffer
0x0000000020007000 	/System/Library/PrivateFrameworks/Apple80211.framework/Versions/A/Apple80211
0x0000000020007000 	/System/Library/Frameworks/CoreWLAN.framework/Versions/A/CoreWLAN
0x0000000020007000 	/System/Library/PrivateFrameworks/CoreUtils.framework/Versions/A/CoreUtils
0x0000000020007000 	/System/Library/Frameworks/IOBluetooth.framework/Versions/A/IOBluetooth
0x0000000020007000 	/System/Library/PrivateFrameworks/CoreWiFi.framework/Versions/A/CoreWiFi
0x0000000020007000 	/System/Library/Frameworks/CoreBluetooth.framework/Versions/A/CoreBluetooth
0x0000000020007000 	/System/Library/PrivateFrameworks/SignpostNotification.framework/Versions/A/SignpostNotification
0x0000000020007000 	/System/Library/PrivateFrameworks/DebugSymbols.framework/Versions/A/DebugSymbols
0x0000000020007000 	/System/Library/PrivateFrameworks/CoreSymbolication.framework/Versions/A/CoreSymbolication
0x0000000020007000 	/System/Library/PrivateFrameworks/Symbolication.framework/Versions/A/Symbolication
0x0000000020007000 	/System/Library/PrivateFrameworks/AppleFSCompression.framework/Versions/A/AppleFSCompression
0x0000000020007000 	/System/Library/PrivateFrameworks/SpeechRecognitionCore.framework/Versions/A/SpeechRecognitionCore
0x0000000110600000 	/Library/Java/JavaVirtualMachines/jdk1.8.0_101.jdk/Contents/Home/jre/lib/server/libjvm.dylib
0x0000000020007000 	/usr/lib/libstdc++.6.0.9.dylib
0x000000010fdef000 	/Library/Java/JavaVirtualMachines/jdk1.8.0_101.jdk/Contents/Home/jre/lib/libverify.dylib
0x000000011159d000 	/Library/Java/JavaVirtualMachines/jdk1.8.0_101.jdk/Contents/Home/jre/lib/libjava.dylib
0x000000011161a000 	/Library/Java/JavaVirtualMachines/jdk1.8.0_101.jdk/Contents/Home/jre/lib/libzip.dylib
0x0000000020007000 	/System/Library/Frameworks/JavaVM.framework/Versions/A/Frameworks/JavaRuntimeSupport.framework/Versions/A/JavaRuntimeSupport
0x0000000020007000 	/System/Library/Frameworks/JavaVM.framework/Versions/A/Frameworks/JavaNativeFoundation.framework/Versions/A/JavaNativeFoundation
0x0000000020007000 	/System/Library/Frameworks/JavaVM.framework/Versions/A/JavaVM
0x0000000020007000 	/System/Library/Frameworks/Carbon.framework/Versions/A/Carbon
0x0000000020007000 	/System/Library/PrivateFrameworks/JavaLaunching.framework/Versions/A/JavaLaunching
0x0000000020007000 	/System/Library/Frameworks/Carbon.framework/Versions/A/Frameworks/CommonPanels.framework/Versions/A/CommonPanels
0x0000000020007000 	/System/Library/Frameworks/Carbon.framework/Versions/A/Frameworks/Help.framework/Versions/A/Help
0x0000000020007000 	/System/Library/Frameworks/Carbon.framework/Versions/A/Frameworks/ImageCapture.framework/Versions/A/ImageCapture
0x0000000020007000 	/System/Library/Frameworks/Carbon.framework/Versions/A/Frameworks/OpenScripting.framework/Versions/A/OpenScripting
0x0000000020007000 	/System/Library/Frameworks/Carbon.framework/Versions/A/Frameworks/Print.framework/Versions/A/Print
0x0000000020007000 	/System/Library/Frameworks/Carbon.framework/Versions/A/Frameworks/SecurityHI.framework/Versions/A/SecurityHI
0x0000000119951000 	/Library/Java/JavaVirtualMachines/jdk1.8.0_101.jdk/Contents/Home/jre/lib/libawt.dylib
0x00000001199f9000 	/Library/Java/JavaVirtualMachines/jdk1.8.0_101.jdk/Contents/Home/jre/lib/./libmlib_image.dylib
0x0000000119ac5000 	/Library/Java/JavaVirtualMachines/jdk1.8.0_101.jdk/Contents/Home/jre/lib/libawt_lwawt.dylib
0x0000000119b7a000 	/Library/Java/JavaVirtualMachines/jdk1.8.0_101.jdk/Contents/Home/jre/lib/./libosxapp.dylib
0x0000000020007000 	/System/Library/Frameworks/ExceptionHandling.framework/Versions/A/ExceptionHandling
0x0000000020007000 	/System/Library/PrivateFrameworks/CoreServicesInternal.framework/Versions/A/CoreServicesInternal
0x0000000020007000 	/System/Library/CoreServices/RawCamera.bundle/Contents/MacOS/RawCamera
0x0000000020007000 	/System/Library/PrivateFrameworks/MobileAsset.framework/Versions/A/MobileAsset
0x0000000020007000 	/System/Library/PrivateFrameworks/StreamingZip.framework/Versions/A/StreamingZip
0x0000000020007000 	/System/Library/Frameworks/MediaToolbox.framework/Versions/A/MediaToolbox
0x0000000020007000 	/System/Library/PrivateFrameworks/CoreAVCHD.framework/Versions/A/CoreAVCHD
0x0000000020007000 	/System/Library/Frameworks/MediaAccessibility.framework/Versions/A/MediaAccessibility
0x0000000020007000 	/System/Library/PrivateFrameworks/Mangrove.framework/Versions/A/Mangrove
0x0000000020007000 	/System/Library/Frameworks/CoreMedia.framework/Versions/A/CoreMedia
0x0000000020007000 	/System/Library/Frameworks/VideoToolbox.framework/Versions/A/VideoToolbox
0x0000000020007000 	/System/Library/PrivateFrameworks/CoreAUC.framework/Versions/A/CoreAUC
0x0000000020007000 	/usr/lib/libspindump.dylib
0x0000000020007000 	/usr/lib/libdscsym.dylib
0x0000000020007000 	/System/Library/PrivateFrameworks/AppleVA.framework/Versions/A/AppleVA
0x0000000020007000 	/System/Library/Frameworks/Accelerate.framework/Versions/A/Frameworks/vImage.framework/Versions/A/Libraries/libCGInterfaces.dylib
0x0000000020007000 	/System/Library/Frameworks/ApplicationServices.framework/Versions/A/Frameworks/ATS.framework/Versions/A/Resources/libTrueTypeScaler.dylib
0x0000000020007000 	/System/Library/Frameworks/OpenGL.framework/Versions/A/Resources/GLEngine.bundle/GLEngine
0x0000000020007000 	/System/Library/Frameworks/OpenGL.framework/Versions/A/Libraries/libGLProgrammability.dylib
0x000000012adac000 	/System/Library/Extensions/AppleIntelBDWGraphicsGLDriver.bundle/Contents/MacOS/AppleIntelBDWGraphicsGLDriver
0x0000000020007000 	/System/Library/PrivateFrameworks/GPUSupport.framework/Versions/A/Libraries/libGPUSupportMercury.dylib
0x0000000020007000 	/System/Library/Frameworks/OpenGL.framework/Versions/A/Resources/GLRendererFloat.bundle/GLRendererFloat
0x0000000020007000 	/System/Library/Frameworks/OpenCL.framework/Versions/A/Libraries/libcldcpuengine.dylib
0x0000000020007000 	/usr/lib/libcrypto.35.dylib
0x0000000020007000 	/System/Library/PrivateFrameworks/TrustEvaluationAgent.framework/Versions/A/TrustEvaluationAgent
0x0000000020007000 	/System/Library/Extensions/AppleIntelBDWGraphicsMTLDriver.bundle/Contents/MacOS/AppleIntelBDWGraphicsMTLDriver
0x0000000020007000 	/System/Library/PrivateFrameworks/GPUCompiler.framework/Versions/3802/Libraries/libmetal_timestamp.dylib
0x0000000020007000 	/System/Library/PrivateFrameworks/FamilyControls.framework/Versions/A/FamilyControls
0x0000000020007000 	/System/Library/PrivateFrameworks/CommerceKit.framework/Versions/A/Frameworks/CommerceCore.framework/Versions/A/CommerceCore
0x0000000020007000 	/System/Library/PrivateFrameworks/SystemAdministration.framework/Versions/A/SystemAdministration
0x0000000020007000 	/System/Library/PrivateFrameworks/AppContainer.framework/Versions/A/AppContainer
0x0000000020007000 	/System/Library/PrivateFrameworks/SecCodeWrapper.framework/Versions/A/SecCodeWrapper
0x0000000020007000 	/System/Library/PrivateFrameworks/DiskManagement.framework/Versions/A/DiskManagement
0x0000000020007000 	/System/Library/Frameworks/DirectoryService.framework/Versions/A/DirectoryService
0x0000000020007000 	/System/Library/PrivateFrameworks/DiskImages.framework/Versions/A/DiskImages
0x0000000020007000 	/System/Library/PrivateFrameworks/LoginUIKit.framework/Versions/A/Frameworks/LoginUICore.framework/Versions/A/LoginUICore
0x0000000020007000 	/usr/lib/libCoreStorage.dylib
0x0000000020007000 	/usr/lib/libcsfde.dylib
0x0000000020007000 	/usr/lib/libodfde.dylib
0x0000000020007000 	/System/Library/PrivateFrameworks/MediaKit.framework/Versions/A/MediaKit
0x0000000020007000 	/System/Library/Frameworks/DiscRecording.framework/Versions/A/DiscRecording
0x0000000020007000 	/System/Library/PrivateFrameworks/EFILogin.framework/Versions/A/EFILogin
0x0000000020007000 	/System/Library/PrivateFrameworks/ProtectedCloudStorage.framework/Versions/A/ProtectedCloudStorage
0x0000000020007000 	/usr/lib/libcurl.4.dylib
0x0000000020007000 	/usr/lib/libssl.35.dylib
0x0000000020007000 	/System/Library/Frameworks/LDAP.framework/Versions/A/LDAP
0x0000000020007000 	/usr/lib/libsasl2.2.dylib
0x0000000020007000 	/System/Library/PrivateFrameworks/CoreDaemon.framework/Versions/B/CoreDaemon
0x0000000020007000 	/System/Library/PrivateFrameworks/AppleSRP.framework/Versions/A/AppleSRP
0x000000012c489000 	/Library/Java/JavaVirtualMachines/jdk1.8.0_101.jdk/Contents/Home/jre/lib/libfontmanager.dylib
0x000000012d785000 	/Library/Java/JavaVirtualMachines/jdk1.8.0_101.jdk/Contents/Home/jre/lib/libosxui.dylib
0x0000000020007000 	/System/Library/PrivateFrameworks/ViewBridge.framework/Versions/A/ViewBridge
0x000000012e944000 	/Library/Java/JavaVirtualMachines/jdk1.8.0_101.jdk/Contents/Home/jre/lib/libnet.dylib
0x000000012e9a3000 	/Library/Java/JavaVirtualMachines/jdk1.8.0_101.jdk/Contents/Home/jre/lib/libnio.dylib
0x000000011a4a7000 	/private/var/folders/pw/kw08pl9n6yzcxbqgsc_vpf_h0000gn/T/jogamp_0000/file_cache/jln4950197002584980955/jln3116510006031484570/libgluegen-rt.jnilib
0x000000011a4ac000 	/private/var/folders/pw/kw08pl9n6yzcxbqgsc_vpf_h0000gn/T/jogamp_0000/file_cache/jln4950197002584980955/jln3116510006031484570/libnativewindow_awt.jnilib
0x000000011a4af000 	/Library/Java/JavaVirtualMachines/jdk1.8.0_101.jdk/Contents/Home/jre/lib/libjawt.dylib
0x000000011a4b2000 	/private/var/folders/pw/kw08pl9n6yzcxbqgsc_vpf_h0000gn/T/jogamp_0000/file_cache/jln4950197002584980955/jln3116510006031484570/libnativewindow_macosx.jnilib
0x0000000165ddc000 	/private/var/folders/pw/kw08pl9n6yzcxbqgsc_vpf_h0000gn/T/jogamp_0000/file_cache/jln4950197002584980955/jln3116510006031484570/libjogl_desktop.jnilib

VM Arguments:
jvm_args: -Djava.security.policy=java.policy.applet -Dfile.encoding=UTF-8 
java_command: sun.applet.AppletViewer demos.EarthquakeCityMap1519833626416.html
java_class_path (initial): /Users/kathyshannon/Documents/workspace/UCSDUnfoldingMaps/build:/Users/kathyshannon/Documents/workspace/UCSDUnfoldingMaps/lib/core.jar:/Users/kathyshannon/Documents/workspace/UCSDUnfoldingMaps/lib/gluegen-rt.jar:/Users/kathyshannon/Documents/workspace/UCSDUnfoldingMaps/lib/jogl-all.jar:/Users/kathyshannon/Documents/workspace/UCSDUnfoldingMaps/lib/log4j-1.2.15.jar:/Users/kathyshannon/Documents/workspace/UCSDUnfoldingMaps/lib/sqlite-jdbc-3.7.2.jar:/Users/kathyshannon/Documents/workspace/UCSDUnfoldingMaps/lib/json4processing.jar:/Users/kathyshannon/Documents/workspace/UCSDUnfoldingMaps/lib/libTUIO.jar:/Users/kathyshannon/Documents/workspace/UCSDUnfoldingMaps/lib/unfolding.0.9.7-uscd.jar
Launcher Type: SUN_STANDARD

Environment Variables:
PATH=/usr/bin:/bin:/usr/sbin:/sbin
SHELL=/bin/bash
DISPLAY=/private/tmp/com.apple.launchd.MUWqX9qNov/org.macosforge.xquartz:0

Signal Handlers:
SIGSEGV: [libjvm.dylib+0x5af145], sa_mask[0]=11111111011111110111111111111111, sa_flags=SA_ONSTACK|SA_RESTART|SA_SIGINFO
SIGBUS: [libjvm.dylib+0x5af145], sa_mask[0]=11111111011111110111111111111111, sa_flags=SA_RESTART|SA_SIGINFO
SIGFPE: [libjvm.dylib+0x48694c], sa_mask[0]=11111111011111110111111111111111, sa_flags=SA_RESTART|SA_SIGINFO
SIGPIPE: [libjvm.dylib+0x48694c], sa_mask[0]=11111111011111110111111111111111, sa_flags=SA_RESTART|SA_SIGINFO
SIGXFSZ: [libjvm.dylib+0x48694c], sa_mask[0]=11111111011111110111111111111111, sa_flags=SA_RESTART|SA_SIGINFO
SIGILL: [libjvm.dylib+0x48694c], sa_mask[0]=11111111011111110111111111111111, sa_flags=SA_RESTART|SA_SIGINFO
SIGUSR1: SIG_DFL, sa_mask[0]=00000000000000000000000000000000, sa_flags=none
SIGUSR2: [libjvm.dylib+0x48646a], sa_mask[0]=00100000000000000000000000000000, sa_flags=SA_RESTART|SA_SIGINFO
SIGHUP: [libjvm.dylib+0x484a41], sa_mask[0]=11111111011111110111111111111111, sa_flags=SA_RESTART|SA_SIGINFO
SIGINT: [libjvm.dylib+0x484a41], sa_mask[0]=11111111011111110111111111111111, sa_flags=SA_RESTART|SA_SIGINFO
SIGTERM: [libjvm.dylib+0x484a41], sa_mask[0]=11111111011111110111111111111111, sa_flags=SA_RESTART|SA_SIGINFO
SIGQUIT: [libjvm.dylib+0x484a41], sa_mask[0]=11111111011111110111111111111111, sa_flags=SA_RESTART|SA_SIGINFO


---------------  S Y S T E M  ---------------

OS:Bsduname:Darwin 17.4.0 Darwin Kernel Version 17.4.0: Sun Dec 17 09:19:54 PST 2017; root:xnu-4570.41.2~1/RELEASE_X86_64 x86_64
rlimit: STACK 8192k, CORE 0k, NPROC 709, NOFILE 10240, AS infinity
load average:1.86 1.58 1.42

CPU:total 4 (4 cores per cpu, 1 threads per core) family 6 model 71 stepping 1, cmov, cx8, fxsr, mmx, sse, sse2, sse3, ssse3, sse4.1, sse4.2, popcnt, avx, avx2, aes, clmul, erms, rtm, 3dnowpref, lzcnt, tsc, tscinvbit, bmi1, bmi2, adx

Memory: 4k page, physical 8388608k(798768k free)

/proc/meminfo:


vm_info: Java HotSpot(TM) 64-Bit Server VM (25.101-b13) for bsd-amd64 JRE (1.8.0_101-b13), built on Jun 22 2016 02:42:15 by "java_re" with gcc 4.2.1 (Based on Apple Inc. build 5658) (LLVM build 2336.11.00)

time: Wed Feb 28 08:00:32 2018
elapsed time: 5 seconds (0d 0h 0m 5s)

