#
# A fatal error has been detected by the Java Runtime Environment:
#
#  SIGSEGV (0xb) at pc=0x00007fff7b3cbe9d, pid=3485, tid=0x0000000000000307
#
# JRE version: Java(TM) SE Runtime Environment (8.0_101-b13) (build 1.8.0_101-b13)
# Java VM: Java HotSpot(TM) 64-Bit Server VM (25.101-b13 mixed mode bsd-amd64 compressed oops)
# Problematic frame:
# C  [libobjc.A.dylib+0x6e9d]  objc_msgSend+0x1d
#
# Failed to write core dump. Core dumps have been disabled. To enable core dumping, try "ulimit -c unlimited" before starting Java again
#
# If you would like to submit a bug report, please visit:
#   http://bugreport.java.com/bugreport/crash.jsp
# The crash happened outside the Java Virtual Machine in native code.
# See problematic frame for where to report the bug.
#

---------------  T H R E A D  ---------------

Current thread (0x00007fa0c902b800):  JavaThread "AWT-AppKit" daemon [_thread_in_native, id=775, stack(0x00007ffee4583000,0x00007ffee4d83000)]

siginfo: si_signo: 11 (SIGSEGV), si_code: 1 (SEGV_MAPERR), si_addr: 0x0000000000000018

Registers:
RAX=0x00007fa0cd3930d0, RBX=0x0000000113fc4450, RCX=0x0000000000000001, RDX=0x0000000000000000
RSP=0x00007ffee4d7e238, RBP=0x00007ffee4d7e2f0, RSI=0x00007fff5292c4e5, RDI=0x00007fa0cd507020
R8 =0x0000000000000000, R9 =0x0000000000000000, R10=0x0000000000000000, R11=0x00007fff5292c4e5
R12=0x0000000000000000, R13=0x00000001666d6fe0, R14=0x0000000113fc4440, R15=0x00007fa0c902b800
RIP=0x00007fff7b3cbe9d, EFLAGS=0x0000000000010246, ERR=0x0000000000000004
  TRAPNO=0x000000000000000e

Top of Stack: (sp=0x00007ffee4d7e238)
0x00007ffee4d7e238:   0000000113fc2157 00007ffee4d7e290
0x00007ffee4d7e248:   0000000000000003 00007ffee4d7e270
0x00007ffee4d7e258:   000000010b9f28e6 00000001666d6fe0
0x00007ffee4d7e268:   00000001666d6fe0 00007fa0cd3930d0
0x00007ffee4d7e278:   0000000113fc46a0 0000000113fc4710
0x00007ffee4d7e288:   00007fffae8fcb88 00007fffb0009fc8
0x00007ffee4d7e298:   0000000113fc4450 0000000113fc4690
0x00007ffee4d7e2a8:   00007fa0cd3930d0 00007fa0cd507020
0x00007ffee4d7e2b8:   00007fa0cd4c6d30 00007fa0cd3930d0
0x00007ffee4d7e2c8:   00007fa0cd507020 00007ffee4d7e378
0x00007ffee4d7e2d8:   00007fa0c902b9f8 00000001666d6fe0
0x00007ffee4d7e2e8:   00007ffee4d7e3a0 00007ffee4d7e368
0x00007ffee4d7e2f8:   00000001143aa9d4 00000001666d6fe0
0x00007ffee4d7e308:   00007ffee4d7e3a0 00007ffee4d7e368
0x00007ffee4d7e318:   00000001143aa767 00000001143aa722
0x00007ffee4d7e328:   00007ffee4d7e328 00000001666d6fe0
0x00007ffee4d7e338:   00007ffee4d7e3a0 00000001666d9c18
0x00007ffee4d7e348:   0000000000000000 00000001666d6fe0
0x00007ffee4d7e358:   0000000000000000 00007ffee4d7e388
0x00007ffee4d7e368:   00007ffee4d7e3e8 000000011439b2bd
0x00007ffee4d7e378:   0000000740ec3fb8 00000001143a4538
0x00007ffee4d7e388:   00007fa0cd3930d0 00007ffee4d7e3e8
0x00007ffee4d7e398:   00007fa0cd507020 00000001143a5e02
0x00007ffee4d7e3a8:   00007ffee4d7e3a8 00000001666d71aa
0x00007ffee4d7e3b8:   00007ffee4d7e410 00000001666d9c18
0x00007ffee4d7e3c8:   0000000000000000 00000001666d71b8
0x00007ffee4d7e3d8:   00007ffee4d7e388 00007ffee4d7e3f8
0x00007ffee4d7e3e8:   00007ffee4d7e458 000000011439b2bd
0x00007ffee4d7e3f8:   00007fa0cd3930d0 0000000740bfff40
0x00007ffee4d7e408:   00007fa0cd507020 0000000740bfff40
0x00007ffee4d7e418:   00007ffee4d7e418 000000016a01f096
0x00007ffee4d7e428:   00007ffee4d7e468 000000016a01f150 

Instructions: (pc=0x00007fff7b3cbe9d)
0x00007fff7b3cbe7d:   0f 1f 00 48 85 ff 2e 74 62 40 f6 c7 01 2e 75 66
0x00007fff7b3cbe8d:   49 ba f8 ff ff ff ff 7f 00 00 4c 23 17 49 89 f3
0x00007fff7b3cbe9d:   45 23 5a 18 49 c1 e3 04 4d 03 5a 10 49 3b 33 75
0x00007fff7b3cbead:   04 41 ff 63 08 49 83 3b 01 76 0d 49 83 c3 10 49 

Register to memory mapping:

RAX=0x00007fa0cd3930d0 is an unknown value
RBX=0x0000000113fc4450: Java_jogamp_nativewindow_macosx_OSXUtil_GetScreenRefreshRate0+0x1cf0 in /private/var/folders/pw/kw08pl9n6yzcxbqgsc_vpf_h0000gn/T/jogamp_0000/file_cache/jln2188562750475487872/jln1883780019928038086/libnativewindow_macosx.jnilib at 0x0000000113fbd000
RCX=0x0000000000000001 is an unknown value
RDX=0x0000000000000000 is an unknown value
RSP=0x00007ffee4d7e238 is pointing into the stack for thread: 0x00007fa0c902b800
RBP=0x00007ffee4d7e2f0 is pointing into the stack for thread: 0x00007fa0c902b800
RSI=0x00007fff5292c4e5: .str.41.llvm.371263A9+0x4376f in /System/Library/Frameworks/AppKit.framework/Versions/C/AppKit at 0x00007fff51c53000
RDI=0x00007fa0cd507020 is an unknown value
R8 =0x0000000000000000 is an unknown value
R9 =0x0000000000000000 is an unknown value
R10=0x0000000000000000 is an unknown value
R11=0x00007fff5292c4e5: .str.41.llvm.371263A9+0x4376f in /System/Library/Frameworks/AppKit.framework/Versions/C/AppKit at 0x00007fff51c53000
R12=0x0000000000000000 is an unknown value
R13={method} {0x00000001666d6fe0} 'UnsetJAWTRootSurfaceLayer0' '(JJ)V' in 'jogamp/nativewindow/jawt/macosx/MacOSXJAWTWindow'
R14=0x0000000113fc4440: Java_jogamp_nativewindow_macosx_OSXUtil_GetScreenRefreshRate0+0x1ce0 in /private/var/folders/pw/kw08pl9n6yzcxbqgsc_vpf_h0000gn/T/jogamp_0000/file_cache/jln2188562750475487872/jln1883780019928038086/libnativewindow_macosx.jnilib at 0x0000000113fbd000
R15=0x00007fa0c902b800 is a thread


Stack: [0x00007ffee4583000,0x00007ffee4d83000],  sp=0x00007ffee4d7e238,  free space=8172k
Native frames: (J=compiled Java code, j=interpreted, Vv=VM code, C=native code)
C  [libobjc.A.dylib+0x6e9d]  objc_msgSend+0x1d
j  jogamp.nativewindow.jawt.macosx.MacOSXJAWTWindow.UnsetJAWTRootSurfaceLayer0(JJ)V+0
j  jogamp.nativewindow.jawt.macosx.MacOSXJAWTWindow.access$200(JJ)V+2
j  jogamp.nativewindow.jawt.macosx.MacOSXJAWTWindow$1.run()V+38
J 1728 C1 com.jogamp.common.util.RunnableTask.run()V (345 bytes) @ 0x00000001149e2514 [0x00000001149e2380+0x194]
v  ~StubRoutines::call_stub
V  [libjvm.dylib+0x2ecf06]
V  [libjvm.dylib+0x324111]
V  [libjvm.dylib+0x3168df]
C  [libnativewindow_macosx.jnilib+0x5326]  Java_jogamp_nativewindow_jawt_macosx_MacOSXJAWTWindow_UnsetJAWTRootSurfaceLayer0+0x2b6
C  [Foundation+0x681c5]  __NSThreadPerformPerform+0x14e
C  [CoreFoundation+0xa3721]  __CFRUNLOOP_IS_CALLING_OUT_TO_A_SOURCE0_PERFORM_FUNCTION__+0x11
C  [CoreFoundation+0x15d0ac]  __CFRunLoopDoSource0+0x6c
C  [CoreFoundation+0x862bc]  __CFRunLoopDoSources0+0x12c
C  [CoreFoundation+0x856dd]  __CFRunLoopRun+0x50d
C  [CoreFoundation+0x84f43]  CFRunLoopRunSpecific+0x1e3
C  [HIToolbox+0x2fe26]  RunCurrentEventLoopInMode+0x11e
C  [HIToolbox+0x2fa9f]  ReceiveNextEventCommon+0x16e
C  [HIToolbox+0x2f914]  _BlockUntilNextEventMatchingListInModeWithFilter+0x40
C  [AppKit+0x41f5f]  _DPSNextEvent+0x825
C  [AppKit+0x7d7b4c]  -[NSApplication(NSEvent) _nextEventMatchingEventMask:untilDate:inMode:dequeue:]+0xbe4
C  [libosxapp.dylib+0x23aa]  -[NSApplicationAWT nextEventMatchingMask:untilDate:inMode:dequeue:]+0x7c
C  [AppKit+0x36d6d]  -[NSApplication run]+0x2fc
C  [libosxapp.dylib+0x214d]  +[NSApplicationAWT runAWTLoopWithApp:]+0x9c
C  [libawt_lwawt.dylib+0x444b3]  -[AWTStarter starter:]+0x389
C  [Foundation+0x681c5]  __NSThreadPerformPerform+0x14e
C  [CoreFoundation+0xa3721]  __CFRUNLOOP_IS_CALLING_OUT_TO_A_SOURCE0_PERFORM_FUNCTION__+0x11
C  [CoreFoundation+0x15d0ac]  __CFRunLoopDoSource0+0x6c
C  [CoreFoundation+0x86260]  __CFRunLoopDoSources0+0xd0
C  [CoreFoundation+0x856dd]  __CFRunLoopRun+0x50d
C  [CoreFoundation+0x84f43]  CFRunLoopRunSpecific+0x1e3
C  [java+0x6465]  CreateExecutionEnvironment+0x367
C  [java+0x218c]  JLI_Launch+0x7a0
C  [java+0x84c2]  main+0x65
C  [java+0x19e4]  start+0x34
C  0x0000000000000007

Java frames: (J=compiled Java code, j=interpreted, Vv=VM code)
j  jogamp.nativewindow.jawt.macosx.MacOSXJAWTWindow.UnsetJAWTRootSurfaceLayer0(JJ)V+0
j  jogamp.nativewindow.jawt.macosx.MacOSXJAWTWindow.access$200(JJ)V+2
j  jogamp.nativewindow.jawt.macosx.MacOSXJAWTWindow$1.run()V+38
J 1728 C1 com.jogamp.common.util.RunnableTask.run()V (345 bytes) @ 0x00000001149e2514 [0x00000001149e2380+0x194]
v  ~StubRoutines::call_stub

---------------  P R O C E S S  ---------------

Java Threads: ( => current thread )
  0x00007fa0cd802000 JavaThread "Thread-74" [_thread_blocked, id=57627, stack(0x0000700007de6000,0x0000700007ee6000)]
  0x00007fa0c8264800 JavaThread "Animation Thread" [_thread_blocked, id=53779, stack(0x00007000083fe000,0x00007000084fe000)]
  0x00007fa0c8008000 JavaThread "AWT-EventQueue-1" [_thread_in_native, id=54303, stack(0x0000700008501000,0x0000700008601000)]
  0x00007fa0c8a9f000 JavaThread "DestroyJavaVM" [_thread_blocked, id=9219, stack(0x0000700006eb9000,0x0000700006fb9000)]
  0x00007fa0c78f5800 JavaThread "AWT-EventQueue-0" [_thread_blocked, id=76035, stack(0x00007000082fb000,0x00007000083fb000)]
  0x00007fa0c81f2800 JavaThread "Java2D Disposer" daemon [_thread_blocked, id=78351, stack(0x0000700008072000,0x0000700008172000)]
  0x00007fa0c8192800 JavaThread "Java2D Queue Flusher" daemon [_thread_blocked, id=79879, stack(0x0000700007f6f000,0x000070000806f000)]
  0x00007fa0c88c5000 JavaThread "AWT-Shutdown" [_thread_blocked, id=25967, stack(0x0000700007ce3000,0x0000700007de3000)]
=>0x00007fa0c902b800 JavaThread "AWT-AppKit" daemon [_thread_in_native, id=775, stack(0x00007ffee4583000,0x00007ffee4d83000)]
  0x00007fa0c9034000 JavaThread "Service Thread" daemon [_thread_blocked, id=14595, stack(0x0000700007add000,0x0000700007bdd000)]
  0x00007fa0c9033800 JavaThread "C1 CompilerThread2" daemon [_thread_blocked, id=14339, stack(0x00007000079da000,0x0000700007ada000)]
  0x00007fa0c781c000 JavaThread "C2 CompilerThread1" daemon [_thread_blocked, id=13827, stack(0x00007000078d7000,0x00007000079d7000)]
  0x00007fa0c8026000 JavaThread "C2 CompilerThread0" daemon [_thread_blocked, id=18179, stack(0x00007000077d4000,0x00007000078d4000)]
  0x00007fa0c781b800 JavaThread "Signal Dispatcher" daemon [_thread_blocked, id=18435, stack(0x00007000076d1000,0x00007000077d1000)]
  0x00007fa0c7807000 JavaThread "Finalizer" daemon [_thread_blocked, id=12291, stack(0x00007000075ce000,0x00007000076ce000)]
  0x00007fa0c8001800 JavaThread "Reference Handler" daemon [_thread_blocked, id=11779, stack(0x00007000074cb000,0x00007000075cb000)]

Other Threads:
  0x00007fa0c9008000 VMThread [stack: 0x00007000073c8000,0x00007000074c8000] [id=21251]
  0x00007fa0c9018000 WatcherThread [stack: 0x0000700007be0000,0x0000700007ce0000] [id=17155]

VM state:not at safepoint (normal execution)

VM Mutex/Monitor currently owned by a thread: None

Heap:
 PSYoungGen      total 35328K, used 23227K [0x0000000795580000, 0x0000000799480000, 0x00000007c0000000)
  eden space 28672K, 59% used [0x0000000795580000,0x000000079660ed30,0x0000000797180000)
  from space 6656K, 94% used [0x0000000797200000,0x0000000797820180,0x0000000797880000)
  to   space 17920K, 0% used [0x0000000798300000,0x0000000798300000,0x0000000799480000)
 ParOldGen       total 87552K, used 23128K [0x0000000740000000, 0x0000000745580000, 0x0000000795580000)
  object space 87552K, 26% used [0x0000000740000000,0x00000007416960a8,0x0000000745580000)
 Metaspace       used 19293K, capacity 19531K, committed 19712K, reserved 1067008K
  class space    used 1883K, capacity 1982K, committed 2048K, reserved 1048576K

Card table byte_map: [0x000000010cb5d000,0x000000010cf5e000] byte_map_base: 0x000000010915d000

Marking Bits: (ParMarkBitMap*) 0x000000010c0edd20
 Begin Bits: [0x000000010d209000, 0x000000010f209000)
 End Bits:   [0x000000010f209000, 0x0000000111209000)

Polling page: 0x000000010aef9000

CodeCache: size=245760Kb used=7419Kb max_used=7806Kb free=238340Kb
 bounds [0x0000000114393000, 0x0000000114b63000, 0x0000000123393000]
 total_blobs=2948 nmethods=2072 adapters=789
 compilation: enabled

Compilation events (10 events):
Event: 58.146 Thread 0x00007fa0c9033800 2421       3       sun.awt.SunToolkit::targetToPeer (20 bytes)
Event: 58.147 Thread 0x00007fa0c9033800 nmethod 2421 0x000000011483a550 code [0x000000011483a720, 0x000000011483ae58]
Event: 58.779 Thread 0x00007fa0c781c000 2422       4       java.util.Collections::sort (8 bytes)
Event: 58.787 Thread 0x00007fa0c781c000 nmethod 2422 0x0000000114808ad0 code [0x0000000114808cc0, 0x00000001148098c0]
Event: 58.873 Thread 0x00007fa0c8026000 2423       4       java.lang.Math::floor (5 bytes)
Event: 58.873 Thread 0x00007fa0c9033800 2425       3       sun.java2d.pipe.RenderBuffer::putFloat (26 bytes)
Event: 58.874 Thread 0x00007fa0c9033800 nmethod 2425 0x0000000114808710 code [0x0000000114808880, 0x0000000114808a10]
Event: 58.874 Thread 0x00007fa0c9033800 2424       1       sun.java2d.SurfaceData::isValid (5 bytes)
Event: 58.874 Thread 0x00007fa0c9033800 nmethod 2424 0x0000000114839a50 code [0x0000000114839ba0, 0x0000000114839cb0]
Event: 58.874 Thread 0x00007fa0c8026000 nmethod 2423 0x00000001148396d0 code [0x0000000114839840, 0x0000000114839958]

GC Heap History (10 events):
Event: 36.521 GC heap before
{Heap before GC invocations=5 (full 0):
 PSYoungGen      total 38400K, used 38386K [0x0000000795580000, 0x0000000798000000, 0x00000007c0000000)
  eden space 33280K, 100% used [0x0000000795580000,0x0000000797600000,0x0000000797600000)
  from space 5120K, 99% used [0x0000000797b00000,0x0000000797ffcac0,0x0000000798000000)
  to   space 5120K, 0% used [0x0000000797600000,0x0000000797600000,0x0000000797b00000)
 ParOldGen       total 87552K, used 9674K [0x0000000740000000, 0x0000000745580000, 0x0000000795580000)
  object space 87552K, 11% used [0x0000000740000000,0x00000007409729f0,0x0000000745580000)
 Metaspace       used 19153K, capacity 19371K, committed 19712K, reserved 1067008K
  class space    used 1875K, capacity 1950K, committed 2048K, reserved 1048576K
Event: 36.526 GC heap after
Heap after GC invocations=5 (full 0):
 PSYoungGen      total 37888K, used 5106K [0x0000000795580000, 0x0000000798f80000, 0x00000007c0000000)
  eden space 32768K, 0% used [0x0000000795580000,0x0000000795580000,0x0000000797580000)
  from space 5120K, 99% used [0x0000000797600000,0x0000000797afcac0,0x0000000797b00000)
  to   space 13312K, 0% used [0x0000000798280000,0x0000000798280000,0x0000000798f80000)
 ParOldGen       total 87552K, used 12146K [0x0000000740000000, 0x0000000745580000, 0x0000000795580000)
  object space 87552K, 13% used [0x0000000740000000,0x0000000740bdcb40,0x0000000745580000)
 Metaspace       used 19153K, capacity 19371K, committed 19712K, reserved 1067008K
  class space    used 1875K, capacity 1950K, committed 2048K, reserved 1048576K
}
Event: 37.707 GC heap before
{Heap before GC invocations=6 (full 0):
 PSYoungGen      total 37888K, used 37874K [0x0000000795580000, 0x0000000798f80000, 0x00000007c0000000)
  eden space 32768K, 100% used [0x0000000795580000,0x0000000797580000,0x0000000797580000)
  from space 5120K, 99% used [0x0000000797600000,0x0000000797afcac0,0x0000000797b00000)
  to   space 13312K, 0% used [0x0000000798280000,0x0000000798280000,0x0000000798f80000)
 ParOldGen       total 87552K, used 12146K [0x0000000740000000, 0x0000000745580000, 0x0000000795580000)
  object space 87552K, 13% used [0x0000000740000000,0x0000000740bdcb40,0x0000000745580000)
 Metaspace       used 19172K, capacity 19371K, committed 19712K, reserved 1067008K
  class space    used 1875K, capacity 1950K, committed 2048K, reserved 1048576K
Event: 37.712 GC heap after
Heap after GC invocations=6 (full 0):
 PSYoungGen      total 44032K, used 12179K [0x0000000795580000, 0x0000000799300000, 0x00000007c0000000)
  eden space 30720K, 0% used [0x0000000795580000,0x0000000795580000,0x0000000797380000)
  from space 13312K, 91% used [0x0000000798280000,0x0000000798e64c70,0x0000000798f80000)
  to   space 15360K, 0% used [0x0000000797380000,0x0000000797380000,0x0000000798280000)
 ParOldGen       total 87552K, used 12154K [0x0000000740000000, 0x0000000745580000, 0x0000000795580000)
  object space 87552K, 13% used [0x0000000740000000,0x0000000740bdeb40,0x0000000745580000)
 Metaspace       used 19172K, capacity 19371K, committed 19712K, reserved 1067008K
  class space    used 1875K, capacity 1950K, committed 2048K, reserved 1048576K
}
Event: 39.322 GC heap before
{Heap before GC invocations=7 (full 0):
 PSYoungGen      total 44032K, used 42899K [0x0000000795580000, 0x0000000799300000, 0x00000007c0000000)
  eden space 30720K, 100% used [0x0000000795580000,0x0000000797380000,0x0000000797380000)
  from space 13312K, 91% used [0x0000000798280000,0x0000000798e64c70,0x0000000798f80000)
  to   space 15360K, 0% used [0x0000000797380000,0x0000000797380000,0x0000000798280000)
 ParOldGen       total 87552K, used 12154K [0x0000000740000000, 0x0000000745580000, 0x0000000795580000)
  object space 87552K, 13% used [0x0000000740000000,0x0000000740bdeb40,0x0000000745580000)
 Metaspace       used 19218K, capacity 19435K, committed 19712K, reserved 1067008K
  class space    used 1875K, capacity 1950K, committed 2048K, reserved 1048576K
Event: 39.327 GC heap after
Heap after GC invocations=7 (full 0):
 PSYoungGen      total 45568K, used 13840K [0x0000000795580000, 0x0000000799400000, 0x00000007c0000000)
  eden space 30208K, 0% used [0x0000000795580000,0x0000000795580000,0x0000000797300000)
  from space 15360K, 90% used [0x0000000797380000,0x0000000798104360,0x0000000798280000)
  to   space 16896K, 0% used [0x0000000798380000,0x0000000798380000,0x0000000799400000)
 ParOldGen       total 87552K, used 15567K [0x0000000740000000, 0x0000000745580000, 0x0000000795580000)
  object space 87552K, 17% used [0x0000000740000000,0x0000000740f33ed8,0x0000000745580000)
 Metaspace       used 19218K, capacity 19435K, committed 19712K, reserved 1067008K
  class space    used 1875K, capacity 1950K, committed 2048K, reserved 1048576K
}
Event: 47.009 GC heap before
{Heap before GC invocations=8 (full 0):
 PSYoungGen      total 45568K, used 44048K [0x0000000795580000, 0x0000000799400000, 0x00000007c0000000)
  eden space 30208K, 100% used [0x0000000795580000,0x0000000797300000,0x0000000797300000)
  from space 15360K, 90% used [0x0000000797380000,0x0000000798104360,0x0000000798280000)
  to   space 16896K, 0% used [0x0000000798380000,0x0000000798380000,0x0000000799400000)
 ParOldGen       total 87552K, used 15567K [0x0000000740000000, 0x0000000745580000, 0x0000000795580000)
  object space 87552K, 17% used [0x0000000740000000,0x0000000740f33ed8,0x0000000745580000)
 Metaspace       used 19218K, capacity 19435K, committed 19712K, reserved 1067008K
  class space    used 1875K, capacity 1950K, committed 2048K, reserved 1048576K
Event: 47.012 GC heap after
Heap after GC invocations=8 (full 0):
 PSYoungGen      total 46080K, used 13440K [0x0000000795580000, 0x0000000799580000, 0x00000007c0000000)
  eden space 29184K, 0% used [0x0000000795580000,0x0000000795580000,0x0000000797200000)
  from space 16896K, 79% used [0x0000000798380000,0x00000007990a0340,0x0000000799400000)
  to   space 17920K, 0% used [0x0000000797200000,0x0000000797200000,0x0000000798380000)
 ParOldGen       total 87552K, used 15903K [0x0000000740000000, 0x0000000745580000, 0x0000000795580000)
  object space 87552K, 18% used [0x0000000740000000,0x0000000740f87ee8,0x0000000745580000)
 Metaspace       used 19218K, capacity 19435K, committed 19712K, reserved 1067008K
  class space    used 1875K, capacity 1950K, committed 2048K, reserved 1048576K
}
Event: 54.695 GC heap before
{Heap before GC invocations=9 (full 0):
 PSYoungGen      total 46080K, used 42624K [0x0000000795580000, 0x0000000799580000, 0x00000007c0000000)
  eden space 29184K, 100% used [0x0000000795580000,0x0000000797200000,0x0000000797200000)
  from space 16896K, 79% used [0x0000000798380000,0x00000007990a0340,0x0000000799400000)
  to   space 17920K, 0% used [0x0000000797200000,0x0000000797200000,0x0000000798380000)
 ParOldGen       total 87552K, used 15903K [0x0000000740000000, 0x0000000745580000, 0x0000000795580000)
  object space 87552K, 18% used [0x0000000740000000,0x0000000740f87ee8,0x0000000745580000)
 Metaspace       used 19218K, capacity 19435K, committed 19712K, reserved 1067008K
  class space    used 1875K, capacity 1950K, committed 2048K, reserved 1048576K
Event: 54.698 GC heap after
Heap after GC invocations=9 (full 0):
 PSYoungGen      total 35328K, used 6272K [0x0000000795580000, 0x0000000799480000, 0x00000007c0000000)
  eden space 28672K, 0% used [0x0000000795580000,0x0000000795580000,0x0000000797180000)
  from space 6656K, 94% used [0x0000000797200000,0x0000000797820180,0x0000000797880000)
  to   space 17920K, 0% used [0x0000000798300000,0x0000000798300000,0x0000000799480000)
 ParOldGen       total 87552K, used 23128K [0x0000000740000000, 0x0000000745580000, 0x0000000795580000)
  object space 87552K, 26% used [0x0000000740000000,0x00000007416960a8,0x0000000745580000)
 Metaspace       used 19218K, capacity 19435K, committed 19712K, reserved 1067008K
  class space    used 1875K, capacity 1950K, committed 2048K, reserved 1048576K
}

Deoptimization events (10 events):
Event: 37.505 Thread 0x00007fa0c8008000 Uncommon trap: reason=unstable_if action=reinterpret pc=0x00000001147b2578 method=java.text.DigitList.getDataChars(I)[C @ 13
Event: 37.505 Thread 0x00007fa0c8008000 Uncommon trap: reason=unstable_if action=reinterpret pc=0x00000001147cab1c method=java.text.DecimalFormat.subformat(Ljava/lang/StringBuffer;Ljava/text/Format$FieldDelegate;ZZIIII)Ljava/lang/StringBuffer; @ 753
Event: 58.845 Thread 0x00007fa0c78f5800 Uncommon trap: reason=unstable_if action=reinterpret pc=0x0000000114b126dc method=java.awt.EventQueue.getPriority(Ljava/awt/AWTEvent;)I @ 71
Event: 58.845 Thread 0x00007fa0c8008000 Uncommon trap: reason=unstable_if action=reinterpret pc=0x000000011484b328 method=com.jogamp.common.util.VersionNumber.compareTo(Lcom/jogamp/common/util/VersionNumber;)I @ 21
Event: 58.845 Thread 0x00007fa0c78f5800 Uncommon trap: reason=unstable_if action=reinterpret pc=0x000000011499b1f8 method=sun.lwawt.LWContainerPeer.cutChildren(Lsun/java2d/pipe/Region;Lsun/lwawt/LWComponentPeer;)Lsun/java2d/pipe/Region; @ 67
Event: 58.845 Thread 0x00007fa0c78f5800 Uncommon trap: reason=unstable_if action=reinterpret pc=0x00000001147d190c method=java.lang.Math.round(D)J @ 31
Event: 58.845 Thread 0x00007fa0c78f5800 Uncommon trap: reason=unstable_if action=reinterpret pc=0x00000001148291ec method=sun.java2d.SunGraphics2D.validateCompClip()V @ 9
Event: 58.848 Thread 0x00007fa0c78f5800 Uncommon trap: reason=unstable_if action=reinterpret pc=0x0000000114b1fb9c method=sun.java2d.pipe.Region.intersectsQuickCheck(Lsun/java2d/pipe/Region;)Z @ 41
Event: 58.861 Thread 0x00007fa0c78f6800 Uncommon trap: reason=unstable_if action=reinterpret pc=0x0000000114ad74b0 method=java.util.HashMap.putVal(ILjava/lang/Object;Ljava/lang/Object;ZZ)Ljava/lang/Object; @ 81
Event: 58.871 Thread 0x00007fa0c8008000 Uncommon trap: reason=unstable_if action=reinterpret pc=0x000000011453c718 method=java.util.LinkedList$ListItr.<init>(Ljava/util/LinkedList;I)V @ 26

Internal exceptions (10 events):
Event: 0.308 Thread 0x00007fa0c8008000 Exception <a 'java/lang/NoSuchFieldError': method resolution failed> (0x0000000795786338) thrown at [/HUDSON3/workspace/8-2-build-macosx-x86_64/jdk8u101/7261/hotspot/src/share/vm/prims/methodHandles.cpp, line 1146]
Event: 0.310 Thread 0x00007fa0c8008000 Exception <a 'java/lang/NoSuchFieldError': method resolution failed> (0x0000000795793b08) thrown at [/HUDSON3/workspace/8-2-build-macosx-x86_64/jdk8u101/7261/hotspot/src/share/vm/prims/methodHandles.cpp, line 1146]
Event: 0.546 Thread 0x00007fa0c8008000 Exception <a 'java/io/FileNotFoundException'> (0x000000079580f280) thrown at [/HUDSON3/workspace/8-2-build-macosx-x86_64/jdk8u101/7261/hotspot/src/share/vm/prims/jni.cpp, line 709]
Event: 0.546 Thread 0x00007fa0c8008000 Exception <a 'java/io/FileNotFoundException'> (0x000000079580fe20) thrown at [/HUDSON3/workspace/8-2-build-macosx-x86_64/jdk8u101/7261/hotspot/src/share/vm/prims/jni.cpp, line 709]
Event: 0.713 Thread 0x00007fa0c8008000 Exception <a 'java/io/FileNotFoundException'> (0x000000079594bdc0) thrown at [/HUDSON3/workspace/8-2-build-macosx-x86_64/jdk8u101/7261/hotspot/src/share/vm/prims/jni.cpp, line 709]
Event: 2.943 Thread 0x00007fa0c8264800 Exception <a 'java/lang/UnsatisfiedLinkError': com.jogamp.common.util.JarUtil.fixNativeLibAttribs(Ljava/lang/String;)Z> (0x0000000796b23ff8) thrown at [/HUDSON3/workspace/8-2-build-macosx-x86_64/jdk8u101/7261/hotspot/src/share/vm/prims/nativeLookup.cpp, l
Event: 3.306 Thread 0x00007fa0c7807000 Exception <a 'java/lang/NullPointerException'> (0x00000007956a97c0) thrown at [/HUDSON3/workspace/8-2-build-macosx-x86_64/jdk8u101/7261/hotspot/src/share/vm/interpreter/linkResolver.cpp, line 1178]
Event: 3.859 Thread 0x00007fa0c8008000 Exception <a 'java/io/FileNotFoundException'> (0x0000000795e76dc0) thrown at [/HUDSON3/workspace/8-2-build-macosx-x86_64/jdk8u101/7261/hotspot/src/share/vm/prims/jni.cpp, line 709]
Event: 3.860 Thread 0x00007fa0c8008000 Exception <a 'java/io/FileNotFoundException'> (0x0000000795e7d298) thrown at [/HUDSON3/workspace/8-2-build-macosx-x86_64/jdk8u101/7261/hotspot/src/share/vm/prims/jni.cpp, line 709]
Event: 3.860 Thread 0x00007fa0c8008000 Implicit null exception at 0x000000011453c275 to 0x000000011453c5e1

Events (10 events):
Event: 58.871 Thread 0x00007fa0c8008000 DEOPT UNPACKING pc=0x0000000114398229 sp=0x00007000085fe830 mode 2
Event: 58.872 loading class java/awt/LightweightDispatcher$2
Event: 58.872 loading class java/awt/LightweightDispatcher$2 done
Event: 58.872 loading class java/awt/event/AWTEventListenerProxy
Event: 58.872 loading class java/awt/event/AWTEventListenerProxy done
Event: 58.872 loading class java/awt/Toolkit$ToolkitEventMulticaster
Event: 58.872 loading class java/awt/Toolkit$ToolkitEventMulticaster done
Event: 58.873 Thread 0x00007fa0c78f6800 Thread exited: 0x00007fa0c78f6800
Event: 58.873 loading class java/awt/Window$1DisposeAction
Event: 58.873 loading class java/awt/Window$1DisposeAction done


Dynamic libraries:
0x000000002cc85000 	/System/Library/Frameworks/Cocoa.framework/Versions/A/Cocoa
0x000000002cc85000 	/System/Library/Frameworks/Security.framework/Versions/A/Security
0x000000002cc85000 	/System/Library/Frameworks/ApplicationServices.framework/Versions/A/ApplicationServices
0x000000002cc85000 	/usr/lib/libz.1.dylib
0x000000002cc85000 	/usr/lib/libSystem.B.dylib
0x000000002cc85000 	/usr/lib/libobjc.A.dylib
0x000000002cc85000 	/System/Library/Frameworks/CoreFoundation.framework/Versions/A/CoreFoundation
0x000000002cc85000 	/System/Library/Frameworks/Foundation.framework/Versions/C/Foundation
0x000000002cc85000 	/System/Library/Frameworks/AppKit.framework/Versions/C/AppKit
0x000000002cc85000 	/System/Library/Frameworks/CoreData.framework/Versions/A/CoreData
0x000000002cc85000 	/System/Library/PrivateFrameworks/RemoteViewServices.framework/Versions/A/RemoteViewServices
0x000000002cc85000 	/System/Library/PrivateFrameworks/UIFoundation.framework/Versions/A/UIFoundation
0x000000002cc85000 	/System/Library/PrivateFrameworks/DFRFoundation.framework/Versions/A/DFRFoundation
0x000000002cc85000 	/System/Library/Frameworks/Metal.framework/Versions/A/Metal
0x000000002cc85000 	/System/Library/PrivateFrameworks/DesktopServicesPriv.framework/Versions/A/DesktopServicesPriv
0x000000002cc85000 	/usr/lib/libenergytrace.dylib
0x000000002cc85000 	/System/Library/PrivateFrameworks/SkyLight.framework/Versions/A/SkyLight
0x000000002cc85000 	/System/Library/Frameworks/CoreGraphics.framework/Versions/A/CoreGraphics
0x000000002cc85000 	/usr/lib/libScreenReader.dylib
0x000000002cc85000 	/System/Library/Frameworks/Accelerate.framework/Versions/A/Accelerate
0x000000002cc85000 	/System/Library/Frameworks/IOSurface.framework/Versions/A/IOSurface
0x000000002cc85000 	/System/Library/Frameworks/AudioToolbox.framework/Versions/A/AudioToolbox
0x000000002cc85000 	/System/Library/Frameworks/AudioUnit.framework/Versions/A/AudioUnit
0x000000002cc85000 	/System/Library/PrivateFrameworks/DataDetectorsCore.framework/Versions/A/DataDetectorsCore
0x000000002cc85000 	/System/Library/Frameworks/Carbon.framework/Versions/A/Frameworks/HIToolbox.framework/Versions/A/HIToolbox
0x000000002cc85000 	/usr/lib/libicucore.A.dylib
0x000000002cc85000 	/System/Library/Frameworks/QuartzCore.framework/Versions/A/QuartzCore
0x000000002cc85000 	/System/Library/Frameworks/Carbon.framework/Versions/A/Frameworks/SpeechRecognition.framework/Versions/A/SpeechRecognition
0x000000002cc85000 	/usr/lib/libauto.dylib
0x000000002cc85000 	/usr/lib/libxml2.2.dylib
0x000000002cc85000 	/System/Library/PrivateFrameworks/CoreUI.framework/Versions/A/CoreUI
0x000000002cc85000 	/System/Library/Frameworks/CoreAudio.framework/Versions/A/CoreAudio
0x000000002cc85000 	/System/Library/Frameworks/DiskArbitration.framework/Versions/A/DiskArbitration
0x000000002cc85000 	/usr/lib/liblangid.dylib
0x000000002cc85000 	/System/Library/PrivateFrameworks/MultitouchSupport.framework/Versions/A/MultitouchSupport
0x000000002cc85000 	/System/Library/Frameworks/IOKit.framework/Versions/A/IOKit
0x000000002cc85000 	/usr/lib/libDiagnosticMessagesClient.dylib
0x000000002cc85000 	/System/Library/Frameworks/CoreServices.framework/Versions/A/CoreServices
0x000000002cc85000 	/System/Library/PrivateFrameworks/PerformanceAnalysis.framework/Versions/A/PerformanceAnalysis
0x000000002cc85000 	/System/Library/Frameworks/OpenGL.framework/Versions/A/OpenGL
0x000000002cc85000 	/System/Library/Frameworks/ColorSync.framework/Versions/A/ColorSync
0x000000002cc85000 	/System/Library/Frameworks/CoreImage.framework/Versions/A/CoreImage
0x000000002cc85000 	/System/Library/Frameworks/CoreText.framework/Versions/A/CoreText
0x000000002cc85000 	/System/Library/Frameworks/ImageIO.framework/Versions/A/ImageIO
0x000000002cc85000 	/System/Library/PrivateFrameworks/Backup.framework/Versions/A/Backup
0x000000002cc85000 	/usr/lib/libarchive.2.dylib
0x000000002cc85000 	/System/Library/Frameworks/CFNetwork.framework/Versions/A/CFNetwork
0x000000002cc85000 	/System/Library/Frameworks/SystemConfiguration.framework/Versions/A/SystemConfiguration
0x000000002cc85000 	/usr/lib/libCRFSuite.dylib
0x000000002cc85000 	/usr/lib/libc++.1.dylib
0x000000002cc85000 	/usr/lib/libc++abi.dylib
0x000000002cc85000 	/usr/lib/system/libcache.dylib
0x000000002cc85000 	/usr/lib/system/libcommonCrypto.dylib
0x000000002cc85000 	/usr/lib/system/libcompiler_rt.dylib
0x000000002cc85000 	/usr/lib/system/libcopyfile.dylib
0x000000002cc85000 	/usr/lib/system/libcorecrypto.dylib
0x000000002cc85000 	/usr/lib/system/libdispatch.dylib
0x000000002cc85000 	/usr/lib/system/libdyld.dylib
0x000000002cc85000 	/usr/lib/system/libkeymgr.dylib
0x000000002cc85000 	/usr/lib/system/liblaunch.dylib
0x000000002cc85000 	/usr/lib/system/libmacho.dylib
0x000000002cc85000 	/usr/lib/system/libquarantine.dylib
0x000000002cc85000 	/usr/lib/system/libremovefile.dylib
0x000000002cc85000 	/usr/lib/system/libsystem_asl.dylib
0x000000002cc85000 	/usr/lib/system/libsystem_blocks.dylib
0x000000002cc85000 	/usr/lib/system/libsystem_c.dylib
0x000000002cc85000 	/usr/lib/system/libsystem_configuration.dylib
0x000000002cc85000 	/usr/lib/system/libsystem_coreservices.dylib
0x000000002cc85000 	/usr/lib/system/libsystem_darwin.dylib
0x000000002cc85000 	/usr/lib/system/libsystem_dnssd.dylib
0x000000002cc85000 	/usr/lib/system/libsystem_info.dylib
0x000000002cc85000 	/usr/lib/system/libsystem_m.dylib
0x000000002cc85000 	/usr/lib/system/libsystem_malloc.dylib
0x000000002cc85000 	/usr/lib/system/libsystem_network.dylib
0x000000002cc85000 	/usr/lib/system/libsystem_networkextension.dylib
0x000000002cc85000 	/usr/lib/system/libsystem_notify.dylib
0x000000002cc85000 	/usr/lib/system/libsystem_sandbox.dylib
0x000000002cc85000 	/usr/lib/system/libsystem_secinit.dylib
0x000000002cc85000 	/usr/lib/system/libsystem_kernel.dylib
0x000000002cc85000 	/usr/lib/system/libsystem_platform.dylib
0x000000002cc85000 	/usr/lib/system/libsystem_pthread.dylib
0x000000002cc85000 	/usr/lib/system/libsystem_symptoms.dylib
0x000000002cc85000 	/usr/lib/system/libsystem_trace.dylib
0x000000002cc85000 	/usr/lib/system/libunwind.dylib
0x000000002cc85000 	/usr/lib/system/libxpc.dylib
0x000000002cc85000 	/usr/lib/closure/libclosured.dylib
0x000000002cc85000 	/usr/lib/libbsm.0.dylib
0x000000002cc85000 	/usr/lib/system/libkxld.dylib
0x000000002cc85000 	/usr/lib/libOpenScriptingUtil.dylib
0x000000002cc85000 	/usr/lib/libcoretls.dylib
0x000000002cc85000 	/usr/lib/libcoretls_cfhelpers.dylib
0x000000002cc85000 	/usr/lib/libpam.2.dylib
0x000000002cc85000 	/usr/lib/libsqlite3.dylib
0x000000002cc85000 	/usr/lib/libxar.1.dylib
0x000000002cc85000 	/usr/lib/libbz2.1.0.dylib
0x000000002cc85000 	/usr/lib/liblzma.5.dylib
0x000000002cc85000 	/usr/lib/libnetwork.dylib
0x000000002cc85000 	/usr/lib/libapple_nghttp2.dylib
0x000000002cc85000 	/usr/lib/libpcap.A.dylib
0x000000002cc85000 	/usr/lib/libboringssl.dylib
0x000000002cc85000 	/usr/lib/libusrtcp.dylib
0x000000002cc85000 	/usr/lib/libapple_crypto.dylib
0x000000002cc85000 	/System/Library/Frameworks/CoreServices.framework/Versions/A/Frameworks/FSEvents.framework/Versions/A/FSEvents
0x000000002cc85000 	/System/Library/Frameworks/CoreServices.framework/Versions/A/Frameworks/CarbonCore.framework/Versions/A/CarbonCore
0x000000002cc85000 	/System/Library/Frameworks/CoreServices.framework/Versions/A/Frameworks/Metadata.framework/Versions/A/Metadata
0x000000002cc85000 	/System/Library/Frameworks/CoreServices.framework/Versions/A/Frameworks/OSServices.framework/Versions/A/OSServices
0x000000002cc85000 	/System/Library/Frameworks/CoreServices.framework/Versions/A/Frameworks/SearchKit.framework/Versions/A/SearchKit
0x000000002cc85000 	/System/Library/Frameworks/CoreServices.framework/Versions/A/Frameworks/AE.framework/Versions/A/AE
0x000000002cc85000 	/System/Library/Frameworks/CoreServices.framework/Versions/A/Frameworks/LaunchServices.framework/Versions/A/LaunchServices
0x000000002cc85000 	/System/Library/Frameworks/CoreServices.framework/Versions/A/Frameworks/DictionaryServices.framework/Versions/A/DictionaryServices
0x000000002cc85000 	/System/Library/Frameworks/CoreServices.framework/Versions/A/Frameworks/SharedFileList.framework/Versions/A/SharedFileList
0x000000002cc85000 	/System/Library/Frameworks/NetFS.framework/Versions/A/NetFS
0x000000002cc85000 	/System/Library/PrivateFrameworks/NetAuth.framework/Versions/A/NetAuth
0x000000002cc85000 	/System/Library/PrivateFrameworks/login.framework/Versions/A/Frameworks/loginsupport.framework/Versions/A/loginsupport
0x000000002cc85000 	/System/Library/PrivateFrameworks/TCC.framework/Versions/A/TCC
0x000000002cc85000 	/usr/lib/libmecabra.dylib
0x000000002cc85000 	/System/Library/Frameworks/ApplicationServices.framework/Versions/A/Frameworks/ATS.framework/Versions/A/ATS
0x000000002cc85000 	/System/Library/Frameworks/ApplicationServices.framework/Versions/A/Frameworks/ColorSyncLegacy.framework/Versions/A/ColorSyncLegacy
0x000000002cc85000 	/System/Library/Frameworks/ApplicationServices.framework/Versions/A/Frameworks/HIServices.framework/Versions/A/HIServices
0x000000002cc85000 	/System/Library/Frameworks/ApplicationServices.framework/Versions/A/Frameworks/LangAnalysis.framework/Versions/A/LangAnalysis
0x000000002cc85000 	/System/Library/Frameworks/ApplicationServices.framework/Versions/A/Frameworks/PrintCore.framework/Versions/A/PrintCore
0x000000002cc85000 	/System/Library/Frameworks/ApplicationServices.framework/Versions/A/Frameworks/QD.framework/Versions/A/QD
0x000000002cc85000 	/System/Library/Frameworks/ApplicationServices.framework/Versions/A/Frameworks/SpeechSynthesis.framework/Versions/A/SpeechSynthesis
0x000000002cc85000 	/System/Library/Frameworks/CoreDisplay.framework/Versions/A/CoreDisplay
0x000000002cc85000 	/System/Library/Frameworks/Accelerate.framework/Versions/A/Frameworks/vImage.framework/Versions/A/vImage
0x000000002cc85000 	/System/Library/Frameworks/Accelerate.framework/Versions/A/Frameworks/vecLib.framework/Versions/A/vecLib
0x000000002cc85000 	/System/Library/Frameworks/Accelerate.framework/Versions/A/Frameworks/vecLib.framework/Versions/A/libvDSP.dylib
0x000000002cc85000 	/System/Library/Frameworks/Accelerate.framework/Versions/A/Frameworks/vecLib.framework/Versions/A/libBNNS.dylib
0x000000002cc85000 	/System/Library/Frameworks/Accelerate.framework/Versions/A/Frameworks/vecLib.framework/Versions/A/libQuadrature.dylib
0x000000002cc85000 	/System/Library/Frameworks/Accelerate.framework/Versions/A/Frameworks/vecLib.framework/Versions/A/libvMisc.dylib
0x000000002cc85000 	/System/Library/Frameworks/Accelerate.framework/Versions/A/Frameworks/vecLib.framework/Versions/A/libLAPACK.dylib
0x000000002cc85000 	/System/Library/Frameworks/Accelerate.framework/Versions/A/Frameworks/vecLib.framework/Versions/A/libBLAS.dylib
0x000000002cc85000 	/System/Library/Frameworks/Accelerate.framework/Versions/A/Frameworks/vecLib.framework/Versions/A/libLinearAlgebra.dylib
0x000000002cc85000 	/System/Library/Frameworks/Accelerate.framework/Versions/A/Frameworks/vecLib.framework/Versions/A/libSparse.dylib
0x000000002cc85000 	/System/Library/Frameworks/Accelerate.framework/Versions/A/Frameworks/vecLib.framework/Versions/A/libSparseBLAS.dylib
0x000000002cc85000 	/System/Library/PrivateFrameworks/IOAccelerator.framework/Versions/A/IOAccelerator
0x000000002cc85000 	/System/Library/PrivateFrameworks/IOPresentment.framework/Versions/A/IOPresentment
0x000000002cc85000 	/System/Library/PrivateFrameworks/DSExternalDisplay.framework/Versions/A/DSExternalDisplay
0x000000002cc85000 	/System/Library/Frameworks/OpenGL.framework/Versions/A/Libraries/libCoreFSCache.dylib
0x000000002cc85000 	/System/Library/Frameworks/CoreVideo.framework/Versions/A/CoreVideo
0x000000002cc85000 	/System/Library/PrivateFrameworks/GraphVisualizer.framework/Versions/A/GraphVisualizer
0x000000002cc85000 	/System/Library/Frameworks/MetalPerformanceShaders.framework/Versions/A/MetalPerformanceShaders
0x000000002cc85000 	/usr/lib/libFosl_dynamic.dylib
0x000000002cc85000 	/System/Library/PrivateFrameworks/FaceCore.framework/Versions/A/FaceCore
0x000000002cc85000 	/System/Library/Frameworks/OpenCL.framework/Versions/A/OpenCL
0x000000002cc85000 	/usr/lib/libcompression.dylib
0x000000002cc85000 	/System/Library/Frameworks/ApplicationServices.framework/Versions/A/Frameworks/ATS.framework/Versions/A/Resources/libFontParser.dylib
0x000000002cc85000 	/System/Library/Frameworks/ApplicationServices.framework/Versions/A/Frameworks/ATS.framework/Versions/A/Resources/libFontRegistry.dylib
0x000000002cc85000 	/System/Library/Frameworks/ImageIO.framework/Versions/A/Resources/libJPEG.dylib
0x000000002cc85000 	/System/Library/Frameworks/ImageIO.framework/Versions/A/Resources/libTIFF.dylib
0x000000002cc85000 	/System/Library/Frameworks/ImageIO.framework/Versions/A/Resources/libPng.dylib
0x000000002cc85000 	/System/Library/Frameworks/ImageIO.framework/Versions/A/Resources/libGIF.dylib
0x000000002cc85000 	/System/Library/Frameworks/ImageIO.framework/Versions/A/Resources/libJP2.dylib
0x000000002cc85000 	/System/Library/Frameworks/ImageIO.framework/Versions/A/Resources/libRadiance.dylib
0x000000002cc85000 	/System/Library/PrivateFrameworks/AppleJPEG.framework/Versions/A/AppleJPEG
0x000000002cc85000 	/System/Library/PrivateFrameworks/MetalTools.framework/Versions/A/MetalTools
0x000000002cc85000 	/System/Library/Frameworks/MetalPerformanceShaders.framework/Frameworks/MPSCore.framework/Versions/A/MPSCore
0x000000002cc85000 	/System/Library/Frameworks/MetalPerformanceShaders.framework/Frameworks/MPSImage.framework/Versions/A/MPSImage
0x000000002cc85000 	/System/Library/Frameworks/MetalPerformanceShaders.framework/Frameworks/MPSMatrix.framework/Versions/A/MPSMatrix
0x000000002cc85000 	/System/Library/Frameworks/MetalPerformanceShaders.framework/Frameworks/MPSNeuralNetwork.framework/Versions/A/MPSNeuralNetwork
0x000000002cc85000 	/System/Library/Frameworks/OpenGL.framework/Versions/A/Libraries/libGLU.dylib
0x000000002cc85000 	/System/Library/Frameworks/OpenGL.framework/Versions/A/Libraries/libGFXShared.dylib
0x000000002cc85000 	/System/Library/Frameworks/OpenGL.framework/Versions/A/Libraries/libGL.dylib
0x000000002cc85000 	/System/Library/Frameworks/OpenGL.framework/Versions/A/Libraries/libGLImage.dylib
0x000000002cc85000 	/System/Library/Frameworks/OpenGL.framework/Versions/A/Libraries/libCVMSPluginSupport.dylib
0x000000002cc85000 	/System/Library/Frameworks/OpenGL.framework/Versions/A/Libraries/libCoreVMClient.dylib
0x000000002cc85000 	/usr/lib/libcups.2.dylib
0x000000002cc85000 	/System/Library/Frameworks/Kerberos.framework/Versions/A/Kerberos
0x000000002cc85000 	/System/Library/Frameworks/GSS.framework/Versions/A/GSS
0x000000002cc85000 	/usr/lib/libresolv.9.dylib
0x000000002cc85000 	/usr/lib/libiconv.2.dylib
0x000000002cc85000 	/System/Library/PrivateFrameworks/Heimdal.framework/Versions/A/Heimdal
0x000000002cc85000 	/usr/lib/libheimdal-asn1.dylib
0x000000002cc85000 	/System/Library/Frameworks/OpenDirectory.framework/Versions/A/OpenDirectory
0x000000002cc85000 	/System/Library/PrivateFrameworks/CommonAuth.framework/Versions/A/CommonAuth
0x000000002cc85000 	/System/Library/Frameworks/OpenDirectory.framework/Versions/A/Frameworks/CFOpenDirectory.framework/Versions/A/CFOpenDirectory
0x000000002cc85000 	/System/Library/Frameworks/SecurityFoundation.framework/Versions/A/SecurityFoundation
0x000000002cc85000 	/System/Library/PrivateFrameworks/APFS.framework/Versions/A/APFS
0x000000002cc85000 	/usr/lib/libutil.dylib
0x000000002cc85000 	/System/Library/PrivateFrameworks/AppleSauce.framework/Versions/A/AppleSauce
0x000000002cc85000 	/System/Library/PrivateFrameworks/LinguisticData.framework/Versions/A/LinguisticData
0x000000002cc85000 	/usr/lib/libmarisa.dylib
0x000000002cc85000 	/System/Library/PrivateFrameworks/Lexicon.framework/Versions/A/Lexicon
0x000000002cc85000 	/usr/lib/libChineseTokenizer.dylib
0x000000002cc85000 	/usr/lib/libcmph.dylib
0x000000002cc85000 	/System/Library/PrivateFrameworks/LanguageModeling.framework/Versions/A/LanguageModeling
0x000000002cc85000 	/System/Library/PrivateFrameworks/CoreEmoji.framework/Versions/A/CoreEmoji
0x000000002cc85000 	/System/Library/Frameworks/ServiceManagement.framework/Versions/A/ServiceManagement
0x000000002cc85000 	/System/Library/PrivateFrameworks/BackgroundTaskManagement.framework/Versions/A/BackgroundTaskManagement
0x000000002cc85000 	/usr/lib/libxslt.1.dylib
0x000000002cc85000 	/System/Library/Frameworks/Carbon.framework/Versions/A/Frameworks/Ink.framework/Versions/A/Ink
0x000000002cc85000 	/System/Library/PrivateFrameworks/TextureIO.framework/Versions/A/TextureIO
0x000000002cc85000 	/usr/lib/libate.dylib
0x000000002cc85000 	/System/Library/PrivateFrameworks/CrashReporterSupport.framework/Versions/A/CrashReporterSupport
0x000000002cc85000 	/System/Library/PrivateFrameworks/Sharing.framework/Versions/A/Sharing
0x000000002cc85000 	/System/Library/PrivateFrameworks/IconServices.framework/Versions/A/IconServices
0x000000002cc85000 	/System/Library/PrivateFrameworks/ProtocolBuffer.framework/Versions/A/ProtocolBuffer
0x000000002cc85000 	/System/Library/PrivateFrameworks/Apple80211.framework/Versions/A/Apple80211
0x000000002cc85000 	/System/Library/Frameworks/CoreWLAN.framework/Versions/A/CoreWLAN
0x000000002cc85000 	/System/Library/PrivateFrameworks/CoreUtils.framework/Versions/A/CoreUtils
0x000000002cc85000 	/System/Library/Frameworks/IOBluetooth.framework/Versions/A/IOBluetooth
0x000000002cc85000 	/System/Library/PrivateFrameworks/CoreWiFi.framework/Versions/A/CoreWiFi
0x000000002cc85000 	/System/Library/Frameworks/CoreBluetooth.framework/Versions/A/CoreBluetooth
0x000000002cc85000 	/System/Library/PrivateFrameworks/SignpostNotification.framework/Versions/A/SignpostNotification
0x000000002cc85000 	/System/Library/PrivateFrameworks/DebugSymbols.framework/Versions/A/DebugSymbols
0x000000002cc85000 	/System/Library/PrivateFrameworks/CoreSymbolication.framework/Versions/A/CoreSymbolication
0x000000002cc85000 	/System/Library/PrivateFrameworks/Symbolication.framework/Versions/A/Symbolication
0x000000002cc85000 	/System/Library/PrivateFrameworks/AppleFSCompression.framework/Versions/A/AppleFSCompression
0x000000002cc85000 	/System/Library/PrivateFrameworks/SpeechRecognitionCore.framework/Versions/A/SpeechRecognitionCore
0x000000010b800000 	/Library/Java/JavaVirtualMachines/jdk1.8.0_101.jdk/Contents/Home/jre/lib/server/libjvm.dylib
0x000000002cc85000 	/usr/lib/libstdc++.6.0.9.dylib
0x000000010aeb6000 	/Library/Java/JavaVirtualMachines/jdk1.8.0_101.jdk/Contents/Home/jre/lib/libverify.dylib
0x000000010aec4000 	/Library/Java/JavaVirtualMachines/jdk1.8.0_101.jdk/Contents/Home/jre/lib/libjava.dylib
0x000000010af43000 	/Library/Java/JavaVirtualMachines/jdk1.8.0_101.jdk/Contents/Home/jre/lib/libzip.dylib
0x000000002cc85000 	/System/Library/Frameworks/JavaVM.framework/Versions/A/Frameworks/JavaRuntimeSupport.framework/Versions/A/JavaRuntimeSupport
0x000000002cc85000 	/System/Library/Frameworks/JavaVM.framework/Versions/A/Frameworks/JavaNativeFoundation.framework/Versions/A/JavaNativeFoundation
0x000000002cc85000 	/System/Library/Frameworks/JavaVM.framework/Versions/A/JavaVM
0x000000002cc85000 	/System/Library/Frameworks/Carbon.framework/Versions/A/Carbon
0x000000002cc85000 	/System/Library/PrivateFrameworks/JavaLaunching.framework/Versions/A/JavaLaunching
0x000000002cc85000 	/System/Library/Frameworks/Carbon.framework/Versions/A/Frameworks/CommonPanels.framework/Versions/A/CommonPanels
0x000000002cc85000 	/System/Library/Frameworks/Carbon.framework/Versions/A/Frameworks/Help.framework/Versions/A/Help
0x000000002cc85000 	/System/Library/Frameworks/Carbon.framework/Versions/A/Frameworks/ImageCapture.framework/Versions/A/ImageCapture
0x000000002cc85000 	/System/Library/Frameworks/Carbon.framework/Versions/A/Frameworks/OpenScripting.framework/Versions/A/OpenScripting
0x000000002cc85000 	/System/Library/Frameworks/Carbon.framework/Versions/A/Frameworks/Print.framework/Versions/A/Print
0x000000002cc85000 	/System/Library/Frameworks/Carbon.framework/Versions/A/Frameworks/SecurityHI.framework/Versions/A/SecurityHI
0x0000000113091000 	/Library/Java/JavaVirtualMachines/jdk1.8.0_101.jdk/Contents/Home/jre/lib/libawt.dylib
0x0000000113139000 	/Library/Java/JavaVirtualMachines/jdk1.8.0_101.jdk/Contents/Home/jre/lib/./libmlib_image.dylib
0x0000000113205000 	/Library/Java/JavaVirtualMachines/jdk1.8.0_101.jdk/Contents/Home/jre/lib/libawt_lwawt.dylib
0x00000001132ba000 	/Library/Java/JavaVirtualMachines/jdk1.8.0_101.jdk/Contents/Home/jre/lib/./libosxapp.dylib
0x000000002cc85000 	/System/Library/Frameworks/ExceptionHandling.framework/Versions/A/ExceptionHandling
0x000000002cc85000 	/System/Library/PrivateFrameworks/CoreServicesInternal.framework/Versions/A/CoreServicesInternal
0x000000002cc85000 	/System/Library/CoreServices/RawCamera.bundle/Contents/MacOS/RawCamera
0x000000002cc85000 	/System/Library/PrivateFrameworks/MobileAsset.framework/Versions/A/MobileAsset
0x000000002cc85000 	/System/Library/PrivateFrameworks/StreamingZip.framework/Versions/A/StreamingZip
0x000000002cc85000 	/System/Library/Frameworks/MediaToolbox.framework/Versions/A/MediaToolbox
0x000000002cc85000 	/System/Library/PrivateFrameworks/CoreAVCHD.framework/Versions/A/CoreAVCHD
0x000000002cc85000 	/System/Library/Frameworks/MediaAccessibility.framework/Versions/A/MediaAccessibility
0x000000002cc85000 	/System/Library/PrivateFrameworks/Mangrove.framework/Versions/A/Mangrove
0x000000002cc85000 	/System/Library/Frameworks/CoreMedia.framework/Versions/A/CoreMedia
0x000000002cc85000 	/System/Library/Frameworks/VideoToolbox.framework/Versions/A/VideoToolbox
0x000000002cc85000 	/System/Library/PrivateFrameworks/CoreAUC.framework/Versions/A/CoreAUC
0x000000002cc85000 	/usr/lib/libspindump.dylib
0x000000002cc85000 	/usr/lib/libdscsym.dylib
0x000000002cc85000 	/System/Library/PrivateFrameworks/AppleVA.framework/Versions/A/AppleVA
0x000000002cc85000 	/System/Library/Frameworks/Accelerate.framework/Versions/A/Frameworks/vImage.framework/Versions/A/Libraries/libCGInterfaces.dylib
0x000000002cc85000 	/System/Library/Frameworks/ApplicationServices.framework/Versions/A/Frameworks/ATS.framework/Versions/A/Resources/libTrueTypeScaler.dylib
0x000000002cc85000 	/System/Library/Frameworks/OpenGL.framework/Versions/A/Resources/GLEngine.bundle/GLEngine
0x000000002cc85000 	/System/Library/Frameworks/OpenGL.framework/Versions/A/Libraries/libGLProgrammability.dylib
0x0000000125e7c000 	/System/Library/Extensions/AppleIntelBDWGraphicsGLDriver.bundle/Contents/MacOS/AppleIntelBDWGraphicsGLDriver
0x000000002cc85000 	/System/Library/PrivateFrameworks/GPUSupport.framework/Versions/A/Libraries/libGPUSupportMercury.dylib
0x000000002cc85000 	/System/Library/Frameworks/OpenGL.framework/Versions/A/Resources/GLRendererFloat.bundle/GLRendererFloat
0x000000002cc85000 	/System/Library/Frameworks/OpenCL.framework/Versions/A/Libraries/libcldcpuengine.dylib
0x000000002cc85000 	/usr/lib/libcrypto.35.dylib
0x000000002cc85000 	/System/Library/PrivateFrameworks/TrustEvaluationAgent.framework/Versions/A/TrustEvaluationAgent
0x000000002cc85000 	/System/Library/Extensions/AppleIntelBDWGraphicsMTLDriver.bundle/Contents/MacOS/AppleIntelBDWGraphicsMTLDriver
0x000000002cc85000 	/System/Library/PrivateFrameworks/GPUCompiler.framework/Versions/3802/Libraries/libmetal_timestamp.dylib
0x000000002cc85000 	/System/Library/PrivateFrameworks/FamilyControls.framework/Versions/A/FamilyControls
0x000000002cc85000 	/System/Library/PrivateFrameworks/CommerceKit.framework/Versions/A/Frameworks/CommerceCore.framework/Versions/A/CommerceCore
0x000000002cc85000 	/System/Library/PrivateFrameworks/SystemAdministration.framework/Versions/A/SystemAdministration
0x000000002cc85000 	/System/Library/PrivateFrameworks/AppContainer.framework/Versions/A/AppContainer
0x000000002cc85000 	/System/Library/PrivateFrameworks/SecCodeWrapper.framework/Versions/A/SecCodeWrapper
0x000000002cc85000 	/System/Library/PrivateFrameworks/DiskManagement.framework/Versions/A/DiskManagement
0x000000002cc85000 	/System/Library/Frameworks/DirectoryService.framework/Versions/A/DirectoryService
0x000000002cc85000 	/System/Library/PrivateFrameworks/DiskImages.framework/Versions/A/DiskImages
0x000000002cc85000 	/System/Library/PrivateFrameworks/LoginUIKit.framework/Versions/A/Frameworks/LoginUICore.framework/Versions/A/LoginUICore
0x000000002cc85000 	/usr/lib/libCoreStorage.dylib
0x000000002cc85000 	/usr/lib/libcsfde.dylib
0x000000002cc85000 	/usr/lib/libodfde.dylib
0x000000002cc85000 	/System/Library/PrivateFrameworks/MediaKit.framework/Versions/A/MediaKit
0x000000002cc85000 	/System/Library/Frameworks/DiscRecording.framework/Versions/A/DiscRecording
0x000000002cc85000 	/System/Library/PrivateFrameworks/EFILogin.framework/Versions/A/EFILogin
0x000000002cc85000 	/System/Library/PrivateFrameworks/ProtectedCloudStorage.framework/Versions/A/ProtectedCloudStorage
0x000000002cc85000 	/usr/lib/libcurl.4.dylib
0x000000002cc85000 	/usr/lib/libssl.35.dylib
0x000000002cc85000 	/System/Library/Frameworks/LDAP.framework/Versions/A/LDAP
0x000000002cc85000 	/usr/lib/libsasl2.2.dylib
0x000000002cc85000 	/System/Library/PrivateFrameworks/CoreDaemon.framework/Versions/B/CoreDaemon
0x000000002cc85000 	/System/Library/PrivateFrameworks/AppleSRP.framework/Versions/A/AppleSRP
0x0000000127592000 	/Library/Java/JavaVirtualMachines/jdk1.8.0_101.jdk/Contents/Home/jre/lib/libfontmanager.dylib
0x0000000128899000 	/Library/Java/JavaVirtualMachines/jdk1.8.0_101.jdk/Contents/Home/jre/lib/libosxui.dylib
0x000000002cc85000 	/System/Library/PrivateFrameworks/ViewBridge.framework/Versions/A/ViewBridge
0x0000000129a12000 	/Library/Java/JavaVirtualMachines/jdk1.8.0_101.jdk/Contents/Home/jre/lib/libnet.dylib
0x0000000129827000 	/Library/Java/JavaVirtualMachines/jdk1.8.0_101.jdk/Contents/Home/jre/lib/libnio.dylib
0x0000000113fb2000 	/private/var/folders/pw/kw08pl9n6yzcxbqgsc_vpf_h0000gn/T/jogamp_0000/file_cache/jln2188562750475487872/jln1883780019928038086/libgluegen-rt.jnilib
0x0000000113fb7000 	/private/var/folders/pw/kw08pl9n6yzcxbqgsc_vpf_h0000gn/T/jogamp_0000/file_cache/jln2188562750475487872/jln1883780019928038086/libnativewindow_awt.jnilib
0x0000000113fba000 	/Library/Java/JavaVirtualMachines/jdk1.8.0_101.jdk/Contents/Home/jre/lib/libjawt.dylib
0x0000000113fbd000 	/private/var/folders/pw/kw08pl9n6yzcxbqgsc_vpf_h0000gn/T/jogamp_0000/file_cache/jln2188562750475487872/jln1883780019928038086/libnativewindow_macosx.jnilib
0x0000000166597000 	/private/var/folders/pw/kw08pl9n6yzcxbqgsc_vpf_h0000gn/T/jogamp_0000/file_cache/jln2188562750475487872/jln1883780019928038086/libjogl_desktop.jnilib

VM Arguments:
jvm_args: -Djava.security.policy=java.policy.applet -Dfile.encoding=UTF-8 
java_command: sun.applet.AppletViewer demos.EarthquakeCityMap1519777407820.html
java_class_path (initial): /Users/kathyshannon/Documents/workspace/UCSDUnfoldingMaps/build:/Users/kathyshannon/Documents/workspace/UCSDUnfoldingMaps/lib/core.jar:/Users/kathyshannon/Documents/workspace/UCSDUnfoldingMaps/lib/gluegen-rt.jar:/Users/kathyshannon/Documents/workspace/UCSDUnfoldingMaps/lib/jogl-all.jar:/Users/kathyshannon/Documents/workspace/UCSDUnfoldingMaps/lib/log4j-1.2.15.jar:/Users/kathyshannon/Documents/workspace/UCSDUnfoldingMaps/lib/sqlite-jdbc-3.7.2.jar:/Users/kathyshannon/Documents/workspace/UCSDUnfoldingMaps/lib/json4processing.jar:/Users/kathyshannon/Documents/workspace/UCSDUnfoldingMaps/lib/libTUIO.jar:/Users/kathyshannon/Documents/workspace/UCSDUnfoldingMaps/lib/unfolding.0.9.7-uscd.jar
Launcher Type: SUN_STANDARD

Environment Variables:
PATH=/usr/bin:/bin:/usr/sbin:/sbin
SHELL=/bin/bash
DISPLAY=/private/tmp/com.apple.launchd.z7xSLfuU8n/org.macosforge.xquartz:0

Signal Handlers:
SIGSEGV: [libjvm.dylib+0x5af145], sa_mask[0]=11111111011111110111111111111111, sa_flags=SA_ONSTACK|SA_RESTART|SA_SIGINFO
SIGBUS: [libjvm.dylib+0x5af145], sa_mask[0]=11111111011111110111111111111111, sa_flags=SA_RESTART|SA_SIGINFO
SIGFPE: [libjvm.dylib+0x48694c], sa_mask[0]=11111111011111110111111111111111, sa_flags=SA_RESTART|SA_SIGINFO
SIGPIPE: [libjvm.dylib+0x48694c], sa_mask[0]=11111111011111110111111111111111, sa_flags=SA_RESTART|SA_SIGINFO
SIGXFSZ: [libjvm.dylib+0x48694c], sa_mask[0]=11111111011111110111111111111111, sa_flags=SA_RESTART|SA_SIGINFO
SIGILL: [libjvm.dylib+0x48694c], sa_mask[0]=11111111011111110111111111111111, sa_flags=SA_RESTART|SA_SIGINFO
SIGUSR1: SIG_DFL, sa_mask[0]=00000000000000000000000000000000, sa_flags=none
SIGUSR2: [libjvm.dylib+0x48646a], sa_mask[0]=00100000000000000000000000000000, sa_flags=SA_RESTART|SA_SIGINFO
SIGHUP: [libjvm.dylib+0x484a41], sa_mask[0]=11111111011111110111111111111111, sa_flags=SA_RESTART|SA_SIGINFO
SIGINT: [libjvm.dylib+0x484a41], sa_mask[0]=11111111011111110111111111111111, sa_flags=SA_RESTART|SA_SIGINFO
SIGTERM: [libjvm.dylib+0x484a41], sa_mask[0]=11111111011111110111111111111111, sa_flags=SA_RESTART|SA_SIGINFO
SIGQUIT: [libjvm.dylib+0x484a41], sa_mask[0]=11111111011111110111111111111111, sa_flags=SA_RESTART|SA_SIGINFO


---------------  S Y S T E M  ---------------

OS:Bsduname:Darwin 17.4.0 Darwin Kernel Version 17.4.0: Sun Dec 17 09:19:54 PST 2017; root:xnu-4570.41.2~1/RELEASE_X86_64 x86_64
rlimit: STACK 8192k, CORE 0k, NPROC 709, NOFILE 10240, AS infinity
load average:1.58 1.65 1.64

CPU:total 4 (4 cores per cpu, 1 threads per core) family 6 model 71 stepping 1, cmov, cx8, fxsr, mmx, sse, sse2, sse3, ssse3, sse4.1, sse4.2, popcnt, avx, avx2, aes, clmul, erms, rtm, 3dnowpref, lzcnt, tsc, tscinvbit, bmi1, bmi2, adx

Memory: 4k page, physical 8388608k(916128k free)

/proc/meminfo:


vm_info: Java HotSpot(TM) 64-Bit Server VM (25.101-b13) for bsd-amd64 JRE (1.8.0_101-b13), built on Jun 22 2016 02:42:15 by "java_re" with gcc 4.2.1 (Based on Apple Inc. build 5658) (LLVM build 2336.11.00)

time: Tue Feb 27 16:24:27 2018
elapsed time: 58 seconds (0d 0h 0m 58s)

